CRITICAL - 2022-09-14 19:34:05 --> Call to undefined method App\Models\AbstrakModel::full_all
in SYSTEMPATH\Model.php on line 773.
 1 APPPATH\Controllers\Admin.php(189): CodeIgniter\Model->__call('full_all', [...])
 2 SYSTEMPATH\CodeIgniter.php(904): App\Controllers\Admin->full_paper()
 3 SYSTEMPATH\CodeIgniter.php(457): CodeIgniter\CodeIgniter->runController(Object(App\Controllers\Admin))
 4 SYSTEMPATH\CodeIgniter.php(340): CodeIgniter\CodeIgniter->handleRequest(null, Object(Config\Cache), false)
 5 FCPATH\index.php(67): CodeIgniter\CodeIgniter->run()
 6 SYSTEMPATH\Commands\Server\rewrite.php(43): require_once('FCPATH\\index.php')
CRITICAL - 2022-09-14 19:55:12 --> Undefined array key "abs_id"
in APPPATH\Views\admin\abstrak.php on line 66.
 1 APPPATH\Views\admin\abstrak.php(66): CodeIgniter\Debug\Exceptions->errorHandler(2, 'Undefined array key "abs_id"', 'APPPATH\\Views\\admin\\abstrak.php', 66)
 2 SYSTEMPATH\View\View.php(213): include('APPPATH\\Views\\admin\\abstrak.php')
 3 SYSTEMPATH\View\View.php(216): CodeIgniter\View\View->CodeIgniter\View\{closure}()
 4 SYSTEMPATH\Common.php(1137): CodeIgniter\View\View->render('admin/abstrak', [], true)
 5 APPPATH\Controllers\Admin.php(215): view('admin/abstrak', [...])
 6 SYSTEMPATH\CodeIgniter.php(904): App\Controllers\Admin->full_paper()
 7 SYSTEMPATH\CodeIgniter.php(457): CodeIgniter\CodeIgniter->runController(Object(App\Controllers\Admin))
 8 SYSTEMPATH\CodeIgniter.php(340): CodeIgniter\CodeIgniter->handleRequest(null, Object(Config\Cache), false)
 9 FCPATH\index.php(67): CodeIgniter\CodeIgniter->run()
10 SYSTEMPATH\Commands\Server\rewrite.php(43): require_once('FCPATH\\index.php')
ERROR - 2022-09-14 19:57:20 --> mysqli_sql_exception: Column 'abs_id' in field list is ambiguous in C:\xampp\htdocs\isceeradmin\system\Database\MySQLi\Connection.php:292
Stack trace:
#0 C:\xampp\htdocs\isceeradmin\system\Database\MySQLi\Connection.php(292): mysqli->query('SELECT `abs_id`...', 0)
#1 C:\xampp\htdocs\isceeradmin\system\Database\BaseConnection.php(693): CodeIgniter\Database\MySQLi\Connection->execute('SELECT `abs_id`...')
#2 C:\xampp\htdocs\isceeradmin\system\Database\BaseConnection.php(620): CodeIgniter\Database\BaseConnection->simpleQuery('SELECT `abs_id`...')
#3 C:\xampp\htdocs\isceeradmin\system\Database\BaseBuilder.php(1585): CodeIgniter\Database\BaseConnection->query('SELECT `abs_id`...', Array, false)
#4 C:\xampp\htdocs\isceeradmin\system\Model.php(222): CodeIgniter\Database\BaseBuilder->get()
#5 C:\xampp\htdocs\isceeradmin\system\BaseModel.php(584): CodeIgniter\Model->doFindAll(10, 0)
#6 C:\xampp\htdocs\isceeradmin\system\BaseModel.php(1089): CodeIgniter\BaseModel->findAll(10, 0)
#7 C:\xampp\htdocs\isceeradmin\app\Controllers\Admin.php(189): CodeIgniter\BaseModel->paginate(10, 'abstrak')
#8 C:\xampp\htdocs\isceeradmin\system\CodeIgniter.php(904): App\Controllers\Admin->full_paper()
#9 C:\xampp\htdocs\isceeradmin\system\CodeIgniter.php(457): CodeIgniter\CodeIgniter->runController(Object(App\Controllers\Admin))
#10 C:\xampp\htdocs\isceeradmin\system\CodeIgniter.php(340): CodeIgniter\CodeIgniter->handleRequest(NULL, Object(Config\Cache), false)
#11 C:\xampp\htdocs\isceeradmin\public\index.php(67): CodeIgniter\CodeIgniter->run()
#12 C:\xampp\htdocs\isceeradmin\system\Commands\Server\rewrite.php(43): require_once('C:\\xampp\\htdocs...')
#13 {main}
CRITICAL - 2022-09-14 19:57:20 --> Column 'abs_id' in field list is ambiguous
in SYSTEMPATH\Database\MySQLi\Connection.php on line 292.
 1 SYSTEMPATH\Database\MySQLi\Connection.php(292): mysqli->query('SELECT `abs_id`, `penulis`, `afiliasi`, `decision`, `keyword`, `file_fp`
FROM `abstrak`
JOIN `full_paper` ON `full_paper`.`abs_id`=`abstrak`.`abs_id`
WHERE YEAR(`submit_date`) = \'2022\'
 LIMIT 10', 0)
 2 SYSTEMPATH\Database\BaseConnection.php(693): CodeIgniter\Database\MySQLi\Connection->execute('SELECT `abs_id`, `penulis`, `afiliasi`, `decision`, `keyword`, `file_fp`
FROM `abstrak`
JOIN `full_paper` ON `full_paper`.`abs_id`=`abstrak`.`abs_id`
WHERE YEAR(`submit_date`) = \'2022\'
 LIMIT 10')
 3 SYSTEMPATH\Database\BaseConnection.php(620): CodeIgniter\Database\BaseConnection->simpleQuery('SELECT `abs_id`, `penulis`, `afiliasi`, `decision`, `keyword`, `file_fp`
FROM `abstrak`
JOIN `full_paper` ON `full_paper`.`abs_id`=`abstrak`.`abs_id`
WHERE YEAR(`submit_date`) = \'2022\'
 LIMIT 10')
 4 SYSTEMPATH\Database\BaseBuilder.php(1585): CodeIgniter\Database\BaseConnection->query('SELECT `abs_id`, `penulis`, `afiliasi`, `decision`, `keyword`, `file_fp`
FROM `abstrak`
JOIN `full_paper` ON `full_paper`.`abs_id`=`abstrak`.`abs_id`
WHERE YEAR(`submit_date`) = :YEAR(`submit_date`):
 LIMIT 10', [...], false)
 5 SYSTEMPATH\Model.php(222): CodeIgniter\Database\BaseBuilder->get()
 6 SYSTEMPATH\BaseModel.php(584): CodeIgniter\Model->doFindAll(10, 0)
 7 SYSTEMPATH\BaseModel.php(1089): CodeIgniter\BaseModel->findAll(10, 0)
 8 APPPATH\Controllers\Admin.php(189): CodeIgniter\BaseModel->paginate(10, 'abstrak')
 9 SYSTEMPATH\CodeIgniter.php(904): App\Controllers\Admin->full_paper()
10 SYSTEMPATH\CodeIgniter.php(457): CodeIgniter\CodeIgniter->runController(Object(App\Controllers\Admin))
11 SYSTEMPATH\CodeIgniter.php(340): CodeIgniter\CodeIgniter->handleRequest(null, Object(Config\Cache), false)
12 FCPATH\index.php(67): CodeIgniter\CodeIgniter->run()
13 SYSTEMPATH\Commands\Server\rewrite.php(43): require_once('FCPATH\\index.php')
CRITICAL - 2022-09-14 19:57:29 --> Undefined array key "status"
in APPPATH\Views\admin\abstrak.php on line 67.
 1 APPPATH\Views\admin\abstrak.php(67): CodeIgniter\Debug\Exceptions->errorHandler(2, 'Undefined array key "status"', 'APPPATH\\Views\\admin\\abstrak.php', 67)
 2 SYSTEMPATH\View\View.php(213): include('APPPATH\\Views\\admin\\abstrak.php')
 3 SYSTEMPATH\View\View.php(216): CodeIgniter\View\View->CodeIgniter\View\{closure}()
 4 SYSTEMPATH\Common.php(1137): CodeIgniter\View\View->render('admin/abstrak', [], true)
 5 APPPATH\Controllers\Admin.php(215): view('admin/abstrak', [...])
 6 SYSTEMPATH\CodeIgniter.php(904): App\Controllers\Admin->full_paper()
 7 SYSTEMPATH\CodeIgniter.php(457): CodeIgniter\CodeIgniter->runController(Object(App\Controllers\Admin))
 8 SYSTEMPATH\CodeIgniter.php(340): CodeIgniter\CodeIgniter->handleRequest(null, Object(Config\Cache), false)
 9 FCPATH\index.php(67): CodeIgniter\CodeIgniter->run()
10 SYSTEMPATH\Commands\Server\rewrite.php(43): require_once('FCPATH\\index.php')
CRITICAL - 2022-09-14 20:18:21 --> Undefined array key "status"
in APPPATH\Views\admin\abstrak.php on line 67.
 1 APPPATH\Views\admin\abstrak.php(67): CodeIgniter\Debug\Exceptions->errorHandler(2, 'Undefined array key "status"', 'APPPATH\\Views\\admin\\abstrak.php', 67)
 2 SYSTEMPATH\View\View.php(213): include('APPPATH\\Views\\admin\\abstrak.php')
 3 SYSTEMPATH\View\View.php(216): CodeIgniter\View\View->CodeIgniter\View\{closure}()
 4 SYSTEMPATH\Common.php(1137): CodeIgniter\View\View->render('admin/abstrak', [], true)
 5 APPPATH\Controllers\Admin.php(215): view('admin/abstrak', [...])
 6 SYSTEMPATH\CodeIgniter.php(904): App\Controllers\Admin->full_paper()
 7 SYSTEMPATH\CodeIgniter.php(457): CodeIgniter\CodeIgniter->runController(Object(App\Controllers\Admin))
 8 SYSTEMPATH\CodeIgniter.php(340): CodeIgniter\CodeIgniter->handleRequest(null, Object(Config\Cache), false)
 9 FCPATH\index.php(67): CodeIgniter\CodeIgniter->run()
10 SYSTEMPATH\Commands\Server\rewrite.php(43): require_once('FCPATH\\index.php')
CRITICAL - 2022-09-14 20:18:35 --> Undefined array key "status"
in APPPATH\Views\admin\abstrak.php on line 67.
 1 APPPATH\Views\admin\abstrak.php(67): CodeIgniter\Debug\Exceptions->errorHandler(2, 'Undefined array key "status"', 'APPPATH\\Views\\admin\\abstrak.php', 67)
 2 SYSTEMPATH\View\View.php(213): include('APPPATH\\Views\\admin\\abstrak.php')
 3 SYSTEMPATH\View\View.php(216): CodeIgniter\View\View->CodeIgniter\View\{closure}()
 4 SYSTEMPATH\Common.php(1137): CodeIgniter\View\View->render('admin/abstrak', [], true)
 5 APPPATH\Controllers\Admin.php(215): view('admin/abstrak', [...])
 6 SYSTEMPATH\CodeIgniter.php(904): App\Controllers\Admin->full_paper()
 7 SYSTEMPATH\CodeIgniter.php(457): CodeIgniter\CodeIgniter->runController(Object(App\Controllers\Admin))
 8 SYSTEMPATH\CodeIgniter.php(340): CodeIgniter\CodeIgniter->handleRequest(null, Object(Config\Cache), false)
 9 FCPATH\index.php(67): CodeIgniter\CodeIgniter->run()
10 SYSTEMPATH\Commands\Server\rewrite.php(43): require_once('FCPATH\\index.php')
CRITICAL - 2022-09-14 20:19:36 --> Undefined array key "status"
in APPPATH\Views\admin\abstrak.php on line 67.
 1 APPPATH\Views\admin\abstrak.php(67): CodeIgniter\Debug\Exceptions->errorHandler(2, 'Undefined array key "status"', 'APPPATH\\Views\\admin\\abstrak.php', 67)
 2 SYSTEMPATH\View\View.php(213): include('APPPATH\\Views\\admin\\abstrak.php')
 3 SYSTEMPATH\View\View.php(216): CodeIgniter\View\View->CodeIgniter\View\{closure}()
 4 SYSTEMPATH\Common.php(1137): CodeIgniter\View\View->render('admin/abstrak', [], true)
 5 APPPATH\Controllers\Admin.php(215): view('admin/abstrak', [...])
 6 SYSTEMPATH\CodeIgniter.php(904): App\Controllers\Admin->full_paper()
 7 SYSTEMPATH\CodeIgniter.php(457): CodeIgniter\CodeIgniter->runController(Object(App\Controllers\Admin))
 8 SYSTEMPATH\CodeIgniter.php(340): CodeIgniter\CodeIgniter->handleRequest(null, Object(Config\Cache), false)
 9 FCPATH\index.php(67): CodeIgniter\CodeIgniter->run()
10 SYSTEMPATH\Commands\Server\rewrite.php(43): require_once('FCPATH\\index.php')
CRITICAL - 2022-09-14 20:20:08 --> Undefined array key "judul"
in APPPATH\Views\admin\full_paper.php on line 77.
 1 APPPATH\Views\admin\full_paper.php(77): CodeIgniter\Debug\Exceptions->errorHandler(2, 'Undefined array key "judul"', 'APPPATH\\Views\\admin\\full_paper.php', 77)
 2 SYSTEMPATH\View\View.php(213): include('APPPATH\\Views\\admin\\full_paper.php')
 3 SYSTEMPATH\View\View.php(216): CodeIgniter\View\View->CodeIgniter\View\{closure}()
 4 SYSTEMPATH\Common.php(1137): CodeIgniter\View\View->render('admin/full_paper', [], true)
 5 APPPATH\Controllers\Admin.php(215): view('admin/full_paper', [...])
 6 SYSTEMPATH\CodeIgniter.php(904): App\Controllers\Admin->full_paper()
 7 SYSTEMPATH\CodeIgniter.php(457): CodeIgniter\CodeIgniter->runController(Object(App\Controllers\Admin))
 8 SYSTEMPATH\CodeIgniter.php(340): CodeIgniter\CodeIgniter->handleRequest(null, Object(Config\Cache), false)
 9 FCPATH\index.php(67): CodeIgniter\CodeIgniter->run()
10 SYSTEMPATH\Commands\Server\rewrite.php(43): require_once('FCPATH\\index.php')
CRITICAL - 2022-09-14 20:20:21 --> Undefined array key "abstrak"
in APPPATH\Views\admin\full_paper.php on line 81.
 1 APPPATH\Views\admin\full_paper.php(81): CodeIgniter\Debug\Exceptions->errorHandler(2, 'Undefined array key "abstrak"', 'APPPATH\\Views\\admin\\full_paper.php', 81)
 2 SYSTEMPATH\View\View.php(213): include('APPPATH\\Views\\admin\\full_paper.php')
 3 SYSTEMPATH\View\View.php(216): CodeIgniter\View\View->CodeIgniter\View\{closure}()
 4 SYSTEMPATH\Common.php(1137): CodeIgniter\View\View->render('admin/full_paper', [], true)
 5 APPPATH\Controllers\Admin.php(215): view('admin/full_paper', [...])
 6 SYSTEMPATH\CodeIgniter.php(904): App\Controllers\Admin->full_paper()
 7 SYSTEMPATH\CodeIgniter.php(457): CodeIgniter\CodeIgniter->runController(Object(App\Controllers\Admin))
 8 SYSTEMPATH\CodeIgniter.php(340): CodeIgniter\CodeIgniter->handleRequest(null, Object(Config\Cache), false)
 9 FCPATH\index.php(67): CodeIgniter\CodeIgniter->run()
10 SYSTEMPATH\Commands\Server\rewrite.php(43): require_once('FCPATH\\index.php')
CRITICAL - 2022-09-14 20:20:30 --> Undefined array key "submit_date"
in APPPATH\Views\admin\full_paper.php on line 85.
 1 APPPATH\Views\admin\full_paper.php(85): CodeIgniter\Debug\Exceptions->errorHandler(2, 'Undefined array key "submit_date"', 'APPPATH\\Views\\admin\\full_paper.php', 85)
 2 SYSTEMPATH\View\View.php(213): include('APPPATH\\Views\\admin\\full_paper.php')
 3 SYSTEMPATH\View\View.php(216): CodeIgniter\View\View->CodeIgniter\View\{closure}()
 4 SYSTEMPATH\Common.php(1137): CodeIgniter\View\View->render('admin/full_paper', [], true)
 5 APPPATH\Controllers\Admin.php(215): view('admin/full_paper', [...])
 6 SYSTEMPATH\CodeIgniter.php(904): App\Controllers\Admin->full_paper()
 7 SYSTEMPATH\CodeIgniter.php(457): CodeIgniter\CodeIgniter->runController(Object(App\Controllers\Admin))
 8 SYSTEMPATH\CodeIgniter.php(340): CodeIgniter\CodeIgniter->handleRequest(null, Object(Config\Cache), false)
 9 FCPATH\index.php(67): CodeIgniter\CodeIgniter->run()
10 SYSTEMPATH\Commands\Server\rewrite.php(43): require_once('FCPATH\\index.php')
CRITICAL - 2022-09-14 20:21:57 --> Undefined array key "abs_id"
in APPPATH\Views\admin\full_paper.php on line 223.
 1 APPPATH\Views\admin\full_paper.php(223): CodeIgniter\Debug\Exceptions->errorHandler(2, 'Undefined array key "abs_id"', 'APPPATH\\Views\\admin\\full_paper.php', 223)
 2 SYSTEMPATH\View\View.php(213): include('APPPATH\\Views\\admin\\full_paper.php')
 3 SYSTEMPATH\View\View.php(216): CodeIgniter\View\View->CodeIgniter\View\{closure}()
 4 SYSTEMPATH\Common.php(1137): CodeIgniter\View\View->render('admin/full_paper', [], true)
 5 APPPATH\Controllers\Admin.php(215): view('admin/full_paper', [...])
 6 SYSTEMPATH\CodeIgniter.php(904): App\Controllers\Admin->full_paper()
 7 SYSTEMPATH\CodeIgniter.php(457): CodeIgniter\CodeIgniter->runController(Object(App\Controllers\Admin))
 8 SYSTEMPATH\CodeIgniter.php(340): CodeIgniter\CodeIgniter->handleRequest(null, Object(Config\Cache), false)
 9 FCPATH\index.php(67): CodeIgniter\CodeIgniter->run()
10 SYSTEMPATH\Commands\Server\rewrite.php(43): require_once('FCPATH\\index.php')
CRITICAL - 2022-09-14 20:22:01 --> Undefined array key "abs_id"
in APPPATH\Views\admin\full_paper.php on line 223.
 1 APPPATH\Views\admin\full_paper.php(223): CodeIgniter\Debug\Exceptions->errorHandler(2, 'Undefined array key "abs_id"', 'APPPATH\\Views\\admin\\full_paper.php', 223)
 2 SYSTEMPATH\View\View.php(213): include('APPPATH\\Views\\admin\\full_paper.php')
 3 SYSTEMPATH\View\View.php(216): CodeIgniter\View\View->CodeIgniter\View\{closure}()
 4 SYSTEMPATH\Common.php(1137): CodeIgniter\View\View->render('admin/full_paper', [], true)
 5 APPPATH\Controllers\Admin.php(215): view('admin/full_paper', [...])
 6 SYSTEMPATH\CodeIgniter.php(904): App\Controllers\Admin->full_paper()
 7 SYSTEMPATH\CodeIgniter.php(457): CodeIgniter\CodeIgniter->runController(Object(App\Controllers\Admin))
 8 SYSTEMPATH\CodeIgniter.php(340): CodeIgniter\CodeIgniter->handleRequest(null, Object(Config\Cache), false)
 9 FCPATH\index.php(67): CodeIgniter\CodeIgniter->run()
10 SYSTEMPATH\Commands\Server\rewrite.php(43): require_once('FCPATH\\index.php')
CRITICAL - 2022-09-14 20:36:34 --> Too few arguments to function App\Models\AbstrakModel::full_all(), 0 passed in C:\xampp\htdocs\isceeradmin\app\Controllers\Admin.php on line 203 and exactly 1 expected
in APPPATH\Models\AbstrakModel.php on line 60.
 1 APPPATH\Controllers\Admin.php(203): App\Models\AbstrakModel->full_all()
 2 SYSTEMPATH\CodeIgniter.php(904): App\Controllers\Admin->full_paper()
 3 SYSTEMPATH\CodeIgniter.php(457): CodeIgniter\CodeIgniter->runController(Object(App\Controllers\Admin))
 4 SYSTEMPATH\CodeIgniter.php(340): CodeIgniter\CodeIgniter->handleRequest(null, Object(Config\Cache), false)
 5 FCPATH\index.php(67): CodeIgniter\CodeIgniter->run()
 6 SYSTEMPATH\Commands\Server\rewrite.php(43): require_once('FCPATH\\index.php')
CRITICAL - 2022-09-14 20:40:57 --> Undefined variable $full
in APPPATH\Controllers\Admin.php on line 203.
 1 APPPATH\Controllers\Admin.php(203): CodeIgniter\Debug\Exceptions->errorHandler(2, 'Undefined variable $full', 'APPPATH\\Controllers\\Admin.php', 203)
 2 SYSTEMPATH\CodeIgniter.php(904): App\Controllers\Admin->full_paper()
 3 SYSTEMPATH\CodeIgniter.php(457): CodeIgniter\CodeIgniter->runController(Object(App\Controllers\Admin))
 4 SYSTEMPATH\CodeIgniter.php(340): CodeIgniter\CodeIgniter->handleRequest(null, Object(Config\Cache), false)
 5 FCPATH\index.php(67): CodeIgniter\CodeIgniter->run()
 6 SYSTEMPATH\Commands\Server\rewrite.php(43): require_once('FCPATH\\index.php')
CRITICAL - 2022-09-14 20:41:04 --> Attempt to read property "pager" on array
in APPPATH\Controllers\Admin.php on line 203.
 1 APPPATH\Controllers\Admin.php(203): CodeIgniter\Debug\Exceptions->errorHandler(2, 'Attempt to read property "pager" on array', 'APPPATH\\Controllers\\Admin.php', 203)
 2 SYSTEMPATH\CodeIgniter.php(904): App\Controllers\Admin->full_paper()
 3 SYSTEMPATH\CodeIgniter.php(457): CodeIgniter\CodeIgniter->runController(Object(App\Controllers\Admin))
 4 SYSTEMPATH\CodeIgniter.php(340): CodeIgniter\CodeIgniter->handleRequest(null, Object(Config\Cache), false)
 5 FCPATH\index.php(67): CodeIgniter\CodeIgniter->run()
 6 SYSTEMPATH\Commands\Server\rewrite.php(43): require_once('FCPATH\\index.php')
CRITICAL - 2022-09-14 20:42:49 --> Call to a member function links() on null
in APPPATH\Views\admin\full_paper.php on line 103.
 1 SYSTEMPATH\View\View.php(213): include()
 2 SYSTEMPATH\View\View.php(216): CodeIgniter\View\View->CodeIgniter\View\{closure}()
 3 SYSTEMPATH\Common.php(1137): CodeIgniter\View\View->render('admin/full_paper', [], true)
 4 APPPATH\Controllers\Admin.php(215): view('admin/full_paper', [...])
 5 SYSTEMPATH\CodeIgniter.php(904): App\Controllers\Admin->full_paper()
 6 SYSTEMPATH\CodeIgniter.php(457): CodeIgniter\CodeIgniter->runController(Object(App\Controllers\Admin))
 7 SYSTEMPATH\CodeIgniter.php(340): CodeIgniter\CodeIgniter->handleRequest(null, Object(Config\Cache), false)
 8 FCPATH\index.php(67): CodeIgniter\CodeIgniter->run()
 9 SYSTEMPATH\Commands\Server\rewrite.php(43): require_once('FCPATH\\index.php')
CRITICAL - 2022-09-14 20:43:31 --> Call to a member function links() on null
in APPPATH\Views\admin\full_paper.php on line 103.
 1 SYSTEMPATH\View\View.php(213): include()
 2 SYSTEMPATH\View\View.php(216): CodeIgniter\View\View->CodeIgniter\View\{closure}()
 3 SYSTEMPATH\Common.php(1137): CodeIgniter\View\View->render('admin/full_paper', [], true)
 4 APPPATH\Controllers\Admin.php(215): view('admin/full_paper', [...])
 5 SYSTEMPATH\CodeIgniter.php(904): App\Controllers\Admin->full_paper()
 6 SYSTEMPATH\CodeIgniter.php(457): CodeIgniter\CodeIgniter->runController(Object(App\Controllers\Admin))
 7 SYSTEMPATH\CodeIgniter.php(340): CodeIgniter\CodeIgniter->handleRequest(null, Object(Config\Cache), false)
 8 FCPATH\index.php(67): CodeIgniter\CodeIgniter->run()
 9 SYSTEMPATH\Commands\Server\rewrite.php(43): require_once('FCPATH\\index.php')
ERROR - 2022-09-14 20:46:54 --> mysqli_sql_exception: Not unique table/alias: 'full_paper' in C:\xampp\htdocs\isceeradmin\system\Database\MySQLi\Connection.php:292
Stack trace:
#0 C:\xampp\htdocs\isceeradmin\system\Database\MySQLi\Connection.php(292): mysqli->query('SELECT COUNT(*)...', 0)
#1 C:\xampp\htdocs\isceeradmin\system\Database\BaseConnection.php(693): CodeIgniter\Database\MySQLi\Connection->execute('SELECT COUNT(*)...')
#2 C:\xampp\htdocs\isceeradmin\system\Database\BaseConnection.php(620): CodeIgniter\Database\BaseConnection->simpleQuery('SELECT COUNT(*)...')
#3 C:\xampp\htdocs\isceeradmin\system\Database\BaseBuilder.php(1669): CodeIgniter\Database\BaseConnection->query('SELECT COUNT(*)...', Array, false)
#4 C:\xampp\htdocs\isceeradmin\system\Model.php(550): CodeIgniter\Database\BaseBuilder->countAllResults(false)
#5 C:\xampp\htdocs\isceeradmin\system\BaseModel.php(1085): CodeIgniter\Model->countAllResults(false)
#6 C:\xampp\htdocs\isceeradmin\app\Controllers\Admin.php(189): CodeIgniter\BaseModel->paginate(10, 'abstrak')
#7 C:\xampp\htdocs\isceeradmin\system\CodeIgniter.php(904): App\Controllers\Admin->full_paper()
#8 C:\xampp\htdocs\isceeradmin\system\CodeIgniter.php(457): CodeIgniter\CodeIgniter->runController(Object(App\Controllers\Admin))
#9 C:\xampp\htdocs\isceeradmin\system\CodeIgniter.php(340): CodeIgniter\CodeIgniter->handleRequest(NULL, Object(Config\Cache), false)
#10 C:\xampp\htdocs\isceeradmin\public\index.php(67): CodeIgniter\CodeIgniter->run()
#11 C:\xampp\htdocs\isceeradmin\system\Commands\Server\rewrite.php(43): require_once('C:\\xampp\\htdocs...')
#12 {main}
CRITICAL - 2022-09-14 20:46:54 --> Not unique table/alias: 'full_paper'
in SYSTEMPATH\Database\MySQLi\Connection.php on line 292.
 1 SYSTEMPATH\Database\MySQLi\Connection.php(292): mysqli->query('SELECT COUNT(*) AS `numrows`
FROM `full_paper`
JOIN `full_paper` ON `full_paper`.`abs_id`=`abstrak`.`abs_id`
WHERE YEAR(`submit_date`) = \'2022\'', 0)
 2 SYSTEMPATH\Database\BaseConnection.php(693): CodeIgniter\Database\MySQLi\Connection->execute('SELECT COUNT(*) AS `numrows`
FROM `full_paper`
JOIN `full_paper` ON `full_paper`.`abs_id`=`abstrak`.`abs_id`
WHERE YEAR(`submit_date`) = \'2022\'')
 3 SYSTEMPATH\Database\BaseConnection.php(620): CodeIgniter\Database\BaseConnection->simpleQuery('SELECT COUNT(*) AS `numrows`
FROM `full_paper`
JOIN `full_paper` ON `full_paper`.`abs_id`=`abstrak`.`abs_id`
WHERE YEAR(`submit_date`) = \'2022\'')
 4 SYSTEMPATH\Database\BaseBuilder.php(1669): CodeIgniter\Database\BaseConnection->query('SELECT COUNT(*) AS `numrows`
FROM `full_paper`
JOIN `full_paper` ON `full_paper`.`abs_id`=`abstrak`.`abs_id`
WHERE YEAR(`submit_date`) = :YEAR(`submit_date`):', [...], false)
 5 SYSTEMPATH\Model.php(550): CodeIgniter\Database\BaseBuilder->countAllResults(false)
 6 SYSTEMPATH\BaseModel.php(1085): CodeIgniter\Model->countAllResults(false)
 7 APPPATH\Controllers\Admin.php(189): CodeIgniter\BaseModel->paginate(10, 'abstrak')
 8 SYSTEMPATH\CodeIgniter.php(904): App\Controllers\Admin->full_paper()
 9 SYSTEMPATH\CodeIgniter.php(457): CodeIgniter\CodeIgniter->runController(Object(App\Controllers\Admin))
10 SYSTEMPATH\CodeIgniter.php(340): CodeIgniter\CodeIgniter->handleRequest(null, Object(Config\Cache), false)
11 FCPATH\index.php(67): CodeIgniter\CodeIgniter->run()
12 SYSTEMPATH\Commands\Server\rewrite.php(43): require_once('FCPATH\\index.php')
CRITICAL - 2022-09-14 20:52:00 --> Call to a member function links() on null
in APPPATH\Views\admin\full_paper.php on line 156.
 1 SYSTEMPATH\View\View.php(213): include()
 2 SYSTEMPATH\View\View.php(216): CodeIgniter\View\View->CodeIgniter\View\{closure}()
 3 SYSTEMPATH\Common.php(1137): CodeIgniter\View\View->render('admin/full_paper', [], true)
 4 APPPATH\Controllers\Admin.php(215): view('admin/full_paper', [...])
 5 SYSTEMPATH\CodeIgniter.php(904): App\Controllers\Admin->full_paper()
 6 SYSTEMPATH\CodeIgniter.php(457): CodeIgniter\CodeIgniter->runController(Object(App\Controllers\Admin))
 7 SYSTEMPATH\CodeIgniter.php(340): CodeIgniter\CodeIgniter->handleRequest(null, Object(Config\Cache), false)
 8 FCPATH\index.php(67): CodeIgniter\CodeIgniter->run()
 9 SYSTEMPATH\Commands\Server\rewrite.php(43): require_once('FCPATH\\index.php')
CRITICAL - 2022-09-14 20:52:57 --> Call to a member function links() on null
in APPPATH\Views\admin\full_paper.php on line 156.
 1 SYSTEMPATH\View\View.php(213): include()
 2 SYSTEMPATH\View\View.php(216): CodeIgniter\View\View->CodeIgniter\View\{closure}()
 3 SYSTEMPATH\Common.php(1137): CodeIgniter\View\View->render('admin/full_paper', [], true)
 4 APPPATH\Controllers\Admin.php(215): view('admin/full_paper', [...])
 5 SYSTEMPATH\CodeIgniter.php(904): App\Controllers\Admin->full_paper()
 6 SYSTEMPATH\CodeIgniter.php(457): CodeIgniter\CodeIgniter->runController(Object(App\Controllers\Admin))
 7 SYSTEMPATH\CodeIgniter.php(340): CodeIgniter\CodeIgniter->handleRequest(null, Object(Config\Cache), false)
 8 FCPATH\index.php(67): CodeIgniter\CodeIgniter->run()
 9 SYSTEMPATH\Commands\Server\rewrite.php(43): require_once('FCPATH\\index.php')
CRITICAL - 2022-09-14 20:53:11 --> Call to a member function links() on null
in APPPATH\Views\admin\full_paper.php on line 156.
 1 SYSTEMPATH\View\View.php(213): include()
 2 SYSTEMPATH\View\View.php(216): CodeIgniter\View\View->CodeIgniter\View\{closure}()
 3 SYSTEMPATH\Common.php(1137): CodeIgniter\View\View->render('admin/full_paper', [], true)
 4 APPPATH\Controllers\Admin.php(215): view('admin/full_paper', [...])
 5 SYSTEMPATH\CodeIgniter.php(904): App\Controllers\Admin->full_paper()
 6 SYSTEMPATH\CodeIgniter.php(457): CodeIgniter\CodeIgniter->runController(Object(App\Controllers\Admin))
 7 SYSTEMPATH\CodeIgniter.php(340): CodeIgniter\CodeIgniter->handleRequest(null, Object(Config\Cache), false)
 8 FCPATH\index.php(67): CodeIgniter\CodeIgniter->run()
 9 SYSTEMPATH\Commands\Server\rewrite.php(43): require_once('FCPATH\\index.php')
ERROR - 2022-09-14 22:04:25 --> mysqli_sql_exception: Column 'abs_id' in where clause is ambiguous in C:\xampp\htdocs\isceeradmin\system\Database\MySQLi\Connection.php:292
Stack trace:
#0 C:\xampp\htdocs\isceeradmin\system\Database\MySQLi\Connection.php(292): mysqli->query('SELECT COUNT(*)...', 0)
#1 C:\xampp\htdocs\isceeradmin\system\Database\BaseConnection.php(693): CodeIgniter\Database\MySQLi\Connection->execute('SELECT COUNT(*)...')
#2 C:\xampp\htdocs\isceeradmin\system\Database\BaseConnection.php(620): CodeIgniter\Database\BaseConnection->simpleQuery('SELECT COUNT(*)...')
#3 C:\xampp\htdocs\isceeradmin\system\Database\BaseBuilder.php(1669): CodeIgniter\Database\BaseConnection->query('SELECT COUNT(*)...', Array, false)
#4 C:\xampp\htdocs\isceeradmin\system\Model.php(550): CodeIgniter\Database\BaseBuilder->countAllResults(false)
#5 C:\xampp\htdocs\isceeradmin\system\BaseModel.php(1085): CodeIgniter\Model->countAllResults(false)
#6 C:\xampp\htdocs\isceeradmin\app\Controllers\Admin.php(194): CodeIgniter\BaseModel->paginate(10, 'abstrak')
#7 C:\xampp\htdocs\isceeradmin\system\CodeIgniter.php(904): App\Controllers\Admin->full_paper()
#8 C:\xampp\htdocs\isceeradmin\system\CodeIgniter.php(457): CodeIgniter\CodeIgniter->runController(Object(App\Controllers\Admin))
#9 C:\xampp\htdocs\isceeradmin\system\CodeIgniter.php(340): CodeIgniter\CodeIgniter->handleRequest(NULL, Object(Config\Cache), false)
#10 C:\xampp\htdocs\isceeradmin\public\index.php(67): CodeIgniter\CodeIgniter->run()
#11 C:\xampp\htdocs\isceeradmin\system\Commands\Server\rewrite.php(43): require_once('C:\\xampp\\htdocs...')
#12 {main}
CRITICAL - 2022-09-14 22:04:25 --> Column 'abs_id' in where clause is ambiguous
in SYSTEMPATH\Database\MySQLi\Connection.php on line 292.
 1 SYSTEMPATH\Database\MySQLi\Connection.php(292): mysqli->query('SELECT COUNT(*) AS `numrows`
FROM `full_paper`
JOIN `abstrak` ON `full_paper`.`abs_id`=`abstrak`.`abs_id`
WHERE `abs_id` LIKE \'%abs-1%\' ESCAPE \'!\'
OR  `abstrak` LIKE \'%abs-1%\' ESCAPE \'!\'
OR  `penulis` LIKE \'%abs-1%\' ESCAPE \'!\'
OR  `afiliasi` LIKE \'%abs-1%\' ESCAPE \'!\'
OR  `keyword` LIKE \'%abs-1%\' ESCAPE \'!\'
OR  `judul` LIKE \'%abs-1%\' ESCAPE \'!\'
AND `decision` = \'waiting_decision\'
AND YEAR(`submit_date`) = \'2022\'', 0)
 2 SYSTEMPATH\Database\BaseConnection.php(693): CodeIgniter\Database\MySQLi\Connection->execute('SELECT COUNT(*) AS `numrows`
FROM `full_paper`
JOIN `abstrak` ON `full_paper`.`abs_id`=`abstrak`.`abs_id`
WHERE `abs_id` LIKE \'%abs-1%\' ESCAPE \'!\'
OR  `abstrak` LIKE \'%abs-1%\' ESCAPE \'!\'
OR  `penulis` LIKE \'%abs-1%\' ESCAPE \'!\'
OR  `afiliasi` LIKE \'%abs-1%\' ESCAPE \'!\'
OR  `keyword` LIKE \'%abs-1%\' ESCAPE \'!\'
OR  `judul` LIKE \'%abs-1%\' ESCAPE \'!\'
AND `decision` = \'waiting_decision\'
AND YEAR(`submit_date`) = \'2022\'')
 3 SYSTEMPATH\Database\BaseConnection.php(620): CodeIgniter\Database\BaseConnection->simpleQuery('SELECT COUNT(*) AS `numrows`
FROM `full_paper`
JOIN `abstrak` ON `full_paper`.`abs_id`=`abstrak`.`abs_id`
WHERE `abs_id` LIKE \'%abs-1%\' ESCAPE \'!\'
OR  `abstrak` LIKE \'%abs-1%\' ESCAPE \'!\'
OR  `penulis` LIKE \'%abs-1%\' ESCAPE \'!\'
OR  `afiliasi` LIKE \'%abs-1%\' ESCAPE \'!\'
OR  `keyword` LIKE \'%abs-1%\' ESCAPE \'!\'
OR  `judul` LIKE \'%abs-1%\' ESCAPE \'!\'
AND `decision` = \'waiting_decision\'
AND YEAR(`submit_date`) = \'2022\'')
 4 SYSTEMPATH\Database\BaseBuilder.php(1669): CodeIgniter\Database\BaseConnection->query('SELECT COUNT(*) AS `numrows`
FROM `full_paper`
JOIN `abstrak` ON `full_paper`.`abs_id`=`abstrak`.`abs_id`
WHERE `abs_id` LIKE :abs_id: ESCAPE \'!\'
OR  `abstrak` LIKE :abstrak: ESCAPE \'!\'
OR  `penulis` LIKE :penulis: ESCAPE \'!\'
OR  `afiliasi` LIKE :afiliasi: ESCAPE \'!\'
OR  `keyword` LIKE :keyword: ESCAPE \'!\'
OR  `judul` LIKE :judul: ESCAPE \'!\'
AND `decision` = :decision:
AND YEAR(`submit_date`) = :YEAR(`submit_date`):', [...], false)
 5 SYSTEMPATH\Model.php(550): CodeIgniter\Database\BaseBuilder->countAllResults(false)
 6 SYSTEMPATH\BaseModel.php(1085): CodeIgniter\Model->countAllResults(false)
 7 APPPATH\Controllers\Admin.php(194): CodeIgniter\BaseModel->paginate(10, 'abstrak')
 8 SYSTEMPATH\CodeIgniter.php(904): App\Controllers\Admin->full_paper()
 9 SYSTEMPATH\CodeIgniter.php(457): CodeIgniter\CodeIgniter->runController(Object(App\Controllers\Admin))
10 SYSTEMPATH\CodeIgniter.php(340): CodeIgniter\CodeIgniter->handleRequest(null, Object(Config\Cache), false)
11 FCPATH\index.php(67): CodeIgniter\CodeIgniter->run()
12 SYSTEMPATH\Commands\Server\rewrite.php(43): require_once('FCPATH\\index.php')
CRITICAL - 2022-09-14 22:04:52 --> Cannot use object of type CodeIgniter\Pager\Pager as array
in APPPATH\Views\admin\full_paper.php on line 66.
 1 SYSTEMPATH\View\View.php(213): include()
 2 SYSTEMPATH\View\View.php(216): CodeIgniter\View\View->CodeIgniter\View\{closure}()
 3 SYSTEMPATH\Common.php(1137): CodeIgniter\View\View->render('admin/full_paper', [], true)
 4 APPPATH\Controllers\Admin.php(215): view('admin/full_paper', [...])
 5 SYSTEMPATH\CodeIgniter.php(904): App\Controllers\Admin->full_paper()
 6 SYSTEMPATH\CodeIgniter.php(457): CodeIgniter\CodeIgniter->runController(Object(App\Controllers\Admin))
 7 SYSTEMPATH\CodeIgniter.php(340): CodeIgniter\CodeIgniter->handleRequest(null, Object(Config\Cache), false)
 8 FCPATH\index.php(67): CodeIgniter\CodeIgniter->run()
 9 SYSTEMPATH\Commands\Server\rewrite.php(43): require_once('FCPATH\\index.php')
CRITICAL - 2022-09-14 22:06:54 --> Cannot use object of type CodeIgniter\Pager\Pager as array
in APPPATH\Views\admin\full_paper.php on line 66.
 1 SYSTEMPATH\View\View.php(213): include()
 2 SYSTEMPATH\View\View.php(216): CodeIgniter\View\View->CodeIgniter\View\{closure}()
 3 SYSTEMPATH\Common.php(1137): CodeIgniter\View\View->render('admin/full_paper', [], true)
 4 APPPATH\Controllers\Admin.php(215): view('admin/full_paper', [...])
 5 SYSTEMPATH\CodeIgniter.php(904): App\Controllers\Admin->full_paper()
 6 SYSTEMPATH\CodeIgniter.php(457): CodeIgniter\CodeIgniter->runController(Object(App\Controllers\Admin))
 7 SYSTEMPATH\CodeIgniter.php(340): CodeIgniter\CodeIgniter->handleRequest(null, Object(Config\Cache), false)
 8 FCPATH\index.php(67): CodeIgniter\CodeIgniter->run()
 9 SYSTEMPATH\Commands\Server\rewrite.php(43): require_once('FCPATH\\index.php')
ERROR - 2022-09-14 22:08:33 --> mysqli_sql_exception: Not unique table/alias: 'abstrak' in C:\xampp\htdocs\isceeradmin\system\Database\MySQLi\Connection.php:292
Stack trace:
#0 C:\xampp\htdocs\isceeradmin\system\Database\MySQLi\Connection.php(292): mysqli->query('SELECT COUNT(*)...', 0)
#1 C:\xampp\htdocs\isceeradmin\system\Database\BaseConnection.php(693): CodeIgniter\Database\MySQLi\Connection->execute('SELECT COUNT(*)...')
#2 C:\xampp\htdocs\isceeradmin\system\Database\BaseConnection.php(620): CodeIgniter\Database\BaseConnection->simpleQuery('SELECT COUNT(*)...')
#3 C:\xampp\htdocs\isceeradmin\system\Database\BaseBuilder.php(1669): CodeIgniter\Database\BaseConnection->query('SELECT COUNT(*)...', Array, false)
#4 C:\xampp\htdocs\isceeradmin\system\Model.php(550): CodeIgniter\Database\BaseBuilder->countAllResults(false)
#5 C:\xampp\htdocs\isceeradmin\system\BaseModel.php(1085): CodeIgniter\Model->countAllResults(false)
#6 C:\xampp\htdocs\isceeradmin\app\Controllers\Admin.php(194): CodeIgniter\BaseModel->paginate(10, 'abstrak')
#7 C:\xampp\htdocs\isceeradmin\system\CodeIgniter.php(904): App\Controllers\Admin->full_paper()
#8 C:\xampp\htdocs\isceeradmin\system\CodeIgniter.php(457): CodeIgniter\CodeIgniter->runController(Object(App\Controllers\Admin))
#9 C:\xampp\htdocs\isceeradmin\system\CodeIgniter.php(340): CodeIgniter\CodeIgniter->handleRequest(NULL, Object(Config\Cache), false)
#10 C:\xampp\htdocs\isceeradmin\public\index.php(67): CodeIgniter\CodeIgniter->run()
#11 C:\xampp\htdocs\isceeradmin\system\Commands\Server\rewrite.php(43): require_once('C:\\xampp\\htdocs...')
#12 {main}
CRITICAL - 2022-09-14 22:08:33 --> Not unique table/alias: 'abstrak'
in SYSTEMPATH\Database\MySQLi\Connection.php on line 292.
 1 SYSTEMPATH\Database\MySQLi\Connection.php(292): mysqli->query('SELECT COUNT(*) AS `numrows`
FROM `full_paper`
JOIN `abstrak` ON `full_paper`.`abs_id`=`abstrak`.`abs_id`
JOIN `abstrak` ON `full_paper`.`abs_id`=`abstrak`.`abs_id`
WHERE YEAR(`submit_date`) = \'2022\'
AND  `abstrak`.`abs_id` LIKE \'%abs-1%\' ESCAPE \'!\'
OR  `abstrak` LIKE \'%abs-1%\' ESCAPE \'!\'
OR  `penulis` LIKE \'%abs-1%\' ESCAPE \'!\'
OR  `afiliasi` LIKE \'%abs-1%\' ESCAPE \'!\'
OR  `keyword` LIKE \'%abs-1%\' ESCAPE \'!\'
OR  `judul` LIKE \'%abs-1%\' ESCAPE \'!\'
AND `decision` = \'waiting_decision\'
AND YEAR(`submit_date`) = \'2022\'', 0)
 2 SYSTEMPATH\Database\BaseConnection.php(693): CodeIgniter\Database\MySQLi\Connection->execute('SELECT COUNT(*) AS `numrows`
FROM `full_paper`
JOIN `abstrak` ON `full_paper`.`abs_id`=`abstrak`.`abs_id`
JOIN `abstrak` ON `full_paper`.`abs_id`=`abstrak`.`abs_id`
WHERE YEAR(`submit_date`) = \'2022\'
AND  `abstrak`.`abs_id` LIKE \'%abs-1%\' ESCAPE \'!\'
OR  `abstrak` LIKE \'%abs-1%\' ESCAPE \'!\'
OR  `penulis` LIKE \'%abs-1%\' ESCAPE \'!\'
OR  `afiliasi` LIKE \'%abs-1%\' ESCAPE \'!\'
OR  `keyword` LIKE \'%abs-1%\' ESCAPE \'!\'
OR  `judul` LIKE \'%abs-1%\' ESCAPE \'!\'
AND `decision` = \'waiting_decision\'
AND YEAR(`submit_date`) = \'2022\'')
 3 SYSTEMPATH\Database\BaseConnection.php(620): CodeIgniter\Database\BaseConnection->simpleQuery('SELECT COUNT(*) AS `numrows`
FROM `full_paper`
JOIN `abstrak` ON `full_paper`.`abs_id`=`abstrak`.`abs_id`
JOIN `abstrak` ON `full_paper`.`abs_id`=`abstrak`.`abs_id`
WHERE YEAR(`submit_date`) = \'2022\'
AND  `abstrak`.`abs_id` LIKE \'%abs-1%\' ESCAPE \'!\'
OR  `abstrak` LIKE \'%abs-1%\' ESCAPE \'!\'
OR  `penulis` LIKE \'%abs-1%\' ESCAPE \'!\'
OR  `afiliasi` LIKE \'%abs-1%\' ESCAPE \'!\'
OR  `keyword` LIKE \'%abs-1%\' ESCAPE \'!\'
OR  `judul` LIKE \'%abs-1%\' ESCAPE \'!\'
AND `decision` = \'waiting_decision\'
AND YEAR(`submit_date`) = \'2022\'')
 4 SYSTEMPATH\Database\BaseBuilder.php(1669): CodeIgniter\Database\BaseConnection->query('SELECT COUNT(*) AS `numrows`
FROM `full_paper`
JOIN `abstrak` ON `full_paper`.`abs_id`=`abstrak`.`abs_id`
JOIN `abstrak` ON `full_paper`.`abs_id`=`abstrak`.`abs_id`
WHERE YEAR(`submit_date`) = :YEAR(`submit_date`):
AND  `abstrak`.`abs_id` LIKE :abstrak.abs_id: ESCAPE \'!\'
OR  `abstrak` LIKE :abstrak: ESCAPE \'!\'
OR  `penulis` LIKE :penulis: ESCAPE \'!\'
OR  `afiliasi` LIKE :afiliasi: ESCAPE \'!\'
OR  `keyword` LIKE :keyword: ESCAPE \'!\'
OR  `judul` LIKE :judul: ESCAPE \'!\'
AND `decision` = :decision:
AND YEAR(`submit_date`) = :YEAR(`submit_date`).1:', [...], false)
 5 SYSTEMPATH\Model.php(550): CodeIgniter\Database\BaseBuilder->countAllResults(false)
 6 SYSTEMPATH\BaseModel.php(1085): CodeIgniter\Model->countAllResults(false)
 7 APPPATH\Controllers\Admin.php(194): CodeIgniter\BaseModel->paginate(10, 'abstrak')
 8 SYSTEMPATH\CodeIgniter.php(904): App\Controllers\Admin->full_paper()
 9 SYSTEMPATH\CodeIgniter.php(457): CodeIgniter\CodeIgniter->runController(Object(App\Controllers\Admin))
10 SYSTEMPATH\CodeIgniter.php(340): CodeIgniter\CodeIgniter->handleRequest(null, Object(Config\Cache), false)
11 FCPATH\index.php(67): CodeIgniter\CodeIgniter->run()
12 SYSTEMPATH\Commands\Server\rewrite.php(43): require_once('FCPATH\\index.php')
ERROR - 2022-09-14 22:09:04 --> mysqli_sql_exception: Column 'submit_date' in where clause is ambiguous in C:\xampp\htdocs\isceeradmin\system\Database\MySQLi\Connection.php:292
Stack trace:
#0 C:\xampp\htdocs\isceeradmin\system\Database\MySQLi\Connection.php(292): mysqli->query('SELECT COUNT(*)...', 0)
#1 C:\xampp\htdocs\isceeradmin\system\Database\BaseConnection.php(693): CodeIgniter\Database\MySQLi\Connection->execute('SELECT COUNT(*)...')
#2 C:\xampp\htdocs\isceeradmin\system\Database\BaseConnection.php(620): CodeIgniter\Database\BaseConnection->simpleQuery('SELECT COUNT(*)...')
#3 C:\xampp\htdocs\isceeradmin\system\Database\BaseBuilder.php(1669): CodeIgniter\Database\BaseConnection->query('SELECT COUNT(*)...', Array, false)
#4 C:\xampp\htdocs\isceeradmin\system\Model.php(550): CodeIgniter\Database\BaseBuilder->countAllResults(false)
#5 C:\xampp\htdocs\isceeradmin\system\BaseModel.php(1085): CodeIgniter\Model->countAllResults(false)
#6 C:\xampp\htdocs\isceeradmin\app\Controllers\Admin.php(194): CodeIgniter\BaseModel->paginate(10, 'abstrak')
#7 C:\xampp\htdocs\isceeradmin\system\CodeIgniter.php(904): App\Controllers\Admin->full_paper()
#8 C:\xampp\htdocs\isceeradmin\system\CodeIgniter.php(457): CodeIgniter\CodeIgniter->runController(Object(App\Controllers\Admin))
#9 C:\xampp\htdocs\isceeradmin\system\CodeIgniter.php(340): CodeIgniter\CodeIgniter->handleRequest(NULL, Object(Config\Cache), false)
#10 C:\xampp\htdocs\isceeradmin\public\index.php(67): CodeIgniter\CodeIgniter->run()
#11 C:\xampp\htdocs\isceeradmin\system\Commands\Server\rewrite.php(43): require_once('C:\\xampp\\htdocs...')
#12 {main}
CRITICAL - 2022-09-14 22:09:04 --> Column 'submit_date' in where clause is ambiguous
in SYSTEMPATH\Database\MySQLi\Connection.php on line 292.
 1 SYSTEMPATH\Database\MySQLi\Connection.php(292): mysqli->query('SELECT COUNT(*) AS `numrows`
FROM `full_paper`
JOIN `abstrak` as `a` ON `full_paper`.`abs_id`=`abstrak`.`abs_id`
JOIN `abstrak` ON `full_paper`.`abs_id`=`abstrak`.`abs_id`
WHERE YEAR(`submit_date`) = \'2022\'
AND  `abstrak`.`abs_id` LIKE \'%abs-1%\' ESCAPE \'!\'
OR  `abstrak` LIKE \'%abs-1%\' ESCAPE \'!\'
OR  `penulis` LIKE \'%abs-1%\' ESCAPE \'!\'
OR  `afiliasi` LIKE \'%abs-1%\' ESCAPE \'!\'
OR  `keyword` LIKE \'%abs-1%\' ESCAPE \'!\'
OR  `judul` LIKE \'%abs-1%\' ESCAPE \'!\'
AND `decision` = \'waiting_decision\'
AND YEAR(`submit_date`) = \'2022\'', 0)
 2 SYSTEMPATH\Database\BaseConnection.php(693): CodeIgniter\Database\MySQLi\Connection->execute('SELECT COUNT(*) AS `numrows`
FROM `full_paper`
JOIN `abstrak` as `a` ON `full_paper`.`abs_id`=`abstrak`.`abs_id`
JOIN `abstrak` ON `full_paper`.`abs_id`=`abstrak`.`abs_id`
WHERE YEAR(`submit_date`) = \'2022\'
AND  `abstrak`.`abs_id` LIKE \'%abs-1%\' ESCAPE \'!\'
OR  `abstrak` LIKE \'%abs-1%\' ESCAPE \'!\'
OR  `penulis` LIKE \'%abs-1%\' ESCAPE \'!\'
OR  `afiliasi` LIKE \'%abs-1%\' ESCAPE \'!\'
OR  `keyword` LIKE \'%abs-1%\' ESCAPE \'!\'
OR  `judul` LIKE \'%abs-1%\' ESCAPE \'!\'
AND `decision` = \'waiting_decision\'
AND YEAR(`submit_date`) = \'2022\'')
 3 SYSTEMPATH\Database\BaseConnection.php(620): CodeIgniter\Database\BaseConnection->simpleQuery('SELECT COUNT(*) AS `numrows`
FROM `full_paper`
JOIN `abstrak` as `a` ON `full_paper`.`abs_id`=`abstrak`.`abs_id`
JOIN `abstrak` ON `full_paper`.`abs_id`=`abstrak`.`abs_id`
WHERE YEAR(`submit_date`) = \'2022\'
AND  `abstrak`.`abs_id` LIKE \'%abs-1%\' ESCAPE \'!\'
OR  `abstrak` LIKE \'%abs-1%\' ESCAPE \'!\'
OR  `penulis` LIKE \'%abs-1%\' ESCAPE \'!\'
OR  `afiliasi` LIKE \'%abs-1%\' ESCAPE \'!\'
OR  `keyword` LIKE \'%abs-1%\' ESCAPE \'!\'
OR  `judul` LIKE \'%abs-1%\' ESCAPE \'!\'
AND `decision` = \'waiting_decision\'
AND YEAR(`submit_date`) = \'2022\'')
 4 SYSTEMPATH\Database\BaseBuilder.php(1669): CodeIgniter\Database\BaseConnection->query('SELECT COUNT(*) AS `numrows`
FROM `full_paper`
JOIN `abstrak` as `a` ON `full_paper`.`abs_id`=`abstrak`.`abs_id`
JOIN `abstrak` ON `full_paper`.`abs_id`=`abstrak`.`abs_id`
WHERE YEAR(`submit_date`) = :YEAR(`submit_date`):
AND  `abstrak`.`abs_id` LIKE :abstrak.abs_id: ESCAPE \'!\'
OR  `abstrak` LIKE :abstrak: ESCAPE \'!\'
OR  `penulis` LIKE :penulis: ESCAPE \'!\'
OR  `afiliasi` LIKE :afiliasi: ESCAPE \'!\'
OR  `keyword` LIKE :keyword: ESCAPE \'!\'
OR  `judul` LIKE :judul: ESCAPE \'!\'
AND `decision` = :decision:
AND YEAR(`submit_date`) = :YEAR(`submit_date`).1:', [...], false)
 5 SYSTEMPATH\Model.php(550): CodeIgniter\Database\BaseBuilder->countAllResults(false)
 6 SYSTEMPATH\BaseModel.php(1085): CodeIgniter\Model->countAllResults(false)
 7 APPPATH\Controllers\Admin.php(194): CodeIgniter\BaseModel->paginate(10, 'abstrak')
 8 SYSTEMPATH\CodeIgniter.php(904): App\Controllers\Admin->full_paper()
 9 SYSTEMPATH\CodeIgniter.php(457): CodeIgniter\CodeIgniter->runController(Object(App\Controllers\Admin))
10 SYSTEMPATH\CodeIgniter.php(340): CodeIgniter\CodeIgniter->handleRequest(null, Object(Config\Cache), false)
11 FCPATH\index.php(67): CodeIgniter\CodeIgniter->run()
12 SYSTEMPATH\Commands\Server\rewrite.php(43): require_once('FCPATH\\index.php')
ERROR - 2022-09-14 22:09:21 --> mysqli_sql_exception: Column 'abstrak' in where clause is ambiguous in C:\xampp\htdocs\isceeradmin\system\Database\MySQLi\Connection.php:292
Stack trace:
#0 C:\xampp\htdocs\isceeradmin\system\Database\MySQLi\Connection.php(292): mysqli->query('SELECT COUNT(*)...', 0)
#1 C:\xampp\htdocs\isceeradmin\system\Database\BaseConnection.php(693): CodeIgniter\Database\MySQLi\Connection->execute('SELECT COUNT(*)...')
#2 C:\xampp\htdocs\isceeradmin\system\Database\BaseConnection.php(620): CodeIgniter\Database\BaseConnection->simpleQuery('SELECT COUNT(*)...')
#3 C:\xampp\htdocs\isceeradmin\system\Database\BaseBuilder.php(1669): CodeIgniter\Database\BaseConnection->query('SELECT COUNT(*)...', Array, false)
#4 C:\xampp\htdocs\isceeradmin\system\Model.php(550): CodeIgniter\Database\BaseBuilder->countAllResults(false)
#5 C:\xampp\htdocs\isceeradmin\system\BaseModel.php(1085): CodeIgniter\Model->countAllResults(false)
#6 C:\xampp\htdocs\isceeradmin\app\Controllers\Admin.php(194): CodeIgniter\BaseModel->paginate(10, 'abstrak')
#7 C:\xampp\htdocs\isceeradmin\system\CodeIgniter.php(904): App\Controllers\Admin->full_paper()
#8 C:\xampp\htdocs\isceeradmin\system\CodeIgniter.php(457): CodeIgniter\CodeIgniter->runController(Object(App\Controllers\Admin))
#9 C:\xampp\htdocs\isceeradmin\system\CodeIgniter.php(340): CodeIgniter\CodeIgniter->handleRequest(NULL, Object(Config\Cache), false)
#10 C:\xampp\htdocs\isceeradmin\public\index.php(67): CodeIgniter\CodeIgniter->run()
#11 C:\xampp\htdocs\isceeradmin\system\Commands\Server\rewrite.php(43): require_once('C:\\xampp\\htdocs...')
#12 {main}
CRITICAL - 2022-09-14 22:09:21 --> Column 'abstrak' in where clause is ambiguous
in SYSTEMPATH\Database\MySQLi\Connection.php on line 292.
 1 SYSTEMPATH\Database\MySQLi\Connection.php(292): mysqli->query('SELECT COUNT(*) AS `numrows`
FROM `full_paper`
JOIN `abstrak` as `a` ON `full_paper`.`abs_id`=`abstrak`.`abs_id`
JOIN `abstrak` ON `full_paper`.`abs_id`=`abstrak`.`abs_id`
WHERE YEAR(`created_at`) = \'2022\'
AND  `abstrak`.`abs_id` LIKE \'%abs-1%\' ESCAPE \'!\'
OR  `abstrak` LIKE \'%abs-1%\' ESCAPE \'!\'
OR  `penulis` LIKE \'%abs-1%\' ESCAPE \'!\'
OR  `afiliasi` LIKE \'%abs-1%\' ESCAPE \'!\'
OR  `keyword` LIKE \'%abs-1%\' ESCAPE \'!\'
OR  `judul` LIKE \'%abs-1%\' ESCAPE \'!\'
AND `decision` = \'waiting_decision\'
AND YEAR(`submit_date`) = \'2022\'', 0)
 2 SYSTEMPATH\Database\BaseConnection.php(693): CodeIgniter\Database\MySQLi\Connection->execute('SELECT COUNT(*) AS `numrows`
FROM `full_paper`
JOIN `abstrak` as `a` ON `full_paper`.`abs_id`=`abstrak`.`abs_id`
JOIN `abstrak` ON `full_paper`.`abs_id`=`abstrak`.`abs_id`
WHERE YEAR(`created_at`) = \'2022\'
AND  `abstrak`.`abs_id` LIKE \'%abs-1%\' ESCAPE \'!\'
OR  `abstrak` LIKE \'%abs-1%\' ESCAPE \'!\'
OR  `penulis` LIKE \'%abs-1%\' ESCAPE \'!\'
OR  `afiliasi` LIKE \'%abs-1%\' ESCAPE \'!\'
OR  `keyword` LIKE \'%abs-1%\' ESCAPE \'!\'
OR  `judul` LIKE \'%abs-1%\' ESCAPE \'!\'
AND `decision` = \'waiting_decision\'
AND YEAR(`submit_date`) = \'2022\'')
 3 SYSTEMPATH\Database\BaseConnection.php(620): CodeIgniter\Database\BaseConnection->simpleQuery('SELECT COUNT(*) AS `numrows`
FROM `full_paper`
JOIN `abstrak` as `a` ON `full_paper`.`abs_id`=`abstrak`.`abs_id`
JOIN `abstrak` ON `full_paper`.`abs_id`=`abstrak`.`abs_id`
WHERE YEAR(`created_at`) = \'2022\'
AND  `abstrak`.`abs_id` LIKE \'%abs-1%\' ESCAPE \'!\'
OR  `abstrak` LIKE \'%abs-1%\' ESCAPE \'!\'
OR  `penulis` LIKE \'%abs-1%\' ESCAPE \'!\'
OR  `afiliasi` LIKE \'%abs-1%\' ESCAPE \'!\'
OR  `keyword` LIKE \'%abs-1%\' ESCAPE \'!\'
OR  `judul` LIKE \'%abs-1%\' ESCAPE \'!\'
AND `decision` = \'waiting_decision\'
AND YEAR(`submit_date`) = \'2022\'')
 4 SYSTEMPATH\Database\BaseBuilder.php(1669): CodeIgniter\Database\BaseConnection->query('SELECT COUNT(*) AS `numrows`
FROM `full_paper`
JOIN `abstrak` as `a` ON `full_paper`.`abs_id`=`abstrak`.`abs_id`
JOIN `abstrak` ON `full_paper`.`abs_id`=`abstrak`.`abs_id`
WHERE YEAR(`created_at`) = :YEAR(`created_at`):
AND  `abstrak`.`abs_id` LIKE :abstrak.abs_id: ESCAPE \'!\'
OR  `abstrak` LIKE :abstrak: ESCAPE \'!\'
OR  `penulis` LIKE :penulis: ESCAPE \'!\'
OR  `afiliasi` LIKE :afiliasi: ESCAPE \'!\'
OR  `keyword` LIKE :keyword: ESCAPE \'!\'
OR  `judul` LIKE :judul: ESCAPE \'!\'
AND `decision` = :decision:
AND YEAR(`submit_date`) = :YEAR(`submit_date`):', [...], false)
 5 SYSTEMPATH\Model.php(550): CodeIgniter\Database\BaseBuilder->countAllResults(false)
 6 SYSTEMPATH\BaseModel.php(1085): CodeIgniter\Model->countAllResults(false)
 7 APPPATH\Controllers\Admin.php(194): CodeIgniter\BaseModel->paginate(10, 'abstrak')
 8 SYSTEMPATH\CodeIgniter.php(904): App\Controllers\Admin->full_paper()
 9 SYSTEMPATH\CodeIgniter.php(457): CodeIgniter\CodeIgniter->runController(Object(App\Controllers\Admin))
10 SYSTEMPATH\CodeIgniter.php(340): CodeIgniter\CodeIgniter->handleRequest(null, Object(Config\Cache), false)
11 FCPATH\index.php(67): CodeIgniter\CodeIgniter->run()
12 SYSTEMPATH\Commands\Server\rewrite.php(43): require_once('FCPATH\\index.php')
ERROR - 2022-09-14 22:09:29 --> mysqli_sql_exception: Column 'abstrak' in where clause is ambiguous in C:\xampp\htdocs\isceeradmin\system\Database\MySQLi\Connection.php:292
Stack trace:
#0 C:\xampp\htdocs\isceeradmin\system\Database\MySQLi\Connection.php(292): mysqli->query('SELECT COUNT(*)...', 0)
#1 C:\xampp\htdocs\isceeradmin\system\Database\BaseConnection.php(693): CodeIgniter\Database\MySQLi\Connection->execute('SELECT COUNT(*)...')
#2 C:\xampp\htdocs\isceeradmin\system\Database\BaseConnection.php(620): CodeIgniter\Database\BaseConnection->simpleQuery('SELECT COUNT(*)...')
#3 C:\xampp\htdocs\isceeradmin\system\Database\BaseBuilder.php(1669): CodeIgniter\Database\BaseConnection->query('SELECT COUNT(*)...', Array, false)
#4 C:\xampp\htdocs\isceeradmin\system\Model.php(550): CodeIgniter\Database\BaseBuilder->countAllResults(false)
#5 C:\xampp\htdocs\isceeradmin\system\BaseModel.php(1085): CodeIgniter\Model->countAllResults(false)
#6 C:\xampp\htdocs\isceeradmin\app\Controllers\Admin.php(194): CodeIgniter\BaseModel->paginate(10, 'abstrak')
#7 C:\xampp\htdocs\isceeradmin\system\CodeIgniter.php(904): App\Controllers\Admin->full_paper()
#8 C:\xampp\htdocs\isceeradmin\system\CodeIgniter.php(457): CodeIgniter\CodeIgniter->runController(Object(App\Controllers\Admin))
#9 C:\xampp\htdocs\isceeradmin\system\CodeIgniter.php(340): CodeIgniter\CodeIgniter->handleRequest(NULL, Object(Config\Cache), false)
#10 C:\xampp\htdocs\isceeradmin\public\index.php(67): CodeIgniter\CodeIgniter->run()
#11 C:\xampp\htdocs\isceeradmin\system\Commands\Server\rewrite.php(43): require_once('C:\\xampp\\htdocs...')
#12 {main}
CRITICAL - 2022-09-14 22:09:29 --> Column 'abstrak' in where clause is ambiguous
in SYSTEMPATH\Database\MySQLi\Connection.php on line 292.
 1 SYSTEMPATH\Database\MySQLi\Connection.php(292): mysqli->query('SELECT COUNT(*) AS `numrows`
FROM `full_paper`
JOIN `abstrak` as `a` ON `full_paper`.`abs_id`=`abstrak`.`abs_id`
JOIN `abstrak` ON `full_paper`.`abs_id`=`abstrak`.`abs_id`
WHERE YEAR(`created_at`) = \'2022\'
AND  `abstrak`.`abs_id` LIKE \'%abs-1%\' ESCAPE \'!\'
OR  `abstrak` LIKE \'%abs-1%\' ESCAPE \'!\'
OR  `penulis` LIKE \'%abs-1%\' ESCAPE \'!\'
OR  `afiliasi` LIKE \'%abs-1%\' ESCAPE \'!\'
OR  `keyword` LIKE \'%abs-1%\' ESCAPE \'!\'
OR  `judul` LIKE \'%abs-1%\' ESCAPE \'!\'
AND `decision` = \'waiting_decision\'
AND YEAR(`submit_date`) = \'2022\'', 0)
 2 SYSTEMPATH\Database\BaseConnection.php(693): CodeIgniter\Database\MySQLi\Connection->execute('SELECT COUNT(*) AS `numrows`
FROM `full_paper`
JOIN `abstrak` as `a` ON `full_paper`.`abs_id`=`abstrak`.`abs_id`
JOIN `abstrak` ON `full_paper`.`abs_id`=`abstrak`.`abs_id`
WHERE YEAR(`created_at`) = \'2022\'
AND  `abstrak`.`abs_id` LIKE \'%abs-1%\' ESCAPE \'!\'
OR  `abstrak` LIKE \'%abs-1%\' ESCAPE \'!\'
OR  `penulis` LIKE \'%abs-1%\' ESCAPE \'!\'
OR  `afiliasi` LIKE \'%abs-1%\' ESCAPE \'!\'
OR  `keyword` LIKE \'%abs-1%\' ESCAPE \'!\'
OR  `judul` LIKE \'%abs-1%\' ESCAPE \'!\'
AND `decision` = \'waiting_decision\'
AND YEAR(`submit_date`) = \'2022\'')
 3 SYSTEMPATH\Database\BaseConnection.php(620): CodeIgniter\Database\BaseConnection->simpleQuery('SELECT COUNT(*) AS `numrows`
FROM `full_paper`
JOIN `abstrak` as `a` ON `full_paper`.`abs_id`=`abstrak`.`abs_id`
JOIN `abstrak` ON `full_paper`.`abs_id`=`abstrak`.`abs_id`
WHERE YEAR(`created_at`) = \'2022\'
AND  `abstrak`.`abs_id` LIKE \'%abs-1%\' ESCAPE \'!\'
OR  `abstrak` LIKE \'%abs-1%\' ESCAPE \'!\'
OR  `penulis` LIKE \'%abs-1%\' ESCAPE \'!\'
OR  `afiliasi` LIKE \'%abs-1%\' ESCAPE \'!\'
OR  `keyword` LIKE \'%abs-1%\' ESCAPE \'!\'
OR  `judul` LIKE \'%abs-1%\' ESCAPE \'!\'
AND `decision` = \'waiting_decision\'
AND YEAR(`submit_date`) = \'2022\'')
 4 SYSTEMPATH\Database\BaseBuilder.php(1669): CodeIgniter\Database\BaseConnection->query('SELECT COUNT(*) AS `numrows`
FROM `full_paper`
JOIN `abstrak` as `a` ON `full_paper`.`abs_id`=`abstrak`.`abs_id`
JOIN `abstrak` ON `full_paper`.`abs_id`=`abstrak`.`abs_id`
WHERE YEAR(`created_at`) = :YEAR(`created_at`):
AND  `abstrak`.`abs_id` LIKE :abstrak.abs_id: ESCAPE \'!\'
OR  `abstrak` LIKE :abstrak: ESCAPE \'!\'
OR  `penulis` LIKE :penulis: ESCAPE \'!\'
OR  `afiliasi` LIKE :afiliasi: ESCAPE \'!\'
OR  `keyword` LIKE :keyword: ESCAPE \'!\'
OR  `judul` LIKE :judul: ESCAPE \'!\'
AND `decision` = :decision:
AND YEAR(`submit_date`) = :YEAR(`submit_date`):', [...], false)
 5 SYSTEMPATH\Model.php(550): CodeIgniter\Database\BaseBuilder->countAllResults(false)
 6 SYSTEMPATH\BaseModel.php(1085): CodeIgniter\Model->countAllResults(false)
 7 APPPATH\Controllers\Admin.php(194): CodeIgniter\BaseModel->paginate(10, 'abstrak')
 8 SYSTEMPATH\CodeIgniter.php(904): App\Controllers\Admin->full_paper()
 9 SYSTEMPATH\CodeIgniter.php(457): CodeIgniter\CodeIgniter->runController(Object(App\Controllers\Admin))
10 SYSTEMPATH\CodeIgniter.php(340): CodeIgniter\CodeIgniter->handleRequest(null, Object(Config\Cache), false)
11 FCPATH\index.php(67): CodeIgniter\CodeIgniter->run()
12 SYSTEMPATH\Commands\Server\rewrite.php(43): require_once('FCPATH\\index.php')
ERROR - 2022-09-14 22:09:44 --> mysqli_sql_exception: Column 'penulis' in where clause is ambiguous in C:\xampp\htdocs\isceeradmin\system\Database\MySQLi\Connection.php:292
Stack trace:
#0 C:\xampp\htdocs\isceeradmin\system\Database\MySQLi\Connection.php(292): mysqli->query('SELECT COUNT(*)...', 0)
#1 C:\xampp\htdocs\isceeradmin\system\Database\BaseConnection.php(693): CodeIgniter\Database\MySQLi\Connection->execute('SELECT COUNT(*)...')
#2 C:\xampp\htdocs\isceeradmin\system\Database\BaseConnection.php(620): CodeIgniter\Database\BaseConnection->simpleQuery('SELECT COUNT(*)...')
#3 C:\xampp\htdocs\isceeradmin\system\Database\BaseBuilder.php(1669): CodeIgniter\Database\BaseConnection->query('SELECT COUNT(*)...', Array, false)
#4 C:\xampp\htdocs\isceeradmin\system\Model.php(550): CodeIgniter\Database\BaseBuilder->countAllResults(false)
#5 C:\xampp\htdocs\isceeradmin\system\BaseModel.php(1085): CodeIgniter\Model->countAllResults(false)
#6 C:\xampp\htdocs\isceeradmin\app\Controllers\Admin.php(194): CodeIgniter\BaseModel->paginate(10, 'abstrak')
#7 C:\xampp\htdocs\isceeradmin\system\CodeIgniter.php(904): App\Controllers\Admin->full_paper()
#8 C:\xampp\htdocs\isceeradmin\system\CodeIgniter.php(457): CodeIgniter\CodeIgniter->runController(Object(App\Controllers\Admin))
#9 C:\xampp\htdocs\isceeradmin\system\CodeIgniter.php(340): CodeIgniter\CodeIgniter->handleRequest(NULL, Object(Config\Cache), false)
#10 C:\xampp\htdocs\isceeradmin\public\index.php(67): CodeIgniter\CodeIgniter->run()
#11 C:\xampp\htdocs\isceeradmin\system\Commands\Server\rewrite.php(43): require_once('C:\\xampp\\htdocs...')
#12 {main}
CRITICAL - 2022-09-14 22:09:44 --> Column 'penulis' in where clause is ambiguous
in SYSTEMPATH\Database\MySQLi\Connection.php on line 292.
 1 SYSTEMPATH\Database\MySQLi\Connection.php(292): mysqli->query('SELECT COUNT(*) AS `numrows`
FROM `full_paper`
JOIN `abstrak` as `a` ON `full_paper`.`abs_id`=`abstrak`.`abs_id`
JOIN `abstrak` ON `full_paper`.`abs_id`=`abstrak`.`abs_id`
WHERE YEAR(`created_at`) = \'2022\'
AND  `a`.`abs_id` LIKE \'%abs-1%\' ESCAPE \'!\'
OR  `a`.`abstrak` LIKE \'%abs-1%\' ESCAPE \'!\'
OR  `penulis` LIKE \'%abs-1%\' ESCAPE \'!\'
OR  `afiliasi` LIKE \'%abs-1%\' ESCAPE \'!\'
OR  `keyword` LIKE \'%abs-1%\' ESCAPE \'!\'
OR  `judul` LIKE \'%abs-1%\' ESCAPE \'!\'
AND `decision` = \'waiting_decision\'
AND YEAR(`submit_date`) = \'2022\'', 0)
 2 SYSTEMPATH\Database\BaseConnection.php(693): CodeIgniter\Database\MySQLi\Connection->execute('SELECT COUNT(*) AS `numrows`
FROM `full_paper`
JOIN `abstrak` as `a` ON `full_paper`.`abs_id`=`abstrak`.`abs_id`
JOIN `abstrak` ON `full_paper`.`abs_id`=`abstrak`.`abs_id`
WHERE YEAR(`created_at`) = \'2022\'
AND  `a`.`abs_id` LIKE \'%abs-1%\' ESCAPE \'!\'
OR  `a`.`abstrak` LIKE \'%abs-1%\' ESCAPE \'!\'
OR  `penulis` LIKE \'%abs-1%\' ESCAPE \'!\'
OR  `afiliasi` LIKE \'%abs-1%\' ESCAPE \'!\'
OR  `keyword` LIKE \'%abs-1%\' ESCAPE \'!\'
OR  `judul` LIKE \'%abs-1%\' ESCAPE \'!\'
AND `decision` = \'waiting_decision\'
AND YEAR(`submit_date`) = \'2022\'')
 3 SYSTEMPATH\Database\BaseConnection.php(620): CodeIgniter\Database\BaseConnection->simpleQuery('SELECT COUNT(*) AS `numrows`
FROM `full_paper`
JOIN `abstrak` as `a` ON `full_paper`.`abs_id`=`abstrak`.`abs_id`
JOIN `abstrak` ON `full_paper`.`abs_id`=`abstrak`.`abs_id`
WHERE YEAR(`created_at`) = \'2022\'
AND  `a`.`abs_id` LIKE \'%abs-1%\' ESCAPE \'!\'
OR  `a`.`abstrak` LIKE \'%abs-1%\' ESCAPE \'!\'
OR  `penulis` LIKE \'%abs-1%\' ESCAPE \'!\'
OR  `afiliasi` LIKE \'%abs-1%\' ESCAPE \'!\'
OR  `keyword` LIKE \'%abs-1%\' ESCAPE \'!\'
OR  `judul` LIKE \'%abs-1%\' ESCAPE \'!\'
AND `decision` = \'waiting_decision\'
AND YEAR(`submit_date`) = \'2022\'')
 4 SYSTEMPATH\Database\BaseBuilder.php(1669): CodeIgniter\Database\BaseConnection->query('SELECT COUNT(*) AS `numrows`
FROM `full_paper`
JOIN `abstrak` as `a` ON `full_paper`.`abs_id`=`abstrak`.`abs_id`
JOIN `abstrak` ON `full_paper`.`abs_id`=`abstrak`.`abs_id`
WHERE YEAR(`created_at`) = :YEAR(`created_at`):
AND  `a`.`abs_id` LIKE :a.abs_id: ESCAPE \'!\'
OR  `a`.`abstrak` LIKE :a.abstrak: ESCAPE \'!\'
OR  `penulis` LIKE :penulis: ESCAPE \'!\'
OR  `afiliasi` LIKE :afiliasi: ESCAPE \'!\'
OR  `keyword` LIKE :keyword: ESCAPE \'!\'
OR  `judul` LIKE :judul: ESCAPE \'!\'
AND `decision` = :decision:
AND YEAR(`submit_date`) = :YEAR(`submit_date`):', [...], false)
 5 SYSTEMPATH\Model.php(550): CodeIgniter\Database\BaseBuilder->countAllResults(false)
 6 SYSTEMPATH\BaseModel.php(1085): CodeIgniter\Model->countAllResults(false)
 7 APPPATH\Controllers\Admin.php(194): CodeIgniter\BaseModel->paginate(10, 'abstrak')
 8 SYSTEMPATH\CodeIgniter.php(904): App\Controllers\Admin->full_paper()
 9 SYSTEMPATH\CodeIgniter.php(457): CodeIgniter\CodeIgniter->runController(Object(App\Controllers\Admin))
10 SYSTEMPATH\CodeIgniter.php(340): CodeIgniter\CodeIgniter->handleRequest(null, Object(Config\Cache), false)
11 FCPATH\index.php(67): CodeIgniter\CodeIgniter->run()
12 SYSTEMPATH\Commands\Server\rewrite.php(43): require_once('FCPATH\\index.php')
ERROR - 2022-09-14 22:09:57 --> mysqli_sql_exception: Column 'submit_date' in where clause is ambiguous in C:\xampp\htdocs\isceeradmin\system\Database\MySQLi\Connection.php:292
Stack trace:
#0 C:\xampp\htdocs\isceeradmin\system\Database\MySQLi\Connection.php(292): mysqli->query('SELECT COUNT(*)...', 0)
#1 C:\xampp\htdocs\isceeradmin\system\Database\BaseConnection.php(693): CodeIgniter\Database\MySQLi\Connection->execute('SELECT COUNT(*)...')
#2 C:\xampp\htdocs\isceeradmin\system\Database\BaseConnection.php(620): CodeIgniter\Database\BaseConnection->simpleQuery('SELECT COUNT(*)...')
#3 C:\xampp\htdocs\isceeradmin\system\Database\BaseBuilder.php(1669): CodeIgniter\Database\BaseConnection->query('SELECT COUNT(*)...', Array, false)
#4 C:\xampp\htdocs\isceeradmin\system\Model.php(550): CodeIgniter\Database\BaseBuilder->countAllResults(false)
#5 C:\xampp\htdocs\isceeradmin\system\BaseModel.php(1085): CodeIgniter\Model->countAllResults(false)
#6 C:\xampp\htdocs\isceeradmin\app\Controllers\Admin.php(194): CodeIgniter\BaseModel->paginate(10, 'abstrak')
#7 C:\xampp\htdocs\isceeradmin\system\CodeIgniter.php(904): App\Controllers\Admin->full_paper()
#8 C:\xampp\htdocs\isceeradmin\system\CodeIgniter.php(457): CodeIgniter\CodeIgniter->runController(Object(App\Controllers\Admin))
#9 C:\xampp\htdocs\isceeradmin\system\CodeIgniter.php(340): CodeIgniter\CodeIgniter->handleRequest(NULL, Object(Config\Cache), false)
#10 C:\xampp\htdocs\isceeradmin\public\index.php(67): CodeIgniter\CodeIgniter->run()
#11 C:\xampp\htdocs\isceeradmin\system\Commands\Server\rewrite.php(43): require_once('C:\\xampp\\htdocs...')
#12 {main}
CRITICAL - 2022-09-14 22:09:57 --> Column 'submit_date' in where clause is ambiguous
in SYSTEMPATH\Database\MySQLi\Connection.php on line 292.
 1 SYSTEMPATH\Database\MySQLi\Connection.php(292): mysqli->query('SELECT COUNT(*) AS `numrows`
FROM `full_paper`
JOIN `abstrak` as `a` ON `full_paper`.`abs_id`=`abstrak`.`abs_id`
JOIN `abstrak` ON `full_paper`.`abs_id`=`abstrak`.`abs_id`
WHERE YEAR(`created_at`) = \'2022\'
AND  `a`.`abs_id` LIKE \'%abs-1%\' ESCAPE \'!\'
OR  `a`.`abstrak` LIKE \'%abs-1%\' ESCAPE \'!\'
OR  `a`.`penulis` LIKE \'%abs-1%\' ESCAPE \'!\'
OR  `a`.`afiliasi` LIKE \'%abs-1%\' ESCAPE \'!\'
OR  `a`.`keyword` LIKE \'%abs-1%\' ESCAPE \'!\'
OR  `a`.`judul` LIKE \'%abs-1%\' ESCAPE \'!\'
AND `decision` = \'waiting_decision\'
AND YEAR(`submit_date`) = \'2022\'', 0)
 2 SYSTEMPATH\Database\BaseConnection.php(693): CodeIgniter\Database\MySQLi\Connection->execute('SELECT COUNT(*) AS `numrows`
FROM `full_paper`
JOIN `abstrak` as `a` ON `full_paper`.`abs_id`=`abstrak`.`abs_id`
JOIN `abstrak` ON `full_paper`.`abs_id`=`abstrak`.`abs_id`
WHERE YEAR(`created_at`) = \'2022\'
AND  `a`.`abs_id` LIKE \'%abs-1%\' ESCAPE \'!\'
OR  `a`.`abstrak` LIKE \'%abs-1%\' ESCAPE \'!\'
OR  `a`.`penulis` LIKE \'%abs-1%\' ESCAPE \'!\'
OR  `a`.`afiliasi` LIKE \'%abs-1%\' ESCAPE \'!\'
OR  `a`.`keyword` LIKE \'%abs-1%\' ESCAPE \'!\'
OR  `a`.`judul` LIKE \'%abs-1%\' ESCAPE \'!\'
AND `decision` = \'waiting_decision\'
AND YEAR(`submit_date`) = \'2022\'')
 3 SYSTEMPATH\Database\BaseConnection.php(620): CodeIgniter\Database\BaseConnection->simpleQuery('SELECT COUNT(*) AS `numrows`
FROM `full_paper`
JOIN `abstrak` as `a` ON `full_paper`.`abs_id`=`abstrak`.`abs_id`
JOIN `abstrak` ON `full_paper`.`abs_id`=`abstrak`.`abs_id`
WHERE YEAR(`created_at`) = \'2022\'
AND  `a`.`abs_id` LIKE \'%abs-1%\' ESCAPE \'!\'
OR  `a`.`abstrak` LIKE \'%abs-1%\' ESCAPE \'!\'
OR  `a`.`penulis` LIKE \'%abs-1%\' ESCAPE \'!\'
OR  `a`.`afiliasi` LIKE \'%abs-1%\' ESCAPE \'!\'
OR  `a`.`keyword` LIKE \'%abs-1%\' ESCAPE \'!\'
OR  `a`.`judul` LIKE \'%abs-1%\' ESCAPE \'!\'
AND `decision` = \'waiting_decision\'
AND YEAR(`submit_date`) = \'2022\'')
 4 SYSTEMPATH\Database\BaseBuilder.php(1669): CodeIgniter\Database\BaseConnection->query('SELECT COUNT(*) AS `numrows`
FROM `full_paper`
JOIN `abstrak` as `a` ON `full_paper`.`abs_id`=`abstrak`.`abs_id`
JOIN `abstrak` ON `full_paper`.`abs_id`=`abstrak`.`abs_id`
WHERE YEAR(`created_at`) = :YEAR(`created_at`):
AND  `a`.`abs_id` LIKE :a.abs_id: ESCAPE \'!\'
OR  `a`.`abstrak` LIKE :a.abstrak: ESCAPE \'!\'
OR  `a`.`penulis` LIKE :a.penulis: ESCAPE \'!\'
OR  `a`.`afiliasi` LIKE :a.afiliasi: ESCAPE \'!\'
OR  `a`.`keyword` LIKE :a.keyword: ESCAPE \'!\'
OR  `a`.`judul` LIKE :a.judul: ESCAPE \'!\'
AND `decision` = :decision:
AND YEAR(`submit_date`) = :YEAR(`submit_date`):', [...], false)
 5 SYSTEMPATH\Model.php(550): CodeIgniter\Database\BaseBuilder->countAllResults(false)
 6 SYSTEMPATH\BaseModel.php(1085): CodeIgniter\Model->countAllResults(false)
 7 APPPATH\Controllers\Admin.php(194): CodeIgniter\BaseModel->paginate(10, 'abstrak')
 8 SYSTEMPATH\CodeIgniter.php(904): App\Controllers\Admin->full_paper()
 9 SYSTEMPATH\CodeIgniter.php(457): CodeIgniter\CodeIgniter->runController(Object(App\Controllers\Admin))
10 SYSTEMPATH\CodeIgniter.php(340): CodeIgniter\CodeIgniter->handleRequest(null, Object(Config\Cache), false)
11 FCPATH\index.php(67): CodeIgniter\CodeIgniter->run()
12 SYSTEMPATH\Commands\Server\rewrite.php(43): require_once('FCPATH\\index.php')
ERROR - 2022-09-14 22:10:34 --> mysqli_sql_exception: Unknown column 'abstrak.abs_id' in 'on clause' in C:\xampp\htdocs\isceeradmin\system\Database\MySQLi\Connection.php:292
Stack trace:
#0 C:\xampp\htdocs\isceeradmin\system\Database\MySQLi\Connection.php(292): mysqli->query('SELECT COUNT(*)...', 0)
#1 C:\xampp\htdocs\isceeradmin\system\Database\BaseConnection.php(693): CodeIgniter\Database\MySQLi\Connection->execute('SELECT COUNT(*)...')
#2 C:\xampp\htdocs\isceeradmin\system\Database\BaseConnection.php(620): CodeIgniter\Database\BaseConnection->simpleQuery('SELECT COUNT(*)...')
#3 C:\xampp\htdocs\isceeradmin\system\Database\BaseBuilder.php(1669): CodeIgniter\Database\BaseConnection->query('SELECT COUNT(*)...', Array, false)
#4 C:\xampp\htdocs\isceeradmin\system\Model.php(550): CodeIgniter\Database\BaseBuilder->countAllResults(false)
#5 C:\xampp\htdocs\isceeradmin\system\BaseModel.php(1085): CodeIgniter\Model->countAllResults(false)
#6 C:\xampp\htdocs\isceeradmin\app\Controllers\Admin.php(194): CodeIgniter\BaseModel->paginate(10, 'abstrak')
#7 C:\xampp\htdocs\isceeradmin\system\CodeIgniter.php(904): App\Controllers\Admin->full_paper()
#8 C:\xampp\htdocs\isceeradmin\system\CodeIgniter.php(457): CodeIgniter\CodeIgniter->runController(Object(App\Controllers\Admin))
#9 C:\xampp\htdocs\isceeradmin\system\CodeIgniter.php(340): CodeIgniter\CodeIgniter->handleRequest(NULL, Object(Config\Cache), false)
#10 C:\xampp\htdocs\isceeradmin\public\index.php(67): CodeIgniter\CodeIgniter->run()
#11 C:\xampp\htdocs\isceeradmin\system\Commands\Server\rewrite.php(43): require_once('C:\\xampp\\htdocs...')
#12 {main}
CRITICAL - 2022-09-14 22:10:34 --> Unknown column 'abstrak.abs_id' in 'on clause'
in SYSTEMPATH\Database\MySQLi\Connection.php on line 292.
 1 SYSTEMPATH\Database\MySQLi\Connection.php(292): mysqli->query('SELECT COUNT(*) AS `numrows`
FROM `full_paper`
JOIN `abstrak` as `a` ON `full_paper`.`abs_id`=`abstrak`.`abs_id`
JOIN `abstrak` ON `full_paper`.`abs_id`=`abstrak`.`abs_id`
WHERE YEAR(`created_at`) = \'2022\'
AND  `a`.`abs_id` LIKE \'%abs-1%\' ESCAPE \'!\'
OR  `a`.`abstrak` LIKE \'%abs-1%\' ESCAPE \'!\'
OR  `a`.`penulis` LIKE \'%abs-1%\' ESCAPE \'!\'
OR  `a`.`afiliasi` LIKE \'%abs-1%\' ESCAPE \'!\'
OR  `a`.`keyword` LIKE \'%abs-1%\' ESCAPE \'!\'
OR  `a`.`judul` LIKE \'%abs-1%\' ESCAPE \'!\'
AND `decision` = \'waiting_decision\'
AND YEAR(`created_at`) = \'2022\'', 0)
 2 SYSTEMPATH\Database\BaseConnection.php(693): CodeIgniter\Database\MySQLi\Connection->execute('SELECT COUNT(*) AS `numrows`
FROM `full_paper`
JOIN `abstrak` as `a` ON `full_paper`.`abs_id`=`abstrak`.`abs_id`
JOIN `abstrak` ON `full_paper`.`abs_id`=`abstrak`.`abs_id`
WHERE YEAR(`created_at`) = \'2022\'
AND  `a`.`abs_id` LIKE \'%abs-1%\' ESCAPE \'!\'
OR  `a`.`abstrak` LIKE \'%abs-1%\' ESCAPE \'!\'
OR  `a`.`penulis` LIKE \'%abs-1%\' ESCAPE \'!\'
OR  `a`.`afiliasi` LIKE \'%abs-1%\' ESCAPE \'!\'
OR  `a`.`keyword` LIKE \'%abs-1%\' ESCAPE \'!\'
OR  `a`.`judul` LIKE \'%abs-1%\' ESCAPE \'!\'
AND `decision` = \'waiting_decision\'
AND YEAR(`created_at`) = \'2022\'')
 3 SYSTEMPATH\Database\BaseConnection.php(620): CodeIgniter\Database\BaseConnection->simpleQuery('SELECT COUNT(*) AS `numrows`
FROM `full_paper`
JOIN `abstrak` as `a` ON `full_paper`.`abs_id`=`abstrak`.`abs_id`
JOIN `abstrak` ON `full_paper`.`abs_id`=`abstrak`.`abs_id`
WHERE YEAR(`created_at`) = \'2022\'
AND  `a`.`abs_id` LIKE \'%abs-1%\' ESCAPE \'!\'
OR  `a`.`abstrak` LIKE \'%abs-1%\' ESCAPE \'!\'
OR  `a`.`penulis` LIKE \'%abs-1%\' ESCAPE \'!\'
OR  `a`.`afiliasi` LIKE \'%abs-1%\' ESCAPE \'!\'
OR  `a`.`keyword` LIKE \'%abs-1%\' ESCAPE \'!\'
OR  `a`.`judul` LIKE \'%abs-1%\' ESCAPE \'!\'
AND `decision` = \'waiting_decision\'
AND YEAR(`created_at`) = \'2022\'')
 4 SYSTEMPATH\Database\BaseBuilder.php(1669): CodeIgniter\Database\BaseConnection->query('SELECT COUNT(*) AS `numrows`
FROM `full_paper`
JOIN `abstrak` as `a` ON `full_paper`.`abs_id`=`abstrak`.`abs_id`
JOIN `abstrak` ON `full_paper`.`abs_id`=`abstrak`.`abs_id`
WHERE YEAR(`created_at`) = :YEAR(`created_at`):
AND  `a`.`abs_id` LIKE :a.abs_id: ESCAPE \'!\'
OR  `a`.`abstrak` LIKE :a.abstrak: ESCAPE \'!\'
OR  `a`.`penulis` LIKE :a.penulis: ESCAPE \'!\'
OR  `a`.`afiliasi` LIKE :a.afiliasi: ESCAPE \'!\'
OR  `a`.`keyword` LIKE :a.keyword: ESCAPE \'!\'
OR  `a`.`judul` LIKE :a.judul: ESCAPE \'!\'
AND `decision` = :decision:
AND YEAR(`created_at`) = :YEAR(`created_at`).1:', [...], false)
 5 SYSTEMPATH\Model.php(550): CodeIgniter\Database\BaseBuilder->countAllResults(false)
 6 SYSTEMPATH\BaseModel.php(1085): CodeIgniter\Model->countAllResults(false)
 7 APPPATH\Controllers\Admin.php(194): CodeIgniter\BaseModel->paginate(10, 'abstrak')
 8 SYSTEMPATH\CodeIgniter.php(904): App\Controllers\Admin->full_paper()
 9 SYSTEMPATH\CodeIgniter.php(457): CodeIgniter\CodeIgniter->runController(Object(App\Controllers\Admin))
10 SYSTEMPATH\CodeIgniter.php(340): CodeIgniter\CodeIgniter->handleRequest(null, Object(Config\Cache), false)
11 FCPATH\index.php(67): CodeIgniter\CodeIgniter->run()
12 SYSTEMPATH\Commands\Server\rewrite.php(43): require_once('FCPATH\\index.php')
ERROR - 2022-09-14 22:10:53 --> mysqli_sql_exception: Unknown column 'abstrak.abs_id' in 'on clause' in C:\xampp\htdocs\isceeradmin\system\Database\MySQLi\Connection.php:292
Stack trace:
#0 C:\xampp\htdocs\isceeradmin\system\Database\MySQLi\Connection.php(292): mysqli->query('SELECT COUNT(*)...', 0)
#1 C:\xampp\htdocs\isceeradmin\system\Database\BaseConnection.php(693): CodeIgniter\Database\MySQLi\Connection->execute('SELECT COUNT(*)...')
#2 C:\xampp\htdocs\isceeradmin\system\Database\BaseConnection.php(620): CodeIgniter\Database\BaseConnection->simpleQuery('SELECT COUNT(*)...')
#3 C:\xampp\htdocs\isceeradmin\system\Database\BaseBuilder.php(1669): CodeIgniter\Database\BaseConnection->query('SELECT COUNT(*)...', Array, false)
#4 C:\xampp\htdocs\isceeradmin\system\Model.php(550): CodeIgniter\Database\BaseBuilder->countAllResults(false)
#5 C:\xampp\htdocs\isceeradmin\system\BaseModel.php(1085): CodeIgniter\Model->countAllResults(false)
#6 C:\xampp\htdocs\isceeradmin\app\Controllers\Admin.php(194): CodeIgniter\BaseModel->paginate(10, 'abstrak')
#7 C:\xampp\htdocs\isceeradmin\system\CodeIgniter.php(904): App\Controllers\Admin->full_paper()
#8 C:\xampp\htdocs\isceeradmin\system\CodeIgniter.php(457): CodeIgniter\CodeIgniter->runController(Object(App\Controllers\Admin))
#9 C:\xampp\htdocs\isceeradmin\system\CodeIgniter.php(340): CodeIgniter\CodeIgniter->handleRequest(NULL, Object(Config\Cache), false)
#10 C:\xampp\htdocs\isceeradmin\public\index.php(67): CodeIgniter\CodeIgniter->run()
#11 C:\xampp\htdocs\isceeradmin\system\Commands\Server\rewrite.php(43): require_once('C:\\xampp\\htdocs...')
#12 {main}
CRITICAL - 2022-09-14 22:10:53 --> Unknown column 'abstrak.abs_id' in 'on clause'
in SYSTEMPATH\Database\MySQLi\Connection.php on line 292.
 1 SYSTEMPATH\Database\MySQLi\Connection.php(292): mysqli->query('SELECT COUNT(*) AS `numrows`
FROM `full_paper`
JOIN `abstrak` as `a` ON `full_paper`.`abs_id`=`abstrak`.`abs_id`
JOIN `abstrak` ON `full_paper`.`abs_id`=`abstrak`.`abs_id`
WHERE YEAR(`created_at`) = \'2022\'
AND  `a`.`abs_id` LIKE \'%abs-1%\' ESCAPE \'!\'
OR  `a`.`abstrak` LIKE \'%abs-1%\' ESCAPE \'!\'
OR  `a`.`penulis` LIKE \'%abs-1%\' ESCAPE \'!\'
OR  `a`.`afiliasi` LIKE \'%abs-1%\' ESCAPE \'!\'
OR  `a`.`keyword` LIKE \'%abs-1%\' ESCAPE \'!\'
OR  `a`.`judul` LIKE \'%abs-1%\' ESCAPE \'!\'
AND `decision` = \'waiting_decision\'
AND YEAR(`created_at`) = \'2022\'', 0)
 2 SYSTEMPATH\Database\BaseConnection.php(693): CodeIgniter\Database\MySQLi\Connection->execute('SELECT COUNT(*) AS `numrows`
FROM `full_paper`
JOIN `abstrak` as `a` ON `full_paper`.`abs_id`=`abstrak`.`abs_id`
JOIN `abstrak` ON `full_paper`.`abs_id`=`abstrak`.`abs_id`
WHERE YEAR(`created_at`) = \'2022\'
AND  `a`.`abs_id` LIKE \'%abs-1%\' ESCAPE \'!\'
OR  `a`.`abstrak` LIKE \'%abs-1%\' ESCAPE \'!\'
OR  `a`.`penulis` LIKE \'%abs-1%\' ESCAPE \'!\'
OR  `a`.`afiliasi` LIKE \'%abs-1%\' ESCAPE \'!\'
OR  `a`.`keyword` LIKE \'%abs-1%\' ESCAPE \'!\'
OR  `a`.`judul` LIKE \'%abs-1%\' ESCAPE \'!\'
AND `decision` = \'waiting_decision\'
AND YEAR(`created_at`) = \'2022\'')
 3 SYSTEMPATH\Database\BaseConnection.php(620): CodeIgniter\Database\BaseConnection->simpleQuery('SELECT COUNT(*) AS `numrows`
FROM `full_paper`
JOIN `abstrak` as `a` ON `full_paper`.`abs_id`=`abstrak`.`abs_id`
JOIN `abstrak` ON `full_paper`.`abs_id`=`abstrak`.`abs_id`
WHERE YEAR(`created_at`) = \'2022\'
AND  `a`.`abs_id` LIKE \'%abs-1%\' ESCAPE \'!\'
OR  `a`.`abstrak` LIKE \'%abs-1%\' ESCAPE \'!\'
OR  `a`.`penulis` LIKE \'%abs-1%\' ESCAPE \'!\'
OR  `a`.`afiliasi` LIKE \'%abs-1%\' ESCAPE \'!\'
OR  `a`.`keyword` LIKE \'%abs-1%\' ESCAPE \'!\'
OR  `a`.`judul` LIKE \'%abs-1%\' ESCAPE \'!\'
AND `decision` = \'waiting_decision\'
AND YEAR(`created_at`) = \'2022\'')
 4 SYSTEMPATH\Database\BaseBuilder.php(1669): CodeIgniter\Database\BaseConnection->query('SELECT COUNT(*) AS `numrows`
FROM `full_paper`
JOIN `abstrak` as `a` ON `full_paper`.`abs_id`=`abstrak`.`abs_id`
JOIN `abstrak` ON `full_paper`.`abs_id`=`abstrak`.`abs_id`
WHERE YEAR(`created_at`) = :YEAR(`created_at`):
AND  `a`.`abs_id` LIKE :a.abs_id: ESCAPE \'!\'
OR  `a`.`abstrak` LIKE :a.abstrak: ESCAPE \'!\'
OR  `a`.`penulis` LIKE :a.penulis: ESCAPE \'!\'
OR  `a`.`afiliasi` LIKE :a.afiliasi: ESCAPE \'!\'
OR  `a`.`keyword` LIKE :a.keyword: ESCAPE \'!\'
OR  `a`.`judul` LIKE :a.judul: ESCAPE \'!\'
AND `decision` = :decision:
AND YEAR(`created_at`) = :YEAR(`created_at`).1:', [...], false)
 5 SYSTEMPATH\Model.php(550): CodeIgniter\Database\BaseBuilder->countAllResults(false)
 6 SYSTEMPATH\BaseModel.php(1085): CodeIgniter\Model->countAllResults(false)
 7 APPPATH\Controllers\Admin.php(194): CodeIgniter\BaseModel->paginate(10, 'abstrak')
 8 SYSTEMPATH\CodeIgniter.php(904): App\Controllers\Admin->full_paper()
 9 SYSTEMPATH\CodeIgniter.php(457): CodeIgniter\CodeIgniter->runController(Object(App\Controllers\Admin))
10 SYSTEMPATH\CodeIgniter.php(340): CodeIgniter\CodeIgniter->handleRequest(null, Object(Config\Cache), false)
11 FCPATH\index.php(67): CodeIgniter\CodeIgniter->run()
12 SYSTEMPATH\Commands\Server\rewrite.php(43): require_once('FCPATH\\index.php')
ERROR - 2022-09-14 22:11:09 --> mysqli_sql_exception: Column 'penulis' in field list is ambiguous in C:\xampp\htdocs\isceeradmin\system\Database\MySQLi\Connection.php:292
Stack trace:
#0 C:\xampp\htdocs\isceeradmin\system\Database\MySQLi\Connection.php(292): mysqli->query('SELECT `a`.`abs...', 0)
#1 C:\xampp\htdocs\isceeradmin\system\Database\BaseConnection.php(693): CodeIgniter\Database\MySQLi\Connection->execute('SELECT `a`.`abs...')
#2 C:\xampp\htdocs\isceeradmin\system\Database\BaseConnection.php(620): CodeIgniter\Database\BaseConnection->simpleQuery('SELECT `a`.`abs...')
#3 C:\xampp\htdocs\isceeradmin\system\Database\BaseBuilder.php(1585): CodeIgniter\Database\BaseConnection->query('SELECT `a`.`abs...', Array, false)
#4 C:\xampp\htdocs\isceeradmin\system\Model.php(222): CodeIgniter\Database\BaseBuilder->get()
#5 C:\xampp\htdocs\isceeradmin\system\BaseModel.php(584): CodeIgniter\Model->doFindAll(10, 0)
#6 C:\xampp\htdocs\isceeradmin\system\BaseModel.php(1089): CodeIgniter\BaseModel->findAll(10, 0)
#7 C:\xampp\htdocs\isceeradmin\app\Controllers\Admin.php(194): CodeIgniter\BaseModel->paginate(10, 'abstrak')
#8 C:\xampp\htdocs\isceeradmin\system\CodeIgniter.php(904): App\Controllers\Admin->full_paper()
#9 C:\xampp\htdocs\isceeradmin\system\CodeIgniter.php(457): CodeIgniter\CodeIgniter->runController(Object(App\Controllers\Admin))
#10 C:\xampp\htdocs\isceeradmin\system\CodeIgniter.php(340): CodeIgniter\CodeIgniter->handleRequest(NULL, Object(Config\Cache), false)
#11 C:\xampp\htdocs\isceeradmin\public\index.php(67): CodeIgniter\CodeIgniter->run()
#12 C:\xampp\htdocs\isceeradmin\system\Commands\Server\rewrite.php(43): require_once('C:\\xampp\\htdocs...')
#13 {main}
CRITICAL - 2022-09-14 22:11:09 --> Column 'penulis' in field list is ambiguous
in SYSTEMPATH\Database\MySQLi\Connection.php on line 292.
 1 SYSTEMPATH\Database\MySQLi\Connection.php(292): mysqli->query('SELECT `a`.`abs_id`, `penulis`, `judul`, `a`.`abstrak`, `afiliasi`, `decision`, `keyword`, `created_at`, `last_update`, `file_fp`, `abstrak`.`abs_id`, `penulis`, `judul`, `abstrak`, `afiliasi`, `decision`, `keyword`, `created_at`, `last_update`, `file_fp`
FROM `full_paper`
JOIN `abstrak` as `a` ON `full_paper`.`abs_id`=`a`.`abs_id`
JOIN `abstrak` ON `full_paper`.`abs_id`=`abstrak`.`abs_id`
WHERE YEAR(`created_at`) = \'2022\'
AND  `a`.`abs_id` LIKE \'%abs-1%\' ESCAPE \'!\'
OR  `a`.`abstrak` LIKE \'%abs-1%\' ESCAPE \'!\'
OR  `a`.`penulis` LIKE \'%abs-1%\' ESCAPE \'!\'
OR  `a`.`afiliasi` LIKE \'%abs-1%\' ESCAPE \'!\'
OR  `a`.`keyword` LIKE \'%abs-1%\' ESCAPE \'!\'
OR  `a`.`judul` LIKE \'%abs-1%\' ESCAPE \'!\'
AND `decision` = \'waiting_decision\'
AND YEAR(`created_at`) = \'2022\'
 LIMIT 10', 0)
 2 SYSTEMPATH\Database\BaseConnection.php(693): CodeIgniter\Database\MySQLi\Connection->execute('SELECT `a`.`abs_id`, `penulis`, `judul`, `a`.`abstrak`, `afiliasi`, `decision`, `keyword`, `created_at`, `last_update`, `file_fp`, `abstrak`.`abs_id`, `penulis`, `judul`, `abstrak`, `afiliasi`, `decision`, `keyword`, `created_at`, `last_update`, `file_fp`
FROM `full_paper`
JOIN `abstrak` as `a` ON `full_paper`.`abs_id`=`a`.`abs_id`
JOIN `abstrak` ON `full_paper`.`abs_id`=`abstrak`.`abs_id`
WHERE YEAR(`created_at`) = \'2022\'
AND  `a`.`abs_id` LIKE \'%abs-1%\' ESCAPE \'!\'
OR  `a`.`abstrak` LIKE \'%abs-1%\' ESCAPE \'!\'
OR  `a`.`penulis` LIKE \'%abs-1%\' ESCAPE \'!\'
OR  `a`.`afiliasi` LIKE \'%abs-1%\' ESCAPE \'!\'
OR  `a`.`keyword` LIKE \'%abs-1%\' ESCAPE \'!\'
OR  `a`.`judul` LIKE \'%abs-1%\' ESCAPE \'!\'
AND `decision` = \'waiting_decision\'
AND YEAR(`created_at`) = \'2022\'
 LIMIT 10')
 3 SYSTEMPATH\Database\BaseConnection.php(620): CodeIgniter\Database\BaseConnection->simpleQuery('SELECT `a`.`abs_id`, `penulis`, `judul`, `a`.`abstrak`, `afiliasi`, `decision`, `keyword`, `created_at`, `last_update`, `file_fp`, `abstrak`.`abs_id`, `penulis`, `judul`, `abstrak`, `afiliasi`, `decision`, `keyword`, `created_at`, `last_update`, `file_fp`
FROM `full_paper`
JOIN `abstrak` as `a` ON `full_paper`.`abs_id`=`a`.`abs_id`
JOIN `abstrak` ON `full_paper`.`abs_id`=`abstrak`.`abs_id`
WHERE YEAR(`created_at`) = \'2022\'
AND  `a`.`abs_id` LIKE \'%abs-1%\' ESCAPE \'!\'
OR  `a`.`abstrak` LIKE \'%abs-1%\' ESCAPE \'!\'
OR  `a`.`penulis` LIKE \'%abs-1%\' ESCAPE \'!\'
OR  `a`.`afiliasi` LIKE \'%abs-1%\' ESCAPE \'!\'
OR  `a`.`keyword` LIKE \'%abs-1%\' ESCAPE \'!\'
OR  `a`.`judul` LIKE \'%abs-1%\' ESCAPE \'!\'
AND `decision` = \'waiting_decision\'
AND YEAR(`created_at`) = \'2022\'
 LIMIT 10')
 4 SYSTEMPATH\Database\BaseBuilder.php(1585): CodeIgniter\Database\BaseConnection->query('SELECT `a`.`abs_id`, `penulis`, `judul`, `a`.`abstrak`, `afiliasi`, `decision`, `keyword`, `created_at`, `last_update`, `file_fp`, `abstrak`.`abs_id`, `penulis`, `judul`, `abstrak`, `afiliasi`, `decision`, `keyword`, `created_at`, `last_update`, `file_fp`
FROM `full_paper`
JOIN `abstrak` as `a` ON `full_paper`.`abs_id`=`a`.`abs_id`
JOIN `abstrak` ON `full_paper`.`abs_id`=`abstrak`.`abs_id`
WHERE YEAR(`created_at`) = :YEAR(`created_at`):
AND  `a`.`abs_id` LIKE :a.abs_id: ESCAPE \'!\'
OR  `a`.`abstrak` LIKE :a.abstrak: ESCAPE \'!\'
OR  `a`.`penulis` LIKE :a.penulis: ESCAPE \'!\'
OR  `a`.`afiliasi` LIKE :a.afiliasi: ESCAPE \'!\'
OR  `a`.`keyword` LIKE :a.keyword: ESCAPE \'!\'
OR  `a`.`judul` LIKE :a.judul: ESCAPE \'!\'
AND `decision` = :decision:
AND YEAR(`created_at`) = :YEAR(`created_at`).1:
 LIMIT 10', [...], false)
 5 SYSTEMPATH\Model.php(222): CodeIgniter\Database\BaseBuilder->get()
 6 SYSTEMPATH\BaseModel.php(584): CodeIgniter\Model->doFindAll(10, 0)
 7 SYSTEMPATH\BaseModel.php(1089): CodeIgniter\BaseModel->findAll(10, 0)
 8 APPPATH\Controllers\Admin.php(194): CodeIgniter\BaseModel->paginate(10, 'abstrak')
 9 SYSTEMPATH\CodeIgniter.php(904): App\Controllers\Admin->full_paper()
10 SYSTEMPATH\CodeIgniter.php(457): CodeIgniter\CodeIgniter->runController(Object(App\Controllers\Admin))
11 SYSTEMPATH\CodeIgniter.php(340): CodeIgniter\CodeIgniter->handleRequest(null, Object(Config\Cache), false)
12 FCPATH\index.php(67): CodeIgniter\CodeIgniter->run()
13 SYSTEMPATH\Commands\Server\rewrite.php(43): require_once('FCPATH\\index.php')
ERROR - 2022-09-14 22:11:50 --> mysqli_sql_exception: Column 'penulis' in field list is ambiguous in C:\xampp\htdocs\isceeradmin\system\Database\MySQLi\Connection.php:292
Stack trace:
#0 C:\xampp\htdocs\isceeradmin\system\Database\MySQLi\Connection.php(292): mysqli->query('SELECT `a`.`abs...', 0)
#1 C:\xampp\htdocs\isceeradmin\system\Database\BaseConnection.php(693): CodeIgniter\Database\MySQLi\Connection->execute('SELECT `a`.`abs...')
#2 C:\xampp\htdocs\isceeradmin\system\Database\BaseConnection.php(620): CodeIgniter\Database\BaseConnection->simpleQuery('SELECT `a`.`abs...')
#3 C:\xampp\htdocs\isceeradmin\system\Database\BaseBuilder.php(1585): CodeIgniter\Database\BaseConnection->query('SELECT `a`.`abs...', Array, false)
#4 C:\xampp\htdocs\isceeradmin\system\Model.php(222): CodeIgniter\Database\BaseBuilder->get()
#5 C:\xampp\htdocs\isceeradmin\system\BaseModel.php(584): CodeIgniter\Model->doFindAll(10, 0)
#6 C:\xampp\htdocs\isceeradmin\system\BaseModel.php(1089): CodeIgniter\BaseModel->findAll(10, 0)
#7 C:\xampp\htdocs\isceeradmin\app\Controllers\Admin.php(194): CodeIgniter\BaseModel->paginate(10, 'abstrak')
#8 C:\xampp\htdocs\isceeradmin\system\CodeIgniter.php(904): App\Controllers\Admin->full_paper()
#9 C:\xampp\htdocs\isceeradmin\system\CodeIgniter.php(457): CodeIgniter\CodeIgniter->runController(Object(App\Controllers\Admin))
#10 C:\xampp\htdocs\isceeradmin\system\CodeIgniter.php(340): CodeIgniter\CodeIgniter->handleRequest(NULL, Object(Config\Cache), false)
#11 C:\xampp\htdocs\isceeradmin\public\index.php(67): CodeIgniter\CodeIgniter->run()
#12 C:\xampp\htdocs\isceeradmin\system\Commands\Server\rewrite.php(43): require_once('C:\\xampp\\htdocs...')
#13 {main}
CRITICAL - 2022-09-14 22:11:50 --> Column 'penulis' in field list is ambiguous
in SYSTEMPATH\Database\MySQLi\Connection.php on line 292.
 1 SYSTEMPATH\Database\MySQLi\Connection.php(292): mysqli->query('SELECT `a`.`abs_id`, `a`.`penulis`, `a`.`judul`, `a`.`abstrak`, `a`.`afiliasi`, `decision`, `a`.`keyword`, `created_at`, `last_update`, `file_fp`, `abstrak`.`abs_id`, `penulis`, `judul`, `abstrak`, `afiliasi`, `decision`, `keyword`, `created_at`, `last_update`, `file_fp`
FROM `full_paper`
JOIN `abstrak` as `a` ON `full_paper`.`abs_id`=`a`.`abs_id`
JOIN `abstrak` ON `full_paper`.`abs_id`=`abstrak`.`abs_id`
WHERE YEAR(`created_at`) = \'2022\'
AND  `a`.`abs_id` LIKE \'%abs-1%\' ESCAPE \'!\'
OR  `a`.`abstrak` LIKE \'%abs-1%\' ESCAPE \'!\'
OR  `a`.`penulis` LIKE \'%abs-1%\' ESCAPE \'!\'
OR  `a`.`afiliasi` LIKE \'%abs-1%\' ESCAPE \'!\'
OR  `a`.`keyword` LIKE \'%abs-1%\' ESCAPE \'!\'
OR  `a`.`judul` LIKE \'%abs-1%\' ESCAPE \'!\'
AND `decision` = \'waiting_decision\'
AND YEAR(`created_at`) = \'2022\'
 LIMIT 10', 0)
 2 SYSTEMPATH\Database\BaseConnection.php(693): CodeIgniter\Database\MySQLi\Connection->execute('SELECT `a`.`abs_id`, `a`.`penulis`, `a`.`judul`, `a`.`abstrak`, `a`.`afiliasi`, `decision`, `a`.`keyword`, `created_at`, `last_update`, `file_fp`, `abstrak`.`abs_id`, `penulis`, `judul`, `abstrak`, `afiliasi`, `decision`, `keyword`, `created_at`, `last_update`, `file_fp`
FROM `full_paper`
JOIN `abstrak` as `a` ON `full_paper`.`abs_id`=`a`.`abs_id`
JOIN `abstrak` ON `full_paper`.`abs_id`=`abstrak`.`abs_id`
WHERE YEAR(`created_at`) = \'2022\'
AND  `a`.`abs_id` LIKE \'%abs-1%\' ESCAPE \'!\'
OR  `a`.`abstrak` LIKE \'%abs-1%\' ESCAPE \'!\'
OR  `a`.`penulis` LIKE \'%abs-1%\' ESCAPE \'!\'
OR  `a`.`afiliasi` LIKE \'%abs-1%\' ESCAPE \'!\'
OR  `a`.`keyword` LIKE \'%abs-1%\' ESCAPE \'!\'
OR  `a`.`judul` LIKE \'%abs-1%\' ESCAPE \'!\'
AND `decision` = \'waiting_decision\'
AND YEAR(`created_at`) = \'2022\'
 LIMIT 10')
 3 SYSTEMPATH\Database\BaseConnection.php(620): CodeIgniter\Database\BaseConnection->simpleQuery('SELECT `a`.`abs_id`, `a`.`penulis`, `a`.`judul`, `a`.`abstrak`, `a`.`afiliasi`, `decision`, `a`.`keyword`, `created_at`, `last_update`, `file_fp`, `abstrak`.`abs_id`, `penulis`, `judul`, `abstrak`, `afiliasi`, `decision`, `keyword`, `created_at`, `last_update`, `file_fp`
FROM `full_paper`
JOIN `abstrak` as `a` ON `full_paper`.`abs_id`=`a`.`abs_id`
JOIN `abstrak` ON `full_paper`.`abs_id`=`abstrak`.`abs_id`
WHERE YEAR(`created_at`) = \'2022\'
AND  `a`.`abs_id` LIKE \'%abs-1%\' ESCAPE \'!\'
OR  `a`.`abstrak` LIKE \'%abs-1%\' ESCAPE \'!\'
OR  `a`.`penulis` LIKE \'%abs-1%\' ESCAPE \'!\'
OR  `a`.`afiliasi` LIKE \'%abs-1%\' ESCAPE \'!\'
OR  `a`.`keyword` LIKE \'%abs-1%\' ESCAPE \'!\'
OR  `a`.`judul` LIKE \'%abs-1%\' ESCAPE \'!\'
AND `decision` = \'waiting_decision\'
AND YEAR(`created_at`) = \'2022\'
 LIMIT 10')
 4 SYSTEMPATH\Database\BaseBuilder.php(1585): CodeIgniter\Database\BaseConnection->query('SELECT `a`.`abs_id`, `a`.`penulis`, `a`.`judul`, `a`.`abstrak`, `a`.`afiliasi`, `decision`, `a`.`keyword`, `created_at`, `last_update`, `file_fp`, `abstrak`.`abs_id`, `penulis`, `judul`, `abstrak`, `afiliasi`, `decision`, `keyword`, `created_at`, `last_update`, `file_fp`
FROM `full_paper`
JOIN `abstrak` as `a` ON `full_paper`.`abs_id`=`a`.`abs_id`
JOIN `abstrak` ON `full_paper`.`abs_id`=`abstrak`.`abs_id`
WHERE YEAR(`created_at`) = :YEAR(`created_at`):
AND  `a`.`abs_id` LIKE :a.abs_id: ESCAPE \'!\'
OR  `a`.`abstrak` LIKE :a.abstrak: ESCAPE \'!\'
OR  `a`.`penulis` LIKE :a.penulis: ESCAPE \'!\'
OR  `a`.`afiliasi` LIKE :a.afiliasi: ESCAPE \'!\'
OR  `a`.`keyword` LIKE :a.keyword: ESCAPE \'!\'
OR  `a`.`judul` LIKE :a.judul: ESCAPE \'!\'
AND `decision` = :decision:
AND YEAR(`created_at`) = :YEAR(`created_at`).1:
 LIMIT 10', [...], false)
 5 SYSTEMPATH\Model.php(222): CodeIgniter\Database\BaseBuilder->get()
 6 SYSTEMPATH\BaseModel.php(584): CodeIgniter\Model->doFindAll(10, 0)
 7 SYSTEMPATH\BaseModel.php(1089): CodeIgniter\BaseModel->findAll(10, 0)
 8 APPPATH\Controllers\Admin.php(194): CodeIgniter\BaseModel->paginate(10, 'abstrak')
 9 SYSTEMPATH\CodeIgniter.php(904): App\Controllers\Admin->full_paper()
10 SYSTEMPATH\CodeIgniter.php(457): CodeIgniter\CodeIgniter->runController(Object(App\Controllers\Admin))
11 SYSTEMPATH\CodeIgniter.php(340): CodeIgniter\CodeIgniter->handleRequest(null, Object(Config\Cache), false)
12 FCPATH\index.php(67): CodeIgniter\CodeIgniter->run()
13 SYSTEMPATH\Commands\Server\rewrite.php(43): require_once('FCPATH\\index.php')
ERROR - 2022-09-14 22:11:52 --> mysqli_sql_exception: Column 'penulis' in field list is ambiguous in C:\xampp\htdocs\isceeradmin\system\Database\MySQLi\Connection.php:292
Stack trace:
#0 C:\xampp\htdocs\isceeradmin\system\Database\MySQLi\Connection.php(292): mysqli->query('SELECT `a`.`abs...', 0)
#1 C:\xampp\htdocs\isceeradmin\system\Database\BaseConnection.php(693): CodeIgniter\Database\MySQLi\Connection->execute('SELECT `a`.`abs...')
#2 C:\xampp\htdocs\isceeradmin\system\Database\BaseConnection.php(620): CodeIgniter\Database\BaseConnection->simpleQuery('SELECT `a`.`abs...')
#3 C:\xampp\htdocs\isceeradmin\system\Database\BaseBuilder.php(1585): CodeIgniter\Database\BaseConnection->query('SELECT `a`.`abs...', Array, false)
#4 C:\xampp\htdocs\isceeradmin\system\Model.php(222): CodeIgniter\Database\BaseBuilder->get()
#5 C:\xampp\htdocs\isceeradmin\system\BaseModel.php(584): CodeIgniter\Model->doFindAll(10, 0)
#6 C:\xampp\htdocs\isceeradmin\system\BaseModel.php(1089): CodeIgniter\BaseModel->findAll(10, 0)
#7 C:\xampp\htdocs\isceeradmin\app\Controllers\Admin.php(194): CodeIgniter\BaseModel->paginate(10, 'abstrak')
#8 C:\xampp\htdocs\isceeradmin\system\CodeIgniter.php(904): App\Controllers\Admin->full_paper()
#9 C:\xampp\htdocs\isceeradmin\system\CodeIgniter.php(457): CodeIgniter\CodeIgniter->runController(Object(App\Controllers\Admin))
#10 C:\xampp\htdocs\isceeradmin\system\CodeIgniter.php(340): CodeIgniter\CodeIgniter->handleRequest(NULL, Object(Config\Cache), false)
#11 C:\xampp\htdocs\isceeradmin\public\index.php(67): CodeIgniter\CodeIgniter->run()
#12 C:\xampp\htdocs\isceeradmin\system\Commands\Server\rewrite.php(43): require_once('C:\\xampp\\htdocs...')
#13 {main}
CRITICAL - 2022-09-14 22:11:52 --> Column 'penulis' in field list is ambiguous
in SYSTEMPATH\Database\MySQLi\Connection.php on line 292.
 1 SYSTEMPATH\Database\MySQLi\Connection.php(292): mysqli->query('SELECT `a`.`abs_id`, `a`.`penulis`, `a`.`judul`, `a`.`abstrak`, `a`.`afiliasi`, `decision`, `a`.`keyword`, `created_at`, `last_update`, `file_fp`, `abstrak`.`abs_id`, `penulis`, `judul`, `abstrak`, `afiliasi`, `decision`, `keyword`, `created_at`, `last_update`, `file_fp`
FROM `full_paper`
JOIN `abstrak` as `a` ON `full_paper`.`abs_id`=`a`.`abs_id`
JOIN `abstrak` ON `full_paper`.`abs_id`=`abstrak`.`abs_id`
WHERE YEAR(`created_at`) = \'2022\'
AND  `a`.`abs_id` LIKE \'%abs-1%\' ESCAPE \'!\'
OR  `a`.`abstrak` LIKE \'%abs-1%\' ESCAPE \'!\'
OR  `a`.`penulis` LIKE \'%abs-1%\' ESCAPE \'!\'
OR  `a`.`afiliasi` LIKE \'%abs-1%\' ESCAPE \'!\'
OR  `a`.`keyword` LIKE \'%abs-1%\' ESCAPE \'!\'
OR  `a`.`judul` LIKE \'%abs-1%\' ESCAPE \'!\'
AND `decision` = \'waiting_decision\'
AND YEAR(`created_at`) = \'2022\'
 LIMIT 10', 0)
 2 SYSTEMPATH\Database\BaseConnection.php(693): CodeIgniter\Database\MySQLi\Connection->execute('SELECT `a`.`abs_id`, `a`.`penulis`, `a`.`judul`, `a`.`abstrak`, `a`.`afiliasi`, `decision`, `a`.`keyword`, `created_at`, `last_update`, `file_fp`, `abstrak`.`abs_id`, `penulis`, `judul`, `abstrak`, `afiliasi`, `decision`, `keyword`, `created_at`, `last_update`, `file_fp`
FROM `full_paper`
JOIN `abstrak` as `a` ON `full_paper`.`abs_id`=`a`.`abs_id`
JOIN `abstrak` ON `full_paper`.`abs_id`=`abstrak`.`abs_id`
WHERE YEAR(`created_at`) = \'2022\'
AND  `a`.`abs_id` LIKE \'%abs-1%\' ESCAPE \'!\'
OR  `a`.`abstrak` LIKE \'%abs-1%\' ESCAPE \'!\'
OR  `a`.`penulis` LIKE \'%abs-1%\' ESCAPE \'!\'
OR  `a`.`afiliasi` LIKE \'%abs-1%\' ESCAPE \'!\'
OR  `a`.`keyword` LIKE \'%abs-1%\' ESCAPE \'!\'
OR  `a`.`judul` LIKE \'%abs-1%\' ESCAPE \'!\'
AND `decision` = \'waiting_decision\'
AND YEAR(`created_at`) = \'2022\'
 LIMIT 10')
 3 SYSTEMPATH\Database\BaseConnection.php(620): CodeIgniter\Database\BaseConnection->simpleQuery('SELECT `a`.`abs_id`, `a`.`penulis`, `a`.`judul`, `a`.`abstrak`, `a`.`afiliasi`, `decision`, `a`.`keyword`, `created_at`, `last_update`, `file_fp`, `abstrak`.`abs_id`, `penulis`, `judul`, `abstrak`, `afiliasi`, `decision`, `keyword`, `created_at`, `last_update`, `file_fp`
FROM `full_paper`
JOIN `abstrak` as `a` ON `full_paper`.`abs_id`=`a`.`abs_id`
JOIN `abstrak` ON `full_paper`.`abs_id`=`abstrak`.`abs_id`
WHERE YEAR(`created_at`) = \'2022\'
AND  `a`.`abs_id` LIKE \'%abs-1%\' ESCAPE \'!\'
OR  `a`.`abstrak` LIKE \'%abs-1%\' ESCAPE \'!\'
OR  `a`.`penulis` LIKE \'%abs-1%\' ESCAPE \'!\'
OR  `a`.`afiliasi` LIKE \'%abs-1%\' ESCAPE \'!\'
OR  `a`.`keyword` LIKE \'%abs-1%\' ESCAPE \'!\'
OR  `a`.`judul` LIKE \'%abs-1%\' ESCAPE \'!\'
AND `decision` = \'waiting_decision\'
AND YEAR(`created_at`) = \'2022\'
 LIMIT 10')
 4 SYSTEMPATH\Database\BaseBuilder.php(1585): CodeIgniter\Database\BaseConnection->query('SELECT `a`.`abs_id`, `a`.`penulis`, `a`.`judul`, `a`.`abstrak`, `a`.`afiliasi`, `decision`, `a`.`keyword`, `created_at`, `last_update`, `file_fp`, `abstrak`.`abs_id`, `penulis`, `judul`, `abstrak`, `afiliasi`, `decision`, `keyword`, `created_at`, `last_update`, `file_fp`
FROM `full_paper`
JOIN `abstrak` as `a` ON `full_paper`.`abs_id`=`a`.`abs_id`
JOIN `abstrak` ON `full_paper`.`abs_id`=`abstrak`.`abs_id`
WHERE YEAR(`created_at`) = :YEAR(`created_at`):
AND  `a`.`abs_id` LIKE :a.abs_id: ESCAPE \'!\'
OR  `a`.`abstrak` LIKE :a.abstrak: ESCAPE \'!\'
OR  `a`.`penulis` LIKE :a.penulis: ESCAPE \'!\'
OR  `a`.`afiliasi` LIKE :a.afiliasi: ESCAPE \'!\'
OR  `a`.`keyword` LIKE :a.keyword: ESCAPE \'!\'
OR  `a`.`judul` LIKE :a.judul: ESCAPE \'!\'
AND `decision` = :decision:
AND YEAR(`created_at`) = :YEAR(`created_at`).1:
 LIMIT 10', [...], false)
 5 SYSTEMPATH\Model.php(222): CodeIgniter\Database\BaseBuilder->get()
 6 SYSTEMPATH\BaseModel.php(584): CodeIgniter\Model->doFindAll(10, 0)
 7 SYSTEMPATH\BaseModel.php(1089): CodeIgniter\BaseModel->findAll(10, 0)
 8 APPPATH\Controllers\Admin.php(194): CodeIgniter\BaseModel->paginate(10, 'abstrak')
 9 SYSTEMPATH\CodeIgniter.php(904): App\Controllers\Admin->full_paper()
10 SYSTEMPATH\CodeIgniter.php(457): CodeIgniter\CodeIgniter->runController(Object(App\Controllers\Admin))
11 SYSTEMPATH\CodeIgniter.php(340): CodeIgniter\CodeIgniter->handleRequest(null, Object(Config\Cache), false)
12 FCPATH\index.php(67): CodeIgniter\CodeIgniter->run()
13 SYSTEMPATH\Commands\Server\rewrite.php(43): require_once('FCPATH\\index.php')
ERROR - 2022-09-14 22:12:12 --> mysqli_sql_exception: Column 'penulis' in field list is ambiguous in C:\xampp\htdocs\isceeradmin\system\Database\MySQLi\Connection.php:292
Stack trace:
#0 C:\xampp\htdocs\isceeradmin\system\Database\MySQLi\Connection.php(292): mysqli->query('SELECT `a`.`abs...', 0)
#1 C:\xampp\htdocs\isceeradmin\system\Database\BaseConnection.php(693): CodeIgniter\Database\MySQLi\Connection->execute('SELECT `a`.`abs...')
#2 C:\xampp\htdocs\isceeradmin\system\Database\BaseConnection.php(620): CodeIgniter\Database\BaseConnection->simpleQuery('SELECT `a`.`abs...')
#3 C:\xampp\htdocs\isceeradmin\system\Database\BaseBuilder.php(1585): CodeIgniter\Database\BaseConnection->query('SELECT `a`.`abs...', Array, false)
#4 C:\xampp\htdocs\isceeradmin\system\Model.php(222): CodeIgniter\Database\BaseBuilder->get()
#5 C:\xampp\htdocs\isceeradmin\system\BaseModel.php(584): CodeIgniter\Model->doFindAll(10, 0)
#6 C:\xampp\htdocs\isceeradmin\system\BaseModel.php(1089): CodeIgniter\BaseModel->findAll(10, 0)
#7 C:\xampp\htdocs\isceeradmin\app\Controllers\Admin.php(194): CodeIgniter\BaseModel->paginate(10, 'abstrak')
#8 C:\xampp\htdocs\isceeradmin\system\CodeIgniter.php(904): App\Controllers\Admin->full_paper()
#9 C:\xampp\htdocs\isceeradmin\system\CodeIgniter.php(457): CodeIgniter\CodeIgniter->runController(Object(App\Controllers\Admin))
#10 C:\xampp\htdocs\isceeradmin\system\CodeIgniter.php(340): CodeIgniter\CodeIgniter->handleRequest(NULL, Object(Config\Cache), false)
#11 C:\xampp\htdocs\isceeradmin\public\index.php(67): CodeIgniter\CodeIgniter->run()
#12 C:\xampp\htdocs\isceeradmin\system\Commands\Server\rewrite.php(43): require_once('C:\\xampp\\htdocs...')
#13 {main}
CRITICAL - 2022-09-14 22:12:12 --> Column 'penulis' in field list is ambiguous
in SYSTEMPATH\Database\MySQLi\Connection.php on line 292.
 1 SYSTEMPATH\Database\MySQLi\Connection.php(292): mysqli->query('SELECT `a`.`abs_id`, `a`.`penulis`, `a`.`judul`, `a`.`abstrak`, `a`.`afiliasi`, `decision`, `a`.`keyword`, `created_at`, `last_update`, `file_fp`, `abstrak`.`abs_id`, `penulis`, `judul`, `abstrak`, `afiliasi`, `decision`, `keyword`, `created_at`, `last_update`, `file_fp`
FROM `full_paper`
JOIN `abstrak` as `a` ON `full_paper`.`abs_id`=`a`.`abs_id`
JOIN `abstrak` ON `full_paper`.`abs_id`=`abstrak`.`abs_id`
WHERE YEAR(`created_at`) = \'2022\'
AND  `a`.`abs_id` LIKE \'%a%\' ESCAPE \'!\'
OR  `a`.`abstrak` LIKE \'%a%\' ESCAPE \'!\'
OR  `a`.`penulis` LIKE \'%a%\' ESCAPE \'!\'
OR  `a`.`afiliasi` LIKE \'%a%\' ESCAPE \'!\'
OR  `a`.`keyword` LIKE \'%a%\' ESCAPE \'!\'
OR  `a`.`judul` LIKE \'%a%\' ESCAPE \'!\'
AND `decision` = \'waiting_decision\'
AND YEAR(`created_at`) = \'2022\'
 LIMIT 10', 0)
 2 SYSTEMPATH\Database\BaseConnection.php(693): CodeIgniter\Database\MySQLi\Connection->execute('SELECT `a`.`abs_id`, `a`.`penulis`, `a`.`judul`, `a`.`abstrak`, `a`.`afiliasi`, `decision`, `a`.`keyword`, `created_at`, `last_update`, `file_fp`, `abstrak`.`abs_id`, `penulis`, `judul`, `abstrak`, `afiliasi`, `decision`, `keyword`, `created_at`, `last_update`, `file_fp`
FROM `full_paper`
JOIN `abstrak` as `a` ON `full_paper`.`abs_id`=`a`.`abs_id`
JOIN `abstrak` ON `full_paper`.`abs_id`=`abstrak`.`abs_id`
WHERE YEAR(`created_at`) = \'2022\'
AND  `a`.`abs_id` LIKE \'%a%\' ESCAPE \'!\'
OR  `a`.`abstrak` LIKE \'%a%\' ESCAPE \'!\'
OR  `a`.`penulis` LIKE \'%a%\' ESCAPE \'!\'
OR  `a`.`afiliasi` LIKE \'%a%\' ESCAPE \'!\'
OR  `a`.`keyword` LIKE \'%a%\' ESCAPE \'!\'
OR  `a`.`judul` LIKE \'%a%\' ESCAPE \'!\'
AND `decision` = \'waiting_decision\'
AND YEAR(`created_at`) = \'2022\'
 LIMIT 10')
 3 SYSTEMPATH\Database\BaseConnection.php(620): CodeIgniter\Database\BaseConnection->simpleQuery('SELECT `a`.`abs_id`, `a`.`penulis`, `a`.`judul`, `a`.`abstrak`, `a`.`afiliasi`, `decision`, `a`.`keyword`, `created_at`, `last_update`, `file_fp`, `abstrak`.`abs_id`, `penulis`, `judul`, `abstrak`, `afiliasi`, `decision`, `keyword`, `created_at`, `last_update`, `file_fp`
FROM `full_paper`
JOIN `abstrak` as `a` ON `full_paper`.`abs_id`=`a`.`abs_id`
JOIN `abstrak` ON `full_paper`.`abs_id`=`abstrak`.`abs_id`
WHERE YEAR(`created_at`) = \'2022\'
AND  `a`.`abs_id` LIKE \'%a%\' ESCAPE \'!\'
OR  `a`.`abstrak` LIKE \'%a%\' ESCAPE \'!\'
OR  `a`.`penulis` LIKE \'%a%\' ESCAPE \'!\'
OR  `a`.`afiliasi` LIKE \'%a%\' ESCAPE \'!\'
OR  `a`.`keyword` LIKE \'%a%\' ESCAPE \'!\'
OR  `a`.`judul` LIKE \'%a%\' ESCAPE \'!\'
AND `decision` = \'waiting_decision\'
AND YEAR(`created_at`) = \'2022\'
 LIMIT 10')
 4 SYSTEMPATH\Database\BaseBuilder.php(1585): CodeIgniter\Database\BaseConnection->query('SELECT `a`.`abs_id`, `a`.`penulis`, `a`.`judul`, `a`.`abstrak`, `a`.`afiliasi`, `decision`, `a`.`keyword`, `created_at`, `last_update`, `file_fp`, `abstrak`.`abs_id`, `penulis`, `judul`, `abstrak`, `afiliasi`, `decision`, `keyword`, `created_at`, `last_update`, `file_fp`
FROM `full_paper`
JOIN `abstrak` as `a` ON `full_paper`.`abs_id`=`a`.`abs_id`
JOIN `abstrak` ON `full_paper`.`abs_id`=`abstrak`.`abs_id`
WHERE YEAR(`created_at`) = :YEAR(`created_at`):
AND  `a`.`abs_id` LIKE :a.abs_id: ESCAPE \'!\'
OR  `a`.`abstrak` LIKE :a.abstrak: ESCAPE \'!\'
OR  `a`.`penulis` LIKE :a.penulis: ESCAPE \'!\'
OR  `a`.`afiliasi` LIKE :a.afiliasi: ESCAPE \'!\'
OR  `a`.`keyword` LIKE :a.keyword: ESCAPE \'!\'
OR  `a`.`judul` LIKE :a.judul: ESCAPE \'!\'
AND `decision` = :decision:
AND YEAR(`created_at`) = :YEAR(`created_at`).1:
 LIMIT 10', [...], false)
 5 SYSTEMPATH\Model.php(222): CodeIgniter\Database\BaseBuilder->get()
 6 SYSTEMPATH\BaseModel.php(584): CodeIgniter\Model->doFindAll(10, 0)
 7 SYSTEMPATH\BaseModel.php(1089): CodeIgniter\BaseModel->findAll(10, 0)
 8 APPPATH\Controllers\Admin.php(194): CodeIgniter\BaseModel->paginate(10, 'abstrak')
 9 SYSTEMPATH\CodeIgniter.php(904): App\Controllers\Admin->full_paper()
10 SYSTEMPATH\CodeIgniter.php(457): CodeIgniter\CodeIgniter->runController(Object(App\Controllers\Admin))
11 SYSTEMPATH\CodeIgniter.php(340): CodeIgniter\CodeIgniter->handleRequest(null, Object(Config\Cache), false)
12 FCPATH\index.php(67): CodeIgniter\CodeIgniter->run()
13 SYSTEMPATH\Commands\Server\rewrite.php(43): require_once('FCPATH\\index.php')
CRITICAL - 2022-09-14 22:13:34 --> Cannot use object of type CodeIgniter\Pager\Pager as array
in APPPATH\Views\admin\full_paper.php on line 66.
 1 SYSTEMPATH\View\View.php(213): include()
 2 SYSTEMPATH\View\View.php(216): CodeIgniter\View\View->CodeIgniter\View\{closure}()
 3 SYSTEMPATH\Common.php(1137): CodeIgniter\View\View->render('admin/full_paper', [], true)
 4 APPPATH\Controllers\Admin.php(215): view('admin/full_paper', [...])
 5 SYSTEMPATH\CodeIgniter.php(904): App\Controllers\Admin->full_paper()
 6 SYSTEMPATH\CodeIgniter.php(457): CodeIgniter\CodeIgniter->runController(Object(App\Controllers\Admin))
 7 SYSTEMPATH\CodeIgniter.php(340): CodeIgniter\CodeIgniter->handleRequest(null, Object(Config\Cache), false)
 8 FCPATH\index.php(67): CodeIgniter\CodeIgniter->run()
 9 SYSTEMPATH\Commands\Server\rewrite.php(43): require_once('FCPATH\\index.php')
CRITICAL - 2022-09-14 22:14:12 --> Cannot use object of type CodeIgniter\Pager\Pager as array
in APPPATH\Views\admin\full_paper.php on line 66.
 1 SYSTEMPATH\View\View.php(213): include()
 2 SYSTEMPATH\View\View.php(216): CodeIgniter\View\View->CodeIgniter\View\{closure}()
 3 SYSTEMPATH\Common.php(1137): CodeIgniter\View\View->render('admin/full_paper', [], true)
 4 APPPATH\Controllers\Admin.php(215): view('admin/full_paper', [...])
 5 SYSTEMPATH\CodeIgniter.php(904): App\Controllers\Admin->full_paper()
 6 SYSTEMPATH\CodeIgniter.php(457): CodeIgniter\CodeIgniter->runController(Object(App\Controllers\Admin))
 7 SYSTEMPATH\CodeIgniter.php(340): CodeIgniter\CodeIgniter->handleRequest(null, Object(Config\Cache), false)
 8 FCPATH\index.php(67): CodeIgniter\CodeIgniter->run()
 9 SYSTEMPATH\Commands\Server\rewrite.php(43): require_once('FCPATH\\index.php')
CRITICAL - 2022-09-14 22:16:17 --> Cannot use object of type CodeIgniter\Pager\Pager as array
in APPPATH\Views\admin\full_paper.php on line 66.
 1 SYSTEMPATH\View\View.php(213): include()
 2 SYSTEMPATH\View\View.php(216): CodeIgniter\View\View->CodeIgniter\View\{closure}()
 3 SYSTEMPATH\Common.php(1137): CodeIgniter\View\View->render('admin/full_paper', [], true)
 4 APPPATH\Controllers\Admin.php(215): view('admin/full_paper', [...])
 5 SYSTEMPATH\CodeIgniter.php(904): App\Controllers\Admin->full_paper()
 6 SYSTEMPATH\CodeIgniter.php(457): CodeIgniter\CodeIgniter->runController(Object(App\Controllers\Admin))
 7 SYSTEMPATH\CodeIgniter.php(340): CodeIgniter\CodeIgniter->handleRequest(null, Object(Config\Cache), false)
 8 FCPATH\index.php(67): CodeIgniter\CodeIgniter->run()
 9 SYSTEMPATH\Commands\Server\rewrite.php(43): require_once('FCPATH\\index.php')
