CRITICAL - 2022-11-22 19:59:21 --> syntax error, unexpected token "}"
in APPPATH\Models\PosterModel.php on line 71.
 1 SYSTEMPATH\Autoloader\Autoloader.php(259): CodeIgniter\Autoloader\Autoloader->includeFile('APPPATH\\Models\\PosterModel.php')
 2 SYSTEMPATH\Autoloader\Autoloader.php(237): CodeIgniter\Autoloader\Autoloader->loadInNamespace('App\\Models\\PosterModel')
 3 APPPATH\Controllers\Admin.php(41): CodeIgniter\Autoloader\Autoloader->loadClass('App\\Models\\PosterModel')
 4 SYSTEMPATH\CodeIgniter.php(866): App\Controllers\Admin->__construct()
 5 SYSTEMPATH\CodeIgniter.php(448): CodeIgniter\CodeIgniter->createController()
 6 SYSTEMPATH\CodeIgniter.php(340): CodeIgniter\CodeIgniter->handleRequest(null, Object(Config\Cache), false)
 7 FCPATH\index.php(67): CodeIgniter\CodeIgniter->run()
 8 SYSTEMPATH\Commands\Server\rewrite.php(43): require_once('FCPATH\\index.php')
CRITICAL - 2022-11-22 19:59:25 --> syntax error, unexpected token "}"
in APPPATH\Models\PosterModel.php on line 71.
 1 SYSTEMPATH\Autoloader\Autoloader.php(259): CodeIgniter\Autoloader\Autoloader->includeFile('APPPATH\\Models\\PosterModel.php')
 2 SYSTEMPATH\Autoloader\Autoloader.php(237): CodeIgniter\Autoloader\Autoloader->loadInNamespace('App\\Models\\PosterModel')
 3 APPPATH\Controllers\Admin.php(41): CodeIgniter\Autoloader\Autoloader->loadClass('App\\Models\\PosterModel')
 4 SYSTEMPATH\CodeIgniter.php(866): App\Controllers\Admin->__construct()
 5 SYSTEMPATH\CodeIgniter.php(448): CodeIgniter\CodeIgniter->createController()
 6 SYSTEMPATH\CodeIgniter.php(340): CodeIgniter\CodeIgniter->handleRequest(null, Object(Config\Cache), false)
 7 FCPATH\index.php(67): CodeIgniter\CodeIgniter->run()
 8 SYSTEMPATH\Commands\Server\rewrite.php(43): require_once('FCPATH\\index.php')
ERROR - 2022-11-22 21:03:31 --> mysqli_sql_exception: Column 'abs_id' in field list is ambiguous in C:\xampp\htdocs\isceeradmin\system\Database\MySQLi\Connection.php:292
Stack trace:
#0 C:\xampp\htdocs\isceeradmin\system\Database\MySQLi\Connection.php(292): mysqli->query('SELECT `abs_id`...', 0)
#1 C:\xampp\htdocs\isceeradmin\system\Database\BaseConnection.php(693): CodeIgniter\Database\MySQLi\Connection->execute('SELECT `abs_id`...')
#2 C:\xampp\htdocs\isceeradmin\system\Database\BaseConnection.php(620): CodeIgniter\Database\BaseConnection->simpleQuery('SELECT `abs_id`...')
#3 C:\xampp\htdocs\isceeradmin\system\Database\BaseBuilder.php(1585): CodeIgniter\Database\BaseConnection->query('SELECT `abs_id`...', Array, false)
#4 C:\xampp\htdocs\isceeradmin\system\Model.php(771): CodeIgniter\Database\BaseBuilder->get()
#5 C:\xampp\htdocs\isceeradmin\app\Models\PosterModel.php(72): CodeIgniter\Model->__call('get', Array)
#6 C:\xampp\htdocs\isceeradmin\app\Controllers\Admin.php(408): App\Models\PosterModel->poster_all('2022')
#7 C:\xampp\htdocs\isceeradmin\system\CodeIgniter.php(904): App\Controllers\Admin->poster()
#8 C:\xampp\htdocs\isceeradmin\system\CodeIgniter.php(457): CodeIgniter\CodeIgniter->runController(Object(App\Controllers\Admin))
#9 C:\xampp\htdocs\isceeradmin\system\CodeIgniter.php(340): CodeIgniter\CodeIgniter->handleRequest(NULL, Object(Config\Cache), false)
#10 C:\xampp\htdocs\isceeradmin\public\index.php(67): CodeIgniter\CodeIgniter->run()
#11 C:\xampp\htdocs\isceeradmin\system\Commands\Server\rewrite.php(43): require_once('C:\\xampp\\htdocs...')
#12 {main}
CRITICAL - 2022-11-22 21:03:31 --> Column 'abs_id' in field list is ambiguous
in SYSTEMPATH\Database\MySQLi\Connection.php on line 292.
 1 SYSTEMPATH\Database\MySQLi\Connection.php(292): mysqli->query('SELECT `abs_id`, `judul`, `penulis`, `poster`, `status_poster`, `submit_poster`, `update_poster`
FROM `poster`
JOIN `abstrak` ON `abstrak`.`abs_id`=`poster`.`abs_id`
WHERE YEAR(`submit_poster`) = \'2022\'', 0)
 2 SYSTEMPATH\Database\BaseConnection.php(693): CodeIgniter\Database\MySQLi\Connection->execute('SELECT `abs_id`, `judul`, `penulis`, `poster`, `status_poster`, `submit_poster`, `update_poster`
FROM `poster`
JOIN `abstrak` ON `abstrak`.`abs_id`=`poster`.`abs_id`
WHERE YEAR(`submit_poster`) = \'2022\'')
 3 SYSTEMPATH\Database\BaseConnection.php(620): CodeIgniter\Database\BaseConnection->simpleQuery('SELECT `abs_id`, `judul`, `penulis`, `poster`, `status_poster`, `submit_poster`, `update_poster`
FROM `poster`
JOIN `abstrak` ON `abstrak`.`abs_id`=`poster`.`abs_id`
WHERE YEAR(`submit_poster`) = \'2022\'')
 4 SYSTEMPATH\Database\BaseBuilder.php(1585): CodeIgniter\Database\BaseConnection->query('SELECT `abs_id`, `judul`, `penulis`, `poster`, `status_poster`, `submit_poster`, `update_poster`
FROM `poster`
JOIN `abstrak` ON `abstrak`.`abs_id`=`poster`.`abs_id`
WHERE YEAR(`submit_poster`) = :YEAR(`submit_poster`):', [...], false)
 5 SYSTEMPATH\Model.php(771): CodeIgniter\Database\BaseBuilder->get()
 6 APPPATH\Models\PosterModel.php(72): CodeIgniter\Model->__call('get', [])
 7 APPPATH\Controllers\Admin.php(408): App\Models\PosterModel->poster_all('2022')
 8 SYSTEMPATH\CodeIgniter.php(904): App\Controllers\Admin->poster()
 9 SYSTEMPATH\CodeIgniter.php(457): CodeIgniter\CodeIgniter->runController(Object(App\Controllers\Admin))
10 SYSTEMPATH\CodeIgniter.php(340): CodeIgniter\CodeIgniter->handleRequest(null, Object(Config\Cache), false)
11 FCPATH\index.php(67): CodeIgniter\CodeIgniter->run()
12 SYSTEMPATH\Commands\Server\rewrite.php(43): require_once('FCPATH\\index.php')
CRITICAL - 2022-11-22 21:03:52 --> Call to a member function paginate() on array
in APPPATH\Controllers\Admin.php on line 408.
 1 SYSTEMPATH\CodeIgniter.php(904): App\Controllers\Admin->poster()
 2 SYSTEMPATH\CodeIgniter.php(457): CodeIgniter\CodeIgniter->runController(Object(App\Controllers\Admin))
 3 SYSTEMPATH\CodeIgniter.php(340): CodeIgniter\CodeIgniter->handleRequest(null, Object(Config\Cache), false)
 4 FCPATH\index.php(67): CodeIgniter\CodeIgniter->run()
 5 SYSTEMPATH\Commands\Server\rewrite.php(43): require_once('FCPATH\\index.php')
ERROR - 2022-11-22 21:04:51 --> mysqli_sql_exception: Column 'abs_id' in field list is ambiguous in C:\xampp\htdocs\isceeradmin\system\Database\MySQLi\Connection.php:292
Stack trace:
#0 C:\xampp\htdocs\isceeradmin\system\Database\MySQLi\Connection.php(292): mysqli->query('SELECT `abs_id`...', 0)
#1 C:\xampp\htdocs\isceeradmin\system\Database\BaseConnection.php(693): CodeIgniter\Database\MySQLi\Connection->execute('SELECT `abs_id`...')
#2 C:\xampp\htdocs\isceeradmin\system\Database\BaseConnection.php(620): CodeIgniter\Database\BaseConnection->simpleQuery('SELECT `abs_id`...')
#3 C:\xampp\htdocs\isceeradmin\system\Database\BaseBuilder.php(1585): CodeIgniter\Database\BaseConnection->query('SELECT `abs_id`...', Array, false)
#4 C:\xampp\htdocs\isceeradmin\system\Model.php(771): CodeIgniter\Database\BaseBuilder->get()
#5 C:\xampp\htdocs\isceeradmin\app\Models\PosterModel.php(87): CodeIgniter\Model->__call('get', Array)
#6 C:\xampp\htdocs\isceeradmin\app\Controllers\Admin.php(412): App\Models\PosterModel->poster_submit('2022')
#7 C:\xampp\htdocs\isceeradmin\system\CodeIgniter.php(904): App\Controllers\Admin->poster()
#8 C:\xampp\htdocs\isceeradmin\system\CodeIgniter.php(457): CodeIgniter\CodeIgniter->runController(Object(App\Controllers\Admin))
#9 C:\xampp\htdocs\isceeradmin\system\CodeIgniter.php(340): CodeIgniter\CodeIgniter->handleRequest(NULL, Object(Config\Cache), false)
#10 C:\xampp\htdocs\isceeradmin\public\index.php(67): CodeIgniter\CodeIgniter->run()
#11 C:\xampp\htdocs\isceeradmin\system\Commands\Server\rewrite.php(43): require_once('C:\\xampp\\htdocs...')
#12 {main}
CRITICAL - 2022-11-22 21:04:51 --> Column 'abs_id' in field list is ambiguous
in SYSTEMPATH\Database\MySQLi\Connection.php on line 292.
 1 SYSTEMPATH\Database\MySQLi\Connection.php(292): mysqli->query('SELECT `abs_id`, `judul`, `penulis`, `poster`, `status_poster`, `submit_poster`, `update_poster`
FROM `poster`
JOIN `abstrak` ON `abstrak`.`abs_id`=`poster`.`abs_id`
WHERE YEAR(`submit_poster`) = \'2022\'
AND `status_poster` = \'submitted\'', 0)
 2 SYSTEMPATH\Database\BaseConnection.php(693): CodeIgniter\Database\MySQLi\Connection->execute('SELECT `abs_id`, `judul`, `penulis`, `poster`, `status_poster`, `submit_poster`, `update_poster`
FROM `poster`
JOIN `abstrak` ON `abstrak`.`abs_id`=`poster`.`abs_id`
WHERE YEAR(`submit_poster`) = \'2022\'
AND `status_poster` = \'submitted\'')
 3 SYSTEMPATH\Database\BaseConnection.php(620): CodeIgniter\Database\BaseConnection->simpleQuery('SELECT `abs_id`, `judul`, `penulis`, `poster`, `status_poster`, `submit_poster`, `update_poster`
FROM `poster`
JOIN `abstrak` ON `abstrak`.`abs_id`=`poster`.`abs_id`
WHERE YEAR(`submit_poster`) = \'2022\'
AND `status_poster` = \'submitted\'')
 4 SYSTEMPATH\Database\BaseBuilder.php(1585): CodeIgniter\Database\BaseConnection->query('SELECT `abs_id`, `judul`, `penulis`, `poster`, `status_poster`, `submit_poster`, `update_poster`
FROM `poster`
JOIN `abstrak` ON `abstrak`.`abs_id`=`poster`.`abs_id`
WHERE YEAR(`submit_poster`) = :YEAR(`submit_poster`):
AND `status_poster` = :status_poster:', [...], false)
 5 SYSTEMPATH\Model.php(771): CodeIgniter\Database\BaseBuilder->get()
 6 APPPATH\Models\PosterModel.php(87): CodeIgniter\Model->__call('get', [])
 7 APPPATH\Controllers\Admin.php(412): App\Models\PosterModel->poster_submit('2022')
 8 SYSTEMPATH\CodeIgniter.php(904): App\Controllers\Admin->poster()
 9 SYSTEMPATH\CodeIgniter.php(457): CodeIgniter\CodeIgniter->runController(Object(App\Controllers\Admin))
10 SYSTEMPATH\CodeIgniter.php(340): CodeIgniter\CodeIgniter->handleRequest(null, Object(Config\Cache), false)
11 FCPATH\index.php(67): CodeIgniter\CodeIgniter->run()
12 SYSTEMPATH\Commands\Server\rewrite.php(43): require_once('FCPATH\\index.php')
CRITICAL - 2022-11-22 21:05:33 --> Call to undefined method App\Models\PosterModel::poster_acc
in SYSTEMPATH\Model.php on line 773.
 1 APPPATH\Controllers\Admin.php(414): CodeIgniter\Model->__call('poster_acc', [...])
 2 SYSTEMPATH\CodeIgniter.php(904): App\Controllers\Admin->poster()
 3 SYSTEMPATH\CodeIgniter.php(457): CodeIgniter\CodeIgniter->runController(Object(App\Controllers\Admin))
 4 SYSTEMPATH\CodeIgniter.php(340): CodeIgniter\CodeIgniter->handleRequest(null, Object(Config\Cache), false)
 5 FCPATH\index.php(67): CodeIgniter\CodeIgniter->run()
 6 SYSTEMPATH\Commands\Server\rewrite.php(43): require_once('FCPATH\\index.php')
CRITICAL - 2022-11-22 21:05:55 --> Undefined variable $currentPage
in APPPATH\Views\admin\poster.php on line 44.
 1 APPPATH\Views\admin\poster.php(44): CodeIgniter\Debug\Exceptions->errorHandler(2, 'Undefined variable $currentPage', 'APPPATH\\Views\\admin\\poster.php', 44)
 2 SYSTEMPATH\View\View.php(213): include('APPPATH\\Views\\admin\\poster.php')
 3 SYSTEMPATH\View\View.php(216): CodeIgniter\View\View->CodeIgniter\View\{closure}()
 4 SYSTEMPATH\Common.php(1137): CodeIgniter\View\View->render('admin/poster', [], true)
 5 APPPATH\Controllers\Admin.php(431): view('admin/poster', [...])
 6 SYSTEMPATH\CodeIgniter.php(904): App\Controllers\Admin->poster()
 7 SYSTEMPATH\CodeIgniter.php(457): CodeIgniter\CodeIgniter->runController(Object(App\Controllers\Admin))
 8 SYSTEMPATH\CodeIgniter.php(340): CodeIgniter\CodeIgniter->handleRequest(null, Object(Config\Cache), false)
 9 FCPATH\index.php(67): CodeIgniter\CodeIgniter->run()
10 SYSTEMPATH\Commands\Server\rewrite.php(43): require_once('FCPATH\\index.php')
CRITICAL - 2022-11-22 21:06:25 --> Undefined variable $abstrak
in APPPATH\Views\admin\poster.php on line 52.
 1 APPPATH\Views\admin\poster.php(52): CodeIgniter\Debug\Exceptions->errorHandler(2, 'Undefined variable $abstrak', 'APPPATH\\Views\\admin\\poster.php', 52)
 2 SYSTEMPATH\View\View.php(213): include('APPPATH\\Views\\admin\\poster.php')
 3 SYSTEMPATH\View\View.php(216): CodeIgniter\View\View->CodeIgniter\View\{closure}()
 4 SYSTEMPATH\Common.php(1137): CodeIgniter\View\View->render('admin/poster', [], true)
 5 APPPATH\Controllers\Admin.php(431): view('admin/poster', [...])
 6 SYSTEMPATH\CodeIgniter.php(904): App\Controllers\Admin->poster()
 7 SYSTEMPATH\CodeIgniter.php(457): CodeIgniter\CodeIgniter->runController(Object(App\Controllers\Admin))
 8 SYSTEMPATH\CodeIgniter.php(340): CodeIgniter\CodeIgniter->handleRequest(null, Object(Config\Cache), false)
 9 FCPATH\index.php(67): CodeIgniter\CodeIgniter->run()
10 SYSTEMPATH\Commands\Server\rewrite.php(43): require_once('FCPATH\\index.php')
CRITICAL - 2022-11-22 21:06:34 --> Undefined variable $poster
in APPPATH\Views\admin\poster.php on line 52.
 1 APPPATH\Views\admin\poster.php(52): CodeIgniter\Debug\Exceptions->errorHandler(2, 'Undefined variable $poster', 'APPPATH\\Views\\admin\\poster.php', 52)
 2 SYSTEMPATH\View\View.php(213): include('APPPATH\\Views\\admin\\poster.php')
 3 SYSTEMPATH\View\View.php(216): CodeIgniter\View\View->CodeIgniter\View\{closure}()
 4 SYSTEMPATH\Common.php(1137): CodeIgniter\View\View->render('admin/poster', [], true)
 5 APPPATH\Controllers\Admin.php(431): view('admin/poster', [...])
 6 SYSTEMPATH\CodeIgniter.php(904): App\Controllers\Admin->poster()
 7 SYSTEMPATH\CodeIgniter.php(457): CodeIgniter\CodeIgniter->runController(Object(App\Controllers\Admin))
 8 SYSTEMPATH\CodeIgniter.php(340): CodeIgniter\CodeIgniter->handleRequest(null, Object(Config\Cache), false)
 9 FCPATH\index.php(67): CodeIgniter\CodeIgniter->run()
10 SYSTEMPATH\Commands\Server\rewrite.php(43): require_once('FCPATH\\index.php')
CRITICAL - 2022-11-22 21:06:56 --> Undefined variable $i
in APPPATH\Views\admin\poster.php on line 61.
 1 APPPATH\Views\admin\poster.php(61): CodeIgniter\Debug\Exceptions->errorHandler(2, 'Undefined variable $i', 'APPPATH\\Views\\admin\\poster.php', 61)
 2 SYSTEMPATH\View\View.php(213): include('APPPATH\\Views\\admin\\poster.php')
 3 SYSTEMPATH\View\View.php(216): CodeIgniter\View\View->CodeIgniter\View\{closure}()
 4 SYSTEMPATH\Common.php(1137): CodeIgniter\View\View->render('admin/poster', [], true)
 5 APPPATH\Controllers\Admin.php(431): view('admin/poster', [...])
 6 SYSTEMPATH\CodeIgniter.php(904): App\Controllers\Admin->poster()
 7 SYSTEMPATH\CodeIgniter.php(457): CodeIgniter\CodeIgniter->runController(Object(App\Controllers\Admin))
 8 SYSTEMPATH\CodeIgniter.php(340): CodeIgniter\CodeIgniter->handleRequest(null, Object(Config\Cache), false)
 9 FCPATH\index.php(67): CodeIgniter\CodeIgniter->run()
10 SYSTEMPATH\Commands\Server\rewrite.php(43): require_once('FCPATH\\index.php')
CRITICAL - 2022-11-22 21:07:25 --> Undefined variable $i
in APPPATH\Views\admin\poster.php on line 262.
 1 APPPATH\Views\admin\poster.php(262): CodeIgniter\Debug\Exceptions->errorHandler(2, 'Undefined variable $i', 'APPPATH\\Views\\admin\\poster.php', 262)
 2 SYSTEMPATH\View\View.php(213): include('APPPATH\\Views\\admin\\poster.php')
 3 SYSTEMPATH\View\View.php(216): CodeIgniter\View\View->CodeIgniter\View\{closure}()
 4 SYSTEMPATH\Common.php(1137): CodeIgniter\View\View->render('admin/poster', [], true)
 5 APPPATH\Controllers\Admin.php(431): view('admin/poster', [...])
 6 SYSTEMPATH\CodeIgniter.php(904): App\Controllers\Admin->poster()
 7 SYSTEMPATH\CodeIgniter.php(457): CodeIgniter\CodeIgniter->runController(Object(App\Controllers\Admin))
 8 SYSTEMPATH\CodeIgniter.php(340): CodeIgniter\CodeIgniter->handleRequest(null, Object(Config\Cache), false)
 9 FCPATH\index.php(67): CodeIgniter\CodeIgniter->run()
10 SYSTEMPATH\Commands\Server\rewrite.php(43): require_once('FCPATH\\index.php')
CRITICAL - 2022-11-22 21:45:03 --> There is no data to update.
in SYSTEMPATH\BaseModel.php on line 846.
 1 SYSTEMPATH\BaseModel.php(846): CodeIgniter\Database\Exceptions\DataException::forEmptyDataset('update')
 2 SYSTEMPATH\Model.php(692): CodeIgniter\BaseModel->update(null, [])
 3 APPPATH\Controllers\Admin.php(208): CodeIgniter\Model->update()
 4 SYSTEMPATH\CodeIgniter.php(904): App\Controllers\Admin->validasi_poster_acc('ABS-1')
 5 SYSTEMPATH\CodeIgniter.php(457): CodeIgniter\CodeIgniter->runController(Object(App\Controllers\Admin))
 6 SYSTEMPATH\CodeIgniter.php(340): CodeIgniter\CodeIgniter->handleRequest(null, Object(Config\Cache), false)
 7 FCPATH\index.php(67): CodeIgniter\CodeIgniter->run()
 8 SYSTEMPATH\Commands\Server\rewrite.php(43): require_once('FCPATH\\index.php')
CRITICAL - 2022-11-22 21:45:49 --> Undefined variable $i
in APPPATH\Views\admin\poster.php on line 142.
 1 APPPATH\Views\admin\poster.php(142): CodeIgniter\Debug\Exceptions->errorHandler(2, 'Undefined variable $i', 'APPPATH\\Views\\admin\\poster.php', 142)
 2 SYSTEMPATH\View\View.php(213): include('APPPATH\\Views\\admin\\poster.php')
 3 SYSTEMPATH\View\View.php(216): CodeIgniter\View\View->CodeIgniter\View\{closure}()
 4 SYSTEMPATH\Common.php(1137): CodeIgniter\View\View->render('admin/poster', [], true)
 5 APPPATH\Controllers\Admin.php(449): view('admin/poster', [...])
 6 SYSTEMPATH\CodeIgniter.php(904): App\Controllers\Admin->poster()
 7 SYSTEMPATH\CodeIgniter.php(457): CodeIgniter\CodeIgniter->runController(Object(App\Controllers\Admin))
 8 SYSTEMPATH\CodeIgniter.php(340): CodeIgniter\CodeIgniter->handleRequest(null, Object(Config\Cache), false)
 9 FCPATH\index.php(67): CodeIgniter\CodeIgniter->run()
10 SYSTEMPATH\Commands\Server\rewrite.php(43): require_once('FCPATH\\index.php')
