CRITICAL - 2022-09-07 21:12:11 --> Call to undefined function App\Controllers\YEAR()
in APPPATH\Controllers\User.php on line 58.
 1 SYSTEMPATH\CodeIgniter.php(904): App\Controllers\User->index()
 2 SYSTEMPATH\CodeIgniter.php(457): CodeIgniter\CodeIgniter->runController(Object(App\Controllers\User))
 3 SYSTEMPATH\CodeIgniter.php(340): CodeIgniter\CodeIgniter->handleRequest(null, Object(Config\Cache), false)
 4 FCPATH\index.php(67): CodeIgniter\CodeIgniter->run()
 5 SYSTEMPATH\Commands\Server\rewrite.php(43): require_once('FCPATH\\index.php')
CRITICAL - 2022-09-07 21:14:12 --> CodeIgniter\I18n\Time::createFromDate(): Argument #1 ($year) must be of type ?int, string given, called in C:\xampp\htdocs\isceeradmin\app\Controllers\User.php on line 58
in SYSTEMPATH\I18n\Time.php on line 186.
 1 APPPATH\Controllers\User.php(58): CodeIgniter\I18n\Time::createFromDate('submit_date')
 2 SYSTEMPATH\CodeIgniter.php(904): App\Controllers\User->index()
 3 SYSTEMPATH\CodeIgniter.php(457): CodeIgniter\CodeIgniter->runController(Object(App\Controllers\User))
 4 SYSTEMPATH\CodeIgniter.php(340): CodeIgniter\CodeIgniter->handleRequest(null, Object(Config\Cache), false)
 5 FCPATH\index.php(67): CodeIgniter\CodeIgniter->run()
 6 SYSTEMPATH\Commands\Server\rewrite.php(43): require_once('FCPATH\\index.php')
ERROR - 2022-09-07 21:22:42 --> mysqli_sql_exception: You have an error in your SQL syntax; check the manual that corresponds to your MariaDB server version for the right syntax to use near 'join full_paper on full_paper.abs_id=abstrak.abs_id join revised_paper on rev...' at line 4 in C:\xampp\htdocs\isceeradmin\system\Database\MySQLi\Connection.php:292
Stack trace:
#0 C:\xampp\htdocs\isceeradmin\system\Database\MySQLi\Connection.php(292): mysqli->query('SELECT abstrak....', 0)
#1 C:\xampp\htdocs\isceeradmin\system\Database\BaseConnection.php(693): CodeIgniter\Database\MySQLi\Connection->execute('SELECT abstrak....')
#2 C:\xampp\htdocs\isceeradmin\system\Database\BaseConnection.php(620): CodeIgniter\Database\BaseConnection->simpleQuery('SELECT abstrak....')
#3 C:\xampp\htdocs\isceeradmin\system\Model.php(767): CodeIgniter\Database\BaseConnection->query('SELECT abstrak....')
#4 C:\xampp\htdocs\isceeradmin\app\Controllers\User.php(38): CodeIgniter\Model->__call('query', Array)
#5 C:\xampp\htdocs\isceeradmin\system\CodeIgniter.php(904): App\Controllers\User->index()
#6 C:\xampp\htdocs\isceeradmin\system\CodeIgniter.php(457): CodeIgniter\CodeIgniter->runController(Object(App\Controllers\User))
#7 C:\xampp\htdocs\isceeradmin\system\CodeIgniter.php(340): CodeIgniter\CodeIgniter->handleRequest(NULL, Object(Config\Cache), false)
#8 C:\xampp\htdocs\isceeradmin\public\index.php(67): CodeIgniter\CodeIgniter->run()
#9 C:\xampp\htdocs\isceeradmin\system\Commands\Server\rewrite.php(43): require_once('C:\\xampp\\htdocs...')
#10 {main}
CRITICAL - 2022-09-07 21:22:42 --> You have an error in your SQL syntax; check the manual that corresponds to your MariaDB server version for the right syntax to use near 'join full_paper on full_paper.abs_id=abstrak.abs_id join revised_paper on rev...' at line 4
in SYSTEMPATH\Database\MySQLi\Connection.php on line 292.
 1 SYSTEMPATH\Database\MySQLi\Connection.php(292): mysqli->query('SELECT abstrak.abs_id, judul, penulis, afiliasi, abstrak.id_scope, scope, keyword, abstrak, presenter,
        decision, notes, notes_revised, user.id_user, nama, abstrak.status, submit_date, uniqid, paper_id, file_fp,
        update_date FROM abstrak join scope on scope.id_scope=abstrak.id_scope join user on user.id_user=abstrak.id_user, 
        join full_paper on full_paper.abs_id=abstrak.abs_id join revised_paper on revised_paper.abs_id=abstrak.abs_id 
        where abstrak.id_user = 16order_by abs_id ASC ', 0)
 2 SYSTEMPATH\Database\BaseConnection.php(693): CodeIgniter\Database\MySQLi\Connection->execute('SELECT abstrak.abs_id, judul, penulis, afiliasi, abstrak.id_scope, scope, keyword, abstrak, presenter,
        decision, notes, notes_revised, user.id_user, nama, abstrak.status, submit_date, uniqid, paper_id, file_fp,
        update_date FROM abstrak join scope on scope.id_scope=abstrak.id_scope join user on user.id_user=abstrak.id_user, 
        join full_paper on full_paper.abs_id=abstrak.abs_id join revised_paper on revised_paper.abs_id=abstrak.abs_id 
        where abstrak.id_user = 16order_by abs_id ASC ')
 3 SYSTEMPATH\Database\BaseConnection.php(620): CodeIgniter\Database\BaseConnection->simpleQuery('SELECT abstrak.abs_id, judul, penulis, afiliasi, abstrak.id_scope, scope, keyword, abstrak, presenter,
        decision, notes, notes_revised, user.id_user, nama, abstrak.status, submit_date, uniqid, paper_id, file_fp,
        update_date FROM abstrak join scope on scope.id_scope=abstrak.id_scope join user on user.id_user=abstrak.id_user, 
        join full_paper on full_paper.abs_id=abstrak.abs_id join revised_paper on revised_paper.abs_id=abstrak.abs_id 
        where abstrak.id_user = 16order_by abs_id ASC ')
 4 SYSTEMPATH\Model.php(767): CodeIgniter\Database\BaseConnection->query('SELECT abstrak.abs_id, judul, penulis, afiliasi, abstrak.id_scope, scope, keyword, abstrak, presenter,
        decision, notes, notes_revised, user.id_user, nama, abstrak.status, submit_date, uniqid, paper_id, file_fp,
        update_date FROM abstrak join scope on scope.id_scope=abstrak.id_scope join user on user.id_user=abstrak.id_user, 
        join full_paper on full_paper.abs_id=abstrak.abs_id join revised_paper on revised_paper.abs_id=abstrak.abs_id 
        where abstrak.id_user = 16order_by abs_id ASC ')
 5 APPPATH\Controllers\User.php(38): CodeIgniter\Model->__call('query', [...])
 6 SYSTEMPATH\CodeIgniter.php(904): App\Controllers\User->index()
 7 SYSTEMPATH\CodeIgniter.php(457): CodeIgniter\CodeIgniter->runController(Object(App\Controllers\User))
 8 SYSTEMPATH\CodeIgniter.php(340): CodeIgniter\CodeIgniter->handleRequest(null, Object(Config\Cache), false)
 9 FCPATH\index.php(67): CodeIgniter\CodeIgniter->run()
10 SYSTEMPATH\Commands\Server\rewrite.php(43): require_once('FCPATH\\index.php')
ERROR - 2022-09-07 21:23:39 --> mysqli_sql_exception: You have an error in your SQL syntax; check the manual that corresponds to your MariaDB server version for the right syntax to use near 'join full_paper on abstrak.abs_id=full_paper.abs_id join revised_paper on rev...' at line 4 in C:\xampp\htdocs\isceeradmin\system\Database\MySQLi\Connection.php:292
Stack trace:
#0 C:\xampp\htdocs\isceeradmin\system\Database\MySQLi\Connection.php(292): mysqli->query('SELECT abstrak....', 0)
#1 C:\xampp\htdocs\isceeradmin\system\Database\BaseConnection.php(693): CodeIgniter\Database\MySQLi\Connection->execute('SELECT abstrak....')
#2 C:\xampp\htdocs\isceeradmin\system\Database\BaseConnection.php(620): CodeIgniter\Database\BaseConnection->simpleQuery('SELECT abstrak....')
#3 C:\xampp\htdocs\isceeradmin\system\Model.php(767): CodeIgniter\Database\BaseConnection->query('SELECT abstrak....')
#4 C:\xampp\htdocs\isceeradmin\app\Controllers\User.php(38): CodeIgniter\Model->__call('query', Array)
#5 C:\xampp\htdocs\isceeradmin\system\CodeIgniter.php(904): App\Controllers\User->index()
#6 C:\xampp\htdocs\isceeradmin\system\CodeIgniter.php(457): CodeIgniter\CodeIgniter->runController(Object(App\Controllers\User))
#7 C:\xampp\htdocs\isceeradmin\system\CodeIgniter.php(340): CodeIgniter\CodeIgniter->handleRequest(NULL, Object(Config\Cache), false)
#8 C:\xampp\htdocs\isceeradmin\public\index.php(67): CodeIgniter\CodeIgniter->run()
#9 C:\xampp\htdocs\isceeradmin\system\Commands\Server\rewrite.php(43): require_once('C:\\xampp\\htdocs...')
#10 {main}
CRITICAL - 2022-09-07 21:23:39 --> You have an error in your SQL syntax; check the manual that corresponds to your MariaDB server version for the right syntax to use near 'join full_paper on abstrak.abs_id=full_paper.abs_id join revised_paper on rev...' at line 4
in SYSTEMPATH\Database\MySQLi\Connection.php on line 292.
 1 SYSTEMPATH\Database\MySQLi\Connection.php(292): mysqli->query('SELECT abstrak.abs_id, judul, penulis, afiliasi, abstrak.id_scope, scope, keyword, abstrak, presenter,
        decision, notes, notes_revised, user.id_user, nama, abstrak.status, submit_date, uniqid, paper_id, file_fp,
        update_date FROM abstrak join scope on scope.id_scope=abstrak.id_scope join user on user.id_user=abstrak.id_user, 
        join full_paper on abstrak.abs_id=full_paper.abs_id join revised_paper on revised_paper.abs_id=abstrak.abs_id 
        where abstrak.id_user = 16order_by abs_id ASC ', 0)
 2 SYSTEMPATH\Database\BaseConnection.php(693): CodeIgniter\Database\MySQLi\Connection->execute('SELECT abstrak.abs_id, judul, penulis, afiliasi, abstrak.id_scope, scope, keyword, abstrak, presenter,
        decision, notes, notes_revised, user.id_user, nama, abstrak.status, submit_date, uniqid, paper_id, file_fp,
        update_date FROM abstrak join scope on scope.id_scope=abstrak.id_scope join user on user.id_user=abstrak.id_user, 
        join full_paper on abstrak.abs_id=full_paper.abs_id join revised_paper on revised_paper.abs_id=abstrak.abs_id 
        where abstrak.id_user = 16order_by abs_id ASC ')
 3 SYSTEMPATH\Database\BaseConnection.php(620): CodeIgniter\Database\BaseConnection->simpleQuery('SELECT abstrak.abs_id, judul, penulis, afiliasi, abstrak.id_scope, scope, keyword, abstrak, presenter,
        decision, notes, notes_revised, user.id_user, nama, abstrak.status, submit_date, uniqid, paper_id, file_fp,
        update_date FROM abstrak join scope on scope.id_scope=abstrak.id_scope join user on user.id_user=abstrak.id_user, 
        join full_paper on abstrak.abs_id=full_paper.abs_id join revised_paper on revised_paper.abs_id=abstrak.abs_id 
        where abstrak.id_user = 16order_by abs_id ASC ')
 4 SYSTEMPATH\Model.php(767): CodeIgniter\Database\BaseConnection->query('SELECT abstrak.abs_id, judul, penulis, afiliasi, abstrak.id_scope, scope, keyword, abstrak, presenter,
        decision, notes, notes_revised, user.id_user, nama, abstrak.status, submit_date, uniqid, paper_id, file_fp,
        update_date FROM abstrak join scope on scope.id_scope=abstrak.id_scope join user on user.id_user=abstrak.id_user, 
        join full_paper on abstrak.abs_id=full_paper.abs_id join revised_paper on revised_paper.abs_id=abstrak.abs_id 
        where abstrak.id_user = 16order_by abs_id ASC ')
 5 APPPATH\Controllers\User.php(38): CodeIgniter\Model->__call('query', [...])
 6 SYSTEMPATH\CodeIgniter.php(904): App\Controllers\User->index()
 7 SYSTEMPATH\CodeIgniter.php(457): CodeIgniter\CodeIgniter->runController(Object(App\Controllers\User))
 8 SYSTEMPATH\CodeIgniter.php(340): CodeIgniter\CodeIgniter->handleRequest(null, Object(Config\Cache), false)
 9 FCPATH\index.php(67): CodeIgniter\CodeIgniter->run()
10 SYSTEMPATH\Commands\Server\rewrite.php(43): require_once('FCPATH\\index.php')
ERROR - 2022-09-07 21:25:21 --> mysqli_sql_exception: You have an error in your SQL syntax; check the manual that corresponds to your MariaDB server version for the right syntax to use near 'inner join full_paper on abstrak.abs_id=full_paper.abs_id inner join revised_...' at line 4 in C:\xampp\htdocs\isceeradmin\system\Database\MySQLi\Connection.php:292
Stack trace:
#0 C:\xampp\htdocs\isceeradmin\system\Database\MySQLi\Connection.php(292): mysqli->query('SELECT abstrak....', 0)
#1 C:\xampp\htdocs\isceeradmin\system\Database\BaseConnection.php(693): CodeIgniter\Database\MySQLi\Connection->execute('SELECT abstrak....')
#2 C:\xampp\htdocs\isceeradmin\system\Database\BaseConnection.php(620): CodeIgniter\Database\BaseConnection->simpleQuery('SELECT abstrak....')
#3 C:\xampp\htdocs\isceeradmin\system\Model.php(767): CodeIgniter\Database\BaseConnection->query('SELECT abstrak....')
#4 C:\xampp\htdocs\isceeradmin\app\Controllers\User.php(38): CodeIgniter\Model->__call('query', Array)
#5 C:\xampp\htdocs\isceeradmin\system\CodeIgniter.php(904): App\Controllers\User->index()
#6 C:\xampp\htdocs\isceeradmin\system\CodeIgniter.php(457): CodeIgniter\CodeIgniter->runController(Object(App\Controllers\User))
#7 C:\xampp\htdocs\isceeradmin\system\CodeIgniter.php(340): CodeIgniter\CodeIgniter->handleRequest(NULL, Object(Config\Cache), false)
#8 C:\xampp\htdocs\isceeradmin\public\index.php(67): CodeIgniter\CodeIgniter->run()
#9 C:\xampp\htdocs\isceeradmin\system\Commands\Server\rewrite.php(43): require_once('C:\\xampp\\htdocs...')
#10 {main}
CRITICAL - 2022-09-07 21:25:21 --> You have an error in your SQL syntax; check the manual that corresponds to your MariaDB server version for the right syntax to use near 'inner join full_paper on abstrak.abs_id=full_paper.abs_id inner join revised_...' at line 4
in SYSTEMPATH\Database\MySQLi\Connection.php on line 292.
 1 SYSTEMPATH\Database\MySQLi\Connection.php(292): mysqli->query('SELECT abstrak.abs_id, judul, penulis, afiliasi, abstrak.id_scope, scope, keyword, abstrak, presenter,
        decision, notes, notes_revised, user.id_user, nama, abstrak.status, submit_date, uniqid, paper_id, file_fp,
        update_date FROM abstrak join scope on scope.id_scope=abstrak.id_scope join user on user.id_user=abstrak.id_user, 
        inner join full_paper on abstrak.abs_id=full_paper.abs_id inner join revised_paper on revised_paper.abs_id=abstrak.abs_id 
        where abstrak.id_user = 16order_by abs_id ASC ', 0)
 2 SYSTEMPATH\Database\BaseConnection.php(693): CodeIgniter\Database\MySQLi\Connection->execute('SELECT abstrak.abs_id, judul, penulis, afiliasi, abstrak.id_scope, scope, keyword, abstrak, presenter,
        decision, notes, notes_revised, user.id_user, nama, abstrak.status, submit_date, uniqid, paper_id, file_fp,
        update_date FROM abstrak join scope on scope.id_scope=abstrak.id_scope join user on user.id_user=abstrak.id_user, 
        inner join full_paper on abstrak.abs_id=full_paper.abs_id inner join revised_paper on revised_paper.abs_id=abstrak.abs_id 
        where abstrak.id_user = 16order_by abs_id ASC ')
 3 SYSTEMPATH\Database\BaseConnection.php(620): CodeIgniter\Database\BaseConnection->simpleQuery('SELECT abstrak.abs_id, judul, penulis, afiliasi, abstrak.id_scope, scope, keyword, abstrak, presenter,
        decision, notes, notes_revised, user.id_user, nama, abstrak.status, submit_date, uniqid, paper_id, file_fp,
        update_date FROM abstrak join scope on scope.id_scope=abstrak.id_scope join user on user.id_user=abstrak.id_user, 
        inner join full_paper on abstrak.abs_id=full_paper.abs_id inner join revised_paper on revised_paper.abs_id=abstrak.abs_id 
        where abstrak.id_user = 16order_by abs_id ASC ')
 4 SYSTEMPATH\Model.php(767): CodeIgniter\Database\BaseConnection->query('SELECT abstrak.abs_id, judul, penulis, afiliasi, abstrak.id_scope, scope, keyword, abstrak, presenter,
        decision, notes, notes_revised, user.id_user, nama, abstrak.status, submit_date, uniqid, paper_id, file_fp,
        update_date FROM abstrak join scope on scope.id_scope=abstrak.id_scope join user on user.id_user=abstrak.id_user, 
        inner join full_paper on abstrak.abs_id=full_paper.abs_id inner join revised_paper on revised_paper.abs_id=abstrak.abs_id 
        where abstrak.id_user = 16order_by abs_id ASC ')
 5 APPPATH\Controllers\User.php(38): CodeIgniter\Model->__call('query', [...])
 6 SYSTEMPATH\CodeIgniter.php(904): App\Controllers\User->index()
 7 SYSTEMPATH\CodeIgniter.php(457): CodeIgniter\CodeIgniter->runController(Object(App\Controllers\User))
 8 SYSTEMPATH\CodeIgniter.php(340): CodeIgniter\CodeIgniter->handleRequest(null, Object(Config\Cache), false)
 9 FCPATH\index.php(67): CodeIgniter\CodeIgniter->run()
10 SYSTEMPATH\Commands\Server\rewrite.php(43): require_once('FCPATH\\index.php')
ERROR - 2022-09-07 21:25:33 --> mysqli_sql_exception: You have an error in your SQL syntax; check the manual that corresponds to your MariaDB server version for the right syntax to use near 'abs_id ASC' at line 5 in C:\xampp\htdocs\isceeradmin\system\Database\MySQLi\Connection.php:292
Stack trace:
#0 C:\xampp\htdocs\isceeradmin\system\Database\MySQLi\Connection.php(292): mysqli->query('SELECT abstrak....', 0)
#1 C:\xampp\htdocs\isceeradmin\system\Database\BaseConnection.php(693): CodeIgniter\Database\MySQLi\Connection->execute('SELECT abstrak....')
#2 C:\xampp\htdocs\isceeradmin\system\Database\BaseConnection.php(620): CodeIgniter\Database\BaseConnection->simpleQuery('SELECT abstrak....')
#3 C:\xampp\htdocs\isceeradmin\system\Model.php(767): CodeIgniter\Database\BaseConnection->query('SELECT abstrak....')
#4 C:\xampp\htdocs\isceeradmin\app\Controllers\User.php(38): CodeIgniter\Model->__call('query', Array)
#5 C:\xampp\htdocs\isceeradmin\system\CodeIgniter.php(904): App\Controllers\User->index()
#6 C:\xampp\htdocs\isceeradmin\system\CodeIgniter.php(457): CodeIgniter\CodeIgniter->runController(Object(App\Controllers\User))
#7 C:\xampp\htdocs\isceeradmin\system\CodeIgniter.php(340): CodeIgniter\CodeIgniter->handleRequest(NULL, Object(Config\Cache), false)
#8 C:\xampp\htdocs\isceeradmin\public\index.php(67): CodeIgniter\CodeIgniter->run()
#9 C:\xampp\htdocs\isceeradmin\system\Commands\Server\rewrite.php(43): require_once('C:\\xampp\\htdocs...')
#10 {main}
CRITICAL - 2022-09-07 21:25:33 --> You have an error in your SQL syntax; check the manual that corresponds to your MariaDB server version for the right syntax to use near 'abs_id ASC' at line 5
in SYSTEMPATH\Database\MySQLi\Connection.php on line 292.
 1 SYSTEMPATH\Database\MySQLi\Connection.php(292): mysqli->query('SELECT abstrak.abs_id, judul, penulis, afiliasi, abstrak.id_scope, scope, keyword, abstrak, presenter,
        decision, notes, notes_revised, user.id_user, nama, abstrak.status, submit_date, uniqid, paper_id, file_fp,
        update_date FROM abstrak join scope on scope.id_scope=abstrak.id_scope join user on user.id_user=abstrak.id_user
        inner join full_paper on abstrak.abs_id=full_paper.abs_id inner join revised_paper on revised_paper.abs_id=abstrak.abs_id 
        where abstrak.id_user = 16order_by abs_id ASC ', 0)
 2 SYSTEMPATH\Database\BaseConnection.php(693): CodeIgniter\Database\MySQLi\Connection->execute('SELECT abstrak.abs_id, judul, penulis, afiliasi, abstrak.id_scope, scope, keyword, abstrak, presenter,
        decision, notes, notes_revised, user.id_user, nama, abstrak.status, submit_date, uniqid, paper_id, file_fp,
        update_date FROM abstrak join scope on scope.id_scope=abstrak.id_scope join user on user.id_user=abstrak.id_user
        inner join full_paper on abstrak.abs_id=full_paper.abs_id inner join revised_paper on revised_paper.abs_id=abstrak.abs_id 
        where abstrak.id_user = 16order_by abs_id ASC ')
 3 SYSTEMPATH\Database\BaseConnection.php(620): CodeIgniter\Database\BaseConnection->simpleQuery('SELECT abstrak.abs_id, judul, penulis, afiliasi, abstrak.id_scope, scope, keyword, abstrak, presenter,
        decision, notes, notes_revised, user.id_user, nama, abstrak.status, submit_date, uniqid, paper_id, file_fp,
        update_date FROM abstrak join scope on scope.id_scope=abstrak.id_scope join user on user.id_user=abstrak.id_user
        inner join full_paper on abstrak.abs_id=full_paper.abs_id inner join revised_paper on revised_paper.abs_id=abstrak.abs_id 
        where abstrak.id_user = 16order_by abs_id ASC ')
 4 SYSTEMPATH\Model.php(767): CodeIgniter\Database\BaseConnection->query('SELECT abstrak.abs_id, judul, penulis, afiliasi, abstrak.id_scope, scope, keyword, abstrak, presenter,
        decision, notes, notes_revised, user.id_user, nama, abstrak.status, submit_date, uniqid, paper_id, file_fp,
        update_date FROM abstrak join scope on scope.id_scope=abstrak.id_scope join user on user.id_user=abstrak.id_user
        inner join full_paper on abstrak.abs_id=full_paper.abs_id inner join revised_paper on revised_paper.abs_id=abstrak.abs_id 
        where abstrak.id_user = 16order_by abs_id ASC ')
 5 APPPATH\Controllers\User.php(38): CodeIgniter\Model->__call('query', [...])
 6 SYSTEMPATH\CodeIgniter.php(904): App\Controllers\User->index()
 7 SYSTEMPATH\CodeIgniter.php(457): CodeIgniter\CodeIgniter->runController(Object(App\Controllers\User))
 8 SYSTEMPATH\CodeIgniter.php(340): CodeIgniter\CodeIgniter->handleRequest(null, Object(Config\Cache), false)
 9 FCPATH\index.php(67): CodeIgniter\CodeIgniter->run()
10 SYSTEMPATH\Commands\Server\rewrite.php(43): require_once('FCPATH\\index.php')
ERROR - 2022-09-07 21:25:42 --> mysqli_sql_exception: You have an error in your SQL syntax; check the manual that corresponds to your MariaDB server version for the right syntax to use near 'abstrak.abs_id ASC' at line 5 in C:\xampp\htdocs\isceeradmin\system\Database\MySQLi\Connection.php:292
Stack trace:
#0 C:\xampp\htdocs\isceeradmin\system\Database\MySQLi\Connection.php(292): mysqli->query('SELECT abstrak....', 0)
#1 C:\xampp\htdocs\isceeradmin\system\Database\BaseConnection.php(693): CodeIgniter\Database\MySQLi\Connection->execute('SELECT abstrak....')
#2 C:\xampp\htdocs\isceeradmin\system\Database\BaseConnection.php(620): CodeIgniter\Database\BaseConnection->simpleQuery('SELECT abstrak....')
#3 C:\xampp\htdocs\isceeradmin\system\Model.php(767): CodeIgniter\Database\BaseConnection->query('SELECT abstrak....')
#4 C:\xampp\htdocs\isceeradmin\app\Controllers\User.php(38): CodeIgniter\Model->__call('query', Array)
#5 C:\xampp\htdocs\isceeradmin\system\CodeIgniter.php(904): App\Controllers\User->index()
#6 C:\xampp\htdocs\isceeradmin\system\CodeIgniter.php(457): CodeIgniter\CodeIgniter->runController(Object(App\Controllers\User))
#7 C:\xampp\htdocs\isceeradmin\system\CodeIgniter.php(340): CodeIgniter\CodeIgniter->handleRequest(NULL, Object(Config\Cache), false)
#8 C:\xampp\htdocs\isceeradmin\public\index.php(67): CodeIgniter\CodeIgniter->run()
#9 C:\xampp\htdocs\isceeradmin\system\Commands\Server\rewrite.php(43): require_once('C:\\xampp\\htdocs...')
#10 {main}
CRITICAL - 2022-09-07 21:25:42 --> You have an error in your SQL syntax; check the manual that corresponds to your MariaDB server version for the right syntax to use near 'abstrak.abs_id ASC' at line 5
in SYSTEMPATH\Database\MySQLi\Connection.php on line 292.
 1 SYSTEMPATH\Database\MySQLi\Connection.php(292): mysqli->query('SELECT abstrak.abs_id, judul, penulis, afiliasi, abstrak.id_scope, scope, keyword, abstrak, presenter,
        decision, notes, notes_revised, user.id_user, nama, abstrak.status, submit_date, uniqid, paper_id, file_fp,
        update_date FROM abstrak join scope on scope.id_scope=abstrak.id_scope join user on user.id_user=abstrak.id_user
        inner join full_paper on abstrak.abs_id=full_paper.abs_id inner join revised_paper on revised_paper.abs_id=abstrak.abs_id 
        where abstrak.id_user = 16order_by abstrak.abs_id ASC ', 0)
 2 SYSTEMPATH\Database\BaseConnection.php(693): CodeIgniter\Database\MySQLi\Connection->execute('SELECT abstrak.abs_id, judul, penulis, afiliasi, abstrak.id_scope, scope, keyword, abstrak, presenter,
        decision, notes, notes_revised, user.id_user, nama, abstrak.status, submit_date, uniqid, paper_id, file_fp,
        update_date FROM abstrak join scope on scope.id_scope=abstrak.id_scope join user on user.id_user=abstrak.id_user
        inner join full_paper on abstrak.abs_id=full_paper.abs_id inner join revised_paper on revised_paper.abs_id=abstrak.abs_id 
        where abstrak.id_user = 16order_by abstrak.abs_id ASC ')
 3 SYSTEMPATH\Database\BaseConnection.php(620): CodeIgniter\Database\BaseConnection->simpleQuery('SELECT abstrak.abs_id, judul, penulis, afiliasi, abstrak.id_scope, scope, keyword, abstrak, presenter,
        decision, notes, notes_revised, user.id_user, nama, abstrak.status, submit_date, uniqid, paper_id, file_fp,
        update_date FROM abstrak join scope on scope.id_scope=abstrak.id_scope join user on user.id_user=abstrak.id_user
        inner join full_paper on abstrak.abs_id=full_paper.abs_id inner join revised_paper on revised_paper.abs_id=abstrak.abs_id 
        where abstrak.id_user = 16order_by abstrak.abs_id ASC ')
 4 SYSTEMPATH\Model.php(767): CodeIgniter\Database\BaseConnection->query('SELECT abstrak.abs_id, judul, penulis, afiliasi, abstrak.id_scope, scope, keyword, abstrak, presenter,
        decision, notes, notes_revised, user.id_user, nama, abstrak.status, submit_date, uniqid, paper_id, file_fp,
        update_date FROM abstrak join scope on scope.id_scope=abstrak.id_scope join user on user.id_user=abstrak.id_user
        inner join full_paper on abstrak.abs_id=full_paper.abs_id inner join revised_paper on revised_paper.abs_id=abstrak.abs_id 
        where abstrak.id_user = 16order_by abstrak.abs_id ASC ')
 5 APPPATH\Controllers\User.php(38): CodeIgniter\Model->__call('query', [...])
 6 SYSTEMPATH\CodeIgniter.php(904): App\Controllers\User->index()
 7 SYSTEMPATH\CodeIgniter.php(457): CodeIgniter\CodeIgniter->runController(Object(App\Controllers\User))
 8 SYSTEMPATH\CodeIgniter.php(340): CodeIgniter\CodeIgniter->handleRequest(null, Object(Config\Cache), false)
 9 FCPATH\index.php(67): CodeIgniter\CodeIgniter->run()
10 SYSTEMPATH\Commands\Server\rewrite.php(43): require_once('FCPATH\\index.php')
ERROR - 2022-09-07 21:26:15 --> mysqli_sql_exception: You have an error in your SQL syntax; check the manual that corresponds to your MariaDB server version for the right syntax to use near 'abstrak.abs_id "ASC"' at line 5 in C:\xampp\htdocs\isceeradmin\system\Database\MySQLi\Connection.php:292
Stack trace:
#0 C:\xampp\htdocs\isceeradmin\system\Database\MySQLi\Connection.php(292): mysqli->query('SELECT abstrak....', 0)
#1 C:\xampp\htdocs\isceeradmin\system\Database\BaseConnection.php(693): CodeIgniter\Database\MySQLi\Connection->execute('SELECT abstrak....')
#2 C:\xampp\htdocs\isceeradmin\system\Database\BaseConnection.php(620): CodeIgniter\Database\BaseConnection->simpleQuery('SELECT abstrak....')
#3 C:\xampp\htdocs\isceeradmin\system\Model.php(767): CodeIgniter\Database\BaseConnection->query('SELECT abstrak....')
#4 C:\xampp\htdocs\isceeradmin\app\Controllers\User.php(38): CodeIgniter\Model->__call('query', Array)
#5 C:\xampp\htdocs\isceeradmin\system\CodeIgniter.php(904): App\Controllers\User->index()
#6 C:\xampp\htdocs\isceeradmin\system\CodeIgniter.php(457): CodeIgniter\CodeIgniter->runController(Object(App\Controllers\User))
#7 C:\xampp\htdocs\isceeradmin\system\CodeIgniter.php(340): CodeIgniter\CodeIgniter->handleRequest(NULL, Object(Config\Cache), false)
#8 C:\xampp\htdocs\isceeradmin\public\index.php(67): CodeIgniter\CodeIgniter->run()
#9 C:\xampp\htdocs\isceeradmin\system\Commands\Server\rewrite.php(43): require_once('C:\\xampp\\htdocs...')
#10 {main}
CRITICAL - 2022-09-07 21:26:15 --> You have an error in your SQL syntax; check the manual that corresponds to your MariaDB server version for the right syntax to use near 'abstrak.abs_id "ASC"' at line 5
in SYSTEMPATH\Database\MySQLi\Connection.php on line 292.
 1 SYSTEMPATH\Database\MySQLi\Connection.php(292): mysqli->query('SELECT abstrak.abs_id, judul, penulis, afiliasi, abstrak.id_scope, scope, keyword, abstrak, presenter,
        decision, notes, notes_revised, user.id_user, nama, abstrak.status, submit_date, uniqid, paper_id, file_fp,
        update_date FROM abstrak join scope on scope.id_scope=abstrak.id_scope join user on user.id_user=abstrak.id_user
        inner join full_paper on abstrak.abs_id=full_paper.abs_id inner join revised_paper on revised_paper.abs_id=abstrak.abs_id 
        where abstrak.id_user = 16order_by abstrak.abs_id "ASC" ', 0)
 2 SYSTEMPATH\Database\BaseConnection.php(693): CodeIgniter\Database\MySQLi\Connection->execute('SELECT abstrak.abs_id, judul, penulis, afiliasi, abstrak.id_scope, scope, keyword, abstrak, presenter,
        decision, notes, notes_revised, user.id_user, nama, abstrak.status, submit_date, uniqid, paper_id, file_fp,
        update_date FROM abstrak join scope on scope.id_scope=abstrak.id_scope join user on user.id_user=abstrak.id_user
        inner join full_paper on abstrak.abs_id=full_paper.abs_id inner join revised_paper on revised_paper.abs_id=abstrak.abs_id 
        where abstrak.id_user = 16order_by abstrak.abs_id "ASC" ')
 3 SYSTEMPATH\Database\BaseConnection.php(620): CodeIgniter\Database\BaseConnection->simpleQuery('SELECT abstrak.abs_id, judul, penulis, afiliasi, abstrak.id_scope, scope, keyword, abstrak, presenter,
        decision, notes, notes_revised, user.id_user, nama, abstrak.status, submit_date, uniqid, paper_id, file_fp,
        update_date FROM abstrak join scope on scope.id_scope=abstrak.id_scope join user on user.id_user=abstrak.id_user
        inner join full_paper on abstrak.abs_id=full_paper.abs_id inner join revised_paper on revised_paper.abs_id=abstrak.abs_id 
        where abstrak.id_user = 16order_by abstrak.abs_id "ASC" ')
 4 SYSTEMPATH\Model.php(767): CodeIgniter\Database\BaseConnection->query('SELECT abstrak.abs_id, judul, penulis, afiliasi, abstrak.id_scope, scope, keyword, abstrak, presenter,
        decision, notes, notes_revised, user.id_user, nama, abstrak.status, submit_date, uniqid, paper_id, file_fp,
        update_date FROM abstrak join scope on scope.id_scope=abstrak.id_scope join user on user.id_user=abstrak.id_user
        inner join full_paper on abstrak.abs_id=full_paper.abs_id inner join revised_paper on revised_paper.abs_id=abstrak.abs_id 
        where abstrak.id_user = 16order_by abstrak.abs_id "ASC" ')
 5 APPPATH\Controllers\User.php(38): CodeIgniter\Model->__call('query', [...])
 6 SYSTEMPATH\CodeIgniter.php(904): App\Controllers\User->index()
 7 SYSTEMPATH\CodeIgniter.php(457): CodeIgniter\CodeIgniter->runController(Object(App\Controllers\User))
 8 SYSTEMPATH\CodeIgniter.php(340): CodeIgniter\CodeIgniter->handleRequest(null, Object(Config\Cache), false)
 9 FCPATH\index.php(67): CodeIgniter\CodeIgniter->run()
10 SYSTEMPATH\Commands\Server\rewrite.php(43): require_once('FCPATH\\index.php')
ERROR - 2022-09-07 21:27:34 --> mysqli_sql_exception: You have an error in your SQL syntax; check the manual that corresponds to your MariaDB server version for the right syntax to use near 'by abstrak.abs_id ASC' at line 5 in C:\xampp\htdocs\isceeradmin\system\Database\MySQLi\Connection.php:292
Stack trace:
#0 C:\xampp\htdocs\isceeradmin\system\Database\MySQLi\Connection.php(292): mysqli->query('SELECT abstrak....', 0)
#1 C:\xampp\htdocs\isceeradmin\system\Database\BaseConnection.php(693): CodeIgniter\Database\MySQLi\Connection->execute('SELECT abstrak....')
#2 C:\xampp\htdocs\isceeradmin\system\Database\BaseConnection.php(620): CodeIgniter\Database\BaseConnection->simpleQuery('SELECT abstrak....')
#3 C:\xampp\htdocs\isceeradmin\system\Model.php(767): CodeIgniter\Database\BaseConnection->query('SELECT abstrak....')
#4 C:\xampp\htdocs\isceeradmin\app\Controllers\User.php(38): CodeIgniter\Model->__call('query', Array)
#5 C:\xampp\htdocs\isceeradmin\system\CodeIgniter.php(904): App\Controllers\User->index()
#6 C:\xampp\htdocs\isceeradmin\system\CodeIgniter.php(457): CodeIgniter\CodeIgniter->runController(Object(App\Controllers\User))
#7 C:\xampp\htdocs\isceeradmin\system\CodeIgniter.php(340): CodeIgniter\CodeIgniter->handleRequest(NULL, Object(Config\Cache), false)
#8 C:\xampp\htdocs\isceeradmin\public\index.php(67): CodeIgniter\CodeIgniter->run()
#9 C:\xampp\htdocs\isceeradmin\system\Commands\Server\rewrite.php(43): require_once('C:\\xampp\\htdocs...')
#10 {main}
CRITICAL - 2022-09-07 21:27:34 --> You have an error in your SQL syntax; check the manual that corresponds to your MariaDB server version for the right syntax to use near 'by abstrak.abs_id ASC' at line 5
in SYSTEMPATH\Database\MySQLi\Connection.php on line 292.
 1 SYSTEMPATH\Database\MySQLi\Connection.php(292): mysqli->query('SELECT abstrak.abs_id, judul, penulis, afiliasi, abstrak.id_scope, scope, keyword, abstrak, presenter,
        decision, notes, notes_revised, user.id_user, nama, abstrak.status, submit_date, uniqid, paper_id, file_fp,
        update_date FROM abstrak join scope on scope.id_scope=abstrak.id_scope join user on user.id_user=abstrak.id_user
        inner join full_paper on abstrak.abs_id=full_paper.abs_id inner join revised_paper on revised_paper.abs_id=abstrak.abs_id 
        where abstrak.id_user = 16order by abstrak.abs_id ASC ', 0)
 2 SYSTEMPATH\Database\BaseConnection.php(693): CodeIgniter\Database\MySQLi\Connection->execute('SELECT abstrak.abs_id, judul, penulis, afiliasi, abstrak.id_scope, scope, keyword, abstrak, presenter,
        decision, notes, notes_revised, user.id_user, nama, abstrak.status, submit_date, uniqid, paper_id, file_fp,
        update_date FROM abstrak join scope on scope.id_scope=abstrak.id_scope join user on user.id_user=abstrak.id_user
        inner join full_paper on abstrak.abs_id=full_paper.abs_id inner join revised_paper on revised_paper.abs_id=abstrak.abs_id 
        where abstrak.id_user = 16order by abstrak.abs_id ASC ')
 3 SYSTEMPATH\Database\BaseConnection.php(620): CodeIgniter\Database\BaseConnection->simpleQuery('SELECT abstrak.abs_id, judul, penulis, afiliasi, abstrak.id_scope, scope, keyword, abstrak, presenter,
        decision, notes, notes_revised, user.id_user, nama, abstrak.status, submit_date, uniqid, paper_id, file_fp,
        update_date FROM abstrak join scope on scope.id_scope=abstrak.id_scope join user on user.id_user=abstrak.id_user
        inner join full_paper on abstrak.abs_id=full_paper.abs_id inner join revised_paper on revised_paper.abs_id=abstrak.abs_id 
        where abstrak.id_user = 16order by abstrak.abs_id ASC ')
 4 SYSTEMPATH\Model.php(767): CodeIgniter\Database\BaseConnection->query('SELECT abstrak.abs_id, judul, penulis, afiliasi, abstrak.id_scope, scope, keyword, abstrak, presenter,
        decision, notes, notes_revised, user.id_user, nama, abstrak.status, submit_date, uniqid, paper_id, file_fp,
        update_date FROM abstrak join scope on scope.id_scope=abstrak.id_scope join user on user.id_user=abstrak.id_user
        inner join full_paper on abstrak.abs_id=full_paper.abs_id inner join revised_paper on revised_paper.abs_id=abstrak.abs_id 
        where abstrak.id_user = 16order by abstrak.abs_id ASC ')
 5 APPPATH\Controllers\User.php(38): CodeIgniter\Model->__call('query', [...])
 6 SYSTEMPATH\CodeIgniter.php(904): App\Controllers\User->index()
 7 SYSTEMPATH\CodeIgniter.php(457): CodeIgniter\CodeIgniter->runController(Object(App\Controllers\User))
 8 SYSTEMPATH\CodeIgniter.php(340): CodeIgniter\CodeIgniter->handleRequest(null, Object(Config\Cache), false)
 9 FCPATH\index.php(67): CodeIgniter\CodeIgniter->run()
10 SYSTEMPATH\Commands\Server\rewrite.php(43): require_once('FCPATH\\index.php')
ERROR - 2022-09-07 21:27:52 --> mysqli_sql_exception: You have an error in your SQL syntax; check the manual that corresponds to your MariaDB server version for the right syntax to use near 'by abstrak.abs_id ASC' at line 5 in C:\xampp\htdocs\isceeradmin\system\Database\MySQLi\Connection.php:292
Stack trace:
#0 C:\xampp\htdocs\isceeradmin\system\Database\MySQLi\Connection.php(292): mysqli->query('SELECT abstrak....', 0)
#1 C:\xampp\htdocs\isceeradmin\system\Database\BaseConnection.php(693): CodeIgniter\Database\MySQLi\Connection->execute('SELECT abstrak....')
#2 C:\xampp\htdocs\isceeradmin\system\Database\BaseConnection.php(620): CodeIgniter\Database\BaseConnection->simpleQuery('SELECT abstrak....')
#3 C:\xampp\htdocs\isceeradmin\system\Model.php(767): CodeIgniter\Database\BaseConnection->query('SELECT abstrak....')
#4 C:\xampp\htdocs\isceeradmin\app\Controllers\User.php(38): CodeIgniter\Model->__call('query', Array)
#5 C:\xampp\htdocs\isceeradmin\system\CodeIgniter.php(904): App\Controllers\User->index()
#6 C:\xampp\htdocs\isceeradmin\system\CodeIgniter.php(457): CodeIgniter\CodeIgniter->runController(Object(App\Controllers\User))
#7 C:\xampp\htdocs\isceeradmin\system\CodeIgniter.php(340): CodeIgniter\CodeIgniter->handleRequest(NULL, Object(Config\Cache), false)
#8 C:\xampp\htdocs\isceeradmin\public\index.php(67): CodeIgniter\CodeIgniter->run()
#9 C:\xampp\htdocs\isceeradmin\system\Commands\Server\rewrite.php(43): require_once('C:\\xampp\\htdocs...')
#10 {main}
CRITICAL - 2022-09-07 21:27:52 --> You have an error in your SQL syntax; check the manual that corresponds to your MariaDB server version for the right syntax to use near 'by abstrak.abs_id ASC' at line 5
in SYSTEMPATH\Database\MySQLi\Connection.php on line 292.
 1 SYSTEMPATH\Database\MySQLi\Connection.php(292): mysqli->query('SELECT abstrak.abs_id, judul, penulis, afiliasi, abstrak.id_scope, scope, keyword, abstrak, presenter,
        decision, notes, notes_revised, user.id_user, nama, abstrak.status, submit_date, uniqid, paper_id, file_fp,
        update_date FROM abstrak join scope on scope.id_scope=abstrak.id_scope join user on user.id_user=abstrak.id_user
        inner join full_paper on abstrak.abs_id=full_paper.abs_id inner join revised_paper on revised_paper.abs_id=abstrak.abs_id 
        where abstrak.id_user = 16order by abstrak.abs_id ASC ', 0)
 2 SYSTEMPATH\Database\BaseConnection.php(693): CodeIgniter\Database\MySQLi\Connection->execute('SELECT abstrak.abs_id, judul, penulis, afiliasi, abstrak.id_scope, scope, keyword, abstrak, presenter,
        decision, notes, notes_revised, user.id_user, nama, abstrak.status, submit_date, uniqid, paper_id, file_fp,
        update_date FROM abstrak join scope on scope.id_scope=abstrak.id_scope join user on user.id_user=abstrak.id_user
        inner join full_paper on abstrak.abs_id=full_paper.abs_id inner join revised_paper on revised_paper.abs_id=abstrak.abs_id 
        where abstrak.id_user = 16order by abstrak.abs_id ASC ')
 3 SYSTEMPATH\Database\BaseConnection.php(620): CodeIgniter\Database\BaseConnection->simpleQuery('SELECT abstrak.abs_id, judul, penulis, afiliasi, abstrak.id_scope, scope, keyword, abstrak, presenter,
        decision, notes, notes_revised, user.id_user, nama, abstrak.status, submit_date, uniqid, paper_id, file_fp,
        update_date FROM abstrak join scope on scope.id_scope=abstrak.id_scope join user on user.id_user=abstrak.id_user
        inner join full_paper on abstrak.abs_id=full_paper.abs_id inner join revised_paper on revised_paper.abs_id=abstrak.abs_id 
        where abstrak.id_user = 16order by abstrak.abs_id ASC ')
 4 SYSTEMPATH\Model.php(767): CodeIgniter\Database\BaseConnection->query('SELECT abstrak.abs_id, judul, penulis, afiliasi, abstrak.id_scope, scope, keyword, abstrak, presenter,
        decision, notes, notes_revised, user.id_user, nama, abstrak.status, submit_date, uniqid, paper_id, file_fp,
        update_date FROM abstrak join scope on scope.id_scope=abstrak.id_scope join user on user.id_user=abstrak.id_user
        inner join full_paper on abstrak.abs_id=full_paper.abs_id inner join revised_paper on revised_paper.abs_id=abstrak.abs_id 
        where abstrak.id_user = 16order by abstrak.abs_id ASC ')
 5 APPPATH\Controllers\User.php(38): CodeIgniter\Model->__call('query', [...])
 6 SYSTEMPATH\CodeIgniter.php(904): App\Controllers\User->index()
 7 SYSTEMPATH\CodeIgniter.php(457): CodeIgniter\CodeIgniter->runController(Object(App\Controllers\User))
 8 SYSTEMPATH\CodeIgniter.php(340): CodeIgniter\CodeIgniter->handleRequest(null, Object(Config\Cache), false)
 9 FCPATH\index.php(67): CodeIgniter\CodeIgniter->run()
10 SYSTEMPATH\Commands\Server\rewrite.php(43): require_once('FCPATH\\index.php')
ERROR - 2022-09-07 21:28:02 --> mysqli_sql_exception: You have an error in your SQL syntax; check the manual that corresponds to your MariaDB server version for the right syntax to use near 'by abstrak.abs_id ASC' at line 5 in C:\xampp\htdocs\isceeradmin\system\Database\MySQLi\Connection.php:292
Stack trace:
#0 C:\xampp\htdocs\isceeradmin\system\Database\MySQLi\Connection.php(292): mysqli->query('SELECT abstrak....', 0)
#1 C:\xampp\htdocs\isceeradmin\system\Database\BaseConnection.php(693): CodeIgniter\Database\MySQLi\Connection->execute('SELECT abstrak....')
#2 C:\xampp\htdocs\isceeradmin\system\Database\BaseConnection.php(620): CodeIgniter\Database\BaseConnection->simpleQuery('SELECT abstrak....')
#3 C:\xampp\htdocs\isceeradmin\system\Model.php(767): CodeIgniter\Database\BaseConnection->query('SELECT abstrak....')
#4 C:\xampp\htdocs\isceeradmin\app\Controllers\User.php(38): CodeIgniter\Model->__call('query', Array)
#5 C:\xampp\htdocs\isceeradmin\system\CodeIgniter.php(904): App\Controllers\User->index()
#6 C:\xampp\htdocs\isceeradmin\system\CodeIgniter.php(457): CodeIgniter\CodeIgniter->runController(Object(App\Controllers\User))
#7 C:\xampp\htdocs\isceeradmin\system\CodeIgniter.php(340): CodeIgniter\CodeIgniter->handleRequest(NULL, Object(Config\Cache), false)
#8 C:\xampp\htdocs\isceeradmin\public\index.php(67): CodeIgniter\CodeIgniter->run()
#9 C:\xampp\htdocs\isceeradmin\system\Commands\Server\rewrite.php(43): require_once('C:\\xampp\\htdocs...')
#10 {main}
CRITICAL - 2022-09-07 21:28:02 --> You have an error in your SQL syntax; check the manual that corresponds to your MariaDB server version for the right syntax to use near 'by abstrak.abs_id ASC' at line 5
in SYSTEMPATH\Database\MySQLi\Connection.php on line 292.
 1 SYSTEMPATH\Database\MySQLi\Connection.php(292): mysqli->query('SELECT abstrak.abs_id, judul, penulis, afiliasi, abstrak.id_scope, scope, keyword, abstrak, presenter,
        decision, notes, notes_revised, user.id_user, nama, abstrak.status, submit_date, uniqid, paper_id, file_fp,
        update_date FROM abstrak join scope on scope.id_scope=abstrak.id_scope join user on user.id_user=abstrak.id_user
        inner join full_paper on abstrak.abs_id=full_paper.abs_id inner join revised_paper on revised_paper.abs_id=abstrak.abs_id 
        where abstrak.id_user = 16ORDER by abstrak.abs_id ASC ', 0)
 2 SYSTEMPATH\Database\BaseConnection.php(693): CodeIgniter\Database\MySQLi\Connection->execute('SELECT abstrak.abs_id, judul, penulis, afiliasi, abstrak.id_scope, scope, keyword, abstrak, presenter,
        decision, notes, notes_revised, user.id_user, nama, abstrak.status, submit_date, uniqid, paper_id, file_fp,
        update_date FROM abstrak join scope on scope.id_scope=abstrak.id_scope join user on user.id_user=abstrak.id_user
        inner join full_paper on abstrak.abs_id=full_paper.abs_id inner join revised_paper on revised_paper.abs_id=abstrak.abs_id 
        where abstrak.id_user = 16ORDER by abstrak.abs_id ASC ')
 3 SYSTEMPATH\Database\BaseConnection.php(620): CodeIgniter\Database\BaseConnection->simpleQuery('SELECT abstrak.abs_id, judul, penulis, afiliasi, abstrak.id_scope, scope, keyword, abstrak, presenter,
        decision, notes, notes_revised, user.id_user, nama, abstrak.status, submit_date, uniqid, paper_id, file_fp,
        update_date FROM abstrak join scope on scope.id_scope=abstrak.id_scope join user on user.id_user=abstrak.id_user
        inner join full_paper on abstrak.abs_id=full_paper.abs_id inner join revised_paper on revised_paper.abs_id=abstrak.abs_id 
        where abstrak.id_user = 16ORDER by abstrak.abs_id ASC ')
 4 SYSTEMPATH\Model.php(767): CodeIgniter\Database\BaseConnection->query('SELECT abstrak.abs_id, judul, penulis, afiliasi, abstrak.id_scope, scope, keyword, abstrak, presenter,
        decision, notes, notes_revised, user.id_user, nama, abstrak.status, submit_date, uniqid, paper_id, file_fp,
        update_date FROM abstrak join scope on scope.id_scope=abstrak.id_scope join user on user.id_user=abstrak.id_user
        inner join full_paper on abstrak.abs_id=full_paper.abs_id inner join revised_paper on revised_paper.abs_id=abstrak.abs_id 
        where abstrak.id_user = 16ORDER by abstrak.abs_id ASC ')
 5 APPPATH\Controllers\User.php(38): CodeIgniter\Model->__call('query', [...])
 6 SYSTEMPATH\CodeIgniter.php(904): App\Controllers\User->index()
 7 SYSTEMPATH\CodeIgniter.php(457): CodeIgniter\CodeIgniter->runController(Object(App\Controllers\User))
 8 SYSTEMPATH\CodeIgniter.php(340): CodeIgniter\CodeIgniter->handleRequest(null, Object(Config\Cache), false)
 9 FCPATH\index.php(67): CodeIgniter\CodeIgniter->run()
10 SYSTEMPATH\Commands\Server\rewrite.php(43): require_once('FCPATH\\index.php')
ERROR - 2022-09-07 21:28:28 --> mysqli_sql_exception: Unknown column '$id_user' in 'where clause' in C:\xampp\htdocs\isceeradmin\system\Database\MySQLi\Connection.php:292
Stack trace:
#0 C:\xampp\htdocs\isceeradmin\system\Database\MySQLi\Connection.php(292): mysqli->query('SELECT abstrak....', 0)
#1 C:\xampp\htdocs\isceeradmin\system\Database\BaseConnection.php(693): CodeIgniter\Database\MySQLi\Connection->execute('SELECT abstrak....')
#2 C:\xampp\htdocs\isceeradmin\system\Database\BaseConnection.php(620): CodeIgniter\Database\BaseConnection->simpleQuery('SELECT abstrak....')
#3 C:\xampp\htdocs\isceeradmin\system\Model.php(767): CodeIgniter\Database\BaseConnection->query('SELECT abstrak....')
#4 C:\xampp\htdocs\isceeradmin\app\Controllers\User.php(38): CodeIgniter\Model->__call('query', Array)
#5 C:\xampp\htdocs\isceeradmin\system\CodeIgniter.php(904): App\Controllers\User->index()
#6 C:\xampp\htdocs\isceeradmin\system\CodeIgniter.php(457): CodeIgniter\CodeIgniter->runController(Object(App\Controllers\User))
#7 C:\xampp\htdocs\isceeradmin\system\CodeIgniter.php(340): CodeIgniter\CodeIgniter->handleRequest(NULL, Object(Config\Cache), false)
#8 C:\xampp\htdocs\isceeradmin\public\index.php(67): CodeIgniter\CodeIgniter->run()
#9 C:\xampp\htdocs\isceeradmin\system\Commands\Server\rewrite.php(43): require_once('C:\\xampp\\htdocs...')
#10 {main}
CRITICAL - 2022-09-07 21:28:28 --> Unknown column '$id_user' in 'where clause'
in SYSTEMPATH\Database\MySQLi\Connection.php on line 292.
 1 SYSTEMPATH\Database\MySQLi\Connection.php(292): mysqli->query('SELECT abstrak.abs_id, judul, penulis, afiliasi, abstrak.id_scope, scope, keyword, abstrak, presenter,
        decision, notes, notes_revised, user.id_user, nama, abstrak.status, submit_date, uniqid, paper_id, file_fp,
        update_date FROM abstrak join scope on scope.id_scope=abstrak.id_scope join user on user.id_user=abstrak.id_user
        inner join full_paper on abstrak.abs_id=full_paper.abs_id inner join revised_paper on revised_paper.abs_id=abstrak.abs_id 
        where abstrak.id_user = $id_user ORDER by abstrak.abs_id ASC ', 0)
 2 SYSTEMPATH\Database\BaseConnection.php(693): CodeIgniter\Database\MySQLi\Connection->execute('SELECT abstrak.abs_id, judul, penulis, afiliasi, abstrak.id_scope, scope, keyword, abstrak, presenter,
        decision, notes, notes_revised, user.id_user, nama, abstrak.status, submit_date, uniqid, paper_id, file_fp,
        update_date FROM abstrak join scope on scope.id_scope=abstrak.id_scope join user on user.id_user=abstrak.id_user
        inner join full_paper on abstrak.abs_id=full_paper.abs_id inner join revised_paper on revised_paper.abs_id=abstrak.abs_id 
        where abstrak.id_user = $id_user ORDER by abstrak.abs_id ASC ')
 3 SYSTEMPATH\Database\BaseConnection.php(620): CodeIgniter\Database\BaseConnection->simpleQuery('SELECT abstrak.abs_id, judul, penulis, afiliasi, abstrak.id_scope, scope, keyword, abstrak, presenter,
        decision, notes, notes_revised, user.id_user, nama, abstrak.status, submit_date, uniqid, paper_id, file_fp,
        update_date FROM abstrak join scope on scope.id_scope=abstrak.id_scope join user on user.id_user=abstrak.id_user
        inner join full_paper on abstrak.abs_id=full_paper.abs_id inner join revised_paper on revised_paper.abs_id=abstrak.abs_id 
        where abstrak.id_user = $id_user ORDER by abstrak.abs_id ASC ')
 4 SYSTEMPATH\Model.php(767): CodeIgniter\Database\BaseConnection->query('SELECT abstrak.abs_id, judul, penulis, afiliasi, abstrak.id_scope, scope, keyword, abstrak, presenter,
        decision, notes, notes_revised, user.id_user, nama, abstrak.status, submit_date, uniqid, paper_id, file_fp,
        update_date FROM abstrak join scope on scope.id_scope=abstrak.id_scope join user on user.id_user=abstrak.id_user
        inner join full_paper on abstrak.abs_id=full_paper.abs_id inner join revised_paper on revised_paper.abs_id=abstrak.abs_id 
        where abstrak.id_user = $id_user ORDER by abstrak.abs_id ASC ')
 5 APPPATH\Controllers\User.php(38): CodeIgniter\Model->__call('query', [...])
 6 SYSTEMPATH\CodeIgniter.php(904): App\Controllers\User->index()
 7 SYSTEMPATH\CodeIgniter.php(457): CodeIgniter\CodeIgniter->runController(Object(App\Controllers\User))
 8 SYSTEMPATH\CodeIgniter.php(340): CodeIgniter\CodeIgniter->handleRequest(null, Object(Config\Cache), false)
 9 FCPATH\index.php(67): CodeIgniter\CodeIgniter->run()
10 SYSTEMPATH\Commands\Server\rewrite.php(43): require_once('FCPATH\\index.php')
ERROR - 2022-09-07 21:29:28 --> mysqli_sql_exception: You have an error in your SQL syntax; check the manual that corresponds to your MariaDB server version for the right syntax to use near 'where abstrak.id_user = 16' at line 5 in C:\xampp\htdocs\isceeradmin\system\Database\MySQLi\Connection.php:292
Stack trace:
#0 C:\xampp\htdocs\isceeradmin\system\Database\MySQLi\Connection.php(292): mysqli->query('SELECT abstrak....', 0)
#1 C:\xampp\htdocs\isceeradmin\system\Database\BaseConnection.php(693): CodeIgniter\Database\MySQLi\Connection->execute('SELECT abstrak....')
#2 C:\xampp\htdocs\isceeradmin\system\Database\BaseConnection.php(620): CodeIgniter\Database\BaseConnection->simpleQuery('SELECT abstrak....')
#3 C:\xampp\htdocs\isceeradmin\system\Model.php(767): CodeIgniter\Database\BaseConnection->query('SELECT abstrak....')
#4 C:\xampp\htdocs\isceeradmin\app\Controllers\User.php(38): CodeIgniter\Model->__call('query', Array)
#5 C:\xampp\htdocs\isceeradmin\system\CodeIgniter.php(904): App\Controllers\User->index()
#6 C:\xampp\htdocs\isceeradmin\system\CodeIgniter.php(457): CodeIgniter\CodeIgniter->runController(Object(App\Controllers\User))
#7 C:\xampp\htdocs\isceeradmin\system\CodeIgniter.php(340): CodeIgniter\CodeIgniter->handleRequest(NULL, Object(Config\Cache), false)
#8 C:\xampp\htdocs\isceeradmin\public\index.php(67): CodeIgniter\CodeIgniter->run()
#9 C:\xampp\htdocs\isceeradmin\system\Commands\Server\rewrite.php(43): require_once('C:\\xampp\\htdocs...')
#10 {main}
CRITICAL - 2022-09-07 21:29:28 --> You have an error in your SQL syntax; check the manual that corresponds to your MariaDB server version for the right syntax to use near 'where abstrak.id_user = 16' at line 5
in SYSTEMPATH\Database\MySQLi\Connection.php on line 292.
 1 SYSTEMPATH\Database\MySQLi\Connection.php(292): mysqli->query('SELECT abstrak.abs_id, judul, penulis, afiliasi, abstrak.id_scope, scope, keyword, abstrak, presenter,
        decision, notes, notes_revised, user.id_user, nama, abstrak.status, submit_date, uniqid, paper_id, file_fp,
        update_date FROM abstrak join scope on scope.id_scope=abstrak.id_scope join user on user.id_user=abstrak.id_user
        inner join full_paper on abstrak.abs_id=full_paper.abs_id inner join revised_paper on revised_paper.abs_id=abstrak.abs_id 
        order by abstrak.abs_id ASC where abstrak.id_user = 16', 0)
 2 SYSTEMPATH\Database\BaseConnection.php(693): CodeIgniter\Database\MySQLi\Connection->execute('SELECT abstrak.abs_id, judul, penulis, afiliasi, abstrak.id_scope, scope, keyword, abstrak, presenter,
        decision, notes, notes_revised, user.id_user, nama, abstrak.status, submit_date, uniqid, paper_id, file_fp,
        update_date FROM abstrak join scope on scope.id_scope=abstrak.id_scope join user on user.id_user=abstrak.id_user
        inner join full_paper on abstrak.abs_id=full_paper.abs_id inner join revised_paper on revised_paper.abs_id=abstrak.abs_id 
        order by abstrak.abs_id ASC where abstrak.id_user = 16')
 3 SYSTEMPATH\Database\BaseConnection.php(620): CodeIgniter\Database\BaseConnection->simpleQuery('SELECT abstrak.abs_id, judul, penulis, afiliasi, abstrak.id_scope, scope, keyword, abstrak, presenter,
        decision, notes, notes_revised, user.id_user, nama, abstrak.status, submit_date, uniqid, paper_id, file_fp,
        update_date FROM abstrak join scope on scope.id_scope=abstrak.id_scope join user on user.id_user=abstrak.id_user
        inner join full_paper on abstrak.abs_id=full_paper.abs_id inner join revised_paper on revised_paper.abs_id=abstrak.abs_id 
        order by abstrak.abs_id ASC where abstrak.id_user = 16')
 4 SYSTEMPATH\Model.php(767): CodeIgniter\Database\BaseConnection->query('SELECT abstrak.abs_id, judul, penulis, afiliasi, abstrak.id_scope, scope, keyword, abstrak, presenter,
        decision, notes, notes_revised, user.id_user, nama, abstrak.status, submit_date, uniqid, paper_id, file_fp,
        update_date FROM abstrak join scope on scope.id_scope=abstrak.id_scope join user on user.id_user=abstrak.id_user
        inner join full_paper on abstrak.abs_id=full_paper.abs_id inner join revised_paper on revised_paper.abs_id=abstrak.abs_id 
        order by abstrak.abs_id ASC where abstrak.id_user = 16')
 5 APPPATH\Controllers\User.php(38): CodeIgniter\Model->__call('query', [...])
 6 SYSTEMPATH\CodeIgniter.php(904): App\Controllers\User->index()
 7 SYSTEMPATH\CodeIgniter.php(457): CodeIgniter\CodeIgniter->runController(Object(App\Controllers\User))
 8 SYSTEMPATH\CodeIgniter.php(340): CodeIgniter\CodeIgniter->handleRequest(null, Object(Config\Cache), false)
 9 FCPATH\index.php(67): CodeIgniter\CodeIgniter->run()
10 SYSTEMPATH\Commands\Server\rewrite.php(43): require_once('FCPATH\\index.php')
ERROR - 2022-09-07 21:29:40 --> mysqli_sql_exception: You have an error in your SQL syntax; check the manual that corresponds to your MariaDB server version for the right syntax to use near 'where abstrak.id_user = 16' at line 5 in C:\xampp\htdocs\isceeradmin\system\Database\MySQLi\Connection.php:292
Stack trace:
#0 C:\xampp\htdocs\isceeradmin\system\Database\MySQLi\Connection.php(292): mysqli->query('SELECT abstrak....', 0)
#1 C:\xampp\htdocs\isceeradmin\system\Database\BaseConnection.php(693): CodeIgniter\Database\MySQLi\Connection->execute('SELECT abstrak....')
#2 C:\xampp\htdocs\isceeradmin\system\Database\BaseConnection.php(620): CodeIgniter\Database\BaseConnection->simpleQuery('SELECT abstrak....')
#3 C:\xampp\htdocs\isceeradmin\system\Model.php(767): CodeIgniter\Database\BaseConnection->query('SELECT abstrak....')
#4 C:\xampp\htdocs\isceeradmin\app\Controllers\User.php(38): CodeIgniter\Model->__call('query', Array)
#5 C:\xampp\htdocs\isceeradmin\system\CodeIgniter.php(904): App\Controllers\User->index()
#6 C:\xampp\htdocs\isceeradmin\system\CodeIgniter.php(457): CodeIgniter\CodeIgniter->runController(Object(App\Controllers\User))
#7 C:\xampp\htdocs\isceeradmin\system\CodeIgniter.php(340): CodeIgniter\CodeIgniter->handleRequest(NULL, Object(Config\Cache), false)
#8 C:\xampp\htdocs\isceeradmin\public\index.php(67): CodeIgniter\CodeIgniter->run()
#9 C:\xampp\htdocs\isceeradmin\system\Commands\Server\rewrite.php(43): require_once('C:\\xampp\\htdocs...')
#10 {main}
CRITICAL - 2022-09-07 21:29:40 --> You have an error in your SQL syntax; check the manual that corresponds to your MariaDB server version for the right syntax to use near 'where abstrak.id_user = 16' at line 5
in SYSTEMPATH\Database\MySQLi\Connection.php on line 292.
 1 SYSTEMPATH\Database\MySQLi\Connection.php(292): mysqli->query('SELECT abstrak.abs_id, judul, penulis, afiliasi, abstrak.id_scope, scope, keyword, abstrak, presenter,
        decision, notes, notes_revised, user.id_user, nama, abstrak.status, submit_date, uniqid, paper_id, file_fp,
        update_date FROM abstrak join scope on scope.id_scope=abstrak.id_scope join user on user.id_user=abstrak.id_user
        inner join full_paper on abstrak.abs_id=full_paper.abs_id inner join revised_paper on revised_paper.abs_id=abstrak.abs_id 
        order by abstrak.abs_id ASC, where abstrak.id_user = 16', 0)
 2 SYSTEMPATH\Database\BaseConnection.php(693): CodeIgniter\Database\MySQLi\Connection->execute('SELECT abstrak.abs_id, judul, penulis, afiliasi, abstrak.id_scope, scope, keyword, abstrak, presenter,
        decision, notes, notes_revised, user.id_user, nama, abstrak.status, submit_date, uniqid, paper_id, file_fp,
        update_date FROM abstrak join scope on scope.id_scope=abstrak.id_scope join user on user.id_user=abstrak.id_user
        inner join full_paper on abstrak.abs_id=full_paper.abs_id inner join revised_paper on revised_paper.abs_id=abstrak.abs_id 
        order by abstrak.abs_id ASC, where abstrak.id_user = 16')
 3 SYSTEMPATH\Database\BaseConnection.php(620): CodeIgniter\Database\BaseConnection->simpleQuery('SELECT abstrak.abs_id, judul, penulis, afiliasi, abstrak.id_scope, scope, keyword, abstrak, presenter,
        decision, notes, notes_revised, user.id_user, nama, abstrak.status, submit_date, uniqid, paper_id, file_fp,
        update_date FROM abstrak join scope on scope.id_scope=abstrak.id_scope join user on user.id_user=abstrak.id_user
        inner join full_paper on abstrak.abs_id=full_paper.abs_id inner join revised_paper on revised_paper.abs_id=abstrak.abs_id 
        order by abstrak.abs_id ASC, where abstrak.id_user = 16')
 4 SYSTEMPATH\Model.php(767): CodeIgniter\Database\BaseConnection->query('SELECT abstrak.abs_id, judul, penulis, afiliasi, abstrak.id_scope, scope, keyword, abstrak, presenter,
        decision, notes, notes_revised, user.id_user, nama, abstrak.status, submit_date, uniqid, paper_id, file_fp,
        update_date FROM abstrak join scope on scope.id_scope=abstrak.id_scope join user on user.id_user=abstrak.id_user
        inner join full_paper on abstrak.abs_id=full_paper.abs_id inner join revised_paper on revised_paper.abs_id=abstrak.abs_id 
        order by abstrak.abs_id ASC, where abstrak.id_user = 16')
 5 APPPATH\Controllers\User.php(38): CodeIgniter\Model->__call('query', [...])
 6 SYSTEMPATH\CodeIgniter.php(904): App\Controllers\User->index()
 7 SYSTEMPATH\CodeIgniter.php(457): CodeIgniter\CodeIgniter->runController(Object(App\Controllers\User))
 8 SYSTEMPATH\CodeIgniter.php(340): CodeIgniter\CodeIgniter->handleRequest(null, Object(Config\Cache), false)
 9 FCPATH\index.php(67): CodeIgniter\CodeIgniter->run()
10 SYSTEMPATH\Commands\Server\rewrite.php(43): require_once('FCPATH\\index.php')
ERROR - 2022-09-07 21:32:02 --> mysqli_sql_exception: You have an error in your SQL syntax; check the manual that corresponds to your MariaDB server version for the right syntax to use near 'order by abstrak.abs_id ASC' at line 5 in C:\xampp\htdocs\isceeradmin\system\Database\MySQLi\Connection.php:292
Stack trace:
#0 C:\xampp\htdocs\isceeradmin\system\Database\MySQLi\Connection.php(292): mysqli->query('SELECT abstrak....', 0)
#1 C:\xampp\htdocs\isceeradmin\system\Database\BaseConnection.php(693): CodeIgniter\Database\MySQLi\Connection->execute('SELECT abstrak....')
#2 C:\xampp\htdocs\isceeradmin\system\Database\BaseConnection.php(620): CodeIgniter\Database\BaseConnection->simpleQuery('SELECT abstrak....')
#3 C:\xampp\htdocs\isceeradmin\system\Model.php(767): CodeIgniter\Database\BaseConnection->query('SELECT abstrak....')
#4 C:\xampp\htdocs\isceeradmin\app\Controllers\User.php(38): CodeIgniter\Model->__call('query', Array)
#5 C:\xampp\htdocs\isceeradmin\system\CodeIgniter.php(904): App\Controllers\User->index()
#6 C:\xampp\htdocs\isceeradmin\system\CodeIgniter.php(457): CodeIgniter\CodeIgniter->runController(Object(App\Controllers\User))
#7 C:\xampp\htdocs\isceeradmin\system\CodeIgniter.php(340): CodeIgniter\CodeIgniter->handleRequest(NULL, Object(Config\Cache), false)
#8 C:\xampp\htdocs\isceeradmin\public\index.php(67): CodeIgniter\CodeIgniter->run()
#9 C:\xampp\htdocs\isceeradmin\system\Commands\Server\rewrite.php(43): require_once('C:\\xampp\\htdocs...')
#10 {main}
CRITICAL - 2022-09-07 21:32:02 --> You have an error in your SQL syntax; check the manual that corresponds to your MariaDB server version for the right syntax to use near 'order by abstrak.abs_id ASC' at line 5
in SYSTEMPATH\Database\MySQLi\Connection.php on line 292.
 1 SYSTEMPATH\Database\MySQLi\Connection.php(292): mysqli->query('SELECT abstrak.abs_id, judul, penulis, afiliasi, abstrak.id_scope, scope, keyword, abstrak, presenter,
        decision, notes, notes_revised, user.id_user, nama, abstrak.status, submit_date, uniqid, paper_id, file_fp,
        update_date FROM abstrak join scope on scope.id_scope=abstrak.id_scope join user on user.id_user=abstrak.id_user
        inner join full_paper on abstrak.abs_id=full_paper.abs_id inner join revised_paper on revised_paper.abs_id=abstrak.abs_id 
        where abstrak.id_user = 16 and  order by abstrak.abs_id ASC', 0)
 2 SYSTEMPATH\Database\BaseConnection.php(693): CodeIgniter\Database\MySQLi\Connection->execute('SELECT abstrak.abs_id, judul, penulis, afiliasi, abstrak.id_scope, scope, keyword, abstrak, presenter,
        decision, notes, notes_revised, user.id_user, nama, abstrak.status, submit_date, uniqid, paper_id, file_fp,
        update_date FROM abstrak join scope on scope.id_scope=abstrak.id_scope join user on user.id_user=abstrak.id_user
        inner join full_paper on abstrak.abs_id=full_paper.abs_id inner join revised_paper on revised_paper.abs_id=abstrak.abs_id 
        where abstrak.id_user = 16 and  order by abstrak.abs_id ASC')
 3 SYSTEMPATH\Database\BaseConnection.php(620): CodeIgniter\Database\BaseConnection->simpleQuery('SELECT abstrak.abs_id, judul, penulis, afiliasi, abstrak.id_scope, scope, keyword, abstrak, presenter,
        decision, notes, notes_revised, user.id_user, nama, abstrak.status, submit_date, uniqid, paper_id, file_fp,
        update_date FROM abstrak join scope on scope.id_scope=abstrak.id_scope join user on user.id_user=abstrak.id_user
        inner join full_paper on abstrak.abs_id=full_paper.abs_id inner join revised_paper on revised_paper.abs_id=abstrak.abs_id 
        where abstrak.id_user = 16 and  order by abstrak.abs_id ASC')
 4 SYSTEMPATH\Model.php(767): CodeIgniter\Database\BaseConnection->query('SELECT abstrak.abs_id, judul, penulis, afiliasi, abstrak.id_scope, scope, keyword, abstrak, presenter,
        decision, notes, notes_revised, user.id_user, nama, abstrak.status, submit_date, uniqid, paper_id, file_fp,
        update_date FROM abstrak join scope on scope.id_scope=abstrak.id_scope join user on user.id_user=abstrak.id_user
        inner join full_paper on abstrak.abs_id=full_paper.abs_id inner join revised_paper on revised_paper.abs_id=abstrak.abs_id 
        where abstrak.id_user = 16 and  order by abstrak.abs_id ASC')
 5 APPPATH\Controllers\User.php(38): CodeIgniter\Model->__call('query', [...])
 6 SYSTEMPATH\CodeIgniter.php(904): App\Controllers\User->index()
 7 SYSTEMPATH\CodeIgniter.php(457): CodeIgniter\CodeIgniter->runController(Object(App\Controllers\User))
 8 SYSTEMPATH\CodeIgniter.php(340): CodeIgniter\CodeIgniter->handleRequest(null, Object(Config\Cache), false)
 9 FCPATH\index.php(67): CodeIgniter\CodeIgniter->run()
10 SYSTEMPATH\Commands\Server\rewrite.php(43): require_once('FCPATH\\index.php')
ERROR - 2022-09-07 21:32:13 --> mysqli_sql_exception: You have an error in your SQL syntax; check the manual that corresponds to your MariaDB server version for the right syntax to use near 'then order by abstrak.abs_id ASC' at line 5 in C:\xampp\htdocs\isceeradmin\system\Database\MySQLi\Connection.php:292
Stack trace:
#0 C:\xampp\htdocs\isceeradmin\system\Database\MySQLi\Connection.php(292): mysqli->query('SELECT abstrak....', 0)
#1 C:\xampp\htdocs\isceeradmin\system\Database\BaseConnection.php(693): CodeIgniter\Database\MySQLi\Connection->execute('SELECT abstrak....')
#2 C:\xampp\htdocs\isceeradmin\system\Database\BaseConnection.php(620): CodeIgniter\Database\BaseConnection->simpleQuery('SELECT abstrak....')
#3 C:\xampp\htdocs\isceeradmin\system\Model.php(767): CodeIgniter\Database\BaseConnection->query('SELECT abstrak....')
#4 C:\xampp\htdocs\isceeradmin\app\Controllers\User.php(38): CodeIgniter\Model->__call('query', Array)
#5 C:\xampp\htdocs\isceeradmin\system\CodeIgniter.php(904): App\Controllers\User->index()
#6 C:\xampp\htdocs\isceeradmin\system\CodeIgniter.php(457): CodeIgniter\CodeIgniter->runController(Object(App\Controllers\User))
#7 C:\xampp\htdocs\isceeradmin\system\CodeIgniter.php(340): CodeIgniter\CodeIgniter->handleRequest(NULL, Object(Config\Cache), false)
#8 C:\xampp\htdocs\isceeradmin\public\index.php(67): CodeIgniter\CodeIgniter->run()
#9 C:\xampp\htdocs\isceeradmin\system\Commands\Server\rewrite.php(43): require_once('C:\\xampp\\htdocs...')
#10 {main}
CRITICAL - 2022-09-07 21:32:13 --> You have an error in your SQL syntax; check the manual that corresponds to your MariaDB server version for the right syntax to use near 'then order by abstrak.abs_id ASC' at line 5
in SYSTEMPATH\Database\MySQLi\Connection.php on line 292.
 1 SYSTEMPATH\Database\MySQLi\Connection.php(292): mysqli->query('SELECT abstrak.abs_id, judul, penulis, afiliasi, abstrak.id_scope, scope, keyword, abstrak, presenter,
        decision, notes, notes_revised, user.id_user, nama, abstrak.status, submit_date, uniqid, paper_id, file_fp,
        update_date FROM abstrak join scope on scope.id_scope=abstrak.id_scope join user on user.id_user=abstrak.id_user
        inner join full_paper on abstrak.abs_id=full_paper.abs_id inner join revised_paper on revised_paper.abs_id=abstrak.abs_id 
        where abstrak.id_user = 16 then order by abstrak.abs_id ASC', 0)
 2 SYSTEMPATH\Database\BaseConnection.php(693): CodeIgniter\Database\MySQLi\Connection->execute('SELECT abstrak.abs_id, judul, penulis, afiliasi, abstrak.id_scope, scope, keyword, abstrak, presenter,
        decision, notes, notes_revised, user.id_user, nama, abstrak.status, submit_date, uniqid, paper_id, file_fp,
        update_date FROM abstrak join scope on scope.id_scope=abstrak.id_scope join user on user.id_user=abstrak.id_user
        inner join full_paper on abstrak.abs_id=full_paper.abs_id inner join revised_paper on revised_paper.abs_id=abstrak.abs_id 
        where abstrak.id_user = 16 then order by abstrak.abs_id ASC')
 3 SYSTEMPATH\Database\BaseConnection.php(620): CodeIgniter\Database\BaseConnection->simpleQuery('SELECT abstrak.abs_id, judul, penulis, afiliasi, abstrak.id_scope, scope, keyword, abstrak, presenter,
        decision, notes, notes_revised, user.id_user, nama, abstrak.status, submit_date, uniqid, paper_id, file_fp,
        update_date FROM abstrak join scope on scope.id_scope=abstrak.id_scope join user on user.id_user=abstrak.id_user
        inner join full_paper on abstrak.abs_id=full_paper.abs_id inner join revised_paper on revised_paper.abs_id=abstrak.abs_id 
        where abstrak.id_user = 16 then order by abstrak.abs_id ASC')
 4 SYSTEMPATH\Model.php(767): CodeIgniter\Database\BaseConnection->query('SELECT abstrak.abs_id, judul, penulis, afiliasi, abstrak.id_scope, scope, keyword, abstrak, presenter,
        decision, notes, notes_revised, user.id_user, nama, abstrak.status, submit_date, uniqid, paper_id, file_fp,
        update_date FROM abstrak join scope on scope.id_scope=abstrak.id_scope join user on user.id_user=abstrak.id_user
        inner join full_paper on abstrak.abs_id=full_paper.abs_id inner join revised_paper on revised_paper.abs_id=abstrak.abs_id 
        where abstrak.id_user = 16 then order by abstrak.abs_id ASC')
 5 APPPATH\Controllers\User.php(38): CodeIgniter\Model->__call('query', [...])
 6 SYSTEMPATH\CodeIgniter.php(904): App\Controllers\User->index()
 7 SYSTEMPATH\CodeIgniter.php(457): CodeIgniter\CodeIgniter->runController(Object(App\Controllers\User))
 8 SYSTEMPATH\CodeIgniter.php(340): CodeIgniter\CodeIgniter->handleRequest(null, Object(Config\Cache), false)
 9 FCPATH\index.php(67): CodeIgniter\CodeIgniter->run()
10 SYSTEMPATH\Commands\Server\rewrite.php(43): require_once('FCPATH\\index.php')
CRITICAL - 2022-09-07 21:40:14 --> syntax error, unexpected variable "$id_user"
in APPPATH\Controllers\User.php on line 36.
 1 SYSTEMPATH\Router\Router.php(499): CodeIgniter\Router\AutoRouter->getRoute('user')
 2 SYSTEMPATH\Router\Router.php(205): CodeIgniter\Router\Router->autoRoute('user')
 3 SYSTEMPATH\CodeIgniter.php(779): CodeIgniter\Router\Router->handle('user')
 4 SYSTEMPATH\CodeIgniter.php(406): CodeIgniter\CodeIgniter->tryToRouteIt(Object(CodeIgniter\Router\RouteCollection))
 5 SYSTEMPATH\CodeIgniter.php(340): CodeIgniter\CodeIgniter->handleRequest(null, Object(Config\Cache), false)
 6 FCPATH\index.php(67): CodeIgniter\CodeIgniter->run()
 7 SYSTEMPATH\Commands\Server\rewrite.php(43): require_once('FCPATH\\index.php')
ERROR - 2022-09-07 21:44:09 --> mysqli_sql_exception: You have an error in your SQL syntax; check the manual that corresponds to your MariaDB server version for the right syntax to use near 'where YEAR(submit_date) = '2022' order by abstrak.abs_id ASC' at line 5 in C:\xampp\htdocs\isceeradmin\system\Database\MySQLi\Connection.php:292
Stack trace:
#0 C:\xampp\htdocs\isceeradmin\system\Database\MySQLi\Connection.php(292): mysqli->query('SELECT abstrak....', 0)
#1 C:\xampp\htdocs\isceeradmin\system\Database\BaseConnection.php(693): CodeIgniter\Database\MySQLi\Connection->execute('SELECT abstrak....')
#2 C:\xampp\htdocs\isceeradmin\system\Database\BaseConnection.php(620): CodeIgniter\Database\BaseConnection->simpleQuery('SELECT abstrak....')
#3 C:\xampp\htdocs\isceeradmin\system\Model.php(767): CodeIgniter\Database\BaseConnection->query('SELECT abstrak....')
#4 C:\xampp\htdocs\isceeradmin\app\Controllers\User.php(42): CodeIgniter\Model->__call('query', Array)
#5 C:\xampp\htdocs\isceeradmin\system\CodeIgniter.php(904): App\Controllers\User->index()
#6 C:\xampp\htdocs\isceeradmin\system\CodeIgniter.php(457): CodeIgniter\CodeIgniter->runController(Object(App\Controllers\User))
#7 C:\xampp\htdocs\isceeradmin\system\CodeIgniter.php(340): CodeIgniter\CodeIgniter->handleRequest(NULL, Object(Config\Cache), false)
#8 C:\xampp\htdocs\isceeradmin\public\index.php(67): CodeIgniter\CodeIgniter->run()
#9 C:\xampp\htdocs\isceeradmin\system\Commands\Server\rewrite.php(43): require_once('C:\\xampp\\htdocs...')
#10 {main}
CRITICAL - 2022-09-07 21:44:09 --> You have an error in your SQL syntax; check the manual that corresponds to your MariaDB server version for the right syntax to use near 'where YEAR(submit_date) = '2022' order by abstrak.abs_id ASC' at line 5
in SYSTEMPATH\Database\MySQLi\Connection.php on line 292.
 1 SYSTEMPATH\Database\MySQLi\Connection.php(292): mysqli->query('SELECT abstrak.abs_id, judul, penulis, afiliasi, abstrak.id_scope, scope, keyword, abstrak, presenter,
        decision, notes, notes_revised, user.id_user, nama, abstrak.status, submit_date, uniqid, paper_id, file_fp,
        update_date FROM abstrak join scope on scope.id_scope=abstrak.id_scope join user on user.id_user=abstrak.id_user
        inner join full_paper on abstrak.abs_id=full_paper.abs_id inner join revised_paper on revised_paper.abs_id=abstrak.abs_id 
        where abstrak.id_user = \'16\' where YEAR(submit_date) = \'2022\' order by abstrak.abs_id ASC', 0)
 2 SYSTEMPATH\Database\BaseConnection.php(693): CodeIgniter\Database\MySQLi\Connection->execute('SELECT abstrak.abs_id, judul, penulis, afiliasi, abstrak.id_scope, scope, keyword, abstrak, presenter,
        decision, notes, notes_revised, user.id_user, nama, abstrak.status, submit_date, uniqid, paper_id, file_fp,
        update_date FROM abstrak join scope on scope.id_scope=abstrak.id_scope join user on user.id_user=abstrak.id_user
        inner join full_paper on abstrak.abs_id=full_paper.abs_id inner join revised_paper on revised_paper.abs_id=abstrak.abs_id 
        where abstrak.id_user = \'16\' where YEAR(submit_date) = \'2022\' order by abstrak.abs_id ASC')
 3 SYSTEMPATH\Database\BaseConnection.php(620): CodeIgniter\Database\BaseConnection->simpleQuery('SELECT abstrak.abs_id, judul, penulis, afiliasi, abstrak.id_scope, scope, keyword, abstrak, presenter,
        decision, notes, notes_revised, user.id_user, nama, abstrak.status, submit_date, uniqid, paper_id, file_fp,
        update_date FROM abstrak join scope on scope.id_scope=abstrak.id_scope join user on user.id_user=abstrak.id_user
        inner join full_paper on abstrak.abs_id=full_paper.abs_id inner join revised_paper on revised_paper.abs_id=abstrak.abs_id 
        where abstrak.id_user = \'16\' where YEAR(submit_date) = \'2022\' order by abstrak.abs_id ASC')
 4 SYSTEMPATH\Model.php(767): CodeIgniter\Database\BaseConnection->query('SELECT abstrak.abs_id, judul, penulis, afiliasi, abstrak.id_scope, scope, keyword, abstrak, presenter,
        decision, notes, notes_revised, user.id_user, nama, abstrak.status, submit_date, uniqid, paper_id, file_fp,
        update_date FROM abstrak join scope on scope.id_scope=abstrak.id_scope join user on user.id_user=abstrak.id_user
        inner join full_paper on abstrak.abs_id=full_paper.abs_id inner join revised_paper on revised_paper.abs_id=abstrak.abs_id 
        where abstrak.id_user = \'16\' where YEAR(submit_date) = \'2022\' order by abstrak.abs_id ASC')
 5 APPPATH\Controllers\User.php(42): CodeIgniter\Model->__call('query', [...])
 6 SYSTEMPATH\CodeIgniter.php(904): App\Controllers\User->index()
 7 SYSTEMPATH\CodeIgniter.php(457): CodeIgniter\CodeIgniter->runController(Object(App\Controllers\User))
 8 SYSTEMPATH\CodeIgniter.php(340): CodeIgniter\CodeIgniter->handleRequest(null, Object(Config\Cache), false)
 9 FCPATH\index.php(67): CodeIgniter\CodeIgniter->run()
10 SYSTEMPATH\Commands\Server\rewrite.php(43): require_once('FCPATH\\index.php')
CRITICAL - 2022-09-07 23:41:49 --> Undefined variable $namaadmin
in APPPATH\Views\admin\index.php on line 9.
 1 APPPATH\Views\admin\index.php(9): CodeIgniter\Debug\Exceptions->errorHandler(2, 'Undefined variable $namaadmin', 'APPPATH\\Views\\admin\\index.php', 9)
 2 SYSTEMPATH\View\View.php(213): include('APPPATH\\Views\\admin\\index.php')
 3 SYSTEMPATH\View\View.php(216): CodeIgniter\View\View->CodeIgniter\View\{closure}()
 4 SYSTEMPATH\Common.php(1137): CodeIgniter\View\View->render('admin/index', [], true)
 5 APPPATH\Controllers\Admin.php(27): view('admin/index', [...])
 6 SYSTEMPATH\CodeIgniter.php(904): App\Controllers\Admin->index()
 7 SYSTEMPATH\CodeIgniter.php(457): CodeIgniter\CodeIgniter->runController(Object(App\Controllers\Admin))
 8 SYSTEMPATH\CodeIgniter.php(340): CodeIgniter\CodeIgniter->handleRequest(null, Object(Config\Cache), false)
 9 FCPATH\index.php(67): CodeIgniter\CodeIgniter->run()
10 SYSTEMPATH\Commands\Server\rewrite.php(43): require_once('FCPATH\\index.php')
