ERROR - 2022-09-01 20:34:47 --> mysqli_sql_exception: Column 'id_scope' in field list is ambiguous in C:\xampp\htdocs\isceeradmin\system\Database\MySQLi\Connection.php:292
Stack trace:
#0 C:\xampp\htdocs\isceeradmin\system\Database\MySQLi\Connection.php(292): mysqli->query('SELECT `abs_id`...', 0)
#1 C:\xampp\htdocs\isceeradmin\system\Database\BaseConnection.php(693): CodeIgniter\Database\MySQLi\Connection->execute('SELECT `abs_id`...')
#2 C:\xampp\htdocs\isceeradmin\system\Database\BaseConnection.php(620): CodeIgniter\Database\BaseConnection->simpleQuery('SELECT `abs_id`...')
#3 C:\xampp\htdocs\isceeradmin\system\Database\BaseBuilder.php(1585): CodeIgniter\Database\BaseConnection->query('SELECT `abs_id`...', Array, false)
#4 C:\xampp\htdocs\isceeradmin\system\Model.php(771): CodeIgniter\Database\BaseBuilder->get()
#5 C:\xampp\htdocs\isceeradmin\app\Controllers\User.php(35): CodeIgniter\Model->__call('get', Array)
#6 C:\xampp\htdocs\isceeradmin\system\CodeIgniter.php(904): App\Controllers\User->index()
#7 C:\xampp\htdocs\isceeradmin\system\CodeIgniter.php(457): CodeIgniter\CodeIgniter->runController(Object(App\Controllers\User))
#8 C:\xampp\htdocs\isceeradmin\system\CodeIgniter.php(340): CodeIgniter\CodeIgniter->handleRequest(NULL, Object(Config\Cache), false)
#9 C:\xampp\htdocs\isceeradmin\public\index.php(67): CodeIgniter\CodeIgniter->run()
#10 C:\xampp\htdocs\isceeradmin\system\Commands\Server\rewrite.php(43): require_once('C:\\xampp\\htdocs...')
#11 {main}
CRITICAL - 2022-09-01 20:34:47 --> Column 'id_scope' in field list is ambiguous
in SYSTEMPATH\Database\MySQLi\Connection.php on line 292.
 1 SYSTEMPATH\Database\MySQLi\Connection.php(292): mysqli->query('SELECT `abs_id`, `judul`, `penulis`, `afiliasi`, `id_scope`, `scope`, `keyword`, `abstrak`, `presenter`, `type`, `id_user`, `nama`, `submit_date`, `update_date`
FROM `abstrak`
JOIN `scope` ON `scope`.`id_scope`=`abstrak`.`id_scope`
JOIN `user` ON `user`.`id_user`=`abstrak`.`id_user`
WHERE `id_user` IS NULL', 0)
 2 SYSTEMPATH\Database\BaseConnection.php(693): CodeIgniter\Database\MySQLi\Connection->execute('SELECT `abs_id`, `judul`, `penulis`, `afiliasi`, `id_scope`, `scope`, `keyword`, `abstrak`, `presenter`, `type`, `id_user`, `nama`, `submit_date`, `update_date`
FROM `abstrak`
JOIN `scope` ON `scope`.`id_scope`=`abstrak`.`id_scope`
JOIN `user` ON `user`.`id_user`=`abstrak`.`id_user`
WHERE `id_user` IS NULL')
 3 SYSTEMPATH\Database\BaseConnection.php(620): CodeIgniter\Database\BaseConnection->simpleQuery('SELECT `abs_id`, `judul`, `penulis`, `afiliasi`, `id_scope`, `scope`, `keyword`, `abstrak`, `presenter`, `type`, `id_user`, `nama`, `submit_date`, `update_date`
FROM `abstrak`
JOIN `scope` ON `scope`.`id_scope`=`abstrak`.`id_scope`
JOIN `user` ON `user`.`id_user`=`abstrak`.`id_user`
WHERE `id_user` IS NULL')
 4 SYSTEMPATH\Database\BaseBuilder.php(1585): CodeIgniter\Database\BaseConnection->query('SELECT `abs_id`, `judul`, `penulis`, `afiliasi`, `id_scope`, `scope`, `keyword`, `abstrak`, `presenter`, `type`, `id_user`, `nama`, `submit_date`, `update_date`
FROM `abstrak`
JOIN `scope` ON `scope`.`id_scope`=`abstrak`.`id_scope`
JOIN `user` ON `user`.`id_user`=`abstrak`.`id_user`
WHERE `id_user` IS NULL', [], false)
 5 SYSTEMPATH\Model.php(771): CodeIgniter\Database\BaseBuilder->get()
 6 APPPATH\Controllers\User.php(35): CodeIgniter\Model->__call('get', [])
 7 SYSTEMPATH\CodeIgniter.php(904): App\Controllers\User->index()
 8 SYSTEMPATH\CodeIgniter.php(457): CodeIgniter\CodeIgniter->runController(Object(App\Controllers\User))
 9 SYSTEMPATH\CodeIgniter.php(340): CodeIgniter\CodeIgniter->handleRequest(null, Object(Config\Cache), false)
10 FCPATH\index.php(67): CodeIgniter\CodeIgniter->run()
11 SYSTEMPATH\Commands\Server\rewrite.php(43): require_once('FCPATH\\index.php')
ERROR - 2022-09-01 20:35:01 --> mysqli_sql_exception: Column 'id_user' in where clause is ambiguous in C:\xampp\htdocs\isceeradmin\system\Database\MySQLi\Connection.php:292
Stack trace:
#0 C:\xampp\htdocs\isceeradmin\system\Database\MySQLi\Connection.php(292): mysqli->query('SELECT `abs_id`...', 0)
#1 C:\xampp\htdocs\isceeradmin\system\Database\BaseConnection.php(693): CodeIgniter\Database\MySQLi\Connection->execute('SELECT `abs_id`...')
#2 C:\xampp\htdocs\isceeradmin\system\Database\BaseConnection.php(620): CodeIgniter\Database\BaseConnection->simpleQuery('SELECT `abs_id`...')
#3 C:\xampp\htdocs\isceeradmin\system\Database\BaseBuilder.php(1585): CodeIgniter\Database\BaseConnection->query('SELECT `abs_id`...', Array, false)
#4 C:\xampp\htdocs\isceeradmin\system\Model.php(771): CodeIgniter\Database\BaseBuilder->get()
#5 C:\xampp\htdocs\isceeradmin\app\Controllers\User.php(35): CodeIgniter\Model->__call('get', Array)
#6 C:\xampp\htdocs\isceeradmin\system\CodeIgniter.php(904): App\Controllers\User->index()
#7 C:\xampp\htdocs\isceeradmin\system\CodeIgniter.php(457): CodeIgniter\CodeIgniter->runController(Object(App\Controllers\User))
#8 C:\xampp\htdocs\isceeradmin\system\CodeIgniter.php(340): CodeIgniter\CodeIgniter->handleRequest(NULL, Object(Config\Cache), false)
#9 C:\xampp\htdocs\isceeradmin\public\index.php(67): CodeIgniter\CodeIgniter->run()
#10 C:\xampp\htdocs\isceeradmin\system\Commands\Server\rewrite.php(43): require_once('C:\\xampp\\htdocs...')
#11 {main}
CRITICAL - 2022-09-01 20:35:01 --> Column 'id_user' in where clause is ambiguous
in SYSTEMPATH\Database\MySQLi\Connection.php on line 292.
 1 SYSTEMPATH\Database\MySQLi\Connection.php(292): mysqli->query('SELECT `abs_id`, `judul`, `penulis`, `afiliasi`, `abstrak`.`id_scope`, `scope`, `keyword`, `abstrak`, `presenter`, `type`, `user`.`id_user`, `nama`, `submit_date`, `update_date`
FROM `abstrak`
JOIN `scope` ON `scope`.`id_scope`=`abstrak`.`id_scope`
JOIN `user` ON `user`.`id_user`=`abstrak`.`id_user`
WHERE `id_user` IS NULL', 0)
 2 SYSTEMPATH\Database\BaseConnection.php(693): CodeIgniter\Database\MySQLi\Connection->execute('SELECT `abs_id`, `judul`, `penulis`, `afiliasi`, `abstrak`.`id_scope`, `scope`, `keyword`, `abstrak`, `presenter`, `type`, `user`.`id_user`, `nama`, `submit_date`, `update_date`
FROM `abstrak`
JOIN `scope` ON `scope`.`id_scope`=`abstrak`.`id_scope`
JOIN `user` ON `user`.`id_user`=`abstrak`.`id_user`
WHERE `id_user` IS NULL')
 3 SYSTEMPATH\Database\BaseConnection.php(620): CodeIgniter\Database\BaseConnection->simpleQuery('SELECT `abs_id`, `judul`, `penulis`, `afiliasi`, `abstrak`.`id_scope`, `scope`, `keyword`, `abstrak`, `presenter`, `type`, `user`.`id_user`, `nama`, `submit_date`, `update_date`
FROM `abstrak`
JOIN `scope` ON `scope`.`id_scope`=`abstrak`.`id_scope`
JOIN `user` ON `user`.`id_user`=`abstrak`.`id_user`
WHERE `id_user` IS NULL')
 4 SYSTEMPATH\Database\BaseBuilder.php(1585): CodeIgniter\Database\BaseConnection->query('SELECT `abs_id`, `judul`, `penulis`, `afiliasi`, `abstrak`.`id_scope`, `scope`, `keyword`, `abstrak`, `presenter`, `type`, `user`.`id_user`, `nama`, `submit_date`, `update_date`
FROM `abstrak`
JOIN `scope` ON `scope`.`id_scope`=`abstrak`.`id_scope`
JOIN `user` ON `user`.`id_user`=`abstrak`.`id_user`
WHERE `id_user` IS NULL', [], false)
 5 SYSTEMPATH\Model.php(771): CodeIgniter\Database\BaseBuilder->get()
 6 APPPATH\Controllers\User.php(35): CodeIgniter\Model->__call('get', [])
 7 SYSTEMPATH\CodeIgniter.php(904): App\Controllers\User->index()
 8 SYSTEMPATH\CodeIgniter.php(457): CodeIgniter\CodeIgniter->runController(Object(App\Controllers\User))
 9 SYSTEMPATH\CodeIgniter.php(340): CodeIgniter\CodeIgniter->handleRequest(null, Object(Config\Cache), false)
10 FCPATH\index.php(67): CodeIgniter\CodeIgniter->run()
11 SYSTEMPATH\Commands\Server\rewrite.php(43): require_once('FCPATH\\index.php')
CRITICAL - 2022-09-01 20:35:15 --> Cannot use object of type mysqli as array
in APPPATH\Views\user\index.php on line 50.
 1 SYSTEMPATH\View\View.php(213): include()
 2 SYSTEMPATH\View\View.php(216): CodeIgniter\View\View->CodeIgniter\View\{closure}()
 3 SYSTEMPATH\Common.php(1137): CodeIgniter\View\View->render('user/index', [], true)
 4 APPPATH\Controllers\User.php(40): view('user/index', [...])
 5 SYSTEMPATH\CodeIgniter.php(904): App\Controllers\User->index()
 6 SYSTEMPATH\CodeIgniter.php(457): CodeIgniter\CodeIgniter->runController(Object(App\Controllers\User))
 7 SYSTEMPATH\CodeIgniter.php(340): CodeIgniter\CodeIgniter->handleRequest(null, Object(Config\Cache), false)
 8 FCPATH\index.php(67): CodeIgniter\CodeIgniter->run()
 9 SYSTEMPATH\Commands\Server\rewrite.php(43): require_once('FCPATH\\index.php')
CRITICAL - 2022-09-01 20:37:55 --> Call to undefined method App\Models\AbstrakModel::getResultArray
in SYSTEMPATH\Model.php on line 773.
 1 APPPATH\Controllers\User.php(36): CodeIgniter\Model->__call('getResultArray', [])
 2 SYSTEMPATH\CodeIgniter.php(904): App\Controllers\User->index()
 3 SYSTEMPATH\CodeIgniter.php(457): CodeIgniter\CodeIgniter->runController(Object(App\Controllers\User))
 4 SYSTEMPATH\CodeIgniter.php(340): CodeIgniter\CodeIgniter->handleRequest(null, Object(Config\Cache), false)
 5 FCPATH\index.php(67): CodeIgniter\CodeIgniter->run()
 6 SYSTEMPATH\Commands\Server\rewrite.php(43): require_once('FCPATH\\index.php')
ERROR - 2022-09-01 20:39:32 --> mysqli_sql_exception: Column 'status' in field list is ambiguous in C:\xampp\htdocs\isceeradmin\system\Database\MySQLi\Connection.php:292
Stack trace:
#0 C:\xampp\htdocs\isceeradmin\system\Database\MySQLi\Connection.php(292): mysqli->query('SELECT `abs_id`...', 0)
#1 C:\xampp\htdocs\isceeradmin\system\Database\BaseConnection.php(693): CodeIgniter\Database\MySQLi\Connection->execute('SELECT `abs_id`...')
#2 C:\xampp\htdocs\isceeradmin\system\Database\BaseConnection.php(620): CodeIgniter\Database\BaseConnection->simpleQuery('SELECT `abs_id`...')
#3 C:\xampp\htdocs\isceeradmin\system\Database\BaseBuilder.php(1585): CodeIgniter\Database\BaseConnection->query('SELECT `abs_id`...', Array, false)
#4 C:\xampp\htdocs\isceeradmin\system\Model.php(771): CodeIgniter\Database\BaseBuilder->get()
#5 C:\xampp\htdocs\isceeradmin\app\Controllers\User.php(36): CodeIgniter\Model->__call('get', Array)
#6 C:\xampp\htdocs\isceeradmin\system\CodeIgniter.php(904): App\Controllers\User->index()
#7 C:\xampp\htdocs\isceeradmin\system\CodeIgniter.php(457): CodeIgniter\CodeIgniter->runController(Object(App\Controllers\User))
#8 C:\xampp\htdocs\isceeradmin\system\CodeIgniter.php(340): CodeIgniter\CodeIgniter->handleRequest(NULL, Object(Config\Cache), false)
#9 C:\xampp\htdocs\isceeradmin\public\index.php(67): CodeIgniter\CodeIgniter->run()
#10 C:\xampp\htdocs\isceeradmin\system\Commands\Server\rewrite.php(43): require_once('C:\\xampp\\htdocs...')
#11 {main}
CRITICAL - 2022-09-01 20:39:32 --> Column 'status' in field list is ambiguous
in SYSTEMPATH\Database\MySQLi\Connection.php on line 292.
 1 SYSTEMPATH\Database\MySQLi\Connection.php(292): mysqli->query('SELECT `abs_id`, `judul`, `penulis`, `afiliasi`, `abstrak`.`id_scope`, `scope`, `keyword`, `abstrak`, `presenter`, `type`, `user`.`id_user`, `nama`, `status`, `submit_date`, `update_date`
FROM `abstrak`
JOIN `scope` ON `scope`.`id_scope`=`abstrak`.`id_scope`
JOIN `user` ON `user`.`id_user`=`abstrak`.`id_user`
WHERE `abstrak`.`id_user` IS NULL', 0)
 2 SYSTEMPATH\Database\BaseConnection.php(693): CodeIgniter\Database\MySQLi\Connection->execute('SELECT `abs_id`, `judul`, `penulis`, `afiliasi`, `abstrak`.`id_scope`, `scope`, `keyword`, `abstrak`, `presenter`, `type`, `user`.`id_user`, `nama`, `status`, `submit_date`, `update_date`
FROM `abstrak`
JOIN `scope` ON `scope`.`id_scope`=`abstrak`.`id_scope`
JOIN `user` ON `user`.`id_user`=`abstrak`.`id_user`
WHERE `abstrak`.`id_user` IS NULL')
 3 SYSTEMPATH\Database\BaseConnection.php(620): CodeIgniter\Database\BaseConnection->simpleQuery('SELECT `abs_id`, `judul`, `penulis`, `afiliasi`, `abstrak`.`id_scope`, `scope`, `keyword`, `abstrak`, `presenter`, `type`, `user`.`id_user`, `nama`, `status`, `submit_date`, `update_date`
FROM `abstrak`
JOIN `scope` ON `scope`.`id_scope`=`abstrak`.`id_scope`
JOIN `user` ON `user`.`id_user`=`abstrak`.`id_user`
WHERE `abstrak`.`id_user` IS NULL')
 4 SYSTEMPATH\Database\BaseBuilder.php(1585): CodeIgniter\Database\BaseConnection->query('SELECT `abs_id`, `judul`, `penulis`, `afiliasi`, `abstrak`.`id_scope`, `scope`, `keyword`, `abstrak`, `presenter`, `type`, `user`.`id_user`, `nama`, `status`, `submit_date`, `update_date`
FROM `abstrak`
JOIN `scope` ON `scope`.`id_scope`=`abstrak`.`id_scope`
JOIN `user` ON `user`.`id_user`=`abstrak`.`id_user`
WHERE `abstrak`.`id_user` IS NULL', [], false)
 5 SYSTEMPATH\Model.php(771): CodeIgniter\Database\BaseBuilder->get()
 6 APPPATH\Controllers\User.php(36): CodeIgniter\Model->__call('get', [])
 7 SYSTEMPATH\CodeIgniter.php(904): App\Controllers\User->index()
 8 SYSTEMPATH\CodeIgniter.php(457): CodeIgniter\CodeIgniter->runController(Object(App\Controllers\User))
 9 SYSTEMPATH\CodeIgniter.php(340): CodeIgniter\CodeIgniter->handleRequest(null, Object(Config\Cache), false)
10 FCPATH\index.php(67): CodeIgniter\CodeIgniter->run()
11 SYSTEMPATH\Commands\Server\rewrite.php(43): require_once('FCPATH\\index.php')
