CRITICAL - 2022-09-06 02:46:05 --> syntax error, unexpected token "<"
in APPPATH\Views\user\summary.php on line 65.
 1 SYSTEMPATH\View\View.php(216): CodeIgniter\View\View->CodeIgniter\View\{closure}()
 2 SYSTEMPATH\Common.php(1137): CodeIgniter\View\View->render('user/summary', [], true)
 3 APPPATH\Controllers\User.php(226): view('user/summary', [...])
 4 SYSTEMPATH\CodeIgniter.php(904): App\Controllers\User->summary()
 5 SYSTEMPATH\CodeIgniter.php(457): CodeIgniter\CodeIgniter->runController(Object(App\Controllers\User))
 6 SYSTEMPATH\CodeIgniter.php(340): CodeIgniter\CodeIgniter->handleRequest(null, Object(Config\Cache), false)
 7 FCPATH\index.php(67): CodeIgniter\CodeIgniter->run()
 8 SYSTEMPATH\Commands\Server\rewrite.php(43): require_once('FCPATH\\index.php')
CRITICAL - 2022-09-06 02:46:14 --> Undefined array key "payment_status"
in APPPATH\Views\user\summary.php on line 59.
 1 APPPATH\Views\user\summary.php(59): CodeIgniter\Debug\Exceptions->errorHandler(2, 'Undefined array key "payment_status"', 'APPPATH\\Views\\user\\summary.php', 59)
 2 SYSTEMPATH\View\View.php(213): include('APPPATH\\Views\\user\\summary.php')
 3 SYSTEMPATH\View\View.php(216): CodeIgniter\View\View->CodeIgniter\View\{closure}()
 4 SYSTEMPATH\Common.php(1137): CodeIgniter\View\View->render('user/summary', [], true)
 5 APPPATH\Controllers\User.php(226): view('user/summary', [...])
 6 SYSTEMPATH\CodeIgniter.php(904): App\Controllers\User->summary()
 7 SYSTEMPATH\CodeIgniter.php(457): CodeIgniter\CodeIgniter->runController(Object(App\Controllers\User))
 8 SYSTEMPATH\CodeIgniter.php(340): CodeIgniter\CodeIgniter->handleRequest(null, Object(Config\Cache), false)
 9 FCPATH\index.php(67): CodeIgniter\CodeIgniter->run()
10 SYSTEMPATH\Commands\Server\rewrite.php(43): require_once('FCPATH\\index.php')
CRITICAL - 2022-09-06 22:28:58 --> Undefined array key "decision"
in APPPATH\Views\user\index.php on line 251.
 1 APPPATH\Views\user\index.php(251): CodeIgniter\Debug\Exceptions->errorHandler(2, 'Undefined array key "decision"', 'APPPATH\\Views\\user\\index.php', 251)
 2 SYSTEMPATH\View\View.php(213): include('APPPATH\\Views\\user\\index.php')
 3 SYSTEMPATH\View\View.php(216): CodeIgniter\View\View->CodeIgniter\View\{closure}()
 4 SYSTEMPATH\Common.php(1137): CodeIgniter\View\View->render('user/index', [], true)
 5 APPPATH\Controllers\User.php(61): view('user/index', [...])
 6 SYSTEMPATH\CodeIgniter.php(904): App\Controllers\User->index()
 7 SYSTEMPATH\CodeIgniter.php(457): CodeIgniter\CodeIgniter->runController(Object(App\Controllers\User))
 8 SYSTEMPATH\CodeIgniter.php(340): CodeIgniter\CodeIgniter->handleRequest(null, Object(Config\Cache), false)
 9 FCPATH\index.php(67): CodeIgniter\CodeIgniter->run()
10 SYSTEMPATH\Commands\Server\rewrite.php(43): require_once('FCPATH\\index.php')
ERROR - 2022-09-06 22:43:55 --> mysqli_sql_exception: Unknown column 'notes_revised' in 'field list' in C:\xampp\htdocs\isceeradmin\system\Database\MySQLi\Connection.php:292
Stack trace:
#0 C:\xampp\htdocs\isceeradmin\system\Database\MySQLi\Connection.php(292): mysqli->query('SELECT `abstrak...', 0)
#1 C:\xampp\htdocs\isceeradmin\system\Database\BaseConnection.php(693): CodeIgniter\Database\MySQLi\Connection->execute('SELECT `abstrak...')
#2 C:\xampp\htdocs\isceeradmin\system\Database\BaseConnection.php(620): CodeIgniter\Database\BaseConnection->simpleQuery('SELECT `abstrak...')
#3 C:\xampp\htdocs\isceeradmin\system\Database\BaseBuilder.php(1585): CodeIgniter\Database\BaseConnection->query('SELECT `abstrak...', Array, false)
#4 C:\xampp\htdocs\isceeradmin\system\Model.php(771): CodeIgniter\Database\BaseBuilder->get()
#5 C:\xampp\htdocs\isceeradmin\app\Controllers\User.php(56): CodeIgniter\Model->__call('get', Array)
#6 C:\xampp\htdocs\isceeradmin\system\CodeIgniter.php(904): App\Controllers\User->index()
#7 C:\xampp\htdocs\isceeradmin\system\CodeIgniter.php(457): CodeIgniter\CodeIgniter->runController(Object(App\Controllers\User))
#8 C:\xampp\htdocs\isceeradmin\system\CodeIgniter.php(340): CodeIgniter\CodeIgniter->handleRequest(NULL, Object(Config\Cache), false)
#9 C:\xampp\htdocs\isceeradmin\public\index.php(67): CodeIgniter\CodeIgniter->run()
#10 C:\xampp\htdocs\isceeradmin\system\Commands\Server\rewrite.php(43): require_once('C:\\xampp\\htdocs...')
#11 {main}
CRITICAL - 2022-09-06 22:43:55 --> Unknown column 'notes_revised' in 'field list'
in SYSTEMPATH\Database\MySQLi\Connection.php on line 292.
 1 SYSTEMPATH\Database\MySQLi\Connection.php(292): mysqli->query('SELECT `abstrak`.`abs_id`, `judul`, `penulis`, `afiliasi`, `abstrak`.`id_scope`, `scope`, `keyword`, `abstrak`, `presenter`, `decision`, `notes`, `notes_revised`, `type`, `user`.`id_user`, `nama`, `abstrak`.`status`, `submit_date`, `uniqid`, `paper_id`, `file_fp`, `update_date`
FROM `abstrak`
JOIN `scope` ON `scope`.`id_scope`=`abstrak`.`id_scope`
JOIN `user` ON `user`.`id_user`=`abstrak`.`id_user`
JOIN `full_paper` ON `full_paper`.`abs_id`=`abstrak`.`abs_id`
WHERE `abstrak`.`id_user` = \'16\'', 0)
 2 SYSTEMPATH\Database\BaseConnection.php(693): CodeIgniter\Database\MySQLi\Connection->execute('SELECT `abstrak`.`abs_id`, `judul`, `penulis`, `afiliasi`, `abstrak`.`id_scope`, `scope`, `keyword`, `abstrak`, `presenter`, `decision`, `notes`, `notes_revised`, `type`, `user`.`id_user`, `nama`, `abstrak`.`status`, `submit_date`, `uniqid`, `paper_id`, `file_fp`, `update_date`
FROM `abstrak`
JOIN `scope` ON `scope`.`id_scope`=`abstrak`.`id_scope`
JOIN `user` ON `user`.`id_user`=`abstrak`.`id_user`
JOIN `full_paper` ON `full_paper`.`abs_id`=`abstrak`.`abs_id`
WHERE `abstrak`.`id_user` = \'16\'')
 3 SYSTEMPATH\Database\BaseConnection.php(620): CodeIgniter\Database\BaseConnection->simpleQuery('SELECT `abstrak`.`abs_id`, `judul`, `penulis`, `afiliasi`, `abstrak`.`id_scope`, `scope`, `keyword`, `abstrak`, `presenter`, `decision`, `notes`, `notes_revised`, `type`, `user`.`id_user`, `nama`, `abstrak`.`status`, `submit_date`, `uniqid`, `paper_id`, `file_fp`, `update_date`
FROM `abstrak`
JOIN `scope` ON `scope`.`id_scope`=`abstrak`.`id_scope`
JOIN `user` ON `user`.`id_user`=`abstrak`.`id_user`
JOIN `full_paper` ON `full_paper`.`abs_id`=`abstrak`.`abs_id`
WHERE `abstrak`.`id_user` = \'16\'')
 4 SYSTEMPATH\Database\BaseBuilder.php(1585): CodeIgniter\Database\BaseConnection->query('SELECT `abstrak`.`abs_id`, `judul`, `penulis`, `afiliasi`, `abstrak`.`id_scope`, `scope`, `keyword`, `abstrak`, `presenter`, `decision`, `notes`, `notes_revised`, `type`, `user`.`id_user`, `nama`, `abstrak`.`status`, `submit_date`, `uniqid`, `paper_id`, `file_fp`, `update_date`
FROM `abstrak`
JOIN `scope` ON `scope`.`id_scope`=`abstrak`.`id_scope`
JOIN `user` ON `user`.`id_user`=`abstrak`.`id_user`
JOIN `full_paper` ON `full_paper`.`abs_id`=`abstrak`.`abs_id`
WHERE `abstrak`.`id_user` = :abstrak.id_user:', [...], false)
 5 SYSTEMPATH\Model.php(771): CodeIgniter\Database\BaseBuilder->get()
 6 APPPATH\Controllers\User.php(56): CodeIgniter\Model->__call('get', [])
 7 SYSTEMPATH\CodeIgniter.php(904): App\Controllers\User->index()
 8 SYSTEMPATH\CodeIgniter.php(457): CodeIgniter\CodeIgniter->runController(Object(App\Controllers\User))
 9 SYSTEMPATH\CodeIgniter.php(340): CodeIgniter\CodeIgniter->handleRequest(null, Object(Config\Cache), false)
10 FCPATH\index.php(67): CodeIgniter\CodeIgniter->run()
11 SYSTEMPATH\Commands\Server\rewrite.php(43): require_once('FCPATH\\index.php')
ERROR - 2022-09-06 22:44:34 --> mysqli_sql_exception: Unknown column 'notes_revised' in 'field list' in C:\xampp\htdocs\isceeradmin\system\Database\MySQLi\Connection.php:292
Stack trace:
#0 C:\xampp\htdocs\isceeradmin\system\Database\MySQLi\Connection.php(292): mysqli->query('SELECT `abstrak...', 0)
#1 C:\xampp\htdocs\isceeradmin\system\Database\BaseConnection.php(693): CodeIgniter\Database\MySQLi\Connection->execute('SELECT `abstrak...')
#2 C:\xampp\htdocs\isceeradmin\system\Database\BaseConnection.php(620): CodeIgniter\Database\BaseConnection->simpleQuery('SELECT `abstrak...')
#3 C:\xampp\htdocs\isceeradmin\system\Database\BaseBuilder.php(1585): CodeIgniter\Database\BaseConnection->query('SELECT `abstrak...', Array, false)
#4 C:\xampp\htdocs\isceeradmin\system\Model.php(771): CodeIgniter\Database\BaseBuilder->get()
#5 C:\xampp\htdocs\isceeradmin\app\Controllers\User.php(56): CodeIgniter\Model->__call('get', Array)
#6 C:\xampp\htdocs\isceeradmin\system\CodeIgniter.php(904): App\Controllers\User->index()
#7 C:\xampp\htdocs\isceeradmin\system\CodeIgniter.php(457): CodeIgniter\CodeIgniter->runController(Object(App\Controllers\User))
#8 C:\xampp\htdocs\isceeradmin\system\CodeIgniter.php(340): CodeIgniter\CodeIgniter->handleRequest(NULL, Object(Config\Cache), false)
#9 C:\xampp\htdocs\isceeradmin\public\index.php(67): CodeIgniter\CodeIgniter->run()
#10 C:\xampp\htdocs\isceeradmin\system\Commands\Server\rewrite.php(43): require_once('C:\\xampp\\htdocs...')
#11 {main}
CRITICAL - 2022-09-06 22:44:34 --> Unknown column 'notes_revised' in 'field list'
in SYSTEMPATH\Database\MySQLi\Connection.php on line 292.
 1 SYSTEMPATH\Database\MySQLi\Connection.php(292): mysqli->query('SELECT `abstrak`.`abs_id`, `judul`, `penulis`, `afiliasi`, `abstrak`.`id_scope`, `scope`, `keyword`, `abstrak`, `presenter`, `decision`, `notes`, `notes_revised`, `type`, `user`.`id_user`, `nama`, `abstrak`.`status`, `submit_date`, `uniqid`, `paper_id`, `file_fp`, `update_date`
FROM `abstrak`
JOIN `scope` ON `scope`.`id_scope`=`abstrak`.`id_scope`
JOIN `user` ON `user`.`id_user`=`abstrak`.`id_user`
JOIN `full_paper` ON `full_paper`.`abs_id`=`abstrak`.`abs_id`
WHERE `abstrak`.`id_user` = \'16\'', 0)
 2 SYSTEMPATH\Database\BaseConnection.php(693): CodeIgniter\Database\MySQLi\Connection->execute('SELECT `abstrak`.`abs_id`, `judul`, `penulis`, `afiliasi`, `abstrak`.`id_scope`, `scope`, `keyword`, `abstrak`, `presenter`, `decision`, `notes`, `notes_revised`, `type`, `user`.`id_user`, `nama`, `abstrak`.`status`, `submit_date`, `uniqid`, `paper_id`, `file_fp`, `update_date`
FROM `abstrak`
JOIN `scope` ON `scope`.`id_scope`=`abstrak`.`id_scope`
JOIN `user` ON `user`.`id_user`=`abstrak`.`id_user`
JOIN `full_paper` ON `full_paper`.`abs_id`=`abstrak`.`abs_id`
WHERE `abstrak`.`id_user` = \'16\'')
 3 SYSTEMPATH\Database\BaseConnection.php(620): CodeIgniter\Database\BaseConnection->simpleQuery('SELECT `abstrak`.`abs_id`, `judul`, `penulis`, `afiliasi`, `abstrak`.`id_scope`, `scope`, `keyword`, `abstrak`, `presenter`, `decision`, `notes`, `notes_revised`, `type`, `user`.`id_user`, `nama`, `abstrak`.`status`, `submit_date`, `uniqid`, `paper_id`, `file_fp`, `update_date`
FROM `abstrak`
JOIN `scope` ON `scope`.`id_scope`=`abstrak`.`id_scope`
JOIN `user` ON `user`.`id_user`=`abstrak`.`id_user`
JOIN `full_paper` ON `full_paper`.`abs_id`=`abstrak`.`abs_id`
WHERE `abstrak`.`id_user` = \'16\'')
 4 SYSTEMPATH\Database\BaseBuilder.php(1585): CodeIgniter\Database\BaseConnection->query('SELECT `abstrak`.`abs_id`, `judul`, `penulis`, `afiliasi`, `abstrak`.`id_scope`, `scope`, `keyword`, `abstrak`, `presenter`, `decision`, `notes`, `notes_revised`, `type`, `user`.`id_user`, `nama`, `abstrak`.`status`, `submit_date`, `uniqid`, `paper_id`, `file_fp`, `update_date`
FROM `abstrak`
JOIN `scope` ON `scope`.`id_scope`=`abstrak`.`id_scope`
JOIN `user` ON `user`.`id_user`=`abstrak`.`id_user`
JOIN `full_paper` ON `full_paper`.`abs_id`=`abstrak`.`abs_id`
WHERE `abstrak`.`id_user` = :abstrak.id_user:', [...], false)
 5 SYSTEMPATH\Model.php(771): CodeIgniter\Database\BaseBuilder->get()
 6 APPPATH\Controllers\User.php(56): CodeIgniter\Model->__call('get', [])
 7 SYSTEMPATH\CodeIgniter.php(904): App\Controllers\User->index()
 8 SYSTEMPATH\CodeIgniter.php(457): CodeIgniter\CodeIgniter->runController(Object(App\Controllers\User))
 9 SYSTEMPATH\CodeIgniter.php(340): CodeIgniter\CodeIgniter->handleRequest(null, Object(Config\Cache), false)
10 FCPATH\index.php(67): CodeIgniter\CodeIgniter->run()
11 SYSTEMPATH\Commands\Server\rewrite.php(43): require_once('FCPATH\\index.php')
ERROR - 2022-09-06 22:44:53 --> mysqli_sql_exception: Unknown column 'notes_revised' in 'field list' in C:\xampp\htdocs\isceeradmin\system\Database\MySQLi\Connection.php:292
Stack trace:
#0 C:\xampp\htdocs\isceeradmin\system\Database\MySQLi\Connection.php(292): mysqli->query('SELECT `abstrak...', 0)
#1 C:\xampp\htdocs\isceeradmin\system\Database\BaseConnection.php(693): CodeIgniter\Database\MySQLi\Connection->execute('SELECT `abstrak...')
#2 C:\xampp\htdocs\isceeradmin\system\Database\BaseConnection.php(620): CodeIgniter\Database\BaseConnection->simpleQuery('SELECT `abstrak...')
#3 C:\xampp\htdocs\isceeradmin\system\Database\BaseBuilder.php(1585): CodeIgniter\Database\BaseConnection->query('SELECT `abstrak...', Array, false)
#4 C:\xampp\htdocs\isceeradmin\system\Model.php(771): CodeIgniter\Database\BaseBuilder->get()
#5 C:\xampp\htdocs\isceeradmin\app\Controllers\User.php(56): CodeIgniter\Model->__call('get', Array)
#6 C:\xampp\htdocs\isceeradmin\system\CodeIgniter.php(904): App\Controllers\User->index()
#7 C:\xampp\htdocs\isceeradmin\system\CodeIgniter.php(457): CodeIgniter\CodeIgniter->runController(Object(App\Controllers\User))
#8 C:\xampp\htdocs\isceeradmin\system\CodeIgniter.php(340): CodeIgniter\CodeIgniter->handleRequest(NULL, Object(Config\Cache), false)
#9 C:\xampp\htdocs\isceeradmin\public\index.php(67): CodeIgniter\CodeIgniter->run()
#10 C:\xampp\htdocs\isceeradmin\system\Commands\Server\rewrite.php(43): require_once('C:\\xampp\\htdocs...')
#11 {main}
CRITICAL - 2022-09-06 22:44:53 --> Unknown column 'notes_revised' in 'field list'
in SYSTEMPATH\Database\MySQLi\Connection.php on line 292.
 1 SYSTEMPATH\Database\MySQLi\Connection.php(292): mysqli->query('SELECT `abstrak`.`abs_id`, `judul`, `penulis`, `afiliasi`, `abstrak`.`id_scope`, `scope`, `keyword`, `abstrak`, `presenter`, `decision`, `notes`, `notes_revised`, `type`, `user`.`id_user`, `nama`, `abstrak`.`status`, `submit_date`, `uniqid`, `paper_id`, `file_fp`, `update_date`
FROM `abstrak`
JOIN `scope` ON `scope`.`id_scope`=`abstrak`.`id_scope`
JOIN `user` ON `user`.`id_user`=`abstrak`.`id_user`
JOIN `full_paper` ON `full_paper`.`abs_id`=`abstrak`.`abs_id`
WHERE `abstrak`.`id_user` = \'16\'', 0)
 2 SYSTEMPATH\Database\BaseConnection.php(693): CodeIgniter\Database\MySQLi\Connection->execute('SELECT `abstrak`.`abs_id`, `judul`, `penulis`, `afiliasi`, `abstrak`.`id_scope`, `scope`, `keyword`, `abstrak`, `presenter`, `decision`, `notes`, `notes_revised`, `type`, `user`.`id_user`, `nama`, `abstrak`.`status`, `submit_date`, `uniqid`, `paper_id`, `file_fp`, `update_date`
FROM `abstrak`
JOIN `scope` ON `scope`.`id_scope`=`abstrak`.`id_scope`
JOIN `user` ON `user`.`id_user`=`abstrak`.`id_user`
JOIN `full_paper` ON `full_paper`.`abs_id`=`abstrak`.`abs_id`
WHERE `abstrak`.`id_user` = \'16\'')
 3 SYSTEMPATH\Database\BaseConnection.php(620): CodeIgniter\Database\BaseConnection->simpleQuery('SELECT `abstrak`.`abs_id`, `judul`, `penulis`, `afiliasi`, `abstrak`.`id_scope`, `scope`, `keyword`, `abstrak`, `presenter`, `decision`, `notes`, `notes_revised`, `type`, `user`.`id_user`, `nama`, `abstrak`.`status`, `submit_date`, `uniqid`, `paper_id`, `file_fp`, `update_date`
FROM `abstrak`
JOIN `scope` ON `scope`.`id_scope`=`abstrak`.`id_scope`
JOIN `user` ON `user`.`id_user`=`abstrak`.`id_user`
JOIN `full_paper` ON `full_paper`.`abs_id`=`abstrak`.`abs_id`
WHERE `abstrak`.`id_user` = \'16\'')
 4 SYSTEMPATH\Database\BaseBuilder.php(1585): CodeIgniter\Database\BaseConnection->query('SELECT `abstrak`.`abs_id`, `judul`, `penulis`, `afiliasi`, `abstrak`.`id_scope`, `scope`, `keyword`, `abstrak`, `presenter`, `decision`, `notes`, `notes_revised`, `type`, `user`.`id_user`, `nama`, `abstrak`.`status`, `submit_date`, `uniqid`, `paper_id`, `file_fp`, `update_date`
FROM `abstrak`
JOIN `scope` ON `scope`.`id_scope`=`abstrak`.`id_scope`
JOIN `user` ON `user`.`id_user`=`abstrak`.`id_user`
JOIN `full_paper` ON `full_paper`.`abs_id`=`abstrak`.`abs_id`
WHERE `abstrak`.`id_user` = :abstrak.id_user:', [...], false)
 5 SYSTEMPATH\Model.php(771): CodeIgniter\Database\BaseBuilder->get()
 6 APPPATH\Controllers\User.php(56): CodeIgniter\Model->__call('get', [])
 7 SYSTEMPATH\CodeIgniter.php(904): App\Controllers\User->index()
 8 SYSTEMPATH\CodeIgniter.php(457): CodeIgniter\CodeIgniter->runController(Object(App\Controllers\User))
 9 SYSTEMPATH\CodeIgniter.php(340): CodeIgniter\CodeIgniter->handleRequest(null, Object(Config\Cache), false)
10 FCPATH\index.php(67): CodeIgniter\CodeIgniter->run()
11 SYSTEMPATH\Commands\Server\rewrite.php(43): require_once('FCPATH\\index.php')
CRITICAL - 2022-09-06 22:53:04 --> Attempt to read property "file_fp" on null
in APPPATH\Controllers\User.php on line 257.
 1 APPPATH\Controllers\User.php(257): CodeIgniter\Debug\Exceptions->errorHandler(2, 'Attempt to read property "file_fp" on null', 'APPPATH\\Controllers\\User.php', 257)
 2 SYSTEMPATH\CodeIgniter.php(904): App\Controllers\User->download_full('ABS-001')
 3 SYSTEMPATH\CodeIgniter.php(457): CodeIgniter\CodeIgniter->runController(Object(App\Controllers\User))
 4 SYSTEMPATH\CodeIgniter.php(340): CodeIgniter\CodeIgniter->handleRequest(null, Object(Config\Cache), false)
 5 FCPATH\index.php(67): CodeIgniter\CodeIgniter->run()
 6 SYSTEMPATH\Commands\Server\rewrite.php(43): require_once('FCPATH\\index.php')
CRITICAL - 2022-09-06 22:55:55 --> Attempt to read property "file_fp" on array
in APPPATH\Controllers\User.php on line 258.
 1 APPPATH\Controllers\User.php(258): CodeIgniter\Debug\Exceptions->errorHandler(2, 'Attempt to read property "file_fp" on array', 'APPPATH\\Controllers\\User.php', 258)
 2 SYSTEMPATH\CodeIgniter.php(904): App\Controllers\User->download_full('ABS-001')
 3 SYSTEMPATH\CodeIgniter.php(457): CodeIgniter\CodeIgniter->runController(Object(App\Controllers\User))
 4 SYSTEMPATH\CodeIgniter.php(340): CodeIgniter\CodeIgniter->handleRequest(null, Object(Config\Cache), false)
 5 FCPATH\index.php(67): CodeIgniter\CodeIgniter->run()
 6 SYSTEMPATH\Commands\Server\rewrite.php(43): require_once('FCPATH\\index.php')
