CRITICAL - 2022-09-09 01:35:39 --> There is no primary key defined when trying to make insert.
in SYSTEMPATH\Model.php on line 268.
 1 SYSTEMPATH\Model.php(268): CodeIgniter\Database\Exceptions\DataException::forEmptyPrimaryKey('insert')
 2 SYSTEMPATH\BaseModel.php(738): CodeIgniter\Model->doInsert([...])
 3 SYSTEMPATH\Model.php(666): CodeIgniter\BaseModel->insert([...], false)
 4 SYSTEMPATH\BaseModel.php(658): CodeIgniter\Model->insert([...], false)
 5 APPPATH\Controllers\User.php(114): CodeIgniter\BaseModel->save([...])
 6 SYSTEMPATH\CodeIgniter.php(904): App\Controllers\User->tambah()
 7 SYSTEMPATH\CodeIgniter.php(457): CodeIgniter\CodeIgniter->runController(Object(App\Controllers\User))
 8 SYSTEMPATH\CodeIgniter.php(340): CodeIgniter\CodeIgniter->handleRequest(null, Object(Config\Cache), false)
 9 FCPATH\index.php(67): CodeIgniter\CodeIgniter->run()
10 SYSTEMPATH\Commands\Server\rewrite.php(43): require_once('FCPATH\\index.php')
CRITICAL - 2022-09-09 01:36:52 --> There is no primary key defined when trying to make insert.
in SYSTEMPATH\Model.php on line 268.
 1 SYSTEMPATH\Model.php(268): CodeIgniter\Database\Exceptions\DataException::forEmptyPrimaryKey('insert')
 2 SYSTEMPATH\BaseModel.php(738): CodeIgniter\Model->doInsert([...])
 3 SYSTEMPATH\Model.php(666): CodeIgniter\BaseModel->insert([...], false)
 4 SYSTEMPATH\BaseModel.php(658): CodeIgniter\Model->insert([...], false)
 5 APPPATH\Controllers\User.php(97): CodeIgniter\BaseModel->save([...])
 6 SYSTEMPATH\CodeIgniter.php(904): App\Controllers\User->tambah()
 7 SYSTEMPATH\CodeIgniter.php(457): CodeIgniter\CodeIgniter->runController(Object(App\Controllers\User))
 8 SYSTEMPATH\CodeIgniter.php(340): CodeIgniter\CodeIgniter->handleRequest(null, Object(Config\Cache), false)
 9 FCPATH\index.php(67): CodeIgniter\CodeIgniter->run()
10 SYSTEMPATH\Commands\Server\rewrite.php(43): require_once('FCPATH\\index.php')
CRITICAL - 2022-09-09 01:37:42 --> There is no primary key defined when trying to make insert.
in SYSTEMPATH\Model.php on line 268.
 1 SYSTEMPATH\Model.php(268): CodeIgniter\Database\Exceptions\DataException::forEmptyPrimaryKey('insert')
 2 SYSTEMPATH\BaseModel.php(738): CodeIgniter\Model->doInsert([...])
 3 SYSTEMPATH\Model.php(666): CodeIgniter\BaseModel->insert([...], true)
 4 APPPATH\Controllers\User.php(97): CodeIgniter\Model->insert([...])
 5 SYSTEMPATH\CodeIgniter.php(904): App\Controllers\User->tambah()
 6 SYSTEMPATH\CodeIgniter.php(457): CodeIgniter\CodeIgniter->runController(Object(App\Controllers\User))
 7 SYSTEMPATH\CodeIgniter.php(340): CodeIgniter\CodeIgniter->handleRequest(null, Object(Config\Cache), false)
 8 FCPATH\index.php(67): CodeIgniter\CodeIgniter->run()
 9 SYSTEMPATH\Commands\Server\rewrite.php(43): require_once('FCPATH\\index.php')
CRITICAL - 2022-09-09 01:54:23 --> There is no primary key defined when trying to make insert.
in SYSTEMPATH\Model.php on line 268.
 1 SYSTEMPATH\Model.php(268): CodeIgniter\Database\Exceptions\DataException::forEmptyPrimaryKey('insert')
 2 SYSTEMPATH\BaseModel.php(738): CodeIgniter\Model->doInsert([...])
 3 SYSTEMPATH\Model.php(666): CodeIgniter\BaseModel->insert([...], true)
 4 APPPATH\Controllers\User.php(97): CodeIgniter\Model->insert([...])
 5 SYSTEMPATH\CodeIgniter.php(904): App\Controllers\User->tambah()
 6 SYSTEMPATH\CodeIgniter.php(457): CodeIgniter\CodeIgniter->runController(Object(App\Controllers\User))
 7 SYSTEMPATH\CodeIgniter.php(340): CodeIgniter\CodeIgniter->handleRequest(null, Object(Config\Cache), false)
 8 FCPATH\index.php(67): CodeIgniter\CodeIgniter->run()
 9 SYSTEMPATH\Commands\Server\rewrite.php(43): require_once('FCPATH\\index.php')
CRITICAL - 2022-09-09 01:56:28 --> There is no primary key defined when trying to make insert.
in SYSTEMPATH\Model.php on line 268.
 1 SYSTEMPATH\Model.php(268): CodeIgniter\Database\Exceptions\DataException::forEmptyPrimaryKey('insert')
 2 SYSTEMPATH\BaseModel.php(738): CodeIgniter\Model->doInsert([...])
 3 SYSTEMPATH\Model.php(666): CodeIgniter\BaseModel->insert([...], false)
 4 SYSTEMPATH\BaseModel.php(658): CodeIgniter\Model->insert([...], false)
 5 APPPATH\Controllers\User.php(114): CodeIgniter\BaseModel->save([...])
 6 SYSTEMPATH\CodeIgniter.php(904): App\Controllers\User->tambah()
 7 SYSTEMPATH\CodeIgniter.php(457): CodeIgniter\CodeIgniter->runController(Object(App\Controllers\User))
 8 SYSTEMPATH\CodeIgniter.php(340): CodeIgniter\CodeIgniter->handleRequest(null, Object(Config\Cache), false)
 9 FCPATH\index.php(67): CodeIgniter\CodeIgniter->run()
10 SYSTEMPATH\Commands\Server\rewrite.php(43): require_once('FCPATH\\index.php')
CRITICAL - 2022-09-09 02:00:58 --> There is no primary key defined when trying to make insert.
in SYSTEMPATH\Model.php on line 268.
 1 SYSTEMPATH\Model.php(268): CodeIgniter\Database\Exceptions\DataException::forEmptyPrimaryKey('insert')
 2 SYSTEMPATH\BaseModel.php(738): CodeIgniter\Model->doInsert([...])
 3 SYSTEMPATH\Model.php(666): CodeIgniter\BaseModel->insert([...], false)
 4 SYSTEMPATH\BaseModel.php(658): CodeIgniter\Model->insert([...], false)
 5 APPPATH\Controllers\User.php(114): CodeIgniter\BaseModel->save([...])
 6 SYSTEMPATH\CodeIgniter.php(904): App\Controllers\User->tambah()
 7 SYSTEMPATH\CodeIgniter.php(457): CodeIgniter\CodeIgniter->runController(Object(App\Controllers\User))
 8 SYSTEMPATH\CodeIgniter.php(340): CodeIgniter\CodeIgniter->handleRequest(null, Object(Config\Cache), false)
 9 FCPATH\index.php(67): CodeIgniter\CodeIgniter->run()
10 SYSTEMPATH\Commands\Server\rewrite.php(43): require_once('FCPATH\\index.php')
CRITICAL - 2022-09-09 02:05:38 --> There is no primary key defined when trying to make insert.
in SYSTEMPATH\Model.php on line 268.
 1 SYSTEMPATH\Model.php(268): CodeIgniter\Database\Exceptions\DataException::forEmptyPrimaryKey('insert')
 2 SYSTEMPATH\BaseModel.php(738): CodeIgniter\Model->doInsert([...])
 3 SYSTEMPATH\Model.php(666): CodeIgniter\BaseModel->insert([...], false)
 4 SYSTEMPATH\BaseModel.php(658): CodeIgniter\Model->insert([...], false)
 5 APPPATH\Controllers\User.php(114): CodeIgniter\BaseModel->save([...])
 6 SYSTEMPATH\CodeIgniter.php(904): App\Controllers\User->tambah()
 7 SYSTEMPATH\CodeIgniter.php(457): CodeIgniter\CodeIgniter->runController(Object(App\Controllers\User))
 8 SYSTEMPATH\CodeIgniter.php(340): CodeIgniter\CodeIgniter->handleRequest(null, Object(Config\Cache), false)
 9 FCPATH\index.php(67): CodeIgniter\CodeIgniter->run()
10 SYSTEMPATH\Commands\Server\rewrite.php(43): require_once('FCPATH\\index.php')
CRITICAL - 2022-09-09 02:09:39 --> There is no primary key defined when trying to make insert.
in SYSTEMPATH\Model.php on line 268.
 1 SYSTEMPATH\Model.php(268): CodeIgniter\Database\Exceptions\DataException::forEmptyPrimaryKey('insert')
 2 SYSTEMPATH\BaseModel.php(738): CodeIgniter\Model->doInsert([...])
 3 SYSTEMPATH\Model.php(666): CodeIgniter\BaseModel->insert([...], false)
 4 SYSTEMPATH\BaseModel.php(658): CodeIgniter\Model->insert([...], false)
 5 APPPATH\Controllers\User.php(114): CodeIgniter\BaseModel->save([...])
 6 SYSTEMPATH\CodeIgniter.php(904): App\Controllers\User->tambah()
 7 SYSTEMPATH\CodeIgniter.php(457): CodeIgniter\CodeIgniter->runController(Object(App\Controllers\User))
 8 SYSTEMPATH\CodeIgniter.php(340): CodeIgniter\CodeIgniter->handleRequest(null, Object(Config\Cache), false)
 9 FCPATH\index.php(67): CodeIgniter\CodeIgniter->run()
10 SYSTEMPATH\Commands\Server\rewrite.php(43): require_once('FCPATH\\index.php')
CRITICAL - 2022-09-09 02:10:13 --> There is no primary key defined when trying to make insert.
in SYSTEMPATH\Model.php on line 268.
 1 SYSTEMPATH\Model.php(268): CodeIgniter\Database\Exceptions\DataException::forEmptyPrimaryKey('insert')
 2 SYSTEMPATH\BaseModel.php(738): CodeIgniter\Model->doInsert([...])
 3 SYSTEMPATH\Model.php(666): CodeIgniter\BaseModel->insert([...], true)
 4 APPPATH\Controllers\User.php(114): CodeIgniter\Model->insert([...])
 5 SYSTEMPATH\CodeIgniter.php(904): App\Controllers\User->tambah()
 6 SYSTEMPATH\CodeIgniter.php(457): CodeIgniter\CodeIgniter->runController(Object(App\Controllers\User))
 7 SYSTEMPATH\CodeIgniter.php(340): CodeIgniter\CodeIgniter->handleRequest(null, Object(Config\Cache), false)
 8 FCPATH\index.php(67): CodeIgniter\CodeIgniter->run()
 9 SYSTEMPATH\Commands\Server\rewrite.php(43): require_once('FCPATH\\index.php')
CRITICAL - 2022-09-09 02:18:59 --> There is no data to update.
in SYSTEMPATH\BaseModel.php on line 1577.
 1 SYSTEMPATH\BaseModel.php(1577): CodeIgniter\Database\Exceptions\DataException::forEmptyDataset('update')
 2 SYSTEMPATH\BaseModel.php(832): CodeIgniter\BaseModel->transformDataToArray(null, 'update')
 3 SYSTEMPATH\Model.php(692): CodeIgniter\BaseModel->update([...], null)
 4 APPPATH\Controllers\User.php(240): CodeIgniter\Model->update([...])
 5 SYSTEMPATH\CodeIgniter.php(904): App\Controllers\User->payment()
 6 SYSTEMPATH\CodeIgniter.php(457): CodeIgniter\CodeIgniter->runController(Object(App\Controllers\User))
 7 SYSTEMPATH\CodeIgniter.php(340): CodeIgniter\CodeIgniter->handleRequest(null, Object(Config\Cache), false)
 8 FCPATH\index.php(67): CodeIgniter\CodeIgniter->run()
 9 SYSTEMPATH\Commands\Server\rewrite.php(43): require_once('FCPATH\\index.php')
CRITICAL - 2022-09-09 02:26:06 --> There is no data to update.
in SYSTEMPATH\BaseModel.php on line 1577.
 1 SYSTEMPATH\BaseModel.php(1577): CodeIgniter\Database\Exceptions\DataException::forEmptyDataset('update')
 2 SYSTEMPATH\BaseModel.php(832): CodeIgniter\BaseModel->transformDataToArray(null, 'update')
 3 SYSTEMPATH\Model.php(692): CodeIgniter\BaseModel->update([...], null)
 4 APPPATH\Controllers\User.php(240): CodeIgniter\Model->update([...])
 5 SYSTEMPATH\CodeIgniter.php(904): App\Controllers\User->payment()
 6 SYSTEMPATH\CodeIgniter.php(457): CodeIgniter\CodeIgniter->runController(Object(App\Controllers\User))
 7 SYSTEMPATH\CodeIgniter.php(340): CodeIgniter\CodeIgniter->handleRequest(null, Object(Config\Cache), false)
 8 FCPATH\index.php(67): CodeIgniter\CodeIgniter->run()
 9 SYSTEMPATH\Commands\Server\rewrite.php(43): require_once('FCPATH\\index.php')
CRITICAL - 2022-09-09 02:27:52 --> There is no data to update.
in SYSTEMPATH\BaseModel.php on line 1577.
 1 SYSTEMPATH\BaseModel.php(1577): CodeIgniter\Database\Exceptions\DataException::forEmptyDataset('update')
 2 SYSTEMPATH\BaseModel.php(832): CodeIgniter\BaseModel->transformDataToArray(null, 'update')
 3 SYSTEMPATH\Model.php(692): CodeIgniter\BaseModel->update([...], null)
 4 APPPATH\Controllers\User.php(241): CodeIgniter\Model->update([...])
 5 SYSTEMPATH\CodeIgniter.php(904): App\Controllers\User->payment()
 6 SYSTEMPATH\CodeIgniter.php(457): CodeIgniter\CodeIgniter->runController(Object(App\Controllers\User))
 7 SYSTEMPATH\CodeIgniter.php(340): CodeIgniter\CodeIgniter->handleRequest(null, Object(Config\Cache), false)
 8 FCPATH\index.php(67): CodeIgniter\CodeIgniter->run()
 9 SYSTEMPATH\Commands\Server\rewrite.php(43): require_once('FCPATH\\index.php')
CRITICAL - 2022-09-09 02:32:16 --> There is no data to update.
in SYSTEMPATH\BaseModel.php on line 1577.
 1 SYSTEMPATH\BaseModel.php(1577): CodeIgniter\Database\Exceptions\DataException::forEmptyDataset('update')
 2 SYSTEMPATH\BaseModel.php(832): CodeIgniter\BaseModel->transformDataToArray(null, 'update')
 3 SYSTEMPATH\Model.php(692): CodeIgniter\BaseModel->update([...], null)
 4 APPPATH\Controllers\User.php(233): CodeIgniter\Model->update([...])
 5 SYSTEMPATH\CodeIgniter.php(904): App\Controllers\User->payment()
 6 SYSTEMPATH\CodeIgniter.php(457): CodeIgniter\CodeIgniter->runController(Object(App\Controllers\User))
 7 SYSTEMPATH\CodeIgniter.php(340): CodeIgniter\CodeIgniter->handleRequest(null, Object(Config\Cache), false)
 8 FCPATH\index.php(67): CodeIgniter\CodeIgniter->run()
 9 SYSTEMPATH\Commands\Server\rewrite.php(43): require_once('FCPATH\\index.php')
CRITICAL - 2022-09-09 02:33:21 --> There is no data to update.
in SYSTEMPATH\BaseModel.php on line 1577.
 1 SYSTEMPATH\BaseModel.php(1577): CodeIgniter\Database\Exceptions\DataException::forEmptyDataset('update')
 2 SYSTEMPATH\BaseModel.php(832): CodeIgniter\BaseModel->transformDataToArray(null, 'update')
 3 SYSTEMPATH\Model.php(692): CodeIgniter\BaseModel->update(null, null)
 4 APPPATH\Controllers\User.php(230): CodeIgniter\Model->update()
 5 SYSTEMPATH\CodeIgniter.php(904): App\Controllers\User->payment()
 6 SYSTEMPATH\CodeIgniter.php(457): CodeIgniter\CodeIgniter->runController(Object(App\Controllers\User))
 7 SYSTEMPATH\CodeIgniter.php(340): CodeIgniter\CodeIgniter->handleRequest(null, Object(Config\Cache), false)
 8 FCPATH\index.php(67): CodeIgniter\CodeIgniter->run()
 9 SYSTEMPATH\Commands\Server\rewrite.php(43): require_once('FCPATH\\index.php')
CRITICAL - 2022-09-09 02:36:20 --> There is no data to update.
in SYSTEMPATH\BaseModel.php on line 1577.
 1 SYSTEMPATH\BaseModel.php(1577): CodeIgniter\Database\Exceptions\DataException::forEmptyDataset('update')
 2 SYSTEMPATH\BaseModel.php(832): CodeIgniter\BaseModel->transformDataToArray(null, 'update')
 3 SYSTEMPATH\Model.php(692): CodeIgniter\BaseModel->update(null, null)
 4 APPPATH\Controllers\User.php(230): CodeIgniter\Model->update()
 5 SYSTEMPATH\CodeIgniter.php(904): App\Controllers\User->payment()
 6 SYSTEMPATH\CodeIgniter.php(457): CodeIgniter\CodeIgniter->runController(Object(App\Controllers\User))
 7 SYSTEMPATH\CodeIgniter.php(340): CodeIgniter\CodeIgniter->handleRequest(null, Object(Config\Cache), false)
 8 FCPATH\index.php(67): CodeIgniter\CodeIgniter->run()
 9 SYSTEMPATH\Commands\Server\rewrite.php(43): require_once('FCPATH\\index.php')
CRITICAL - 2022-09-09 02:40:56 --> There is no data to update.
in SYSTEMPATH\BaseModel.php on line 1577.
 1 SYSTEMPATH\BaseModel.php(1577): CodeIgniter\Database\Exceptions\DataException::forEmptyDataset('update')
 2 SYSTEMPATH\BaseModel.php(832): CodeIgniter\BaseModel->transformDataToArray(null, 'update')
 3 SYSTEMPATH\Model.php(692): CodeIgniter\BaseModel->update(null, null)
 4 APPPATH\Controllers\User.php(230): CodeIgniter\Model->update()
 5 SYSTEMPATH\CodeIgniter.php(904): App\Controllers\User->payment()
 6 SYSTEMPATH\CodeIgniter.php(457): CodeIgniter\CodeIgniter->runController(Object(App\Controllers\User))
 7 SYSTEMPATH\CodeIgniter.php(340): CodeIgniter\CodeIgniter->handleRequest(null, Object(Config\Cache), false)
 8 FCPATH\index.php(67): CodeIgniter\CodeIgniter->run()
 9 SYSTEMPATH\Commands\Server\rewrite.php(43): require_once('FCPATH\\index.php')
CRITICAL - 2022-09-09 02:43:44 --> There is no data to update.
in SYSTEMPATH\BaseModel.php on line 1577.
 1 SYSTEMPATH\BaseModel.php(1577): CodeIgniter\Database\Exceptions\DataException::forEmptyDataset('update')
 2 SYSTEMPATH\BaseModel.php(832): CodeIgniter\BaseModel->transformDataToArray(null, 'update')
 3 SYSTEMPATH\Model.php(692): CodeIgniter\BaseModel->update(null, null)
 4 APPPATH\Controllers\User.php(230): CodeIgniter\Model->update()
 5 SYSTEMPATH\CodeIgniter.php(904): App\Controllers\User->payment()
 6 SYSTEMPATH\CodeIgniter.php(457): CodeIgniter\CodeIgniter->runController(Object(App\Controllers\User))
 7 SYSTEMPATH\CodeIgniter.php(340): CodeIgniter\CodeIgniter->handleRequest(null, Object(Config\Cache), false)
 8 FCPATH\index.php(67): CodeIgniter\CodeIgniter->run()
 9 SYSTEMPATH\Commands\Server\rewrite.php(43): require_once('FCPATH\\index.php')
CRITICAL - 2022-09-09 22:39:50 --> Undefined array key "abs+id"
in APPPATH\Views\user\index.php on line 454.
 1 APPPATH\Views\user\index.php(454): CodeIgniter\Debug\Exceptions->errorHandler(2, 'Undefined array key "abs+id"', 'APPPATH\\Views\\user\\index.php', 454)
 2 SYSTEMPATH\View\View.php(213): include('APPPATH\\Views\\user\\index.php')
 3 SYSTEMPATH\View\View.php(216): CodeIgniter\View\View->CodeIgniter\View\{closure}()
 4 SYSTEMPATH\Common.php(1137): CodeIgniter\View\View->render('user/index', [], true)
 5 APPPATH\Controllers\User.php(56): view('user/index', [...])
 6 SYSTEMPATH\CodeIgniter.php(904): App\Controllers\User->index()
 7 SYSTEMPATH\CodeIgniter.php(457): CodeIgniter\CodeIgniter->runController(Object(App\Controllers\User))
 8 SYSTEMPATH\CodeIgniter.php(340): CodeIgniter\CodeIgniter->handleRequest(null, Object(Config\Cache), false)
 9 FCPATH\index.php(67): CodeIgniter\CodeIgniter->run()
10 SYSTEMPATH\Commands\Server\rewrite.php(43): require_once('FCPATH\\index.php')
CRITICAL - 2022-09-09 22:40:11 --> Undefined array key "abs_  id"
in APPPATH\Views\user\index.php on line 454.
 1 APPPATH\Views\user\index.php(454): CodeIgniter\Debug\Exceptions->errorHandler(2, 'Undefined array key "abs_  id"', 'APPPATH\\Views\\user\\index.php', 454)
 2 SYSTEMPATH\View\View.php(213): include('APPPATH\\Views\\user\\index.php')
 3 SYSTEMPATH\View\View.php(216): CodeIgniter\View\View->CodeIgniter\View\{closure}()
 4 SYSTEMPATH\Common.php(1137): CodeIgniter\View\View->render('user/index', [], true)
 5 APPPATH\Controllers\User.php(56): view('user/index', [...])
 6 SYSTEMPATH\CodeIgniter.php(904): App\Controllers\User->index()
 7 SYSTEMPATH\CodeIgniter.php(457): CodeIgniter\CodeIgniter->runController(Object(App\Controllers\User))
 8 SYSTEMPATH\CodeIgniter.php(340): CodeIgniter\CodeIgniter->handleRequest(null, Object(Config\Cache), false)
 9 FCPATH\index.php(67): CodeIgniter\CodeIgniter->run()
10 SYSTEMPATH\Commands\Server\rewrite.php(43): require_once('FCPATH\\index.php')
CRITICAL - 2022-09-09 22:43:57 --> File not found: poster/
in SYSTEMPATH\Files\File.php on line 46.
 1 SYSTEMPATH\Files\File.php(46): CodeIgniter\Files\Exceptions\FileNotFoundException::forFileNotFound('FCPATH\\poster')
 2 SYSTEMPATH\HTTP\DownloadResponse.php(97): CodeIgniter\Files\File->__construct('FCPATH\\poster', true)
 3 SYSTEMPATH\HTTP\ResponseTrait.php(781): CodeIgniter\HTTP\DownloadResponse->setFilePath('FCPATH\\poster')
 4 APPPATH\Controllers\User.php(329): CodeIgniter\HTTP\Response->download('ROOTPATH\\public', null)
 5 SYSTEMPATH\CodeIgniter.php(904): App\Controllers\User->download_poster('ABS-001')
 6 SYSTEMPATH\CodeIgniter.php(457): CodeIgniter\CodeIgniter->runController(Object(App\Controllers\User))
 7 SYSTEMPATH\CodeIgniter.php(340): CodeIgniter\CodeIgniter->handleRequest(null, Object(Config\Cache), false)
 8 FCPATH\index.php(67): CodeIgniter\CodeIgniter->run()
 9 SYSTEMPATH\Commands\Server\rewrite.php(43): require_once('FCPATH\\index.php')
CRITICAL - 2022-09-09 22:47:08 --> File not found: poster/
in SYSTEMPATH\Files\File.php on line 46.
 1 SYSTEMPATH\Files\File.php(46): CodeIgniter\Files\Exceptions\FileNotFoundException::forFileNotFound('FCPATH\\poster')
 2 SYSTEMPATH\HTTP\DownloadResponse.php(97): CodeIgniter\Files\File->__construct('FCPATH\\poster', true)
 3 SYSTEMPATH\HTTP\ResponseTrait.php(781): CodeIgniter\HTTP\DownloadResponse->setFilePath('FCPATH\\poster')
 4 APPPATH\Controllers\User.php(329): CodeIgniter\HTTP\Response->download('ROOTPATH\\public', null)
 5 SYSTEMPATH\CodeIgniter.php(904): App\Controllers\User->download_poster('ABS-001')
 6 SYSTEMPATH\CodeIgniter.php(457): CodeIgniter\CodeIgniter->runController(Object(App\Controllers\User))
 7 SYSTEMPATH\CodeIgniter.php(340): CodeIgniter\CodeIgniter->handleRequest(null, Object(Config\Cache), false)
 8 FCPATH\index.php(67): CodeIgniter\CodeIgniter->run()
 9 SYSTEMPATH\Commands\Server\rewrite.php(43): require_once('FCPATH\\index.php')
CRITICAL - 2022-09-09 22:50:14 --> syntax error, unexpected token "echo", expecting ";"
in APPPATH\Controllers\User.php on line 329.
 1 SYSTEMPATH\Router\Router.php(499): CodeIgniter\Router\AutoRouter->getRoute('user/download_poster/ABS-001')
 2 SYSTEMPATH\Router\Router.php(205): CodeIgniter\Router\Router->autoRoute('user/download_poster/ABS-001')
 3 SYSTEMPATH\CodeIgniter.php(779): CodeIgniter\Router\Router->handle('user/download_poster/ABS-001')
 4 SYSTEMPATH\CodeIgniter.php(406): CodeIgniter\CodeIgniter->tryToRouteIt(Object(CodeIgniter\Router\RouteCollection))
 5 SYSTEMPATH\CodeIgniter.php(340): CodeIgniter\CodeIgniter->handleRequest(null, Object(Config\Cache), false)
 6 FCPATH\index.php(67): CodeIgniter\CodeIgniter->run()
 7 SYSTEMPATH\Commands\Server\rewrite.php(43): require_once('FCPATH\\index.php')
CRITICAL - 2022-09-09 23:08:16 --> Trying to access array offset on value of type null
in APPPATH\Controllers\User.php on line 78.
 1 APPPATH\Controllers\User.php(78): CodeIgniter\Debug\Exceptions->errorHandler(2, 'Trying to access array offset on value of type null', 'APPPATH\\Controllers\\User.php', 78)
 2 SYSTEMPATH\CodeIgniter.php(904): App\Controllers\User->tambah()
 3 SYSTEMPATH\CodeIgniter.php(457): CodeIgniter\CodeIgniter->runController(Object(App\Controllers\User))
 4 SYSTEMPATH\CodeIgniter.php(340): CodeIgniter\CodeIgniter->handleRequest(null, Object(Config\Cache), false)
 5 FCPATH\index.php(67): CodeIgniter\CodeIgniter->run()
 6 SYSTEMPATH\Commands\Server\rewrite.php(43): require_once('FCPATH\\index.php')
CRITICAL - 2022-09-09 23:10:21 --> Trying to access array offset on value of type null
in APPPATH\Controllers\User.php on line 78.
 1 APPPATH\Controllers\User.php(78): CodeIgniter\Debug\Exceptions->errorHandler(2, 'Trying to access array offset on value of type null', 'APPPATH\\Controllers\\User.php', 78)
 2 SYSTEMPATH\CodeIgniter.php(904): App\Controllers\User->tambah()
 3 SYSTEMPATH\CodeIgniter.php(457): CodeIgniter\CodeIgniter->runController(Object(App\Controllers\User))
 4 SYSTEMPATH\CodeIgniter.php(340): CodeIgniter\CodeIgniter->handleRequest(null, Object(Config\Cache), false)
 5 FCPATH\index.php(67): CodeIgniter\CodeIgniter->run()
 6 SYSTEMPATH\Commands\Server\rewrite.php(43): require_once('FCPATH\\index.php')
CRITICAL - 2022-09-09 23:27:30 --> Undefined array key "poster_status"
in APPPATH\Views\user\index.php on line 495.
 1 APPPATH\Views\user\index.php(495): CodeIgniter\Debug\Exceptions->errorHandler(2, 'Undefined array key "poster_status"', 'APPPATH\\Views\\user\\index.php', 495)
 2 SYSTEMPATH\View\View.php(213): include('APPPATH\\Views\\user\\index.php')
 3 SYSTEMPATH\View\View.php(216): CodeIgniter\View\View->CodeIgniter\View\{closure}()
 4 SYSTEMPATH\Common.php(1137): CodeIgniter\View\View->render('user/index', [], true)
 5 APPPATH\Controllers\User.php(56): view('user/index', [...])
 6 SYSTEMPATH\CodeIgniter.php(904): App\Controllers\User->index()
 7 SYSTEMPATH\CodeIgniter.php(457): CodeIgniter\CodeIgniter->runController(Object(App\Controllers\User))
 8 SYSTEMPATH\CodeIgniter.php(340): CodeIgniter\CodeIgniter->handleRequest(null, Object(Config\Cache), false)
 9 FCPATH\index.php(67): CodeIgniter\CodeIgniter->run()
10 SYSTEMPATH\Commands\Server\rewrite.php(43): require_once('FCPATH\\index.php')
ERROR - 2022-09-09 23:27:44 --> mysqli_sql_exception: Unknown column 'poster_status' in 'field list' in C:\xampp\htdocs\isceeradmin\system\Database\MySQLi\Connection.php:292
Stack trace:
#0 C:\xampp\htdocs\isceeradmin\system\Database\MySQLi\Connection.php(292): mysqli->query('SELECT abstrak....', 0)
#1 C:\xampp\htdocs\isceeradmin\system\Database\BaseConnection.php(693): CodeIgniter\Database\MySQLi\Connection->execute('SELECT abstrak....')
#2 C:\xampp\htdocs\isceeradmin\system\Database\BaseConnection.php(620): CodeIgniter\Database\BaseConnection->simpleQuery('SELECT abstrak....')
#3 C:\xampp\htdocs\isceeradmin\system\Model.php(767): CodeIgniter\Database\BaseConnection->query('SELECT abstrak....')
#4 C:\xampp\htdocs\isceeradmin\app\Controllers\User.php(47): CodeIgniter\Model->__call('query', Array)
#5 C:\xampp\htdocs\isceeradmin\system\CodeIgniter.php(904): App\Controllers\User->index()
#6 C:\xampp\htdocs\isceeradmin\system\CodeIgniter.php(457): CodeIgniter\CodeIgniter->runController(Object(App\Controllers\User))
#7 C:\xampp\htdocs\isceeradmin\system\CodeIgniter.php(340): CodeIgniter\CodeIgniter->handleRequest(NULL, Object(Config\Cache), false)
#8 C:\xampp\htdocs\isceeradmin\public\index.php(67): CodeIgniter\CodeIgniter->run()
#9 C:\xampp\htdocs\isceeradmin\system\Commands\Server\rewrite.php(43): require_once('C:\\xampp\\htdocs...')
#10 {main}
CRITICAL - 2022-09-09 23:27:44 --> Unknown column 'poster_status' in 'field list'
in SYSTEMPATH\Database\MySQLi\Connection.php on line 292.
 1 SYSTEMPATH\Database\MySQLi\Connection.php(292): mysqli->query('SELECT abstrak.abs_id, id_payment, payment_proof, transfer_date, transfer_time, bank_name, account_name, account_number, amount, payment_status, file_rp, judul, penulis, poster, created_at, last_update, status_poster, submit_poster, update_poster, afiliasi, 
        abstrak.id_scope, scope, poster_status,created_payment, update_payment, keyword, abstrak, presenter, decision, decision_revised, created_revised, last_revised,  notes, notes_revised, user.id_user, nama, abstrak.status, submit_date, uniqid, paper_id, file_fp,
        update_date FROM abstrak join scope on scope.id_scope=abstrak.id_scope join user on user.id_user=abstrak.id_user
        inner join full_paper on abstrak.abs_id=full_paper.abs_id inner join payment on abstrak.abs_id=payment.abs_id inner join revised_paper on revised_paper.abs_id=abstrak.abs_id
        inner join poster on poster.abs_id=abstrak.abs_id where abstrak.id_user = \'16\' AND YEAR(submit_date) = \'2022\' order by abstrak.abs_id ASC', 0)
 2 SYSTEMPATH\Database\BaseConnection.php(693): CodeIgniter\Database\MySQLi\Connection->execute('SELECT abstrak.abs_id, id_payment, payment_proof, transfer_date, transfer_time, bank_name, account_name, account_number, amount, payment_status, file_rp, judul, penulis, poster, created_at, last_update, status_poster, submit_poster, update_poster, afiliasi, 
        abstrak.id_scope, scope, poster_status,created_payment, update_payment, keyword, abstrak, presenter, decision, decision_revised, created_revised, last_revised,  notes, notes_revised, user.id_user, nama, abstrak.status, submit_date, uniqid, paper_id, file_fp,
        update_date FROM abstrak join scope on scope.id_scope=abstrak.id_scope join user on user.id_user=abstrak.id_user
        inner join full_paper on abstrak.abs_id=full_paper.abs_id inner join payment on abstrak.abs_id=payment.abs_id inner join revised_paper on revised_paper.abs_id=abstrak.abs_id
        inner join poster on poster.abs_id=abstrak.abs_id where abstrak.id_user = \'16\' AND YEAR(submit_date) = \'2022\' order by abstrak.abs_id ASC')
 3 SYSTEMPATH\Database\BaseConnection.php(620): CodeIgniter\Database\BaseConnection->simpleQuery('SELECT abstrak.abs_id, id_payment, payment_proof, transfer_date, transfer_time, bank_name, account_name, account_number, amount, payment_status, file_rp, judul, penulis, poster, created_at, last_update, status_poster, submit_poster, update_poster, afiliasi, 
        abstrak.id_scope, scope, poster_status,created_payment, update_payment, keyword, abstrak, presenter, decision, decision_revised, created_revised, last_revised,  notes, notes_revised, user.id_user, nama, abstrak.status, submit_date, uniqid, paper_id, file_fp,
        update_date FROM abstrak join scope on scope.id_scope=abstrak.id_scope join user on user.id_user=abstrak.id_user
        inner join full_paper on abstrak.abs_id=full_paper.abs_id inner join payment on abstrak.abs_id=payment.abs_id inner join revised_paper on revised_paper.abs_id=abstrak.abs_id
        inner join poster on poster.abs_id=abstrak.abs_id where abstrak.id_user = \'16\' AND YEAR(submit_date) = \'2022\' order by abstrak.abs_id ASC')
 4 SYSTEMPATH\Model.php(767): CodeIgniter\Database\BaseConnection->query('SELECT abstrak.abs_id, id_payment, payment_proof, transfer_date, transfer_time, bank_name, account_name, account_number, amount, payment_status, file_rp, judul, penulis, poster, created_at, last_update, status_poster, submit_poster, update_poster, afiliasi, 
        abstrak.id_scope, scope, poster_status,created_payment, update_payment, keyword, abstrak, presenter, decision, decision_revised, created_revised, last_revised,  notes, notes_revised, user.id_user, nama, abstrak.status, submit_date, uniqid, paper_id, file_fp,
        update_date FROM abstrak join scope on scope.id_scope=abstrak.id_scope join user on user.id_user=abstrak.id_user
        inner join full_paper on abstrak.abs_id=full_paper.abs_id inner join payment on abstrak.abs_id=payment.abs_id inner join revised_paper on revised_paper.abs_id=abstrak.abs_id
        inner join poster on poster.abs_id=abstrak.abs_id where abstrak.id_user = \'16\' AND YEAR(submit_date) = \'2022\' order by abstrak.abs_id ASC')
 5 APPPATH\Controllers\User.php(47): CodeIgniter\Model->__call('query', [...])
 6 SYSTEMPATH\CodeIgniter.php(904): App\Controllers\User->index()
 7 SYSTEMPATH\CodeIgniter.php(457): CodeIgniter\CodeIgniter->runController(Object(App\Controllers\User))
 8 SYSTEMPATH\CodeIgniter.php(340): CodeIgniter\CodeIgniter->handleRequest(null, Object(Config\Cache), false)
 9 FCPATH\index.php(67): CodeIgniter\CodeIgniter->run()
10 SYSTEMPATH\Commands\Server\rewrite.php(43): require_once('FCPATH\\index.php')
CRITICAL - 2022-09-09 23:29:50 --> Undefined variable $s
in APPPATH\Views\user\index.php on line 461.
 1 APPPATH\Views\user\index.php(461): CodeIgniter\Debug\Exceptions->errorHandler(2, 'Undefined variable $s', 'APPPATH\\Views\\user\\index.php', 461)
 2 SYSTEMPATH\View\View.php(213): include('APPPATH\\Views\\user\\index.php')
 3 SYSTEMPATH\View\View.php(216): CodeIgniter\View\View->CodeIgniter\View\{closure}()
 4 SYSTEMPATH\Common.php(1137): CodeIgniter\View\View->render('user/index', [], true)
 5 APPPATH\Controllers\User.php(56): view('user/index', [...])
 6 SYSTEMPATH\CodeIgniter.php(904): App\Controllers\User->index()
 7 SYSTEMPATH\CodeIgniter.php(457): CodeIgniter\CodeIgniter->runController(Object(App\Controllers\User))
 8 SYSTEMPATH\CodeIgniter.php(340): CodeIgniter\CodeIgniter->handleRequest(null, Object(Config\Cache), false)
 9 FCPATH\index.php(67): CodeIgniter\CodeIgniter->run()
10 SYSTEMPATH\Commands\Server\rewrite.php(43): require_once('FCPATH\\index.php')
