CRITICAL - 2022-10-02 20:40:58 --> Call to a member function getRandomName() on null
in APPPATH\Controllers\Admin.php on line 721.
 1 SYSTEMPATH\CodeIgniter.php(904): App\Controllers\Admin->prosesEmail()
 2 SYSTEMPATH\CodeIgniter.php(457): CodeIgniter\CodeIgniter->runController(Object(App\Controllers\Admin))
 3 SYSTEMPATH\CodeIgniter.php(340): CodeIgniter\CodeIgniter->handleRequest(null, Object(Config\Cache), false)
 4 FCPATH\index.php(67): CodeIgniter\CodeIgniter->run()
 5 SYSTEMPATH\Commands\Server\rewrite.php(43): require_once('FCPATH\\index.php')
CRITICAL - 2022-10-02 20:44:19 --> Call to a member function getRandomName() on null
in APPPATH\Controllers\Admin.php on line 721.
 1 SYSTEMPATH\CodeIgniter.php(904): App\Controllers\Admin->prosesEmail()
 2 SYSTEMPATH\CodeIgniter.php(457): CodeIgniter\CodeIgniter->runController(Object(App\Controllers\Admin))
 3 SYSTEMPATH\CodeIgniter.php(340): CodeIgniter\CodeIgniter->handleRequest(null, Object(Config\Cache), false)
 4 FCPATH\index.php(67): CodeIgniter\CodeIgniter->run()
 5 SYSTEMPATH\Commands\Server\rewrite.php(43): require_once('FCPATH\\index.php')
CRITICAL - 2022-10-02 20:47:35 --> Cannot use [] for reading
in APPPATH\Controllers\Admin.php on line 719.
 1 [internal function]: CodeIgniter\Debug\Exceptions->shutdownHandler()
CRITICAL - 2022-10-02 20:55:41 --> Call to a member function getRandomName() on null
in APPPATH\Controllers\Admin.php on line 721.
 1 SYSTEMPATH\CodeIgniter.php(904): App\Controllers\Admin->prosesEmail()
 2 SYSTEMPATH\CodeIgniter.php(457): CodeIgniter\CodeIgniter->runController(Object(App\Controllers\Admin))
 3 SYSTEMPATH\CodeIgniter.php(340): CodeIgniter\CodeIgniter->handleRequest(null, Object(Config\Cache), false)
 4 FCPATH\index.php(67): CodeIgniter\CodeIgniter->run()
 5 SYSTEMPATH\Commands\Server\rewrite.php(43): require_once('FCPATH\\index.php')
CRITICAL - 2022-10-02 20:56:22 --> Call to a member function getRandomName() on null
in APPPATH\Controllers\Admin.php on line 721.
 1 SYSTEMPATH\CodeIgniter.php(904): App\Controllers\Admin->prosesEmail()
 2 SYSTEMPATH\CodeIgniter.php(457): CodeIgniter\CodeIgniter->runController(Object(App\Controllers\Admin))
 3 SYSTEMPATH\CodeIgniter.php(340): CodeIgniter\CodeIgniter->handleRequest(null, Object(Config\Cache), false)
 4 FCPATH\index.php(67): CodeIgniter\CodeIgniter->run()
 5 SYSTEMPATH\Commands\Server\rewrite.php(43): require_once('FCPATH\\index.php')
CRITICAL - 2022-10-02 20:59:23 --> Call to a member function getRandomName() on null
in APPPATH\Controllers\Admin.php on line 721.
 1 SYSTEMPATH\CodeIgniter.php(904): App\Controllers\Admin->prosesEmail()
 2 SYSTEMPATH\CodeIgniter.php(457): CodeIgniter\CodeIgniter->runController(Object(App\Controllers\Admin))
 3 SYSTEMPATH\CodeIgniter.php(340): CodeIgniter\CodeIgniter->handleRequest(null, Object(Config\Cache), false)
 4 FCPATH\index.php(67): CodeIgniter\CodeIgniter->run()
 5 SYSTEMPATH\Commands\Server\rewrite.php(43): require_once('FCPATH\\index.php')
CRITICAL - 2022-10-02 21:09:06 --> Call to a member function getRandomName() on null
in APPPATH\Controllers\Admin.php on line 721.
 1 SYSTEMPATH\CodeIgniter.php(904): App\Controllers\Admin->prosesEmail()
 2 SYSTEMPATH\CodeIgniter.php(457): CodeIgniter\CodeIgniter->runController(Object(App\Controllers\Admin))
 3 SYSTEMPATH\CodeIgniter.php(340): CodeIgniter\CodeIgniter->handleRequest(null, Object(Config\Cache), false)
 4 FCPATH\index.php(67): CodeIgniter\CodeIgniter->run()
 5 SYSTEMPATH\Commands\Server\rewrite.php(43): require_once('FCPATH\\index.php')
CRITICAL - 2022-10-02 21:10:39 --> foreach() argument must be of type array|object, null given
in APPPATH\Controllers\Admin.php on line 719.
 1 APPPATH\Controllers\Admin.php(719): CodeIgniter\Debug\Exceptions->errorHandler(2, 'foreach() argument must be of type array|object, null given', 'APPPATH\\Controllers\\Admin.php', 719)
 2 SYSTEMPATH\CodeIgniter.php(904): App\Controllers\Admin->prosesEmail()
 3 SYSTEMPATH\CodeIgniter.php(457): CodeIgniter\CodeIgniter->runController(Object(App\Controllers\Admin))
 4 SYSTEMPATH\CodeIgniter.php(340): CodeIgniter\CodeIgniter->handleRequest(null, Object(Config\Cache), false)
 5 FCPATH\index.php(67): CodeIgniter\CodeIgniter->run()
 6 SYSTEMPATH\Commands\Server\rewrite.php(43): require_once('FCPATH\\index.php')
CRITICAL - 2022-10-02 21:15:45 --> foreach() argument must be of type array|object, null given
in APPPATH\Controllers\Admin.php on line 719.
 1 APPPATH\Controllers\Admin.php(719): CodeIgniter\Debug\Exceptions->errorHandler(2, 'foreach() argument must be of type array|object, null given', 'APPPATH\\Controllers\\Admin.php', 719)
 2 SYSTEMPATH\CodeIgniter.php(904): App\Controllers\Admin->prosesEmail()
 3 SYSTEMPATH\CodeIgniter.php(457): CodeIgniter\CodeIgniter->runController(Object(App\Controllers\Admin))
 4 SYSTEMPATH\CodeIgniter.php(340): CodeIgniter\CodeIgniter->handleRequest(null, Object(Config\Cache), false)
 5 FCPATH\index.php(67): CodeIgniter\CodeIgniter->run()
 6 SYSTEMPATH\Commands\Server\rewrite.php(43): require_once('FCPATH\\index.php')
CRITICAL - 2022-10-02 21:17:06 --> foreach() argument must be of type array|object, null given
in APPPATH\Controllers\Admin.php on line 719.
 1 APPPATH\Controllers\Admin.php(719): CodeIgniter\Debug\Exceptions->errorHandler(2, 'foreach() argument must be of type array|object, null given', 'APPPATH\\Controllers\\Admin.php', 719)
 2 SYSTEMPATH\CodeIgniter.php(904): App\Controllers\Admin->prosesEmail()
 3 SYSTEMPATH\CodeIgniter.php(457): CodeIgniter\CodeIgniter->runController(Object(App\Controllers\Admin))
 4 SYSTEMPATH\CodeIgniter.php(340): CodeIgniter\CodeIgniter->handleRequest(null, Object(Config\Cache), false)
 5 FCPATH\index.php(67): CodeIgniter\CodeIgniter->run()
 6 SYSTEMPATH\Commands\Server\rewrite.php(43): require_once('FCPATH\\index.php')
CRITICAL - 2022-10-02 21:18:31 --> foreach() argument must be of type array|object, null given
in APPPATH\Controllers\Admin.php on line 719.
 1 APPPATH\Controllers\Admin.php(719): CodeIgniter\Debug\Exceptions->errorHandler(2, 'foreach() argument must be of type array|object, null given', 'APPPATH\\Controllers\\Admin.php', 719)
 2 SYSTEMPATH\CodeIgniter.php(904): App\Controllers\Admin->prosesEmail()
 3 SYSTEMPATH\CodeIgniter.php(457): CodeIgniter\CodeIgniter->runController(Object(App\Controllers\Admin))
 4 SYSTEMPATH\CodeIgniter.php(340): CodeIgniter\CodeIgniter->handleRequest(null, Object(Config\Cache), false)
 5 FCPATH\index.php(67): CodeIgniter\CodeIgniter->run()
 6 SYSTEMPATH\Commands\Server\rewrite.php(43): require_once('FCPATH\\index.php')
CRITICAL - 2022-10-02 21:18:43 --> Call to undefined method App\Models\RevisedModel::email_acc
in SYSTEMPATH\Model.php on line 773.
 1 APPPATH\Controllers\Admin.php(742): CodeIgniter\Model->__call('email_acc', [])
 2 SYSTEMPATH\CodeIgniter.php(904): App\Controllers\Admin->prosesEmail()
 3 SYSTEMPATH\CodeIgniter.php(457): CodeIgniter\CodeIgniter->runController(Object(App\Controllers\Admin))
 4 SYSTEMPATH\CodeIgniter.php(340): CodeIgniter\CodeIgniter->handleRequest(null, Object(Config\Cache), false)
 5 FCPATH\index.php(67): CodeIgniter\CodeIgniter->run()
 6 SYSTEMPATH\Commands\Server\rewrite.php(43): require_once('FCPATH\\index.php')
ERROR - 2022-10-02 21:20:20 --> mysqli_sql_exception: Unknown column 'revised.abs_id' in 'on clause' in C:\xampp\htdocs\isceeradmin\system\Database\MySQLi\Connection.php:292
Stack trace:
#0 C:\xampp\htdocs\isceeradmin\system\Database\MySQLi\Connection.php(292): mysqli->query('SELECT `email`\n...', 0)
#1 C:\xampp\htdocs\isceeradmin\system\Database\BaseConnection.php(693): CodeIgniter\Database\MySQLi\Connection->execute('SELECT `email`\n...')
#2 C:\xampp\htdocs\isceeradmin\system\Database\BaseConnection.php(620): CodeIgniter\Database\BaseConnection->simpleQuery('SELECT `email`\n...')
#3 C:\xampp\htdocs\isceeradmin\system\Database\BaseBuilder.php(1585): CodeIgniter\Database\BaseConnection->query('SELECT `email`\n...', Array, false)
#4 C:\xampp\htdocs\isceeradmin\system\Model.php(771): CodeIgniter\Database\BaseBuilder->get()
#5 C:\xampp\htdocs\isceeradmin\app\Models\RevisedModel.php(342): CodeIgniter\Model->__call('get', Array)
#6 C:\xampp\htdocs\isceeradmin\app\Controllers\Admin.php(742): App\Models\RevisedModel->email_acc()
#7 C:\xampp\htdocs\isceeradmin\system\CodeIgniter.php(904): App\Controllers\Admin->prosesEmail()
#8 C:\xampp\htdocs\isceeradmin\system\CodeIgniter.php(457): CodeIgniter\CodeIgniter->runController(Object(App\Controllers\Admin))
#9 C:\xampp\htdocs\isceeradmin\system\CodeIgniter.php(340): CodeIgniter\CodeIgniter->handleRequest(NULL, Object(Config\Cache), false)
#10 C:\xampp\htdocs\isceeradmin\public\index.php(67): CodeIgniter\CodeIgniter->run()
#11 C:\xampp\htdocs\isceeradmin\system\Commands\Server\rewrite.php(43): require_once('C:\\xampp\\htdocs...')
#12 {main}
CRITICAL - 2022-10-02 21:20:20 --> Unknown column 'revised.abs_id' in 'on clause'
in SYSTEMPATH\Database\MySQLi\Connection.php on line 292.
 1 SYSTEMPATH\Database\MySQLi\Connection.php(292): mysqli->query('SELECT `email`
FROM `revised_paper`
JOIN `abstrak` ON `abstrak`.`abs_id`=`revised`.`abs_id`
JOIN `user` ON `abstrak`.`id_user`=`user`.`id_user`', 0)
 2 SYSTEMPATH\Database\BaseConnection.php(693): CodeIgniter\Database\MySQLi\Connection->execute('SELECT `email`
FROM `revised_paper`
JOIN `abstrak` ON `abstrak`.`abs_id`=`revised`.`abs_id`
JOIN `user` ON `abstrak`.`id_user`=`user`.`id_user`')
 3 SYSTEMPATH\Database\BaseConnection.php(620): CodeIgniter\Database\BaseConnection->simpleQuery('SELECT `email`
FROM `revised_paper`
JOIN `abstrak` ON `abstrak`.`abs_id`=`revised`.`abs_id`
JOIN `user` ON `abstrak`.`id_user`=`user`.`id_user`')
 4 SYSTEMPATH\Database\BaseBuilder.php(1585): CodeIgniter\Database\BaseConnection->query('SELECT `email`
FROM `revised_paper`
JOIN `abstrak` ON `abstrak`.`abs_id`=`revised`.`abs_id`
JOIN `user` ON `abstrak`.`id_user`=`user`.`id_user`', [], false)
 5 SYSTEMPATH\Model.php(771): CodeIgniter\Database\BaseBuilder->get()
 6 APPPATH\Models\RevisedModel.php(342): CodeIgniter\Model->__call('get', [])
 7 APPPATH\Controllers\Admin.php(742): App\Models\RevisedModel->email_acc()
 8 SYSTEMPATH\CodeIgniter.php(904): App\Controllers\Admin->prosesEmail()
 9 SYSTEMPATH\CodeIgniter.php(457): CodeIgniter\CodeIgniter->runController(Object(App\Controllers\Admin))
10 SYSTEMPATH\CodeIgniter.php(340): CodeIgniter\CodeIgniter->handleRequest(null, Object(Config\Cache), false)
11 FCPATH\index.php(67): CodeIgniter\CodeIgniter->run()
12 SYSTEMPATH\Commands\Server\rewrite.php(43): require_once('FCPATH\\index.php')
CRITICAL - 2022-10-02 21:20:58 --> Call to undefined method CodeIgniter\Email\Email::attachment()
in APPPATH\Controllers\Admin.php on line 758.
 1 SYSTEMPATH\CodeIgniter.php(904): App\Controllers\Admin->prosesEmail()
 2 SYSTEMPATH\CodeIgniter.php(457): CodeIgniter\CodeIgniter->runController(Object(App\Controllers\Admin))
 3 SYSTEMPATH\CodeIgniter.php(340): CodeIgniter\CodeIgniter->handleRequest(null, Object(Config\Cache), false)
 4 FCPATH\index.php(67): CodeIgniter\CodeIgniter->run()
 5 SYSTEMPATH\Commands\Server\rewrite.php(43): require_once('FCPATH\\index.php')
CRITICAL - 2022-10-02 21:21:26 --> strpos(): Argument #1 ($haystack) must be of type string, array given
in SYSTEMPATH\Email\Email.php on line 648.
 1 SYSTEMPATH\Email\Email.php(648): strpos([...], '://')
 2 APPPATH\Controllers\Admin.php(759): CodeIgniter\Email\Email->attach([...])
 3 SYSTEMPATH\CodeIgniter.php(904): App\Controllers\Admin->prosesEmail()
 4 SYSTEMPATH\CodeIgniter.php(457): CodeIgniter\CodeIgniter->runController(Object(App\Controllers\Admin))
 5 SYSTEMPATH\CodeIgniter.php(340): CodeIgniter\CodeIgniter->handleRequest(null, Object(Config\Cache), false)
 6 FCPATH\index.php(67): CodeIgniter\CodeIgniter->run()
 7 SYSTEMPATH\Commands\Server\rewrite.php(43): require_once('FCPATH\\index.php')
CRITICAL - 2022-10-02 21:22:52 --> strpos(): Argument #1 ($haystack) must be of type string, array given
in SYSTEMPATH\Email\Email.php on line 648.
 1 SYSTEMPATH\Email\Email.php(648): strpos([...], '://')
 2 APPPATH\Controllers\Admin.php(759): CodeIgniter\Email\Email->attach([...])
 3 SYSTEMPATH\CodeIgniter.php(904): App\Controllers\Admin->prosesEmail()
 4 SYSTEMPATH\CodeIgniter.php(457): CodeIgniter\CodeIgniter->runController(Object(App\Controllers\Admin))
 5 SYSTEMPATH\CodeIgniter.php(340): CodeIgniter\CodeIgniter->handleRequest(null, Object(Config\Cache), false)
 6 FCPATH\index.php(67): CodeIgniter\CodeIgniter->run()
 7 SYSTEMPATH\Commands\Server\rewrite.php(43): require_once('FCPATH\\index.php')
CRITICAL - 2022-10-02 21:37:15 --> foreach() argument must be of type array|object, null given
in APPPATH\Controllers\Admin.php on line 719.
 1 APPPATH\Controllers\Admin.php(719): CodeIgniter\Debug\Exceptions->errorHandler(2, 'foreach() argument must be of type array|object, null given', 'APPPATH\\Controllers\\Admin.php', 719)
 2 SYSTEMPATH\CodeIgniter.php(904): App\Controllers\Admin->prosesEmail()
 3 SYSTEMPATH\CodeIgniter.php(457): CodeIgniter\CodeIgniter->runController(Object(App\Controllers\Admin))
 4 SYSTEMPATH\CodeIgniter.php(340): CodeIgniter\CodeIgniter->handleRequest(null, Object(Config\Cache), false)
 5 FCPATH\index.php(67): CodeIgniter\CodeIgniter->run()
 6 SYSTEMPATH\Commands\Server\rewrite.php(43): require_once('FCPATH\\index.php')
CRITICAL - 2022-10-02 21:37:51 --> Undefined array key "FCPATHgambar/A1664764671_54c41dfd25cc283f3984.pdf"
in APPPATH\Controllers\Admin.php on line 760.
 1 APPPATH\Controllers\Admin.php(760): CodeIgniter\Debug\Exceptions->errorHandler(2, 'Undefined array key "FCPATHgambar/A1664764671_54c41dfd25cc283f3984.pdf"', 'APPPATH\\Controllers\\Admin.php', 760)
 2 SYSTEMPATH\CodeIgniter.php(904): App\Controllers\Admin->prosesEmail()
 3 SYSTEMPATH\CodeIgniter.php(457): CodeIgniter\CodeIgniter->runController(Object(App\Controllers\Admin))
 4 SYSTEMPATH\CodeIgniter.php(340): CodeIgniter\CodeIgniter->handleRequest(null, Object(Config\Cache), false)
 5 FCPATH\index.php(67): CodeIgniter\CodeIgniter->run()
 6 SYSTEMPATH\Commands\Server\rewrite.php(43): require_once('FCPATH\\index.php')
CRITICAL - 2022-10-02 21:40:29 --> foreach() argument must be of type array|object, null given
in APPPATH\Controllers\Admin.php on line 719.
 1 APPPATH\Controllers\Admin.php(719): CodeIgniter\Debug\Exceptions->errorHandler(2, 'foreach() argument must be of type array|object, null given', 'APPPATH\\Controllers\\Admin.php', 719)
 2 SYSTEMPATH\CodeIgniter.php(904): App\Controllers\Admin->prosesEmail()
 3 SYSTEMPATH\CodeIgniter.php(457): CodeIgniter\CodeIgniter->runController(Object(App\Controllers\Admin))
 4 SYSTEMPATH\CodeIgniter.php(340): CodeIgniter\CodeIgniter->handleRequest(null, Object(Config\Cache), false)
 5 FCPATH\index.php(67): CodeIgniter\CodeIgniter->run()
 6 SYSTEMPATH\Commands\Server\rewrite.php(43): require_once('FCPATH\\index.php')
CRITICAL - 2022-10-02 21:40:59 --> Undefined array key "C:\xampp\htdocs\isceeradmin\public\gambar/A1664764859_db285d7ff56d189b78f0.jpg"
in APPPATH\Controllers\Admin.php on line 760.
 1 APPPATH\Controllers\Admin.php(760): CodeIgniter\Debug\Exceptions->errorHandler(2, 'Undefined array key "C:\\xampp\\htdocs\\isceeradmin\\public\\gambar/A1664764859_db285d7ff56d189b78f0.jpg"', 'APPPATH\\Controllers\\Admin.php', 760)
 2 SYSTEMPATH\CodeIgniter.php(904): App\Controllers\Admin->prosesEmail()
 3 SYSTEMPATH\CodeIgniter.php(457): CodeIgniter\CodeIgniter->runController(Object(App\Controllers\Admin))
 4 SYSTEMPATH\CodeIgniter.php(340): CodeIgniter\CodeIgniter->handleRequest(null, Object(Config\Cache), false)
 5 FCPATH\index.php(67): CodeIgniter\CodeIgniter->run()
 6 SYSTEMPATH\Commands\Server\rewrite.php(43): require_once('FCPATH\\index.php')
CRITICAL - 2022-10-02 21:43:13 --> Undefined array key "C:\xampp\htdocs\isceeradmin\public\gambar/A1664764992_e069fce23e133f96edca.pdf"
in APPPATH\Controllers\Admin.php on line 759.
 1 APPPATH\Controllers\Admin.php(759): CodeIgniter\Debug\Exceptions->errorHandler(2, 'Undefined array key "C:\\xampp\\htdocs\\isceeradmin\\public\\gambar/A1664764992_e069fce23e133f96edca.pdf"', 'APPPATH\\Controllers\\Admin.php', 759)
 2 SYSTEMPATH\CodeIgniter.php(904): App\Controllers\Admin->prosesEmail()
 3 SYSTEMPATH\CodeIgniter.php(457): CodeIgniter\CodeIgniter->runController(Object(App\Controllers\Admin))
 4 SYSTEMPATH\CodeIgniter.php(340): CodeIgniter\CodeIgniter->handleRequest(null, Object(Config\Cache), false)
 5 FCPATH\index.php(67): CodeIgniter\CodeIgniter->run()
 6 SYSTEMPATH\Commands\Server\rewrite.php(43): require_once('FCPATH\\index.php')
CRITICAL - 2022-10-02 21:44:20 --> Undefined array key "C:\xampp\htdocs\isceeradmin\public\gambar/A1664765060_c6e1b4a8382b28b3bfcf.pdf"
in APPPATH\Controllers\Admin.php on line 759.
 1 APPPATH\Controllers\Admin.php(759): CodeIgniter\Debug\Exceptions->errorHandler(2, 'Undefined array key "C:\\xampp\\htdocs\\isceeradmin\\public\\gambar/A1664765060_c6e1b4a8382b28b3bfcf.pdf"', 'APPPATH\\Controllers\\Admin.php', 759)
 2 SYSTEMPATH\CodeIgniter.php(904): App\Controllers\Admin->prosesEmail()
 3 SYSTEMPATH\CodeIgniter.php(457): CodeIgniter\CodeIgniter->runController(Object(App\Controllers\Admin))
 4 SYSTEMPATH\CodeIgniter.php(340): CodeIgniter\CodeIgniter->handleRequest(null, Object(Config\Cache), false)
 5 FCPATH\index.php(67): CodeIgniter\CodeIgniter->run()
 6 SYSTEMPATH\Commands\Server\rewrite.php(43): require_once('FCPATH\\index.php')
CRITICAL - 2022-10-02 21:48:21 --> foreach() argument must be of type array|object, null given
in APPPATH\Controllers\Admin.php on line 719.
 1 APPPATH\Controllers\Admin.php(719): CodeIgniter\Debug\Exceptions->errorHandler(2, 'foreach() argument must be of type array|object, null given', 'APPPATH\\Controllers\\Admin.php', 719)
 2 SYSTEMPATH\CodeIgniter.php(904): App\Controllers\Admin->prosesEmail()
 3 SYSTEMPATH\CodeIgniter.php(457): CodeIgniter\CodeIgniter->runController(Object(App\Controllers\Admin))
 4 SYSTEMPATH\CodeIgniter.php(340): CodeIgniter\CodeIgniter->handleRequest(null, Object(Config\Cache), false)
 5 FCPATH\index.php(67): CodeIgniter\CodeIgniter->run()
 6 SYSTEMPATH\Commands\Server\rewrite.php(43): require_once('FCPATH\\index.php')
CRITICAL - 2022-10-02 21:54:48 --> Call to a member function printDebugger() on array
in APPPATH\Controllers\Admin.php on line 764.
 1 SYSTEMPATH\CodeIgniter.php(904): App\Controllers\Admin->prosesEmail()
 2 SYSTEMPATH\CodeIgniter.php(457): CodeIgniter\CodeIgniter->runController(Object(App\Controllers\Admin))
 3 SYSTEMPATH\CodeIgniter.php(340): CodeIgniter\CodeIgniter->handleRequest(null, Object(Config\Cache), false)
 4 FCPATH\index.php(67): CodeIgniter\CodeIgniter->run()
 5 SYSTEMPATH\Commands\Server\rewrite.php(43): require_once('FCPATH\\index.php')
CRITICAL - 2022-10-02 21:59:32 --> Call to a member function printDebugger() on array
in APPPATH\Controllers\Admin.php on line 764.
 1 SYSTEMPATH\CodeIgniter.php(904): App\Controllers\Admin->prosesEmail()
 2 SYSTEMPATH\CodeIgniter.php(457): CodeIgniter\CodeIgniter->runController(Object(App\Controllers\Admin))
 3 SYSTEMPATH\CodeIgniter.php(340): CodeIgniter\CodeIgniter->handleRequest(null, Object(Config\Cache), false)
 4 FCPATH\index.php(67): CodeIgniter\CodeIgniter->run()
 5 SYSTEMPATH\Commands\Server\rewrite.php(43): require_once('FCPATH\\index.php')
CRITICAL - 2022-10-02 22:18:23 --> Call to a member function printDebugger() on array
in APPPATH\Controllers\Admin.php on line 764.
 1 SYSTEMPATH\CodeIgniter.php(904): App\Controllers\Admin->prosesEmail()
 2 SYSTEMPATH\CodeIgniter.php(457): CodeIgniter\CodeIgniter->runController(Object(App\Controllers\Admin))
 3 SYSTEMPATH\CodeIgniter.php(340): CodeIgniter\CodeIgniter->handleRequest(null, Object(Config\Cache), false)
 4 FCPATH\index.php(67): CodeIgniter\CodeIgniter->run()
 5 SYSTEMPATH\Commands\Server\rewrite.php(43): require_once('FCPATH\\index.php')
CRITICAL - 2022-10-02 22:21:01 --> foreach() argument must be of type array|object, null given
in APPPATH\Controllers\Admin.php on line 719.
 1 APPPATH\Controllers\Admin.php(719): CodeIgniter\Debug\Exceptions->errorHandler(2, 'foreach() argument must be of type array|object, null given', 'APPPATH\\Controllers\\Admin.php', 719)
 2 SYSTEMPATH\CodeIgniter.php(904): App\Controllers\Admin->prosesEmail()
 3 SYSTEMPATH\CodeIgniter.php(457): CodeIgniter\CodeIgniter->runController(Object(App\Controllers\Admin))
 4 SYSTEMPATH\CodeIgniter.php(340): CodeIgniter\CodeIgniter->handleRequest(null, Object(Config\Cache), false)
 5 FCPATH\index.php(67): CodeIgniter\CodeIgniter->run()
 6 SYSTEMPATH\Commands\Server\rewrite.php(43): require_once('FCPATH\\index.php')
CRITICAL - 2022-10-02 22:21:16 --> Call to a member function printDebugger() on array
in APPPATH\Controllers\Admin.php on line 764.
 1 SYSTEMPATH\CodeIgniter.php(904): App\Controllers\Admin->prosesEmail()
 2 SYSTEMPATH\CodeIgniter.php(457): CodeIgniter\CodeIgniter->runController(Object(App\Controllers\Admin))
 3 SYSTEMPATH\CodeIgniter.php(340): CodeIgniter\CodeIgniter->handleRequest(null, Object(Config\Cache), false)
 4 FCPATH\index.php(67): CodeIgniter\CodeIgniter->run()
 5 SYSTEMPATH\Commands\Server\rewrite.php(43): require_once('FCPATH\\index.php')
CRITICAL - 2022-10-02 22:22:03 --> Call to a member function printDebugger() on array
in APPPATH\Controllers\Admin.php on line 764.
 1 SYSTEMPATH\CodeIgniter.php(904): App\Controllers\Admin->prosesEmail()
 2 SYSTEMPATH\CodeIgniter.php(457): CodeIgniter\CodeIgniter->runController(Object(App\Controllers\Admin))
 3 SYSTEMPATH\CodeIgniter.php(340): CodeIgniter\CodeIgniter->handleRequest(null, Object(Config\Cache), false)
 4 FCPATH\index.php(67): CodeIgniter\CodeIgniter->run()
 5 SYSTEMPATH\Commands\Server\rewrite.php(43): require_once('FCPATH\\index.php')
CRITICAL - 2022-10-02 22:33:20 --> Call to a member function printDebugger() on array
in APPPATH\Controllers\Admin.php on line 764.
 1 SYSTEMPATH\CodeIgniter.php(904): App\Controllers\Admin->prosesEmail()
 2 SYSTEMPATH\CodeIgniter.php(457): CodeIgniter\CodeIgniter->runController(Object(App\Controllers\Admin))
 3 SYSTEMPATH\CodeIgniter.php(340): CodeIgniter\CodeIgniter->handleRequest(null, Object(Config\Cache), false)
 4 FCPATH\index.php(67): CodeIgniter\CodeIgniter->run()
 5 SYSTEMPATH\Commands\Server\rewrite.php(43): require_once('FCPATH\\index.php')
ERROR - 2022-10-02 22:55:35 --> Email: sendWithSmtp throwed ErrorException: fsockopen(): SSL operation failed with code 1. OpenSSL Error messages:
error:1408F10B:SSL routines:ssl3_get_record:wrong version number in C:\xampp\htdocs\isceeradmin\system\Email\Email.php:1850
Stack trace:
#0 [internal function]: CodeIgniter\Debug\Exceptions->errorHandler(2, 'fsockopen(): SS...', 'C:\\xampp\\htdocs...', 1850)
#1 C:\xampp\htdocs\isceeradmin\system\Email\Email.php(1850): fsockopen('ssl://smtp.gmai...', 587, NULL, NULL, 5)
#2 C:\xampp\htdocs\isceeradmin\system\Email\Email.php(1764): CodeIgniter\Email\Email->SMTPConnect()
#3 C:\xampp\htdocs\isceeradmin\system\Email\Email.php(1654): CodeIgniter\Email\Email->sendWithSmtp()
#4 C:\xampp\htdocs\isceeradmin\system\Email\Email.php(1552): CodeIgniter\Email\Email->spoolEmail()
#5 C:\xampp\htdocs\isceeradmin\app\Controllers\Admin.php(763): CodeIgniter\Email\Email->send()
#6 C:\xampp\htdocs\isceeradmin\system\CodeIgniter.php(904): App\Controllers\Admin->prosesEmail()
#7 C:\xampp\htdocs\isceeradmin\system\CodeIgniter.php(457): CodeIgniter\CodeIgniter->runController(Object(App\Controllers\Admin))
#8 C:\xampp\htdocs\isceeradmin\system\CodeIgniter.php(340): CodeIgniter\CodeIgniter->handleRequest(NULL, Object(Config\Cache), false)
#9 C:\xampp\htdocs\isceeradmin\public\index.php(67): CodeIgniter\CodeIgniter->run()
#10 C:\xampp\htdocs\isceeradmin\system\Commands\Server\rewrite.php(43): require_once('C:\\xampp\\htdocs...')
#11 {main}
CRITICAL - 2022-10-02 23:08:48 --> Call to undefined method CodeIgniter\Database\MySQLi\Result::countAllResult()
in APPPATH\Controllers\Admin.php on line 51.
 1 SYSTEMPATH\CodeIgniter.php(904): App\Controllers\Admin->index()
 2 SYSTEMPATH\CodeIgniter.php(457): CodeIgniter\CodeIgniter->runController(Object(App\Controllers\Admin))
 3 SYSTEMPATH\CodeIgniter.php(340): CodeIgniter\CodeIgniter->handleRequest(null, Object(Config\Cache), false)
 4 FCPATH\index.php(67): CodeIgniter\CodeIgniter->run()
 5 SYSTEMPATH\Commands\Server\rewrite.php(43): require_once('FCPATH\\index.php')
CRITICAL - 2022-10-02 23:08:58 --> Call to undefined method CodeIgniter\Database\MySQLi\Result::get()
in APPPATH\Controllers\Admin.php on line 51.
 1 SYSTEMPATH\CodeIgniter.php(904): App\Controllers\Admin->index()
 2 SYSTEMPATH\CodeIgniter.php(457): CodeIgniter\CodeIgniter->runController(Object(App\Controllers\Admin))
 3 SYSTEMPATH\CodeIgniter.php(340): CodeIgniter\CodeIgniter->handleRequest(null, Object(Config\Cache), false)
 4 FCPATH\index.php(67): CodeIgniter\CodeIgniter->run()
 5 SYSTEMPATH\Commands\Server\rewrite.php(43): require_once('FCPATH\\index.php')
