CRITICAL - 2022-09-11 21:04:18 --> Undefined property: App\Controllers\Admin::$abstrakModel
in APPPATH\Controllers\Admin.php on line 44.
 1 APPPATH\Controllers\Admin.php(44): CodeIgniter\Debug\Exceptions->errorHandler(2, 'Undefined property: App\\Controllers\\Admin::$abstrakModel', 'APPPATH\\Controllers\\Admin.php', 44)
 2 SYSTEMPATH\CodeIgniter.php(904): App\Controllers\Admin->abstrak()
 3 SYSTEMPATH\CodeIgniter.php(457): CodeIgniter\CodeIgniter->runController(Object(App\Controllers\Admin))
 4 SYSTEMPATH\CodeIgniter.php(340): CodeIgniter\CodeIgniter->handleRequest(null, Object(Config\Cache), false)
 5 FCPATH\index.php(67): CodeIgniter\CodeIgniter->run()
 6 SYSTEMPATH\Commands\Server\rewrite.php(43): require_once('FCPATH\\index.php')
CRITICAL - 2022-09-11 21:36:35 --> Undefined array key "topic"
in APPPATH\Views\admin\abstrak.php on line 47.
 1 APPPATH\Views\admin\abstrak.php(47): CodeIgniter\Debug\Exceptions->errorHandler(2, 'Undefined array key "topic"', 'APPPATH\\Views\\admin\\abstrak.php', 47)
 2 SYSTEMPATH\View\View.php(213): include('APPPATH\\Views\\admin\\abstrak.php')
 3 SYSTEMPATH\View\View.php(216): CodeIgniter\View\View->CodeIgniter\View\{closure}()
 4 SYSTEMPATH\Common.php(1137): CodeIgniter\View\View->render('admin/abstrak', [], true)
 5 APPPATH\Controllers\Admin.php(58): view('admin/abstrak', [...])
 6 SYSTEMPATH\CodeIgniter.php(904): App\Controllers\Admin->abstrak()
 7 SYSTEMPATH\CodeIgniter.php(457): CodeIgniter\CodeIgniter->runController(Object(App\Controllers\Admin))
 8 SYSTEMPATH\CodeIgniter.php(340): CodeIgniter\CodeIgniter->handleRequest(null, Object(Config\Cache), false)
 9 FCPATH\index.php(67): CodeIgniter\CodeIgniter->run()
10 SYSTEMPATH\Commands\Server\rewrite.php(43): require_once('FCPATH\\index.php')
