CRITICAL - 2022-09-15 01:24:39 --> Undefined variable $abs_id
in APPPATH\Views\admin\uploadpaper.php on line 21.
 1 APPPATH\Views\admin\uploadpaper.php(21): CodeIgniter\Debug\Exceptions->errorHandler(2, 'Undefined variable $abs_id', 'APPPATH\\Views\\admin\\uploadpaper.php', 21)
 2 SYSTEMPATH\View\View.php(213): include('APPPATH\\Views\\admin\\uploadpaper.php')
 3 SYSTEMPATH\View\View.php(216): CodeIgniter\View\View->CodeIgniter\View\{closure}()
 4 SYSTEMPATH\Common.php(1137): CodeIgniter\View\View->render('admin/uploadpaper', [], true)
 5 APPPATH\Controllers\Admin.php(95): view('admin/uploadpaper')
 6 SYSTEMPATH\CodeIgniter.php(904): App\Controllers\Admin->addPaperAuthor('ABS-4')
 7 SYSTEMPATH\CodeIgniter.php(457): CodeIgniter\CodeIgniter->runController(Object(App\Controllers\Admin))
 8 SYSTEMPATH\CodeIgniter.php(340): CodeIgniter\CodeIgniter->handleRequest(null, Object(Config\Cache), false)
 9 FCPATH\index.php(67): CodeIgniter\CodeIgniter->run()
10 SYSTEMPATH\Commands\Server\rewrite.php(43): require_once('FCPATH\\index.php')
CRITICAL - 2022-09-15 03:14:16 --> Undefined variable $abs_id
in APPPATH\Views\admin\setreviewer.php on line 21.
 1 APPPATH\Views\admin\setreviewer.php(21): CodeIgniter\Debug\Exceptions->errorHandler(2, 'Undefined variable $abs_id', 'APPPATH\\Views\\admin\\setreviewer.php', 21)
 2 SYSTEMPATH\View\View.php(213): include('APPPATH\\Views\\admin\\setreviewer.php')
 3 SYSTEMPATH\View\View.php(216): CodeIgniter\View\View->CodeIgniter\View\{closure}()
 4 SYSTEMPATH\Common.php(1137): CodeIgniter\View\View->render('admin/setreviewer', [], true)
 5 APPPATH\Controllers\Admin.php(106): view('admin/setreviewer')
 6 SYSTEMPATH\CodeIgniter.php(904): App\Controllers\Admin->setReviewer('ABS-4')
 7 SYSTEMPATH\CodeIgniter.php(457): CodeIgniter\CodeIgniter->runController(Object(App\Controllers\Admin))
 8 SYSTEMPATH\CodeIgniter.php(340): CodeIgniter\CodeIgniter->handleRequest(null, Object(Config\Cache), false)
 9 FCPATH\index.php(67): CodeIgniter\CodeIgniter->run()
10 SYSTEMPATH\Commands\Server\rewrite.php(43): require_once('FCPATH\\index.php')
CRITICAL - 2022-09-15 20:12:41 --> There is no data to update.
in SYSTEMPATH\BaseModel.php on line 846.
 1 SYSTEMPATH\BaseModel.php(846): CodeIgniter\Database\Exceptions\DataException::forEmptyDataset('update')
 2 SYSTEMPATH\Model.php(692): CodeIgniter\BaseModel->update(null, [])
 3 APPPATH\Controllers\Admin.php(294): CodeIgniter\Model->update()
 4 SYSTEMPATH\CodeIgniter.php(904): App\Controllers\Admin->settingReviewer()
 5 SYSTEMPATH\CodeIgniter.php(457): CodeIgniter\CodeIgniter->runController(Object(App\Controllers\Admin))
 6 SYSTEMPATH\CodeIgniter.php(340): CodeIgniter\CodeIgniter->handleRequest(null, Object(Config\Cache), false)
 7 FCPATH\index.php(67): CodeIgniter\CodeIgniter->run()
 8 SYSTEMPATH\Commands\Server\rewrite.php(43): require_once('FCPATH\\index.php')
ERROR - 2022-09-15 22:15:07 --> mysqli_sql_exception: Unknown column 'n.nama' in 'field list' in C:\xampp\htdocs\isceeradmin\system\Database\MySQLi\Connection.php:292
Stack trace:
#0 C:\xampp\htdocs\isceeradmin\system\Database\MySQLi\Connection.php(292): mysqli->query('SELECT `c`.`abs...', 0)
#1 C:\xampp\htdocs\isceeradmin\system\Database\BaseConnection.php(693): CodeIgniter\Database\MySQLi\Connection->execute('SELECT `c`.`abs...')
#2 C:\xampp\htdocs\isceeradmin\system\Database\BaseConnection.php(620): CodeIgniter\Database\BaseConnection->simpleQuery('SELECT `c`.`abs...')
#3 C:\xampp\htdocs\isceeradmin\system\Database\BaseBuilder.php(1585): CodeIgniter\Database\BaseConnection->query('SELECT `c`.`abs...', Array, false)
#4 C:\xampp\htdocs\isceeradmin\system\Model.php(222): CodeIgniter\Database\BaseBuilder->get()
#5 C:\xampp\htdocs\isceeradmin\system\BaseModel.php(584): CodeIgniter\Model->doFindAll(10, 0)
#6 C:\xampp\htdocs\isceeradmin\system\BaseModel.php(1089): CodeIgniter\BaseModel->findAll(10, 0)
#7 C:\xampp\htdocs\isceeradmin\app\Controllers\Admin.php(236): CodeIgniter\BaseModel->paginate(10, 'abstrak')
#8 C:\xampp\htdocs\isceeradmin\system\CodeIgniter.php(904): App\Controllers\Admin->full_paper()
#9 C:\xampp\htdocs\isceeradmin\system\CodeIgniter.php(457): CodeIgniter\CodeIgniter->runController(Object(App\Controllers\Admin))
#10 C:\xampp\htdocs\isceeradmin\system\CodeIgniter.php(340): CodeIgniter\CodeIgniter->handleRequest(NULL, Object(Config\Cache), false)
#11 C:\xampp\htdocs\isceeradmin\public\index.php(67): CodeIgniter\CodeIgniter->run()
#12 C:\xampp\htdocs\isceeradmin\system\Commands\Server\rewrite.php(43): require_once('C:\\xampp\\htdocs...')
#13 {main}
CRITICAL - 2022-09-15 22:15:07 --> Unknown column 'n.nama' in 'field list'
in SYSTEMPATH\Database\MySQLi\Connection.php on line 292.
 1 SYSTEMPATH\Database\MySQLi\Connection.php(292): mysqli->query('SELECT `c`.`abs_id`, `c`.`penulis`, `c`.`judul`, `c`.`abstrak`, `c`.`afiliasi`, `m`.`file_review`, `decision`, `c`.`keyword`, `n`.`nama`, `created_at`, `last_update`, `file_fp`
FROM `full_paper`
JOIN `abstrak` as `c` ON `full_paper`.`abs_id`=`c`.`abs_id`
JOIN `review` as `m` ON `c`.`abs_id`=`m`.`abs_id`
JOIN `reviewer` as `n` ON `n`.`id`=`m`.`id_reviewer`
WHERE YEAR(`created_at`) = \'2022\'
AND `decision` IN (\'waiting_decision\',\'revision required\',\'accept\',\'decline\')
 LIMIT 10', 0)
 2 SYSTEMPATH\Database\BaseConnection.php(693): CodeIgniter\Database\MySQLi\Connection->execute('SELECT `c`.`abs_id`, `c`.`penulis`, `c`.`judul`, `c`.`abstrak`, `c`.`afiliasi`, `m`.`file_review`, `decision`, `c`.`keyword`, `n`.`nama`, `created_at`, `last_update`, `file_fp`
FROM `full_paper`
JOIN `abstrak` as `c` ON `full_paper`.`abs_id`=`c`.`abs_id`
JOIN `review` as `m` ON `c`.`abs_id`=`m`.`abs_id`
JOIN `reviewer` as `n` ON `n`.`id`=`m`.`id_reviewer`
WHERE YEAR(`created_at`) = \'2022\'
AND `decision` IN (\'waiting_decision\',\'revision required\',\'accept\',\'decline\')
 LIMIT 10')
 3 SYSTEMPATH\Database\BaseConnection.php(620): CodeIgniter\Database\BaseConnection->simpleQuery('SELECT `c`.`abs_id`, `c`.`penulis`, `c`.`judul`, `c`.`abstrak`, `c`.`afiliasi`, `m`.`file_review`, `decision`, `c`.`keyword`, `n`.`nama`, `created_at`, `last_update`, `file_fp`
FROM `full_paper`
JOIN `abstrak` as `c` ON `full_paper`.`abs_id`=`c`.`abs_id`
JOIN `review` as `m` ON `c`.`abs_id`=`m`.`abs_id`
JOIN `reviewer` as `n` ON `n`.`id`=`m`.`id_reviewer`
WHERE YEAR(`created_at`) = \'2022\'
AND `decision` IN (\'waiting_decision\',\'revision required\',\'accept\',\'decline\')
 LIMIT 10')
 4 SYSTEMPATH\Database\BaseBuilder.php(1585): CodeIgniter\Database\BaseConnection->query('SELECT `c`.`abs_id`, `c`.`penulis`, `c`.`judul`, `c`.`abstrak`, `c`.`afiliasi`, `m`.`file_review`, `decision`, `c`.`keyword`, `n`.`nama`, `created_at`, `last_update`, `file_fp`
FROM `full_paper`
JOIN `abstrak` as `c` ON `full_paper`.`abs_id`=`c`.`abs_id`
JOIN `review` as `m` ON `c`.`abs_id`=`m`.`abs_id`
JOIN `reviewer` as `n` ON `n`.`id`=`m`.`id_reviewer`
WHERE YEAR(`created_at`) = :YEAR(`created_at`):
AND `decision` IN :decision:
 LIMIT 10', [...], false)
 5 SYSTEMPATH\Model.php(222): CodeIgniter\Database\BaseBuilder->get()
 6 SYSTEMPATH\BaseModel.php(584): CodeIgniter\Model->doFindAll(10, 0)
 7 SYSTEMPATH\BaseModel.php(1089): CodeIgniter\BaseModel->findAll(10, 0)
 8 APPPATH\Controllers\Admin.php(236): CodeIgniter\BaseModel->paginate(10, 'abstrak')
 9 SYSTEMPATH\CodeIgniter.php(904): App\Controllers\Admin->full_paper()
10 SYSTEMPATH\CodeIgniter.php(457): CodeIgniter\CodeIgniter->runController(Object(App\Controllers\Admin))
11 SYSTEMPATH\CodeIgniter.php(340): CodeIgniter\CodeIgniter->handleRequest(null, Object(Config\Cache), false)
12 FCPATH\index.php(67): CodeIgniter\CodeIgniter->run()
13 SYSTEMPATH\Commands\Server\rewrite.php(43): require_once('FCPATH\\index.php')
ERROR - 2022-09-15 22:15:23 --> mysqli_sql_exception: Unknown column 'm.nama_reviewer' in 'field list' in C:\xampp\htdocs\isceeradmin\system\Database\MySQLi\Connection.php:292
Stack trace:
#0 C:\xampp\htdocs\isceeradmin\system\Database\MySQLi\Connection.php(292): mysqli->query('SELECT `c`.`abs...', 0)
#1 C:\xampp\htdocs\isceeradmin\system\Database\BaseConnection.php(693): CodeIgniter\Database\MySQLi\Connection->execute('SELECT `c`.`abs...')
#2 C:\xampp\htdocs\isceeradmin\system\Database\BaseConnection.php(620): CodeIgniter\Database\BaseConnection->simpleQuery('SELECT `c`.`abs...')
#3 C:\xampp\htdocs\isceeradmin\system\Database\BaseBuilder.php(1585): CodeIgniter\Database\BaseConnection->query('SELECT `c`.`abs...', Array, false)
#4 C:\xampp\htdocs\isceeradmin\system\Model.php(222): CodeIgniter\Database\BaseBuilder->get()
#5 C:\xampp\htdocs\isceeradmin\system\BaseModel.php(584): CodeIgniter\Model->doFindAll(10, 0)
#6 C:\xampp\htdocs\isceeradmin\system\BaseModel.php(1089): CodeIgniter\BaseModel->findAll(10, 0)
#7 C:\xampp\htdocs\isceeradmin\app\Controllers\Admin.php(236): CodeIgniter\BaseModel->paginate(10, 'abstrak')
#8 C:\xampp\htdocs\isceeradmin\system\CodeIgniter.php(904): App\Controllers\Admin->full_paper()
#9 C:\xampp\htdocs\isceeradmin\system\CodeIgniter.php(457): CodeIgniter\CodeIgniter->runController(Object(App\Controllers\Admin))
#10 C:\xampp\htdocs\isceeradmin\system\CodeIgniter.php(340): CodeIgniter\CodeIgniter->handleRequest(NULL, Object(Config\Cache), false)
#11 C:\xampp\htdocs\isceeradmin\public\index.php(67): CodeIgniter\CodeIgniter->run()
#12 C:\xampp\htdocs\isceeradmin\system\Commands\Server\rewrite.php(43): require_once('C:\\xampp\\htdocs...')
#13 {main}
CRITICAL - 2022-09-15 22:15:23 --> Unknown column 'm.nama_reviewer' in 'field list'
in SYSTEMPATH\Database\MySQLi\Connection.php on line 292.
 1 SYSTEMPATH\Database\MySQLi\Connection.php(292): mysqli->query('SELECT `c`.`abs_id`, `c`.`penulis`, `c`.`judul`, `c`.`abstrak`, `c`.`afiliasi`, `m`.`file_review`, `decision`, `c`.`keyword`, `m`.`nama_reviewer`, `created_at`, `last_update`, `file_fp`
FROM `full_paper`
JOIN `abstrak` as `c` ON `full_paper`.`abs_id`=`c`.`abs_id`
JOIN `review` as `m` ON `c`.`abs_id`=`m`.`abs_id`
JOIN `reviewer` as `n` ON `n`.`id`=`m`.`id_reviewer`
WHERE YEAR(`created_at`) = \'2022\'
AND `decision` IN (\'waiting_decision\',\'revision required\',\'accept\',\'decline\')
 LIMIT 10', 0)
 2 SYSTEMPATH\Database\BaseConnection.php(693): CodeIgniter\Database\MySQLi\Connection->execute('SELECT `c`.`abs_id`, `c`.`penulis`, `c`.`judul`, `c`.`abstrak`, `c`.`afiliasi`, `m`.`file_review`, `decision`, `c`.`keyword`, `m`.`nama_reviewer`, `created_at`, `last_update`, `file_fp`
FROM `full_paper`
JOIN `abstrak` as `c` ON `full_paper`.`abs_id`=`c`.`abs_id`
JOIN `review` as `m` ON `c`.`abs_id`=`m`.`abs_id`
JOIN `reviewer` as `n` ON `n`.`id`=`m`.`id_reviewer`
WHERE YEAR(`created_at`) = \'2022\'
AND `decision` IN (\'waiting_decision\',\'revision required\',\'accept\',\'decline\')
 LIMIT 10')
 3 SYSTEMPATH\Database\BaseConnection.php(620): CodeIgniter\Database\BaseConnection->simpleQuery('SELECT `c`.`abs_id`, `c`.`penulis`, `c`.`judul`, `c`.`abstrak`, `c`.`afiliasi`, `m`.`file_review`, `decision`, `c`.`keyword`, `m`.`nama_reviewer`, `created_at`, `last_update`, `file_fp`
FROM `full_paper`
JOIN `abstrak` as `c` ON `full_paper`.`abs_id`=`c`.`abs_id`
JOIN `review` as `m` ON `c`.`abs_id`=`m`.`abs_id`
JOIN `reviewer` as `n` ON `n`.`id`=`m`.`id_reviewer`
WHERE YEAR(`created_at`) = \'2022\'
AND `decision` IN (\'waiting_decision\',\'revision required\',\'accept\',\'decline\')
 LIMIT 10')
 4 SYSTEMPATH\Database\BaseBuilder.php(1585): CodeIgniter\Database\BaseConnection->query('SELECT `c`.`abs_id`, `c`.`penulis`, `c`.`judul`, `c`.`abstrak`, `c`.`afiliasi`, `m`.`file_review`, `decision`, `c`.`keyword`, `m`.`nama_reviewer`, `created_at`, `last_update`, `file_fp`
FROM `full_paper`
JOIN `abstrak` as `c` ON `full_paper`.`abs_id`=`c`.`abs_id`
JOIN `review` as `m` ON `c`.`abs_id`=`m`.`abs_id`
JOIN `reviewer` as `n` ON `n`.`id`=`m`.`id_reviewer`
WHERE YEAR(`created_at`) = :YEAR(`created_at`):
AND `decision` IN :decision:
 LIMIT 10', [...], false)
 5 SYSTEMPATH\Model.php(222): CodeIgniter\Database\BaseBuilder->get()
 6 SYSTEMPATH\BaseModel.php(584): CodeIgniter\Model->doFindAll(10, 0)
 7 SYSTEMPATH\BaseModel.php(1089): CodeIgniter\BaseModel->findAll(10, 0)
 8 APPPATH\Controllers\Admin.php(236): CodeIgniter\BaseModel->paginate(10, 'abstrak')
 9 SYSTEMPATH\CodeIgniter.php(904): App\Controllers\Admin->full_paper()
10 SYSTEMPATH\CodeIgniter.php(457): CodeIgniter\CodeIgniter->runController(Object(App\Controllers\Admin))
11 SYSTEMPATH\CodeIgniter.php(340): CodeIgniter\CodeIgniter->handleRequest(null, Object(Config\Cache), false)
12 FCPATH\index.php(67): CodeIgniter\CodeIgniter->run()
13 SYSTEMPATH\Commands\Server\rewrite.php(43): require_once('FCPATH\\index.php')
CRITICAL - 2022-09-15 22:16:21 --> Undefined array key "nama"
in APPPATH\Views\admin\full_paper.php on line 84.
 1 APPPATH\Views\admin\full_paper.php(84): CodeIgniter\Debug\Exceptions->errorHandler(2, 'Undefined array key "nama"', 'APPPATH\\Views\\admin\\full_paper.php', 84)
 2 SYSTEMPATH\View\View.php(213): include('APPPATH\\Views\\admin\\full_paper.php')
 3 SYSTEMPATH\View\View.php(216): CodeIgniter\View\View->CodeIgniter\View\{closure}()
 4 SYSTEMPATH\Common.php(1137): CodeIgniter\View\View->render('admin/full_paper', [], true)
 5 APPPATH\Controllers\Admin.php(262): view('admin/full_paper', [...])
 6 SYSTEMPATH\CodeIgniter.php(904): App\Controllers\Admin->full_paper()
 7 SYSTEMPATH\CodeIgniter.php(457): CodeIgniter\CodeIgniter->runController(Object(App\Controllers\Admin))
 8 SYSTEMPATH\CodeIgniter.php(340): CodeIgniter\CodeIgniter->handleRequest(null, Object(Config\Cache), false)
 9 FCPATH\index.php(67): CodeIgniter\CodeIgniter->run()
10 SYSTEMPATH\Commands\Server\rewrite.php(43): require_once('FCPATH\\index.php')
CRITICAL - 2022-09-15 22:41:57 --> Undefined array key "nama_reviewer"
in APPPATH\Views\admin\full_paper.php on line 87.
 1 APPPATH\Views\admin\full_paper.php(87): CodeIgniter\Debug\Exceptions->errorHandler(2, 'Undefined array key "nama_reviewer"', 'APPPATH\\Views\\admin\\full_paper.php', 87)
 2 SYSTEMPATH\View\View.php(213): include('APPPATH\\Views\\admin\\full_paper.php')
 3 SYSTEMPATH\View\View.php(216): CodeIgniter\View\View->CodeIgniter\View\{closure}()
 4 SYSTEMPATH\Common.php(1137): CodeIgniter\View\View->render('admin/full_paper', [], true)
 5 APPPATH\Controllers\Admin.php(262): view('admin/full_paper', [...])
 6 SYSTEMPATH\CodeIgniter.php(904): App\Controllers\Admin->full_paper()
 7 SYSTEMPATH\CodeIgniter.php(457): CodeIgniter\CodeIgniter->runController(Object(App\Controllers\Admin))
 8 SYSTEMPATH\CodeIgniter.php(340): CodeIgniter\CodeIgniter->handleRequest(null, Object(Config\Cache), false)
 9 FCPATH\index.php(67): CodeIgniter\CodeIgniter->run()
10 SYSTEMPATH\Commands\Server\rewrite.php(43): require_once('FCPATH\\index.php')
CRITICAL - 2022-09-15 22:49:19 --> Undefined array key "nama"
in APPPATH\Views\admin\setreviewer.php on line 24.
 1 APPPATH\Views\admin\setreviewer.php(24): CodeIgniter\Debug\Exceptions->errorHandler(2, 'Undefined array key "nama"', 'APPPATH\\Views\\admin\\setreviewer.php', 24)
 2 SYSTEMPATH\View\View.php(213): include('APPPATH\\Views\\admin\\setreviewer.php')
 3 SYSTEMPATH\View\View.php(216): CodeIgniter\View\View->CodeIgniter\View\{closure}()
 4 SYSTEMPATH\Common.php(1137): CodeIgniter\View\View->render('admin/setreviewer', [], true)
 5 APPPATH\Controllers\Admin.php(115): view('admin/setreviewer', [...])
 6 SYSTEMPATH\CodeIgniter.php(904): App\Controllers\Admin->setReviewer('ABS-4')
 7 SYSTEMPATH\CodeIgniter.php(457): CodeIgniter\CodeIgniter->runController(Object(App\Controllers\Admin))
 8 SYSTEMPATH\CodeIgniter.php(340): CodeIgniter\CodeIgniter->handleRequest(null, Object(Config\Cache), false)
 9 FCPATH\index.php(67): CodeIgniter\CodeIgniter->run()
10 SYSTEMPATH\Commands\Server\rewrite.php(43): require_once('FCPATH\\index.php')
CRITICAL - 2022-09-15 22:55:11 --> There is no data to update.
in SYSTEMPATH\BaseModel.php on line 1577.
 1 SYSTEMPATH\BaseModel.php(1577): CodeIgniter\Database\Exceptions\DataException::forEmptyDataset('update')
 2 SYSTEMPATH\BaseModel.php(832): CodeIgniter\BaseModel->transformDataToArray(null, 'update')
 3 SYSTEMPATH\Model.php(692): CodeIgniter\BaseModel->update([...], null)
 4 APPPATH\Controllers\Admin.php(299): CodeIgniter\Model->update([...])
 5 SYSTEMPATH\CodeIgniter.php(904): App\Controllers\Admin->settingReviewer()
 6 SYSTEMPATH\CodeIgniter.php(457): CodeIgniter\CodeIgniter->runController(Object(App\Controllers\Admin))
 7 SYSTEMPATH\CodeIgniter.php(340): CodeIgniter\CodeIgniter->handleRequest(null, Object(Config\Cache), false)
 8 FCPATH\index.php(67): CodeIgniter\CodeIgniter->run()
 9 SYSTEMPATH\Commands\Server\rewrite.php(43): require_once('FCPATH\\index.php')
