ERROR - 2022-09-22 02:24:05 --> mysqli_sql_exception: Unknown column 'created_at' in 'where clause' in C:\xampp\htdocs\isceeradmin\system\Database\MySQLi\Connection.php:292
Stack trace:
#0 C:\xampp\htdocs\isceeradmin\system\Database\MySQLi\Connection.php(292): mysqli->query('SELECT COUNT(*)...', 0)
#1 C:\xampp\htdocs\isceeradmin\system\Database\BaseConnection.php(693): CodeIgniter\Database\MySQLi\Connection->execute('SELECT COUNT(*)...')
#2 C:\xampp\htdocs\isceeradmin\system\Database\BaseConnection.php(620): CodeIgniter\Database\BaseConnection->simpleQuery('SELECT COUNT(*)...')
#3 C:\xampp\htdocs\isceeradmin\system\Database\BaseBuilder.php(1669): CodeIgniter\Database\BaseConnection->query('SELECT COUNT(*)...', Array, false)
#4 C:\xampp\htdocs\isceeradmin\system\Model.php(550): CodeIgniter\Database\BaseBuilder->countAllResults(false)
#5 C:\xampp\htdocs\isceeradmin\system\BaseModel.php(1085): CodeIgniter\Model->countAllResults(false)
#6 C:\xampp\htdocs\isceeradmin\app\Controllers\Admin.php(318): CodeIgniter\BaseModel->paginate(10, 'revised_paper')
#7 C:\xampp\htdocs\isceeradmin\system\CodeIgniter.php(904): App\Controllers\Admin->revised_paper()
#8 C:\xampp\htdocs\isceeradmin\system\CodeIgniter.php(457): CodeIgniter\CodeIgniter->runController(Object(App\Controllers\Admin))
#9 C:\xampp\htdocs\isceeradmin\system\CodeIgniter.php(340): CodeIgniter\CodeIgniter->handleRequest(NULL, Object(Config\Cache), false)
#10 C:\xampp\htdocs\isceeradmin\public\index.php(67): CodeIgniter\CodeIgniter->run()
#11 C:\xampp\htdocs\isceeradmin\system\Commands\Server\rewrite.php(43): require_once('C:\\xampp\\htdocs...')
#12 {main}
CRITICAL - 2022-09-22 02:24:05 --> Unknown column 'created_at' in 'where clause'
in SYSTEMPATH\Database\MySQLi\Connection.php on line 292.
 1 SYSTEMPATH\Database\MySQLi\Connection.php(292): mysqli->query('SELECT COUNT(*) AS `numrows`
FROM `revised_paper`
JOIN `abstrak` as `c` ON `revised_paper`.`abs_id`=`c`.`abs_id`
JOIN `review` as `m` ON `c`.`abs_id`=`m`.`abs_id`
JOIN `reviewer` as `n` ON `n`.`id`=`m`.`id_reviewer`
WHERE YEAR(`created_at`) = \'2022\'
AND `decision_revised` IN (\'waiting decision\',\'accepted\',\'decline\')', 0)
 2 SYSTEMPATH\Database\BaseConnection.php(693): CodeIgniter\Database\MySQLi\Connection->execute('SELECT COUNT(*) AS `numrows`
FROM `revised_paper`
JOIN `abstrak` as `c` ON `revised_paper`.`abs_id`=`c`.`abs_id`
JOIN `review` as `m` ON `c`.`abs_id`=`m`.`abs_id`
JOIN `reviewer` as `n` ON `n`.`id`=`m`.`id_reviewer`
WHERE YEAR(`created_at`) = \'2022\'
AND `decision_revised` IN (\'waiting decision\',\'accepted\',\'decline\')')
 3 SYSTEMPATH\Database\BaseConnection.php(620): CodeIgniter\Database\BaseConnection->simpleQuery('SELECT COUNT(*) AS `numrows`
FROM `revised_paper`
JOIN `abstrak` as `c` ON `revised_paper`.`abs_id`=`c`.`abs_id`
JOIN `review` as `m` ON `c`.`abs_id`=`m`.`abs_id`
JOIN `reviewer` as `n` ON `n`.`id`=`m`.`id_reviewer`
WHERE YEAR(`created_at`) = \'2022\'
AND `decision_revised` IN (\'waiting decision\',\'accepted\',\'decline\')')
 4 SYSTEMPATH\Database\BaseBuilder.php(1669): CodeIgniter\Database\BaseConnection->query('SELECT COUNT(*) AS `numrows`
FROM `revised_paper`
JOIN `abstrak` as `c` ON `revised_paper`.`abs_id`=`c`.`abs_id`
JOIN `review` as `m` ON `c`.`abs_id`=`m`.`abs_id`
JOIN `reviewer` as `n` ON `n`.`id`=`m`.`id_reviewer`
WHERE YEAR(`created_at`) = :YEAR(`created_at`):
AND `decision_revised` IN :decision_revised:', [...], false)
 5 SYSTEMPATH\Model.php(550): CodeIgniter\Database\BaseBuilder->countAllResults(false)
 6 SYSTEMPATH\BaseModel.php(1085): CodeIgniter\Model->countAllResults(false)
 7 APPPATH\Controllers\Admin.php(318): CodeIgniter\BaseModel->paginate(10, 'revised_paper')
 8 SYSTEMPATH\CodeIgniter.php(904): App\Controllers\Admin->revised_paper()
 9 SYSTEMPATH\CodeIgniter.php(457): CodeIgniter\CodeIgniter->runController(Object(App\Controllers\Admin))
10 SYSTEMPATH\CodeIgniter.php(340): CodeIgniter\CodeIgniter->handleRequest(null, Object(Config\Cache), false)
11 FCPATH\index.php(67): CodeIgniter\CodeIgniter->run()
12 SYSTEMPATH\Commands\Server\rewrite.php(43): require_once('FCPATH\\index.php')
ERROR - 2022-09-22 02:25:43 --> mysqli_sql_exception: Unknown column 'decision' in 'field list' in C:\xampp\htdocs\isceeradmin\system\Database\MySQLi\Connection.php:292
Stack trace:
#0 C:\xampp\htdocs\isceeradmin\system\Database\MySQLi\Connection.php(292): mysqli->query('SELECT `c`.`abs...', 0)
#1 C:\xampp\htdocs\isceeradmin\system\Database\BaseConnection.php(693): CodeIgniter\Database\MySQLi\Connection->execute('SELECT `c`.`abs...')
#2 C:\xampp\htdocs\isceeradmin\system\Database\BaseConnection.php(620): CodeIgniter\Database\BaseConnection->simpleQuery('SELECT `c`.`abs...')
#3 C:\xampp\htdocs\isceeradmin\system\Database\BaseBuilder.php(1585): CodeIgniter\Database\BaseConnection->query('SELECT `c`.`abs...', Array, false)
#4 C:\xampp\htdocs\isceeradmin\system\Model.php(222): CodeIgniter\Database\BaseBuilder->get()
#5 C:\xampp\htdocs\isceeradmin\system\BaseModel.php(584): CodeIgniter\Model->doFindAll(10, 0)
#6 C:\xampp\htdocs\isceeradmin\system\BaseModel.php(1089): CodeIgniter\BaseModel->findAll(10, 0)
#7 C:\xampp\htdocs\isceeradmin\app\Controllers\Admin.php(318): CodeIgniter\BaseModel->paginate(10, 'revised_paper')
#8 C:\xampp\htdocs\isceeradmin\system\CodeIgniter.php(904): App\Controllers\Admin->revised_paper()
#9 C:\xampp\htdocs\isceeradmin\system\CodeIgniter.php(457): CodeIgniter\CodeIgniter->runController(Object(App\Controllers\Admin))
#10 C:\xampp\htdocs\isceeradmin\system\CodeIgniter.php(340): CodeIgniter\CodeIgniter->handleRequest(NULL, Object(Config\Cache), false)
#11 C:\xampp\htdocs\isceeradmin\public\index.php(67): CodeIgniter\CodeIgniter->run()
#12 C:\xampp\htdocs\isceeradmin\system\Commands\Server\rewrite.php(43): require_once('C:\\xampp\\htdocs...')
#13 {main}
CRITICAL - 2022-09-22 02:25:43 --> Unknown column 'decision' in 'field list'
in SYSTEMPATH\Database\MySQLi\Connection.php on line 292.
 1 SYSTEMPATH\Database\MySQLi\Connection.php(292): mysqli->query('SELECT `c`.`abs_id`, `c`.`penulis`, `c`.`judul`, `c`.`abstrak`, `c`.`afiliasi`, `m`.`file_review`, `decision`, `c`.`keyword`, `n`.`nama_reviewer`, `created_revised`, `last_revised`, `file_rp`, `file_review`
FROM `revised_paper`
JOIN `abstrak` as `c` ON `revised_paper`.`abs_id`=`c`.`abs_id`
JOIN `review` as `m` ON `c`.`abs_id`=`m`.`abs_id`
JOIN `reviewer` as `n` ON `n`.`id`=`m`.`id_reviewer`
WHERE YEAR(`created_revised`) = \'2022\'
AND `decision_revised` IN (\'waiting decision\',\'accepted\',\'decline\')
ORDER BY `c`.`abs_id` ASC
 LIMIT 10', 0)
 2 SYSTEMPATH\Database\BaseConnection.php(693): CodeIgniter\Database\MySQLi\Connection->execute('SELECT `c`.`abs_id`, `c`.`penulis`, `c`.`judul`, `c`.`abstrak`, `c`.`afiliasi`, `m`.`file_review`, `decision`, `c`.`keyword`, `n`.`nama_reviewer`, `created_revised`, `last_revised`, `file_rp`, `file_review`
FROM `revised_paper`
JOIN `abstrak` as `c` ON `revised_paper`.`abs_id`=`c`.`abs_id`
JOIN `review` as `m` ON `c`.`abs_id`=`m`.`abs_id`
JOIN `reviewer` as `n` ON `n`.`id`=`m`.`id_reviewer`
WHERE YEAR(`created_revised`) = \'2022\'
AND `decision_revised` IN (\'waiting decision\',\'accepted\',\'decline\')
ORDER BY `c`.`abs_id` ASC
 LIMIT 10')
 3 SYSTEMPATH\Database\BaseConnection.php(620): CodeIgniter\Database\BaseConnection->simpleQuery('SELECT `c`.`abs_id`, `c`.`penulis`, `c`.`judul`, `c`.`abstrak`, `c`.`afiliasi`, `m`.`file_review`, `decision`, `c`.`keyword`, `n`.`nama_reviewer`, `created_revised`, `last_revised`, `file_rp`, `file_review`
FROM `revised_paper`
JOIN `abstrak` as `c` ON `revised_paper`.`abs_id`=`c`.`abs_id`
JOIN `review` as `m` ON `c`.`abs_id`=`m`.`abs_id`
JOIN `reviewer` as `n` ON `n`.`id`=`m`.`id_reviewer`
WHERE YEAR(`created_revised`) = \'2022\'
AND `decision_revised` IN (\'waiting decision\',\'accepted\',\'decline\')
ORDER BY `c`.`abs_id` ASC
 LIMIT 10')
 4 SYSTEMPATH\Database\BaseBuilder.php(1585): CodeIgniter\Database\BaseConnection->query('SELECT `c`.`abs_id`, `c`.`penulis`, `c`.`judul`, `c`.`abstrak`, `c`.`afiliasi`, `m`.`file_review`, `decision`, `c`.`keyword`, `n`.`nama_reviewer`, `created_revised`, `last_revised`, `file_rp`, `file_review`
FROM `revised_paper`
JOIN `abstrak` as `c` ON `revised_paper`.`abs_id`=`c`.`abs_id`
JOIN `review` as `m` ON `c`.`abs_id`=`m`.`abs_id`
JOIN `reviewer` as `n` ON `n`.`id`=`m`.`id_reviewer`
WHERE YEAR(`created_revised`) = :YEAR(`created_revised`):
AND `decision_revised` IN :decision_revised:
ORDER BY `c`.`abs_id` ASC
 LIMIT 10', [...], false)
 5 SYSTEMPATH\Model.php(222): CodeIgniter\Database\BaseBuilder->get()
 6 SYSTEMPATH\BaseModel.php(584): CodeIgniter\Model->doFindAll(10, 0)
 7 SYSTEMPATH\BaseModel.php(1089): CodeIgniter\BaseModel->findAll(10, 0)
 8 APPPATH\Controllers\Admin.php(318): CodeIgniter\BaseModel->paginate(10, 'revised_paper')
 9 SYSTEMPATH\CodeIgniter.php(904): App\Controllers\Admin->revised_paper()
10 SYSTEMPATH\CodeIgniter.php(457): CodeIgniter\CodeIgniter->runController(Object(App\Controllers\Admin))
11 SYSTEMPATH\CodeIgniter.php(340): CodeIgniter\CodeIgniter->handleRequest(null, Object(Config\Cache), false)
12 FCPATH\index.php(67): CodeIgniter\CodeIgniter->run()
13 SYSTEMPATH\Commands\Server\rewrite.php(43): require_once('FCPATH\\index.php')
ERROR - 2022-09-22 02:27:18 --> mysqli_sql_exception: Unknown column 'file_review' in 'field list' in C:\xampp\htdocs\isceeradmin\system\Database\MySQLi\Connection.php:292
Stack trace:
#0 C:\xampp\htdocs\isceeradmin\system\Database\MySQLi\Connection.php(292): mysqli->query('SELECT `b`.`abs...', 0)
#1 C:\xampp\htdocs\isceeradmin\system\Database\BaseConnection.php(693): CodeIgniter\Database\MySQLi\Connection->execute('SELECT `b`.`abs...')
#2 C:\xampp\htdocs\isceeradmin\system\Database\BaseConnection.php(620): CodeIgniter\Database\BaseConnection->simpleQuery('SELECT `b`.`abs...')
#3 C:\xampp\htdocs\isceeradmin\system\Database\BaseBuilder.php(1585): CodeIgniter\Database\BaseConnection->query('SELECT `b`.`abs...', Array, false)
#4 C:\xampp\htdocs\isceeradmin\system\Model.php(222): CodeIgniter\Database\BaseBuilder->get()
#5 C:\xampp\htdocs\isceeradmin\system\BaseModel.php(584): CodeIgniter\Model->doFindAll(10, 0)
#6 C:\xampp\htdocs\isceeradmin\system\BaseModel.php(1089): CodeIgniter\BaseModel->findAll(10, 0)
#7 C:\xampp\htdocs\isceeradmin\app\Controllers\Admin.php(323): CodeIgniter\BaseModel->paginate(10, 'revised_paper')
#8 C:\xampp\htdocs\isceeradmin\system\CodeIgniter.php(904): App\Controllers\Admin->revised_paper()
#9 C:\xampp\htdocs\isceeradmin\system\CodeIgniter.php(457): CodeIgniter\CodeIgniter->runController(Object(App\Controllers\Admin))
#10 C:\xampp\htdocs\isceeradmin\system\CodeIgniter.php(340): CodeIgniter\CodeIgniter->handleRequest(NULL, Object(Config\Cache), false)
#11 C:\xampp\htdocs\isceeradmin\public\index.php(67): CodeIgniter\CodeIgniter->run()
#12 C:\xampp\htdocs\isceeradmin\system\Commands\Server\rewrite.php(43): require_once('C:\\xampp\\htdocs...')
#13 {main}
CRITICAL - 2022-09-22 02:27:18 --> Unknown column 'file_review' in 'field list'
in SYSTEMPATH\Database\MySQLi\Connection.php on line 292.
 1 SYSTEMPATH\Database\MySQLi\Connection.php(292): mysqli->query('SELECT `b`.`abs_id`, `b`.`penulis`, `b`.`judul`, `b`.`abstrak`, `b`.`afiliasi`, `decision_revised`, `b`.`keyword`, `created_revised`, `last_revised`, `file_review`, `file_rp`
FROM `revised_paper`
JOIN `abstrak` as `b` ON `revised_paper`.`abs_id`=`b`.`abs_id`
WHERE `decision_revised` = \'waiting decision\'
AND YEAR(`created_revised`) = \'2022\'
ORDER BY `b`.`abs_id` ASC
 LIMIT 10', 0)
 2 SYSTEMPATH\Database\BaseConnection.php(693): CodeIgniter\Database\MySQLi\Connection->execute('SELECT `b`.`abs_id`, `b`.`penulis`, `b`.`judul`, `b`.`abstrak`, `b`.`afiliasi`, `decision_revised`, `b`.`keyword`, `created_revised`, `last_revised`, `file_review`, `file_rp`
FROM `revised_paper`
JOIN `abstrak` as `b` ON `revised_paper`.`abs_id`=`b`.`abs_id`
WHERE `decision_revised` = \'waiting decision\'
AND YEAR(`created_revised`) = \'2022\'
ORDER BY `b`.`abs_id` ASC
 LIMIT 10')
 3 SYSTEMPATH\Database\BaseConnection.php(620): CodeIgniter\Database\BaseConnection->simpleQuery('SELECT `b`.`abs_id`, `b`.`penulis`, `b`.`judul`, `b`.`abstrak`, `b`.`afiliasi`, `decision_revised`, `b`.`keyword`, `created_revised`, `last_revised`, `file_review`, `file_rp`
FROM `revised_paper`
JOIN `abstrak` as `b` ON `revised_paper`.`abs_id`=`b`.`abs_id`
WHERE `decision_revised` = \'waiting decision\'
AND YEAR(`created_revised`) = \'2022\'
ORDER BY `b`.`abs_id` ASC
 LIMIT 10')
 4 SYSTEMPATH\Database\BaseBuilder.php(1585): CodeIgniter\Database\BaseConnection->query('SELECT `b`.`abs_id`, `b`.`penulis`, `b`.`judul`, `b`.`abstrak`, `b`.`afiliasi`, `decision_revised`, `b`.`keyword`, `created_revised`, `last_revised`, `file_review`, `file_rp`
FROM `revised_paper`
JOIN `abstrak` as `b` ON `revised_paper`.`abs_id`=`b`.`abs_id`
WHERE `decision_revised` = :decision_revised:
AND YEAR(`created_revised`) = :YEAR(`created_revised`):
ORDER BY `b`.`abs_id` ASC
 LIMIT 10', [...], false)
 5 SYSTEMPATH\Model.php(222): CodeIgniter\Database\BaseBuilder->get()
 6 SYSTEMPATH\BaseModel.php(584): CodeIgniter\Model->doFindAll(10, 0)
 7 SYSTEMPATH\BaseModel.php(1089): CodeIgniter\BaseModel->findAll(10, 0)
 8 APPPATH\Controllers\Admin.php(323): CodeIgniter\BaseModel->paginate(10, 'revised_paper')
 9 SYSTEMPATH\CodeIgniter.php(904): App\Controllers\Admin->revised_paper()
10 SYSTEMPATH\CodeIgniter.php(457): CodeIgniter\CodeIgniter->runController(Object(App\Controllers\Admin))
11 SYSTEMPATH\CodeIgniter.php(340): CodeIgniter\CodeIgniter->handleRequest(null, Object(Config\Cache), false)
12 FCPATH\index.php(67): CodeIgniter\CodeIgniter->run()
13 SYSTEMPATH\Commands\Server\rewrite.php(43): require_once('FCPATH\\index.php')
ERROR - 2022-09-22 02:27:29 --> mysqli_sql_exception: Unknown column 'file_review' in 'field list' in C:\xampp\htdocs\isceeradmin\system\Database\MySQLi\Connection.php:292
Stack trace:
#0 C:\xampp\htdocs\isceeradmin\system\Database\MySQLi\Connection.php(292): mysqli->query('SELECT `b`.`abs...', 0)
#1 C:\xampp\htdocs\isceeradmin\system\Database\BaseConnection.php(693): CodeIgniter\Database\MySQLi\Connection->execute('SELECT `b`.`abs...')
#2 C:\xampp\htdocs\isceeradmin\system\Database\BaseConnection.php(620): CodeIgniter\Database\BaseConnection->simpleQuery('SELECT `b`.`abs...')
#3 C:\xampp\htdocs\isceeradmin\system\Database\BaseBuilder.php(1585): CodeIgniter\Database\BaseConnection->query('SELECT `b`.`abs...', Array, false)
#4 C:\xampp\htdocs\isceeradmin\system\Model.php(222): CodeIgniter\Database\BaseBuilder->get()
#5 C:\xampp\htdocs\isceeradmin\system\BaseModel.php(584): CodeIgniter\Model->doFindAll(10, 0)
#6 C:\xampp\htdocs\isceeradmin\system\BaseModel.php(1089): CodeIgniter\BaseModel->findAll(10, 0)
#7 C:\xampp\htdocs\isceeradmin\app\Controllers\Admin.php(323): CodeIgniter\BaseModel->paginate(10, 'revised_paper')
#8 C:\xampp\htdocs\isceeradmin\system\CodeIgniter.php(904): App\Controllers\Admin->revised_paper()
#9 C:\xampp\htdocs\isceeradmin\system\CodeIgniter.php(457): CodeIgniter\CodeIgniter->runController(Object(App\Controllers\Admin))
#10 C:\xampp\htdocs\isceeradmin\system\CodeIgniter.php(340): CodeIgniter\CodeIgniter->handleRequest(NULL, Object(Config\Cache), false)
#11 C:\xampp\htdocs\isceeradmin\public\index.php(67): CodeIgniter\CodeIgniter->run()
#12 C:\xampp\htdocs\isceeradmin\system\Commands\Server\rewrite.php(43): require_once('C:\\xampp\\htdocs...')
#13 {main}
CRITICAL - 2022-09-22 02:27:29 --> Unknown column 'file_review' in 'field list'
in SYSTEMPATH\Database\MySQLi\Connection.php on line 292.
 1 SYSTEMPATH\Database\MySQLi\Connection.php(292): mysqli->query('SELECT `b`.`abs_id`, `b`.`penulis`, `b`.`judul`, `b`.`abstrak`, `b`.`afiliasi`, `decision_revised`, `b`.`keyword`, `created_revised`, `last_revised`, `file_review`, `file_rp`
FROM `revised_paper`
JOIN `abstrak` as `b` ON `revised_paper`.`abs_id`=`b`.`abs_id`
WHERE `decision_revised` = \'waiting decision\'
AND YEAR(`created_revised`) = \'2022\'
ORDER BY `b`.`abs_id` ASC
 LIMIT 10', 0)
 2 SYSTEMPATH\Database\BaseConnection.php(693): CodeIgniter\Database\MySQLi\Connection->execute('SELECT `b`.`abs_id`, `b`.`penulis`, `b`.`judul`, `b`.`abstrak`, `b`.`afiliasi`, `decision_revised`, `b`.`keyword`, `created_revised`, `last_revised`, `file_review`, `file_rp`
FROM `revised_paper`
JOIN `abstrak` as `b` ON `revised_paper`.`abs_id`=`b`.`abs_id`
WHERE `decision_revised` = \'waiting decision\'
AND YEAR(`created_revised`) = \'2022\'
ORDER BY `b`.`abs_id` ASC
 LIMIT 10')
 3 SYSTEMPATH\Database\BaseConnection.php(620): CodeIgniter\Database\BaseConnection->simpleQuery('SELECT `b`.`abs_id`, `b`.`penulis`, `b`.`judul`, `b`.`abstrak`, `b`.`afiliasi`, `decision_revised`, `b`.`keyword`, `created_revised`, `last_revised`, `file_review`, `file_rp`
FROM `revised_paper`
JOIN `abstrak` as `b` ON `revised_paper`.`abs_id`=`b`.`abs_id`
WHERE `decision_revised` = \'waiting decision\'
AND YEAR(`created_revised`) = \'2022\'
ORDER BY `b`.`abs_id` ASC
 LIMIT 10')
 4 SYSTEMPATH\Database\BaseBuilder.php(1585): CodeIgniter\Database\BaseConnection->query('SELECT `b`.`abs_id`, `b`.`penulis`, `b`.`judul`, `b`.`abstrak`, `b`.`afiliasi`, `decision_revised`, `b`.`keyword`, `created_revised`, `last_revised`, `file_review`, `file_rp`
FROM `revised_paper`
JOIN `abstrak` as `b` ON `revised_paper`.`abs_id`=`b`.`abs_id`
WHERE `decision_revised` = :decision_revised:
AND YEAR(`created_revised`) = :YEAR(`created_revised`):
ORDER BY `b`.`abs_id` ASC
 LIMIT 10', [...], false)
 5 SYSTEMPATH\Model.php(222): CodeIgniter\Database\BaseBuilder->get()
 6 SYSTEMPATH\BaseModel.php(584): CodeIgniter\Model->doFindAll(10, 0)
 7 SYSTEMPATH\BaseModel.php(1089): CodeIgniter\BaseModel->findAll(10, 0)
 8 APPPATH\Controllers\Admin.php(323): CodeIgniter\BaseModel->paginate(10, 'revised_paper')
 9 SYSTEMPATH\CodeIgniter.php(904): App\Controllers\Admin->revised_paper()
10 SYSTEMPATH\CodeIgniter.php(457): CodeIgniter\CodeIgniter->runController(Object(App\Controllers\Admin))
11 SYSTEMPATH\CodeIgniter.php(340): CodeIgniter\CodeIgniter->handleRequest(null, Object(Config\Cache), false)
12 FCPATH\index.php(67): CodeIgniter\CodeIgniter->run()
13 SYSTEMPATH\Commands\Server\rewrite.php(43): require_once('FCPATH\\index.php')
ERROR - 2022-09-22 02:29:28 --> mysqli_sql_exception: Unknown column 'c.abs_id' in 'on clause' in C:\xampp\htdocs\isceeradmin\system\Database\MySQLi\Connection.php:292
Stack trace:
#0 C:\xampp\htdocs\isceeradmin\system\Database\MySQLi\Connection.php(292): mysqli->query('SELECT COUNT(*)...', 0)
#1 C:\xampp\htdocs\isceeradmin\system\Database\BaseConnection.php(693): CodeIgniter\Database\MySQLi\Connection->execute('SELECT COUNT(*)...')
#2 C:\xampp\htdocs\isceeradmin\system\Database\BaseConnection.php(620): CodeIgniter\Database\BaseConnection->simpleQuery('SELECT COUNT(*)...')
#3 C:\xampp\htdocs\isceeradmin\system\Database\BaseBuilder.php(1669): CodeIgniter\Database\BaseConnection->query('SELECT COUNT(*)...', Array, false)
#4 C:\xampp\htdocs\isceeradmin\system\Model.php(550): CodeIgniter\Database\BaseBuilder->countAllResults(false)
#5 C:\xampp\htdocs\isceeradmin\system\BaseModel.php(1085): CodeIgniter\Model->countAllResults(false)
#6 C:\xampp\htdocs\isceeradmin\app\Controllers\Admin.php(323): CodeIgniter\BaseModel->paginate(10, 'revised_paper')
#7 C:\xampp\htdocs\isceeradmin\system\CodeIgniter.php(904): App\Controllers\Admin->revised_paper()
#8 C:\xampp\htdocs\isceeradmin\system\CodeIgniter.php(457): CodeIgniter\CodeIgniter->runController(Object(App\Controllers\Admin))
#9 C:\xampp\htdocs\isceeradmin\system\CodeIgniter.php(340): CodeIgniter\CodeIgniter->handleRequest(NULL, Object(Config\Cache), false)
#10 C:\xampp\htdocs\isceeradmin\public\index.php(67): CodeIgniter\CodeIgniter->run()
#11 C:\xampp\htdocs\isceeradmin\system\Commands\Server\rewrite.php(43): require_once('C:\\xampp\\htdocs...')
#12 {main}
CRITICAL - 2022-09-22 02:29:28 --> Unknown column 'c.abs_id' in 'on clause'
in SYSTEMPATH\Database\MySQLi\Connection.php on line 292.
 1 SYSTEMPATH\Database\MySQLi\Connection.php(292): mysqli->query('SELECT COUNT(*) AS `numrows`
FROM `revised_paper`
JOIN `abstrak` as `b` ON `revised_paper`.`abs_id`=`b`.`abs_id`
JOIN `review` as `m` ON `c`.`abs_id`=`m`.`abs_id`
JOIN `reviewer` as `n` ON `n`.`id`=`m`.`id_reviewer`
WHERE `decision_revised` = \'waiting decision\'
AND YEAR(`created_revised`) = \'2022\'', 0)
 2 SYSTEMPATH\Database\BaseConnection.php(693): CodeIgniter\Database\MySQLi\Connection->execute('SELECT COUNT(*) AS `numrows`
FROM `revised_paper`
JOIN `abstrak` as `b` ON `revised_paper`.`abs_id`=`b`.`abs_id`
JOIN `review` as `m` ON `c`.`abs_id`=`m`.`abs_id`
JOIN `reviewer` as `n` ON `n`.`id`=`m`.`id_reviewer`
WHERE `decision_revised` = \'waiting decision\'
AND YEAR(`created_revised`) = \'2022\'')
 3 SYSTEMPATH\Database\BaseConnection.php(620): CodeIgniter\Database\BaseConnection->simpleQuery('SELECT COUNT(*) AS `numrows`
FROM `revised_paper`
JOIN `abstrak` as `b` ON `revised_paper`.`abs_id`=`b`.`abs_id`
JOIN `review` as `m` ON `c`.`abs_id`=`m`.`abs_id`
JOIN `reviewer` as `n` ON `n`.`id`=`m`.`id_reviewer`
WHERE `decision_revised` = \'waiting decision\'
AND YEAR(`created_revised`) = \'2022\'')
 4 SYSTEMPATH\Database\BaseBuilder.php(1669): CodeIgniter\Database\BaseConnection->query('SELECT COUNT(*) AS `numrows`
FROM `revised_paper`
JOIN `abstrak` as `b` ON `revised_paper`.`abs_id`=`b`.`abs_id`
JOIN `review` as `m` ON `c`.`abs_id`=`m`.`abs_id`
JOIN `reviewer` as `n` ON `n`.`id`=`m`.`id_reviewer`
WHERE `decision_revised` = :decision_revised:
AND YEAR(`created_revised`) = :YEAR(`created_revised`):', [...], false)
 5 SYSTEMPATH\Model.php(550): CodeIgniter\Database\BaseBuilder->countAllResults(false)
 6 SYSTEMPATH\BaseModel.php(1085): CodeIgniter\Model->countAllResults(false)
 7 APPPATH\Controllers\Admin.php(323): CodeIgniter\BaseModel->paginate(10, 'revised_paper')
 8 SYSTEMPATH\CodeIgniter.php(904): App\Controllers\Admin->revised_paper()
 9 SYSTEMPATH\CodeIgniter.php(457): CodeIgniter\CodeIgniter->runController(Object(App\Controllers\Admin))
10 SYSTEMPATH\CodeIgniter.php(340): CodeIgniter\CodeIgniter->handleRequest(null, Object(Config\Cache), false)
11 FCPATH\index.php(67): CodeIgniter\CodeIgniter->run()
12 SYSTEMPATH\Commands\Server\rewrite.php(43): require_once('FCPATH\\index.php')
ERROR - 2022-09-22 02:30:29 --> mysqli_sql_exception: Unknown column 'c.abs_id' in 'on clause' in C:\xampp\htdocs\isceeradmin\system\Database\MySQLi\Connection.php:292
Stack trace:
#0 C:\xampp\htdocs\isceeradmin\system\Database\MySQLi\Connection.php(292): mysqli->query('SELECT COUNT(*)...', 0)
#1 C:\xampp\htdocs\isceeradmin\system\Database\BaseConnection.php(693): CodeIgniter\Database\MySQLi\Connection->execute('SELECT COUNT(*)...')
#2 C:\xampp\htdocs\isceeradmin\system\Database\BaseConnection.php(620): CodeIgniter\Database\BaseConnection->simpleQuery('SELECT COUNT(*)...')
#3 C:\xampp\htdocs\isceeradmin\system\Database\BaseBuilder.php(1669): CodeIgniter\Database\BaseConnection->query('SELECT COUNT(*)...', Array, false)
#4 C:\xampp\htdocs\isceeradmin\system\Model.php(550): CodeIgniter\Database\BaseBuilder->countAllResults(false)
#5 C:\xampp\htdocs\isceeradmin\system\BaseModel.php(1085): CodeIgniter\Model->countAllResults(false)
#6 C:\xampp\htdocs\isceeradmin\app\Controllers\Admin.php(323): CodeIgniter\BaseModel->paginate(10, 'revised_paper')
#7 C:\xampp\htdocs\isceeradmin\system\CodeIgniter.php(904): App\Controllers\Admin->revised_paper()
#8 C:\xampp\htdocs\isceeradmin\system\CodeIgniter.php(457): CodeIgniter\CodeIgniter->runController(Object(App\Controllers\Admin))
#9 C:\xampp\htdocs\isceeradmin\system\CodeIgniter.php(340): CodeIgniter\CodeIgniter->handleRequest(NULL, Object(Config\Cache), false)
#10 C:\xampp\htdocs\isceeradmin\public\index.php(67): CodeIgniter\CodeIgniter->run()
#11 C:\xampp\htdocs\isceeradmin\system\Commands\Server\rewrite.php(43): require_once('C:\\xampp\\htdocs...')
#12 {main}
CRITICAL - 2022-09-22 02:30:29 --> Unknown column 'c.abs_id' in 'on clause'
in SYSTEMPATH\Database\MySQLi\Connection.php on line 292.
 1 SYSTEMPATH\Database\MySQLi\Connection.php(292): mysqli->query('SELECT COUNT(*) AS `numrows`
FROM `revised_paper`
JOIN `abstrak` as `b` ON `revised_paper`.`abs_id`=`b`.`abs_id`
JOIN `review` as `m` ON `c`.`abs_id`=`m`.`abs_id`
JOIN `reviewer` as `n` ON `n`.`id`=`m`.`id_reviewer`
WHERE `decision_revised` = \'waiting decision\'
AND YEAR(`created_revised`) = \'2022\'', 0)
 2 SYSTEMPATH\Database\BaseConnection.php(693): CodeIgniter\Database\MySQLi\Connection->execute('SELECT COUNT(*) AS `numrows`
FROM `revised_paper`
JOIN `abstrak` as `b` ON `revised_paper`.`abs_id`=`b`.`abs_id`
JOIN `review` as `m` ON `c`.`abs_id`=`m`.`abs_id`
JOIN `reviewer` as `n` ON `n`.`id`=`m`.`id_reviewer`
WHERE `decision_revised` = \'waiting decision\'
AND YEAR(`created_revised`) = \'2022\'')
 3 SYSTEMPATH\Database\BaseConnection.php(620): CodeIgniter\Database\BaseConnection->simpleQuery('SELECT COUNT(*) AS `numrows`
FROM `revised_paper`
JOIN `abstrak` as `b` ON `revised_paper`.`abs_id`=`b`.`abs_id`
JOIN `review` as `m` ON `c`.`abs_id`=`m`.`abs_id`
JOIN `reviewer` as `n` ON `n`.`id`=`m`.`id_reviewer`
WHERE `decision_revised` = \'waiting decision\'
AND YEAR(`created_revised`) = \'2022\'')
 4 SYSTEMPATH\Database\BaseBuilder.php(1669): CodeIgniter\Database\BaseConnection->query('SELECT COUNT(*) AS `numrows`
FROM `revised_paper`
JOIN `abstrak` as `b` ON `revised_paper`.`abs_id`=`b`.`abs_id`
JOIN `review` as `m` ON `c`.`abs_id`=`m`.`abs_id`
JOIN `reviewer` as `n` ON `n`.`id`=`m`.`id_reviewer`
WHERE `decision_revised` = :decision_revised:
AND YEAR(`created_revised`) = :YEAR(`created_revised`):', [...], false)
 5 SYSTEMPATH\Model.php(550): CodeIgniter\Database\BaseBuilder->countAllResults(false)
 6 SYSTEMPATH\BaseModel.php(1085): CodeIgniter\Model->countAllResults(false)
 7 APPPATH\Controllers\Admin.php(323): CodeIgniter\BaseModel->paginate(10, 'revised_paper')
 8 SYSTEMPATH\CodeIgniter.php(904): App\Controllers\Admin->revised_paper()
 9 SYSTEMPATH\CodeIgniter.php(457): CodeIgniter\CodeIgniter->runController(Object(App\Controllers\Admin))
10 SYSTEMPATH\CodeIgniter.php(340): CodeIgniter\CodeIgniter->handleRequest(null, Object(Config\Cache), false)
11 FCPATH\index.php(67): CodeIgniter\CodeIgniter->run()
12 SYSTEMPATH\Commands\Server\rewrite.php(43): require_once('FCPATH\\index.php')
ERROR - 2022-09-22 02:30:35 --> mysqli_sql_exception: Unknown column 'c.abs_id' in 'on clause' in C:\xampp\htdocs\isceeradmin\system\Database\MySQLi\Connection.php:292
Stack trace:
#0 C:\xampp\htdocs\isceeradmin\system\Database\MySQLi\Connection.php(292): mysqli->query('SELECT COUNT(*)...', 0)
#1 C:\xampp\htdocs\isceeradmin\system\Database\BaseConnection.php(693): CodeIgniter\Database\MySQLi\Connection->execute('SELECT COUNT(*)...')
#2 C:\xampp\htdocs\isceeradmin\system\Database\BaseConnection.php(620): CodeIgniter\Database\BaseConnection->simpleQuery('SELECT COUNT(*)...')
#3 C:\xampp\htdocs\isceeradmin\system\Database\BaseBuilder.php(1669): CodeIgniter\Database\BaseConnection->query('SELECT COUNT(*)...', Array, false)
#4 C:\xampp\htdocs\isceeradmin\system\Model.php(550): CodeIgniter\Database\BaseBuilder->countAllResults(false)
#5 C:\xampp\htdocs\isceeradmin\system\BaseModel.php(1085): CodeIgniter\Model->countAllResults(false)
#6 C:\xampp\htdocs\isceeradmin\app\Controllers\Admin.php(323): CodeIgniter\BaseModel->paginate(10, 'revised_paper')
#7 C:\xampp\htdocs\isceeradmin\system\CodeIgniter.php(904): App\Controllers\Admin->revised_paper()
#8 C:\xampp\htdocs\isceeradmin\system\CodeIgniter.php(457): CodeIgniter\CodeIgniter->runController(Object(App\Controllers\Admin))
#9 C:\xampp\htdocs\isceeradmin\system\CodeIgniter.php(340): CodeIgniter\CodeIgniter->handleRequest(NULL, Object(Config\Cache), false)
#10 C:\xampp\htdocs\isceeradmin\public\index.php(67): CodeIgniter\CodeIgniter->run()
#11 C:\xampp\htdocs\isceeradmin\system\Commands\Server\rewrite.php(43): require_once('C:\\xampp\\htdocs...')
#12 {main}
CRITICAL - 2022-09-22 02:30:35 --> Unknown column 'c.abs_id' in 'on clause'
in SYSTEMPATH\Database\MySQLi\Connection.php on line 292.
 1 SYSTEMPATH\Database\MySQLi\Connection.php(292): mysqli->query('SELECT COUNT(*) AS `numrows`
FROM `revised_paper`
JOIN `abstrak` as `b` ON `revised_paper`.`abs_id`=`b`.`abs_id`
JOIN `review` as `m` ON `c`.`abs_id`=`m`.`abs_id`
JOIN `reviewer` as `n` ON `n`.`id`=`m`.`id_reviewer`
WHERE `decision_revised` = \'waiting decision\'
AND YEAR(`created_revised`) = \'2022\'', 0)
 2 SYSTEMPATH\Database\BaseConnection.php(693): CodeIgniter\Database\MySQLi\Connection->execute('SELECT COUNT(*) AS `numrows`
FROM `revised_paper`
JOIN `abstrak` as `b` ON `revised_paper`.`abs_id`=`b`.`abs_id`
JOIN `review` as `m` ON `c`.`abs_id`=`m`.`abs_id`
JOIN `reviewer` as `n` ON `n`.`id`=`m`.`id_reviewer`
WHERE `decision_revised` = \'waiting decision\'
AND YEAR(`created_revised`) = \'2022\'')
 3 SYSTEMPATH\Database\BaseConnection.php(620): CodeIgniter\Database\BaseConnection->simpleQuery('SELECT COUNT(*) AS `numrows`
FROM `revised_paper`
JOIN `abstrak` as `b` ON `revised_paper`.`abs_id`=`b`.`abs_id`
JOIN `review` as `m` ON `c`.`abs_id`=`m`.`abs_id`
JOIN `reviewer` as `n` ON `n`.`id`=`m`.`id_reviewer`
WHERE `decision_revised` = \'waiting decision\'
AND YEAR(`created_revised`) = \'2022\'')
 4 SYSTEMPATH\Database\BaseBuilder.php(1669): CodeIgniter\Database\BaseConnection->query('SELECT COUNT(*) AS `numrows`
FROM `revised_paper`
JOIN `abstrak` as `b` ON `revised_paper`.`abs_id`=`b`.`abs_id`
JOIN `review` as `m` ON `c`.`abs_id`=`m`.`abs_id`
JOIN `reviewer` as `n` ON `n`.`id`=`m`.`id_reviewer`
WHERE `decision_revised` = :decision_revised:
AND YEAR(`created_revised`) = :YEAR(`created_revised`):', [...], false)
 5 SYSTEMPATH\Model.php(550): CodeIgniter\Database\BaseBuilder->countAllResults(false)
 6 SYSTEMPATH\BaseModel.php(1085): CodeIgniter\Model->countAllResults(false)
 7 APPPATH\Controllers\Admin.php(323): CodeIgniter\BaseModel->paginate(10, 'revised_paper')
 8 SYSTEMPATH\CodeIgniter.php(904): App\Controllers\Admin->revised_paper()
 9 SYSTEMPATH\CodeIgniter.php(457): CodeIgniter\CodeIgniter->runController(Object(App\Controllers\Admin))
10 SYSTEMPATH\CodeIgniter.php(340): CodeIgniter\CodeIgniter->handleRequest(null, Object(Config\Cache), false)
11 FCPATH\index.php(67): CodeIgniter\CodeIgniter->run()
12 SYSTEMPATH\Commands\Server\rewrite.php(43): require_once('FCPATH\\index.php')
ERROR - 2022-09-22 02:30:36 --> mysqli_sql_exception: Unknown column 'c.abs_id' in 'on clause' in C:\xampp\htdocs\isceeradmin\system\Database\MySQLi\Connection.php:292
Stack trace:
#0 C:\xampp\htdocs\isceeradmin\system\Database\MySQLi\Connection.php(292): mysqli->query('SELECT COUNT(*)...', 0)
#1 C:\xampp\htdocs\isceeradmin\system\Database\BaseConnection.php(693): CodeIgniter\Database\MySQLi\Connection->execute('SELECT COUNT(*)...')
#2 C:\xampp\htdocs\isceeradmin\system\Database\BaseConnection.php(620): CodeIgniter\Database\BaseConnection->simpleQuery('SELECT COUNT(*)...')
#3 C:\xampp\htdocs\isceeradmin\system\Database\BaseBuilder.php(1669): CodeIgniter\Database\BaseConnection->query('SELECT COUNT(*)...', Array, false)
#4 C:\xampp\htdocs\isceeradmin\system\Model.php(550): CodeIgniter\Database\BaseBuilder->countAllResults(false)
#5 C:\xampp\htdocs\isceeradmin\system\BaseModel.php(1085): CodeIgniter\Model->countAllResults(false)
#6 C:\xampp\htdocs\isceeradmin\app\Controllers\Admin.php(323): CodeIgniter\BaseModel->paginate(10, 'revised_paper')
#7 C:\xampp\htdocs\isceeradmin\system\CodeIgniter.php(904): App\Controllers\Admin->revised_paper()
#8 C:\xampp\htdocs\isceeradmin\system\CodeIgniter.php(457): CodeIgniter\CodeIgniter->runController(Object(App\Controllers\Admin))
#9 C:\xampp\htdocs\isceeradmin\system\CodeIgniter.php(340): CodeIgniter\CodeIgniter->handleRequest(NULL, Object(Config\Cache), false)
#10 C:\xampp\htdocs\isceeradmin\public\index.php(67): CodeIgniter\CodeIgniter->run()
#11 C:\xampp\htdocs\isceeradmin\system\Commands\Server\rewrite.php(43): require_once('C:\\xampp\\htdocs...')
#12 {main}
CRITICAL - 2022-09-22 02:30:36 --> Unknown column 'c.abs_id' in 'on clause'
in SYSTEMPATH\Database\MySQLi\Connection.php on line 292.
 1 SYSTEMPATH\Database\MySQLi\Connection.php(292): mysqli->query('SELECT COUNT(*) AS `numrows`
FROM `revised_paper`
JOIN `abstrak` as `b` ON `revised_paper`.`abs_id`=`b`.`abs_id`
JOIN `review` as `m` ON `c`.`abs_id`=`m`.`abs_id`
JOIN `reviewer` as `n` ON `n`.`id`=`m`.`id_reviewer`
WHERE `decision_revised` = \'waiting decision\'
AND YEAR(`created_revised`) = \'2022\'', 0)
 2 SYSTEMPATH\Database\BaseConnection.php(693): CodeIgniter\Database\MySQLi\Connection->execute('SELECT COUNT(*) AS `numrows`
FROM `revised_paper`
JOIN `abstrak` as `b` ON `revised_paper`.`abs_id`=`b`.`abs_id`
JOIN `review` as `m` ON `c`.`abs_id`=`m`.`abs_id`
JOIN `reviewer` as `n` ON `n`.`id`=`m`.`id_reviewer`
WHERE `decision_revised` = \'waiting decision\'
AND YEAR(`created_revised`) = \'2022\'')
 3 SYSTEMPATH\Database\BaseConnection.php(620): CodeIgniter\Database\BaseConnection->simpleQuery('SELECT COUNT(*) AS `numrows`
FROM `revised_paper`
JOIN `abstrak` as `b` ON `revised_paper`.`abs_id`=`b`.`abs_id`
JOIN `review` as `m` ON `c`.`abs_id`=`m`.`abs_id`
JOIN `reviewer` as `n` ON `n`.`id`=`m`.`id_reviewer`
WHERE `decision_revised` = \'waiting decision\'
AND YEAR(`created_revised`) = \'2022\'')
 4 SYSTEMPATH\Database\BaseBuilder.php(1669): CodeIgniter\Database\BaseConnection->query('SELECT COUNT(*) AS `numrows`
FROM `revised_paper`
JOIN `abstrak` as `b` ON `revised_paper`.`abs_id`=`b`.`abs_id`
JOIN `review` as `m` ON `c`.`abs_id`=`m`.`abs_id`
JOIN `reviewer` as `n` ON `n`.`id`=`m`.`id_reviewer`
WHERE `decision_revised` = :decision_revised:
AND YEAR(`created_revised`) = :YEAR(`created_revised`):', [...], false)
 5 SYSTEMPATH\Model.php(550): CodeIgniter\Database\BaseBuilder->countAllResults(false)
 6 SYSTEMPATH\BaseModel.php(1085): CodeIgniter\Model->countAllResults(false)
 7 APPPATH\Controllers\Admin.php(323): CodeIgniter\BaseModel->paginate(10, 'revised_paper')
 8 SYSTEMPATH\CodeIgniter.php(904): App\Controllers\Admin->revised_paper()
 9 SYSTEMPATH\CodeIgniter.php(457): CodeIgniter\CodeIgniter->runController(Object(App\Controllers\Admin))
10 SYSTEMPATH\CodeIgniter.php(340): CodeIgniter\CodeIgniter->handleRequest(null, Object(Config\Cache), false)
11 FCPATH\index.php(67): CodeIgniter\CodeIgniter->run()
12 SYSTEMPATH\Commands\Server\rewrite.php(43): require_once('FCPATH\\index.php')
ERROR - 2022-09-22 02:30:37 --> mysqli_sql_exception: Unknown column 'c.abs_id' in 'on clause' in C:\xampp\htdocs\isceeradmin\system\Database\MySQLi\Connection.php:292
Stack trace:
#0 C:\xampp\htdocs\isceeradmin\system\Database\MySQLi\Connection.php(292): mysqli->query('SELECT COUNT(*)...', 0)
#1 C:\xampp\htdocs\isceeradmin\system\Database\BaseConnection.php(693): CodeIgniter\Database\MySQLi\Connection->execute('SELECT COUNT(*)...')
#2 C:\xampp\htdocs\isceeradmin\system\Database\BaseConnection.php(620): CodeIgniter\Database\BaseConnection->simpleQuery('SELECT COUNT(*)...')
#3 C:\xampp\htdocs\isceeradmin\system\Database\BaseBuilder.php(1669): CodeIgniter\Database\BaseConnection->query('SELECT COUNT(*)...', Array, false)
#4 C:\xampp\htdocs\isceeradmin\system\Model.php(550): CodeIgniter\Database\BaseBuilder->countAllResults(false)
#5 C:\xampp\htdocs\isceeradmin\system\BaseModel.php(1085): CodeIgniter\Model->countAllResults(false)
#6 C:\xampp\htdocs\isceeradmin\app\Controllers\Admin.php(323): CodeIgniter\BaseModel->paginate(10, 'revised_paper')
#7 C:\xampp\htdocs\isceeradmin\system\CodeIgniter.php(904): App\Controllers\Admin->revised_paper()
#8 C:\xampp\htdocs\isceeradmin\system\CodeIgniter.php(457): CodeIgniter\CodeIgniter->runController(Object(App\Controllers\Admin))
#9 C:\xampp\htdocs\isceeradmin\system\CodeIgniter.php(340): CodeIgniter\CodeIgniter->handleRequest(NULL, Object(Config\Cache), false)
#10 C:\xampp\htdocs\isceeradmin\public\index.php(67): CodeIgniter\CodeIgniter->run()
#11 C:\xampp\htdocs\isceeradmin\system\Commands\Server\rewrite.php(43): require_once('C:\\xampp\\htdocs...')
#12 {main}
CRITICAL - 2022-09-22 02:30:37 --> Unknown column 'c.abs_id' in 'on clause'
in SYSTEMPATH\Database\MySQLi\Connection.php on line 292.
 1 SYSTEMPATH\Database\MySQLi\Connection.php(292): mysqli->query('SELECT COUNT(*) AS `numrows`
FROM `revised_paper`
JOIN `abstrak` as `b` ON `revised_paper`.`abs_id`=`b`.`abs_id`
JOIN `review` as `m` ON `c`.`abs_id`=`m`.`abs_id`
JOIN `reviewer` as `n` ON `n`.`id`=`m`.`id_reviewer`
WHERE `decision_revised` = \'waiting decision\'
AND YEAR(`created_revised`) = \'2022\'', 0)
 2 SYSTEMPATH\Database\BaseConnection.php(693): CodeIgniter\Database\MySQLi\Connection->execute('SELECT COUNT(*) AS `numrows`
FROM `revised_paper`
JOIN `abstrak` as `b` ON `revised_paper`.`abs_id`=`b`.`abs_id`
JOIN `review` as `m` ON `c`.`abs_id`=`m`.`abs_id`
JOIN `reviewer` as `n` ON `n`.`id`=`m`.`id_reviewer`
WHERE `decision_revised` = \'waiting decision\'
AND YEAR(`created_revised`) = \'2022\'')
 3 SYSTEMPATH\Database\BaseConnection.php(620): CodeIgniter\Database\BaseConnection->simpleQuery('SELECT COUNT(*) AS `numrows`
FROM `revised_paper`
JOIN `abstrak` as `b` ON `revised_paper`.`abs_id`=`b`.`abs_id`
JOIN `review` as `m` ON `c`.`abs_id`=`m`.`abs_id`
JOIN `reviewer` as `n` ON `n`.`id`=`m`.`id_reviewer`
WHERE `decision_revised` = \'waiting decision\'
AND YEAR(`created_revised`) = \'2022\'')
 4 SYSTEMPATH\Database\BaseBuilder.php(1669): CodeIgniter\Database\BaseConnection->query('SELECT COUNT(*) AS `numrows`
FROM `revised_paper`
JOIN `abstrak` as `b` ON `revised_paper`.`abs_id`=`b`.`abs_id`
JOIN `review` as `m` ON `c`.`abs_id`=`m`.`abs_id`
JOIN `reviewer` as `n` ON `n`.`id`=`m`.`id_reviewer`
WHERE `decision_revised` = :decision_revised:
AND YEAR(`created_revised`) = :YEAR(`created_revised`):', [...], false)
 5 SYSTEMPATH\Model.php(550): CodeIgniter\Database\BaseBuilder->countAllResults(false)
 6 SYSTEMPATH\BaseModel.php(1085): CodeIgniter\Model->countAllResults(false)
 7 APPPATH\Controllers\Admin.php(323): CodeIgniter\BaseModel->paginate(10, 'revised_paper')
 8 SYSTEMPATH\CodeIgniter.php(904): App\Controllers\Admin->revised_paper()
 9 SYSTEMPATH\CodeIgniter.php(457): CodeIgniter\CodeIgniter->runController(Object(App\Controllers\Admin))
10 SYSTEMPATH\CodeIgniter.php(340): CodeIgniter\CodeIgniter->handleRequest(null, Object(Config\Cache), false)
11 FCPATH\index.php(67): CodeIgniter\CodeIgniter->run()
12 SYSTEMPATH\Commands\Server\rewrite.php(43): require_once('FCPATH\\index.php')
ERROR - 2022-09-22 02:30:37 --> mysqli_sql_exception: Unknown column 'c.abs_id' in 'on clause' in C:\xampp\htdocs\isceeradmin\system\Database\MySQLi\Connection.php:292
Stack trace:
#0 C:\xampp\htdocs\isceeradmin\system\Database\MySQLi\Connection.php(292): mysqli->query('SELECT COUNT(*)...', 0)
#1 C:\xampp\htdocs\isceeradmin\system\Database\BaseConnection.php(693): CodeIgniter\Database\MySQLi\Connection->execute('SELECT COUNT(*)...')
#2 C:\xampp\htdocs\isceeradmin\system\Database\BaseConnection.php(620): CodeIgniter\Database\BaseConnection->simpleQuery('SELECT COUNT(*)...')
#3 C:\xampp\htdocs\isceeradmin\system\Database\BaseBuilder.php(1669): CodeIgniter\Database\BaseConnection->query('SELECT COUNT(*)...', Array, false)
#4 C:\xampp\htdocs\isceeradmin\system\Model.php(550): CodeIgniter\Database\BaseBuilder->countAllResults(false)
#5 C:\xampp\htdocs\isceeradmin\system\BaseModel.php(1085): CodeIgniter\Model->countAllResults(false)
#6 C:\xampp\htdocs\isceeradmin\app\Controllers\Admin.php(323): CodeIgniter\BaseModel->paginate(10, 'revised_paper')
#7 C:\xampp\htdocs\isceeradmin\system\CodeIgniter.php(904): App\Controllers\Admin->revised_paper()
#8 C:\xampp\htdocs\isceeradmin\system\CodeIgniter.php(457): CodeIgniter\CodeIgniter->runController(Object(App\Controllers\Admin))
#9 C:\xampp\htdocs\isceeradmin\system\CodeIgniter.php(340): CodeIgniter\CodeIgniter->handleRequest(NULL, Object(Config\Cache), false)
#10 C:\xampp\htdocs\isceeradmin\public\index.php(67): CodeIgniter\CodeIgniter->run()
#11 C:\xampp\htdocs\isceeradmin\system\Commands\Server\rewrite.php(43): require_once('C:\\xampp\\htdocs...')
#12 {main}
CRITICAL - 2022-09-22 02:30:37 --> Unknown column 'c.abs_id' in 'on clause'
in SYSTEMPATH\Database\MySQLi\Connection.php on line 292.
 1 SYSTEMPATH\Database\MySQLi\Connection.php(292): mysqli->query('SELECT COUNT(*) AS `numrows`
FROM `revised_paper`
JOIN `abstrak` as `b` ON `revised_paper`.`abs_id`=`b`.`abs_id`
JOIN `review` as `m` ON `c`.`abs_id`=`m`.`abs_id`
JOIN `reviewer` as `n` ON `n`.`id`=`m`.`id_reviewer`
WHERE `decision_revised` = \'waiting decision\'
AND YEAR(`created_revised`) = \'2022\'', 0)
 2 SYSTEMPATH\Database\BaseConnection.php(693): CodeIgniter\Database\MySQLi\Connection->execute('SELECT COUNT(*) AS `numrows`
FROM `revised_paper`
JOIN `abstrak` as `b` ON `revised_paper`.`abs_id`=`b`.`abs_id`
JOIN `review` as `m` ON `c`.`abs_id`=`m`.`abs_id`
JOIN `reviewer` as `n` ON `n`.`id`=`m`.`id_reviewer`
WHERE `decision_revised` = \'waiting decision\'
AND YEAR(`created_revised`) = \'2022\'')
 3 SYSTEMPATH\Database\BaseConnection.php(620): CodeIgniter\Database\BaseConnection->simpleQuery('SELECT COUNT(*) AS `numrows`
FROM `revised_paper`
JOIN `abstrak` as `b` ON `revised_paper`.`abs_id`=`b`.`abs_id`
JOIN `review` as `m` ON `c`.`abs_id`=`m`.`abs_id`
JOIN `reviewer` as `n` ON `n`.`id`=`m`.`id_reviewer`
WHERE `decision_revised` = \'waiting decision\'
AND YEAR(`created_revised`) = \'2022\'')
 4 SYSTEMPATH\Database\BaseBuilder.php(1669): CodeIgniter\Database\BaseConnection->query('SELECT COUNT(*) AS `numrows`
FROM `revised_paper`
JOIN `abstrak` as `b` ON `revised_paper`.`abs_id`=`b`.`abs_id`
JOIN `review` as `m` ON `c`.`abs_id`=`m`.`abs_id`
JOIN `reviewer` as `n` ON `n`.`id`=`m`.`id_reviewer`
WHERE `decision_revised` = :decision_revised:
AND YEAR(`created_revised`) = :YEAR(`created_revised`):', [...], false)
 5 SYSTEMPATH\Model.php(550): CodeIgniter\Database\BaseBuilder->countAllResults(false)
 6 SYSTEMPATH\BaseModel.php(1085): CodeIgniter\Model->countAllResults(false)
 7 APPPATH\Controllers\Admin.php(323): CodeIgniter\BaseModel->paginate(10, 'revised_paper')
 8 SYSTEMPATH\CodeIgniter.php(904): App\Controllers\Admin->revised_paper()
 9 SYSTEMPATH\CodeIgniter.php(457): CodeIgniter\CodeIgniter->runController(Object(App\Controllers\Admin))
10 SYSTEMPATH\CodeIgniter.php(340): CodeIgniter\CodeIgniter->handleRequest(null, Object(Config\Cache), false)
11 FCPATH\index.php(67): CodeIgniter\CodeIgniter->run()
12 SYSTEMPATH\Commands\Server\rewrite.php(43): require_once('FCPATH\\index.php')
ERROR - 2022-09-22 02:30:38 --> mysqli_sql_exception: Unknown column 'c.abs_id' in 'on clause' in C:\xampp\htdocs\isceeradmin\system\Database\MySQLi\Connection.php:292
Stack trace:
#0 C:\xampp\htdocs\isceeradmin\system\Database\MySQLi\Connection.php(292): mysqli->query('SELECT COUNT(*)...', 0)
#1 C:\xampp\htdocs\isceeradmin\system\Database\BaseConnection.php(693): CodeIgniter\Database\MySQLi\Connection->execute('SELECT COUNT(*)...')
#2 C:\xampp\htdocs\isceeradmin\system\Database\BaseConnection.php(620): CodeIgniter\Database\BaseConnection->simpleQuery('SELECT COUNT(*)...')
#3 C:\xampp\htdocs\isceeradmin\system\Database\BaseBuilder.php(1669): CodeIgniter\Database\BaseConnection->query('SELECT COUNT(*)...', Array, false)
#4 C:\xampp\htdocs\isceeradmin\system\Model.php(550): CodeIgniter\Database\BaseBuilder->countAllResults(false)
#5 C:\xampp\htdocs\isceeradmin\system\BaseModel.php(1085): CodeIgniter\Model->countAllResults(false)
#6 C:\xampp\htdocs\isceeradmin\app\Controllers\Admin.php(323): CodeIgniter\BaseModel->paginate(10, 'revised_paper')
#7 C:\xampp\htdocs\isceeradmin\system\CodeIgniter.php(904): App\Controllers\Admin->revised_paper()
#8 C:\xampp\htdocs\isceeradmin\system\CodeIgniter.php(457): CodeIgniter\CodeIgniter->runController(Object(App\Controllers\Admin))
#9 C:\xampp\htdocs\isceeradmin\system\CodeIgniter.php(340): CodeIgniter\CodeIgniter->handleRequest(NULL, Object(Config\Cache), false)
#10 C:\xampp\htdocs\isceeradmin\public\index.php(67): CodeIgniter\CodeIgniter->run()
#11 C:\xampp\htdocs\isceeradmin\system\Commands\Server\rewrite.php(43): require_once('C:\\xampp\\htdocs...')
#12 {main}
CRITICAL - 2022-09-22 02:30:38 --> Unknown column 'c.abs_id' in 'on clause'
in SYSTEMPATH\Database\MySQLi\Connection.php on line 292.
 1 SYSTEMPATH\Database\MySQLi\Connection.php(292): mysqli->query('SELECT COUNT(*) AS `numrows`
FROM `revised_paper`
JOIN `abstrak` as `b` ON `revised_paper`.`abs_id`=`b`.`abs_id`
JOIN `review` as `m` ON `c`.`abs_id`=`m`.`abs_id`
JOIN `reviewer` as `n` ON `n`.`id`=`m`.`id_reviewer`
WHERE `decision_revised` = \'waiting decision\'
AND YEAR(`created_revised`) = \'2022\'', 0)
 2 SYSTEMPATH\Database\BaseConnection.php(693): CodeIgniter\Database\MySQLi\Connection->execute('SELECT COUNT(*) AS `numrows`
FROM `revised_paper`
JOIN `abstrak` as `b` ON `revised_paper`.`abs_id`=`b`.`abs_id`
JOIN `review` as `m` ON `c`.`abs_id`=`m`.`abs_id`
JOIN `reviewer` as `n` ON `n`.`id`=`m`.`id_reviewer`
WHERE `decision_revised` = \'waiting decision\'
AND YEAR(`created_revised`) = \'2022\'')
 3 SYSTEMPATH\Database\BaseConnection.php(620): CodeIgniter\Database\BaseConnection->simpleQuery('SELECT COUNT(*) AS `numrows`
FROM `revised_paper`
JOIN `abstrak` as `b` ON `revised_paper`.`abs_id`=`b`.`abs_id`
JOIN `review` as `m` ON `c`.`abs_id`=`m`.`abs_id`
JOIN `reviewer` as `n` ON `n`.`id`=`m`.`id_reviewer`
WHERE `decision_revised` = \'waiting decision\'
AND YEAR(`created_revised`) = \'2022\'')
 4 SYSTEMPATH\Database\BaseBuilder.php(1669): CodeIgniter\Database\BaseConnection->query('SELECT COUNT(*) AS `numrows`
FROM `revised_paper`
JOIN `abstrak` as `b` ON `revised_paper`.`abs_id`=`b`.`abs_id`
JOIN `review` as `m` ON `c`.`abs_id`=`m`.`abs_id`
JOIN `reviewer` as `n` ON `n`.`id`=`m`.`id_reviewer`
WHERE `decision_revised` = :decision_revised:
AND YEAR(`created_revised`) = :YEAR(`created_revised`):', [...], false)
 5 SYSTEMPATH\Model.php(550): CodeIgniter\Database\BaseBuilder->countAllResults(false)
 6 SYSTEMPATH\BaseModel.php(1085): CodeIgniter\Model->countAllResults(false)
 7 APPPATH\Controllers\Admin.php(323): CodeIgniter\BaseModel->paginate(10, 'revised_paper')
 8 SYSTEMPATH\CodeIgniter.php(904): App\Controllers\Admin->revised_paper()
 9 SYSTEMPATH\CodeIgniter.php(457): CodeIgniter\CodeIgniter->runController(Object(App\Controllers\Admin))
10 SYSTEMPATH\CodeIgniter.php(340): CodeIgniter\CodeIgniter->handleRequest(null, Object(Config\Cache), false)
11 FCPATH\index.php(67): CodeIgniter\CodeIgniter->run()
12 SYSTEMPATH\Commands\Server\rewrite.php(43): require_once('FCPATH\\index.php')
ERROR - 2022-09-22 02:30:38 --> mysqli_sql_exception: Unknown column 'c.abs_id' in 'on clause' in C:\xampp\htdocs\isceeradmin\system\Database\MySQLi\Connection.php:292
Stack trace:
#0 C:\xampp\htdocs\isceeradmin\system\Database\MySQLi\Connection.php(292): mysqli->query('SELECT COUNT(*)...', 0)
#1 C:\xampp\htdocs\isceeradmin\system\Database\BaseConnection.php(693): CodeIgniter\Database\MySQLi\Connection->execute('SELECT COUNT(*)...')
#2 C:\xampp\htdocs\isceeradmin\system\Database\BaseConnection.php(620): CodeIgniter\Database\BaseConnection->simpleQuery('SELECT COUNT(*)...')
#3 C:\xampp\htdocs\isceeradmin\system\Database\BaseBuilder.php(1669): CodeIgniter\Database\BaseConnection->query('SELECT COUNT(*)...', Array, false)
#4 C:\xampp\htdocs\isceeradmin\system\Model.php(550): CodeIgniter\Database\BaseBuilder->countAllResults(false)
#5 C:\xampp\htdocs\isceeradmin\system\BaseModel.php(1085): CodeIgniter\Model->countAllResults(false)
#6 C:\xampp\htdocs\isceeradmin\app\Controllers\Admin.php(323): CodeIgniter\BaseModel->paginate(10, 'revised_paper')
#7 C:\xampp\htdocs\isceeradmin\system\CodeIgniter.php(904): App\Controllers\Admin->revised_paper()
#8 C:\xampp\htdocs\isceeradmin\system\CodeIgniter.php(457): CodeIgniter\CodeIgniter->runController(Object(App\Controllers\Admin))
#9 C:\xampp\htdocs\isceeradmin\system\CodeIgniter.php(340): CodeIgniter\CodeIgniter->handleRequest(NULL, Object(Config\Cache), false)
#10 C:\xampp\htdocs\isceeradmin\public\index.php(67): CodeIgniter\CodeIgniter->run()
#11 C:\xampp\htdocs\isceeradmin\system\Commands\Server\rewrite.php(43): require_once('C:\\xampp\\htdocs...')
#12 {main}
CRITICAL - 2022-09-22 02:30:38 --> Unknown column 'c.abs_id' in 'on clause'
in SYSTEMPATH\Database\MySQLi\Connection.php on line 292.
 1 SYSTEMPATH\Database\MySQLi\Connection.php(292): mysqli->query('SELECT COUNT(*) AS `numrows`
FROM `revised_paper`
JOIN `abstrak` as `b` ON `revised_paper`.`abs_id`=`b`.`abs_id`
JOIN `review` as `m` ON `c`.`abs_id`=`m`.`abs_id`
JOIN `reviewer` as `n` ON `n`.`id`=`m`.`id_reviewer`
WHERE `decision_revised` = \'waiting decision\'
AND YEAR(`created_revised`) = \'2022\'', 0)
 2 SYSTEMPATH\Database\BaseConnection.php(693): CodeIgniter\Database\MySQLi\Connection->execute('SELECT COUNT(*) AS `numrows`
FROM `revised_paper`
JOIN `abstrak` as `b` ON `revised_paper`.`abs_id`=`b`.`abs_id`
JOIN `review` as `m` ON `c`.`abs_id`=`m`.`abs_id`
JOIN `reviewer` as `n` ON `n`.`id`=`m`.`id_reviewer`
WHERE `decision_revised` = \'waiting decision\'
AND YEAR(`created_revised`) = \'2022\'')
 3 SYSTEMPATH\Database\BaseConnection.php(620): CodeIgniter\Database\BaseConnection->simpleQuery('SELECT COUNT(*) AS `numrows`
FROM `revised_paper`
JOIN `abstrak` as `b` ON `revised_paper`.`abs_id`=`b`.`abs_id`
JOIN `review` as `m` ON `c`.`abs_id`=`m`.`abs_id`
JOIN `reviewer` as `n` ON `n`.`id`=`m`.`id_reviewer`
WHERE `decision_revised` = \'waiting decision\'
AND YEAR(`created_revised`) = \'2022\'')
 4 SYSTEMPATH\Database\BaseBuilder.php(1669): CodeIgniter\Database\BaseConnection->query('SELECT COUNT(*) AS `numrows`
FROM `revised_paper`
JOIN `abstrak` as `b` ON `revised_paper`.`abs_id`=`b`.`abs_id`
JOIN `review` as `m` ON `c`.`abs_id`=`m`.`abs_id`
JOIN `reviewer` as `n` ON `n`.`id`=`m`.`id_reviewer`
WHERE `decision_revised` = :decision_revised:
AND YEAR(`created_revised`) = :YEAR(`created_revised`):', [...], false)
 5 SYSTEMPATH\Model.php(550): CodeIgniter\Database\BaseBuilder->countAllResults(false)
 6 SYSTEMPATH\BaseModel.php(1085): CodeIgniter\Model->countAllResults(false)
 7 APPPATH\Controllers\Admin.php(323): CodeIgniter\BaseModel->paginate(10, 'revised_paper')
 8 SYSTEMPATH\CodeIgniter.php(904): App\Controllers\Admin->revised_paper()
 9 SYSTEMPATH\CodeIgniter.php(457): CodeIgniter\CodeIgniter->runController(Object(App\Controllers\Admin))
10 SYSTEMPATH\CodeIgniter.php(340): CodeIgniter\CodeIgniter->handleRequest(null, Object(Config\Cache), false)
11 FCPATH\index.php(67): CodeIgniter\CodeIgniter->run()
12 SYSTEMPATH\Commands\Server\rewrite.php(43): require_once('FCPATH\\index.php')
ERROR - 2022-09-22 02:30:38 --> mysqli_sql_exception: Unknown column 'c.abs_id' in 'on clause' in C:\xampp\htdocs\isceeradmin\system\Database\MySQLi\Connection.php:292
Stack trace:
#0 C:\xampp\htdocs\isceeradmin\system\Database\MySQLi\Connection.php(292): mysqli->query('SELECT COUNT(*)...', 0)
#1 C:\xampp\htdocs\isceeradmin\system\Database\BaseConnection.php(693): CodeIgniter\Database\MySQLi\Connection->execute('SELECT COUNT(*)...')
#2 C:\xampp\htdocs\isceeradmin\system\Database\BaseConnection.php(620): CodeIgniter\Database\BaseConnection->simpleQuery('SELECT COUNT(*)...')
#3 C:\xampp\htdocs\isceeradmin\system\Database\BaseBuilder.php(1669): CodeIgniter\Database\BaseConnection->query('SELECT COUNT(*)...', Array, false)
#4 C:\xampp\htdocs\isceeradmin\system\Model.php(550): CodeIgniter\Database\BaseBuilder->countAllResults(false)
#5 C:\xampp\htdocs\isceeradmin\system\BaseModel.php(1085): CodeIgniter\Model->countAllResults(false)
#6 C:\xampp\htdocs\isceeradmin\app\Controllers\Admin.php(323): CodeIgniter\BaseModel->paginate(10, 'revised_paper')
#7 C:\xampp\htdocs\isceeradmin\system\CodeIgniter.php(904): App\Controllers\Admin->revised_paper()
#8 C:\xampp\htdocs\isceeradmin\system\CodeIgniter.php(457): CodeIgniter\CodeIgniter->runController(Object(App\Controllers\Admin))
#9 C:\xampp\htdocs\isceeradmin\system\CodeIgniter.php(340): CodeIgniter\CodeIgniter->handleRequest(NULL, Object(Config\Cache), false)
#10 C:\xampp\htdocs\isceeradmin\public\index.php(67): CodeIgniter\CodeIgniter->run()
#11 C:\xampp\htdocs\isceeradmin\system\Commands\Server\rewrite.php(43): require_once('C:\\xampp\\htdocs...')
#12 {main}
CRITICAL - 2022-09-22 02:30:38 --> Unknown column 'c.abs_id' in 'on clause'
in SYSTEMPATH\Database\MySQLi\Connection.php on line 292.
 1 SYSTEMPATH\Database\MySQLi\Connection.php(292): mysqli->query('SELECT COUNT(*) AS `numrows`
FROM `revised_paper`
JOIN `abstrak` as `b` ON `revised_paper`.`abs_id`=`b`.`abs_id`
JOIN `review` as `m` ON `c`.`abs_id`=`m`.`abs_id`
JOIN `reviewer` as `n` ON `n`.`id`=`m`.`id_reviewer`
WHERE `decision_revised` = \'waiting decision\'
AND YEAR(`created_revised`) = \'2022\'', 0)
 2 SYSTEMPATH\Database\BaseConnection.php(693): CodeIgniter\Database\MySQLi\Connection->execute('SELECT COUNT(*) AS `numrows`
FROM `revised_paper`
JOIN `abstrak` as `b` ON `revised_paper`.`abs_id`=`b`.`abs_id`
JOIN `review` as `m` ON `c`.`abs_id`=`m`.`abs_id`
JOIN `reviewer` as `n` ON `n`.`id`=`m`.`id_reviewer`
WHERE `decision_revised` = \'waiting decision\'
AND YEAR(`created_revised`) = \'2022\'')
 3 SYSTEMPATH\Database\BaseConnection.php(620): CodeIgniter\Database\BaseConnection->simpleQuery('SELECT COUNT(*) AS `numrows`
FROM `revised_paper`
JOIN `abstrak` as `b` ON `revised_paper`.`abs_id`=`b`.`abs_id`
JOIN `review` as `m` ON `c`.`abs_id`=`m`.`abs_id`
JOIN `reviewer` as `n` ON `n`.`id`=`m`.`id_reviewer`
WHERE `decision_revised` = \'waiting decision\'
AND YEAR(`created_revised`) = \'2022\'')
 4 SYSTEMPATH\Database\BaseBuilder.php(1669): CodeIgniter\Database\BaseConnection->query('SELECT COUNT(*) AS `numrows`
FROM `revised_paper`
JOIN `abstrak` as `b` ON `revised_paper`.`abs_id`=`b`.`abs_id`
JOIN `review` as `m` ON `c`.`abs_id`=`m`.`abs_id`
JOIN `reviewer` as `n` ON `n`.`id`=`m`.`id_reviewer`
WHERE `decision_revised` = :decision_revised:
AND YEAR(`created_revised`) = :YEAR(`created_revised`):', [...], false)
 5 SYSTEMPATH\Model.php(550): CodeIgniter\Database\BaseBuilder->countAllResults(false)
 6 SYSTEMPATH\BaseModel.php(1085): CodeIgniter\Model->countAllResults(false)
 7 APPPATH\Controllers\Admin.php(323): CodeIgniter\BaseModel->paginate(10, 'revised_paper')
 8 SYSTEMPATH\CodeIgniter.php(904): App\Controllers\Admin->revised_paper()
 9 SYSTEMPATH\CodeIgniter.php(457): CodeIgniter\CodeIgniter->runController(Object(App\Controllers\Admin))
10 SYSTEMPATH\CodeIgniter.php(340): CodeIgniter\CodeIgniter->handleRequest(null, Object(Config\Cache), false)
11 FCPATH\index.php(67): CodeIgniter\CodeIgniter->run()
12 SYSTEMPATH\Commands\Server\rewrite.php(43): require_once('FCPATH\\index.php')
ERROR - 2022-09-22 02:30:39 --> mysqli_sql_exception: Unknown column 'c.abs_id' in 'on clause' in C:\xampp\htdocs\isceeradmin\system\Database\MySQLi\Connection.php:292
Stack trace:
#0 C:\xampp\htdocs\isceeradmin\system\Database\MySQLi\Connection.php(292): mysqli->query('SELECT COUNT(*)...', 0)
#1 C:\xampp\htdocs\isceeradmin\system\Database\BaseConnection.php(693): CodeIgniter\Database\MySQLi\Connection->execute('SELECT COUNT(*)...')
#2 C:\xampp\htdocs\isceeradmin\system\Database\BaseConnection.php(620): CodeIgniter\Database\BaseConnection->simpleQuery('SELECT COUNT(*)...')
#3 C:\xampp\htdocs\isceeradmin\system\Database\BaseBuilder.php(1669): CodeIgniter\Database\BaseConnection->query('SELECT COUNT(*)...', Array, false)
#4 C:\xampp\htdocs\isceeradmin\system\Model.php(550): CodeIgniter\Database\BaseBuilder->countAllResults(false)
#5 C:\xampp\htdocs\isceeradmin\system\BaseModel.php(1085): CodeIgniter\Model->countAllResults(false)
#6 C:\xampp\htdocs\isceeradmin\app\Controllers\Admin.php(323): CodeIgniter\BaseModel->paginate(10, 'revised_paper')
#7 C:\xampp\htdocs\isceeradmin\system\CodeIgniter.php(904): App\Controllers\Admin->revised_paper()
#8 C:\xampp\htdocs\isceeradmin\system\CodeIgniter.php(457): CodeIgniter\CodeIgniter->runController(Object(App\Controllers\Admin))
#9 C:\xampp\htdocs\isceeradmin\system\CodeIgniter.php(340): CodeIgniter\CodeIgniter->handleRequest(NULL, Object(Config\Cache), false)
#10 C:\xampp\htdocs\isceeradmin\public\index.php(67): CodeIgniter\CodeIgniter->run()
#11 C:\xampp\htdocs\isceeradmin\system\Commands\Server\rewrite.php(43): require_once('C:\\xampp\\htdocs...')
#12 {main}
CRITICAL - 2022-09-22 02:30:39 --> Unknown column 'c.abs_id' in 'on clause'
in SYSTEMPATH\Database\MySQLi\Connection.php on line 292.
 1 SYSTEMPATH\Database\MySQLi\Connection.php(292): mysqli->query('SELECT COUNT(*) AS `numrows`
FROM `revised_paper`
JOIN `abstrak` as `b` ON `revised_paper`.`abs_id`=`b`.`abs_id`
JOIN `review` as `m` ON `c`.`abs_id`=`m`.`abs_id`
JOIN `reviewer` as `n` ON `n`.`id`=`m`.`id_reviewer`
WHERE `decision_revised` = \'waiting decision\'
AND YEAR(`created_revised`) = \'2022\'', 0)
 2 SYSTEMPATH\Database\BaseConnection.php(693): CodeIgniter\Database\MySQLi\Connection->execute('SELECT COUNT(*) AS `numrows`
FROM `revised_paper`
JOIN `abstrak` as `b` ON `revised_paper`.`abs_id`=`b`.`abs_id`
JOIN `review` as `m` ON `c`.`abs_id`=`m`.`abs_id`
JOIN `reviewer` as `n` ON `n`.`id`=`m`.`id_reviewer`
WHERE `decision_revised` = \'waiting decision\'
AND YEAR(`created_revised`) = \'2022\'')
 3 SYSTEMPATH\Database\BaseConnection.php(620): CodeIgniter\Database\BaseConnection->simpleQuery('SELECT COUNT(*) AS `numrows`
FROM `revised_paper`
JOIN `abstrak` as `b` ON `revised_paper`.`abs_id`=`b`.`abs_id`
JOIN `review` as `m` ON `c`.`abs_id`=`m`.`abs_id`
JOIN `reviewer` as `n` ON `n`.`id`=`m`.`id_reviewer`
WHERE `decision_revised` = \'waiting decision\'
AND YEAR(`created_revised`) = \'2022\'')
 4 SYSTEMPATH\Database\BaseBuilder.php(1669): CodeIgniter\Database\BaseConnection->query('SELECT COUNT(*) AS `numrows`
FROM `revised_paper`
JOIN `abstrak` as `b` ON `revised_paper`.`abs_id`=`b`.`abs_id`
JOIN `review` as `m` ON `c`.`abs_id`=`m`.`abs_id`
JOIN `reviewer` as `n` ON `n`.`id`=`m`.`id_reviewer`
WHERE `decision_revised` = :decision_revised:
AND YEAR(`created_revised`) = :YEAR(`created_revised`):', [...], false)
 5 SYSTEMPATH\Model.php(550): CodeIgniter\Database\BaseBuilder->countAllResults(false)
 6 SYSTEMPATH\BaseModel.php(1085): CodeIgniter\Model->countAllResults(false)
 7 APPPATH\Controllers\Admin.php(323): CodeIgniter\BaseModel->paginate(10, 'revised_paper')
 8 SYSTEMPATH\CodeIgniter.php(904): App\Controllers\Admin->revised_paper()
 9 SYSTEMPATH\CodeIgniter.php(457): CodeIgniter\CodeIgniter->runController(Object(App\Controllers\Admin))
10 SYSTEMPATH\CodeIgniter.php(340): CodeIgniter\CodeIgniter->handleRequest(null, Object(Config\Cache), false)
11 FCPATH\index.php(67): CodeIgniter\CodeIgniter->run()
12 SYSTEMPATH\Commands\Server\rewrite.php(43): require_once('FCPATH\\index.php')
ERROR - 2022-09-22 02:30:39 --> mysqli_sql_exception: Unknown column 'c.abs_id' in 'on clause' in C:\xampp\htdocs\isceeradmin\system\Database\MySQLi\Connection.php:292
Stack trace:
#0 C:\xampp\htdocs\isceeradmin\system\Database\MySQLi\Connection.php(292): mysqli->query('SELECT COUNT(*)...', 0)
#1 C:\xampp\htdocs\isceeradmin\system\Database\BaseConnection.php(693): CodeIgniter\Database\MySQLi\Connection->execute('SELECT COUNT(*)...')
#2 C:\xampp\htdocs\isceeradmin\system\Database\BaseConnection.php(620): CodeIgniter\Database\BaseConnection->simpleQuery('SELECT COUNT(*)...')
#3 C:\xampp\htdocs\isceeradmin\system\Database\BaseBuilder.php(1669): CodeIgniter\Database\BaseConnection->query('SELECT COUNT(*)...', Array, false)
#4 C:\xampp\htdocs\isceeradmin\system\Model.php(550): CodeIgniter\Database\BaseBuilder->countAllResults(false)
#5 C:\xampp\htdocs\isceeradmin\system\BaseModel.php(1085): CodeIgniter\Model->countAllResults(false)
#6 C:\xampp\htdocs\isceeradmin\app\Controllers\Admin.php(323): CodeIgniter\BaseModel->paginate(10, 'revised_paper')
#7 C:\xampp\htdocs\isceeradmin\system\CodeIgniter.php(904): App\Controllers\Admin->revised_paper()
#8 C:\xampp\htdocs\isceeradmin\system\CodeIgniter.php(457): CodeIgniter\CodeIgniter->runController(Object(App\Controllers\Admin))
#9 C:\xampp\htdocs\isceeradmin\system\CodeIgniter.php(340): CodeIgniter\CodeIgniter->handleRequest(NULL, Object(Config\Cache), false)
#10 C:\xampp\htdocs\isceeradmin\public\index.php(67): CodeIgniter\CodeIgniter->run()
#11 C:\xampp\htdocs\isceeradmin\system\Commands\Server\rewrite.php(43): require_once('C:\\xampp\\htdocs...')
#12 {main}
CRITICAL - 2022-09-22 02:30:39 --> Unknown column 'c.abs_id' in 'on clause'
in SYSTEMPATH\Database\MySQLi\Connection.php on line 292.
 1 SYSTEMPATH\Database\MySQLi\Connection.php(292): mysqli->query('SELECT COUNT(*) AS `numrows`
FROM `revised_paper`
JOIN `abstrak` as `b` ON `revised_paper`.`abs_id`=`b`.`abs_id`
JOIN `review` as `m` ON `c`.`abs_id`=`m`.`abs_id`
JOIN `reviewer` as `n` ON `n`.`id`=`m`.`id_reviewer`
WHERE `decision_revised` = \'waiting decision\'
AND YEAR(`created_revised`) = \'2022\'', 0)
 2 SYSTEMPATH\Database\BaseConnection.php(693): CodeIgniter\Database\MySQLi\Connection->execute('SELECT COUNT(*) AS `numrows`
FROM `revised_paper`
JOIN `abstrak` as `b` ON `revised_paper`.`abs_id`=`b`.`abs_id`
JOIN `review` as `m` ON `c`.`abs_id`=`m`.`abs_id`
JOIN `reviewer` as `n` ON `n`.`id`=`m`.`id_reviewer`
WHERE `decision_revised` = \'waiting decision\'
AND YEAR(`created_revised`) = \'2022\'')
 3 SYSTEMPATH\Database\BaseConnection.php(620): CodeIgniter\Database\BaseConnection->simpleQuery('SELECT COUNT(*) AS `numrows`
FROM `revised_paper`
JOIN `abstrak` as `b` ON `revised_paper`.`abs_id`=`b`.`abs_id`
JOIN `review` as `m` ON `c`.`abs_id`=`m`.`abs_id`
JOIN `reviewer` as `n` ON `n`.`id`=`m`.`id_reviewer`
WHERE `decision_revised` = \'waiting decision\'
AND YEAR(`created_revised`) = \'2022\'')
 4 SYSTEMPATH\Database\BaseBuilder.php(1669): CodeIgniter\Database\BaseConnection->query('SELECT COUNT(*) AS `numrows`
FROM `revised_paper`
JOIN `abstrak` as `b` ON `revised_paper`.`abs_id`=`b`.`abs_id`
JOIN `review` as `m` ON `c`.`abs_id`=`m`.`abs_id`
JOIN `reviewer` as `n` ON `n`.`id`=`m`.`id_reviewer`
WHERE `decision_revised` = :decision_revised:
AND YEAR(`created_revised`) = :YEAR(`created_revised`):', [...], false)
 5 SYSTEMPATH\Model.php(550): CodeIgniter\Database\BaseBuilder->countAllResults(false)
 6 SYSTEMPATH\BaseModel.php(1085): CodeIgniter\Model->countAllResults(false)
 7 APPPATH\Controllers\Admin.php(323): CodeIgniter\BaseModel->paginate(10, 'revised_paper')
 8 SYSTEMPATH\CodeIgniter.php(904): App\Controllers\Admin->revised_paper()
 9 SYSTEMPATH\CodeIgniter.php(457): CodeIgniter\CodeIgniter->runController(Object(App\Controllers\Admin))
10 SYSTEMPATH\CodeIgniter.php(340): CodeIgniter\CodeIgniter->handleRequest(null, Object(Config\Cache), false)
11 FCPATH\index.php(67): CodeIgniter\CodeIgniter->run()
12 SYSTEMPATH\Commands\Server\rewrite.php(43): require_once('FCPATH\\index.php')
ERROR - 2022-09-22 02:31:44 --> mysqli_sql_exception: Unknown column 'full_paper.abs_id' in 'on clause' in C:\xampp\htdocs\isceeradmin\system\Database\MySQLi\Connection.php:292
Stack trace:
#0 C:\xampp\htdocs\isceeradmin\system\Database\MySQLi\Connection.php(292): mysqli->query('SELECT COUNT(*)...', 0)
#1 C:\xampp\htdocs\isceeradmin\system\Database\BaseConnection.php(693): CodeIgniter\Database\MySQLi\Connection->execute('SELECT COUNT(*)...')
#2 C:\xampp\htdocs\isceeradmin\system\Database\BaseConnection.php(620): CodeIgniter\Database\BaseConnection->simpleQuery('SELECT COUNT(*)...')
#3 C:\xampp\htdocs\isceeradmin\system\Database\BaseBuilder.php(1669): CodeIgniter\Database\BaseConnection->query('SELECT COUNT(*)...', Array, false)
#4 C:\xampp\htdocs\isceeradmin\system\Model.php(550): CodeIgniter\Database\BaseBuilder->countAllResults(false)
#5 C:\xampp\htdocs\isceeradmin\system\BaseModel.php(1085): CodeIgniter\Model->countAllResults(false)
#6 C:\xampp\htdocs\isceeradmin\app\Controllers\Admin.php(325): CodeIgniter\BaseModel->paginate(10, 'revised_paper')
#7 C:\xampp\htdocs\isceeradmin\system\CodeIgniter.php(904): App\Controllers\Admin->revised_paper()
#8 C:\xampp\htdocs\isceeradmin\system\CodeIgniter.php(457): CodeIgniter\CodeIgniter->runController(Object(App\Controllers\Admin))
#9 C:\xampp\htdocs\isceeradmin\system\CodeIgniter.php(340): CodeIgniter\CodeIgniter->handleRequest(NULL, Object(Config\Cache), false)
#10 C:\xampp\htdocs\isceeradmin\public\index.php(67): CodeIgniter\CodeIgniter->run()
#11 C:\xampp\htdocs\isceeradmin\system\Commands\Server\rewrite.php(43): require_once('C:\\xampp\\htdocs...')
#12 {main}
CRITICAL - 2022-09-22 02:31:44 --> Unknown column 'full_paper.abs_id' in 'on clause'
in SYSTEMPATH\Database\MySQLi\Connection.php on line 292.
 1 SYSTEMPATH\Database\MySQLi\Connection.php(292): mysqli->query('SELECT COUNT(*) AS `numrows`
FROM `revised_paper`
JOIN `abstrak` ON `full_paper`.`abs_id`=`abstrak`.`abs_id`
JOIN `review` as `m` ON `abstrak`.`abs_id`=`m`.`abs_id`
JOIN `reviewer` as `n` ON `n`.`id`=`m`.`id_reviewer`
WHERE `decision_revised` = \'accepted\'
AND YEAR(`created_revised`) = \'2022\'', 0)
 2 SYSTEMPATH\Database\BaseConnection.php(693): CodeIgniter\Database\MySQLi\Connection->execute('SELECT COUNT(*) AS `numrows`
FROM `revised_paper`
JOIN `abstrak` ON `full_paper`.`abs_id`=`abstrak`.`abs_id`
JOIN `review` as `m` ON `abstrak`.`abs_id`=`m`.`abs_id`
JOIN `reviewer` as `n` ON `n`.`id`=`m`.`id_reviewer`
WHERE `decision_revised` = \'accepted\'
AND YEAR(`created_revised`) = \'2022\'')
 3 SYSTEMPATH\Database\BaseConnection.php(620): CodeIgniter\Database\BaseConnection->simpleQuery('SELECT COUNT(*) AS `numrows`
FROM `revised_paper`
JOIN `abstrak` ON `full_paper`.`abs_id`=`abstrak`.`abs_id`
JOIN `review` as `m` ON `abstrak`.`abs_id`=`m`.`abs_id`
JOIN `reviewer` as `n` ON `n`.`id`=`m`.`id_reviewer`
WHERE `decision_revised` = \'accepted\'
AND YEAR(`created_revised`) = \'2022\'')
 4 SYSTEMPATH\Database\BaseBuilder.php(1669): CodeIgniter\Database\BaseConnection->query('SELECT COUNT(*) AS `numrows`
FROM `revised_paper`
JOIN `abstrak` ON `full_paper`.`abs_id`=`abstrak`.`abs_id`
JOIN `review` as `m` ON `abstrak`.`abs_id`=`m`.`abs_id`
JOIN `reviewer` as `n` ON `n`.`id`=`m`.`id_reviewer`
WHERE `decision_revised` = :decision_revised:
AND YEAR(`created_revised`) = :YEAR(`created_revised`):', [...], false)
 5 SYSTEMPATH\Model.php(550): CodeIgniter\Database\BaseBuilder->countAllResults(false)
 6 SYSTEMPATH\BaseModel.php(1085): CodeIgniter\Model->countAllResults(false)
 7 APPPATH\Controllers\Admin.php(325): CodeIgniter\BaseModel->paginate(10, 'revised_paper')
 8 SYSTEMPATH\CodeIgniter.php(904): App\Controllers\Admin->revised_paper()
 9 SYSTEMPATH\CodeIgniter.php(457): CodeIgniter\CodeIgniter->runController(Object(App\Controllers\Admin))
10 SYSTEMPATH\CodeIgniter.php(340): CodeIgniter\CodeIgniter->handleRequest(null, Object(Config\Cache), false)
11 FCPATH\index.php(67): CodeIgniter\CodeIgniter->run()
12 SYSTEMPATH\Commands\Server\rewrite.php(43): require_once('FCPATH\\index.php')
ERROR - 2022-09-22 02:32:22 --> mysqli_sql_exception: Unknown column 'created_at' in 'field list' in C:\xampp\htdocs\isceeradmin\system\Database\MySQLi\Connection.php:292
Stack trace:
#0 C:\xampp\htdocs\isceeradmin\system\Database\MySQLi\Connection.php(292): mysqli->query('SELECT `abstrak...', 0)
#1 C:\xampp\htdocs\isceeradmin\system\Database\BaseConnection.php(693): CodeIgniter\Database\MySQLi\Connection->execute('SELECT `abstrak...')
#2 C:\xampp\htdocs\isceeradmin\system\Database\BaseConnection.php(620): CodeIgniter\Database\BaseConnection->simpleQuery('SELECT `abstrak...')
#3 C:\xampp\htdocs\isceeradmin\system\Database\BaseBuilder.php(1585): CodeIgniter\Database\BaseConnection->query('SELECT `abstrak...', Array, false)
#4 C:\xampp\htdocs\isceeradmin\system\Model.php(222): CodeIgniter\Database\BaseBuilder->get()
#5 C:\xampp\htdocs\isceeradmin\system\BaseModel.php(584): CodeIgniter\Model->doFindAll(10, 0)
#6 C:\xampp\htdocs\isceeradmin\system\BaseModel.php(1089): CodeIgniter\BaseModel->findAll(10, 0)
#7 C:\xampp\htdocs\isceeradmin\app\Controllers\Admin.php(325): CodeIgniter\BaseModel->paginate(10, 'revised_paper')
#8 C:\xampp\htdocs\isceeradmin\system\CodeIgniter.php(904): App\Controllers\Admin->revised_paper()
#9 C:\xampp\htdocs\isceeradmin\system\CodeIgniter.php(457): CodeIgniter\CodeIgniter->runController(Object(App\Controllers\Admin))
#10 C:\xampp\htdocs\isceeradmin\system\CodeIgniter.php(340): CodeIgniter\CodeIgniter->handleRequest(NULL, Object(Config\Cache), false)
#11 C:\xampp\htdocs\isceeradmin\public\index.php(67): CodeIgniter\CodeIgniter->run()
#12 C:\xampp\htdocs\isceeradmin\system\Commands\Server\rewrite.php(43): require_once('C:\\xampp\\htdocs...')
#13 {main}
CRITICAL - 2022-09-22 02:32:22 --> Unknown column 'created_at' in 'field list'
in SYSTEMPATH\Database\MySQLi\Connection.php on line 292.
 1 SYSTEMPATH\Database\MySQLi\Connection.php(292): mysqli->query('SELECT `abstrak`.`abs_id`, `penulis`, `judul`, `abstrak`, `afiliasi`, `decision_revised`, `keyword`, `created_at`, `last_update`, `file_rp`, `file_review`
FROM `revised_paper`
JOIN `abstrak` ON `revised_paper`.`abs_id`=`abstrak`.`abs_id`
JOIN `review` as `m` ON `abstrak`.`abs_id`=`m`.`abs_id`
JOIN `reviewer` as `n` ON `n`.`id`=`m`.`id_reviewer`
WHERE `decision_revised` = \'accepted\'
AND YEAR(`created_revised`) = \'2022\'
ORDER BY `abstrak`.`abs_id` ASC
 LIMIT 10', 0)
 2 SYSTEMPATH\Database\BaseConnection.php(693): CodeIgniter\Database\MySQLi\Connection->execute('SELECT `abstrak`.`abs_id`, `penulis`, `judul`, `abstrak`, `afiliasi`, `decision_revised`, `keyword`, `created_at`, `last_update`, `file_rp`, `file_review`
FROM `revised_paper`
JOIN `abstrak` ON `revised_paper`.`abs_id`=`abstrak`.`abs_id`
JOIN `review` as `m` ON `abstrak`.`abs_id`=`m`.`abs_id`
JOIN `reviewer` as `n` ON `n`.`id`=`m`.`id_reviewer`
WHERE `decision_revised` = \'accepted\'
AND YEAR(`created_revised`) = \'2022\'
ORDER BY `abstrak`.`abs_id` ASC
 LIMIT 10')
 3 SYSTEMPATH\Database\BaseConnection.php(620): CodeIgniter\Database\BaseConnection->simpleQuery('SELECT `abstrak`.`abs_id`, `penulis`, `judul`, `abstrak`, `afiliasi`, `decision_revised`, `keyword`, `created_at`, `last_update`, `file_rp`, `file_review`
FROM `revised_paper`
JOIN `abstrak` ON `revised_paper`.`abs_id`=`abstrak`.`abs_id`
JOIN `review` as `m` ON `abstrak`.`abs_id`=`m`.`abs_id`
JOIN `reviewer` as `n` ON `n`.`id`=`m`.`id_reviewer`
WHERE `decision_revised` = \'accepted\'
AND YEAR(`created_revised`) = \'2022\'
ORDER BY `abstrak`.`abs_id` ASC
 LIMIT 10')
 4 SYSTEMPATH\Database\BaseBuilder.php(1585): CodeIgniter\Database\BaseConnection->query('SELECT `abstrak`.`abs_id`, `penulis`, `judul`, `abstrak`, `afiliasi`, `decision_revised`, `keyword`, `created_at`, `last_update`, `file_rp`, `file_review`
FROM `revised_paper`
JOIN `abstrak` ON `revised_paper`.`abs_id`=`abstrak`.`abs_id`
JOIN `review` as `m` ON `abstrak`.`abs_id`=`m`.`abs_id`
JOIN `reviewer` as `n` ON `n`.`id`=`m`.`id_reviewer`
WHERE `decision_revised` = :decision_revised:
AND YEAR(`created_revised`) = :YEAR(`created_revised`):
ORDER BY `abstrak`.`abs_id` ASC
 LIMIT 10', [...], false)
 5 SYSTEMPATH\Model.php(222): CodeIgniter\Database\BaseBuilder->get()
 6 SYSTEMPATH\BaseModel.php(584): CodeIgniter\Model->doFindAll(10, 0)
 7 SYSTEMPATH\BaseModel.php(1089): CodeIgniter\BaseModel->findAll(10, 0)
 8 APPPATH\Controllers\Admin.php(325): CodeIgniter\BaseModel->paginate(10, 'revised_paper')
 9 SYSTEMPATH\CodeIgniter.php(904): App\Controllers\Admin->revised_paper()
10 SYSTEMPATH\CodeIgniter.php(457): CodeIgniter\CodeIgniter->runController(Object(App\Controllers\Admin))
11 SYSTEMPATH\CodeIgniter.php(340): CodeIgniter\CodeIgniter->handleRequest(null, Object(Config\Cache), false)
12 FCPATH\index.php(67): CodeIgniter\CodeIgniter->run()
13 SYSTEMPATH\Commands\Server\rewrite.php(43): require_once('FCPATH\\index.php')
ERROR - 2022-09-22 02:32:35 --> mysqli_sql_exception: Unknown column 'last_update' in 'field list' in C:\xampp\htdocs\isceeradmin\system\Database\MySQLi\Connection.php:292
Stack trace:
#0 C:\xampp\htdocs\isceeradmin\system\Database\MySQLi\Connection.php(292): mysqli->query('SELECT `abstrak...', 0)
#1 C:\xampp\htdocs\isceeradmin\system\Database\BaseConnection.php(693): CodeIgniter\Database\MySQLi\Connection->execute('SELECT `abstrak...')
#2 C:\xampp\htdocs\isceeradmin\system\Database\BaseConnection.php(620): CodeIgniter\Database\BaseConnection->simpleQuery('SELECT `abstrak...')
#3 C:\xampp\htdocs\isceeradmin\system\Database\BaseBuilder.php(1585): CodeIgniter\Database\BaseConnection->query('SELECT `abstrak...', Array, false)
#4 C:\xampp\htdocs\isceeradmin\system\Model.php(222): CodeIgniter\Database\BaseBuilder->get()
#5 C:\xampp\htdocs\isceeradmin\system\BaseModel.php(584): CodeIgniter\Model->doFindAll(10, 0)
#6 C:\xampp\htdocs\isceeradmin\system\BaseModel.php(1089): CodeIgniter\BaseModel->findAll(10, 0)
#7 C:\xampp\htdocs\isceeradmin\app\Controllers\Admin.php(325): CodeIgniter\BaseModel->paginate(10, 'revised_paper')
#8 C:\xampp\htdocs\isceeradmin\system\CodeIgniter.php(904): App\Controllers\Admin->revised_paper()
#9 C:\xampp\htdocs\isceeradmin\system\CodeIgniter.php(457): CodeIgniter\CodeIgniter->runController(Object(App\Controllers\Admin))
#10 C:\xampp\htdocs\isceeradmin\system\CodeIgniter.php(340): CodeIgniter\CodeIgniter->handleRequest(NULL, Object(Config\Cache), false)
#11 C:\xampp\htdocs\isceeradmin\public\index.php(67): CodeIgniter\CodeIgniter->run()
#12 C:\xampp\htdocs\isceeradmin\system\Commands\Server\rewrite.php(43): require_once('C:\\xampp\\htdocs...')
#13 {main}
CRITICAL - 2022-09-22 02:32:35 --> Unknown column 'last_update' in 'field list'
in SYSTEMPATH\Database\MySQLi\Connection.php on line 292.
 1 SYSTEMPATH\Database\MySQLi\Connection.php(292): mysqli->query('SELECT `abstrak`.`abs_id`, `penulis`, `judul`, `abstrak`, `afiliasi`, `decision_revised`, `keyword`, `created_revised`, `last_update`, `file_rp`, `file_review`
FROM `revised_paper`
JOIN `abstrak` ON `revised_paper`.`abs_id`=`abstrak`.`abs_id`
JOIN `review` as `m` ON `abstrak`.`abs_id`=`m`.`abs_id`
JOIN `reviewer` as `n` ON `n`.`id`=`m`.`id_reviewer`
WHERE `decision_revised` = \'accepted\'
AND YEAR(`created_revised`) = \'2022\'
ORDER BY `abstrak`.`abs_id` ASC
 LIMIT 10', 0)
 2 SYSTEMPATH\Database\BaseConnection.php(693): CodeIgniter\Database\MySQLi\Connection->execute('SELECT `abstrak`.`abs_id`, `penulis`, `judul`, `abstrak`, `afiliasi`, `decision_revised`, `keyword`, `created_revised`, `last_update`, `file_rp`, `file_review`
FROM `revised_paper`
JOIN `abstrak` ON `revised_paper`.`abs_id`=`abstrak`.`abs_id`
JOIN `review` as `m` ON `abstrak`.`abs_id`=`m`.`abs_id`
JOIN `reviewer` as `n` ON `n`.`id`=`m`.`id_reviewer`
WHERE `decision_revised` = \'accepted\'
AND YEAR(`created_revised`) = \'2022\'
ORDER BY `abstrak`.`abs_id` ASC
 LIMIT 10')
 3 SYSTEMPATH\Database\BaseConnection.php(620): CodeIgniter\Database\BaseConnection->simpleQuery('SELECT `abstrak`.`abs_id`, `penulis`, `judul`, `abstrak`, `afiliasi`, `decision_revised`, `keyword`, `created_revised`, `last_update`, `file_rp`, `file_review`
FROM `revised_paper`
JOIN `abstrak` ON `revised_paper`.`abs_id`=`abstrak`.`abs_id`
JOIN `review` as `m` ON `abstrak`.`abs_id`=`m`.`abs_id`
JOIN `reviewer` as `n` ON `n`.`id`=`m`.`id_reviewer`
WHERE `decision_revised` = \'accepted\'
AND YEAR(`created_revised`) = \'2022\'
ORDER BY `abstrak`.`abs_id` ASC
 LIMIT 10')
 4 SYSTEMPATH\Database\BaseBuilder.php(1585): CodeIgniter\Database\BaseConnection->query('SELECT `abstrak`.`abs_id`, `penulis`, `judul`, `abstrak`, `afiliasi`, `decision_revised`, `keyword`, `created_revised`, `last_update`, `file_rp`, `file_review`
FROM `revised_paper`
JOIN `abstrak` ON `revised_paper`.`abs_id`=`abstrak`.`abs_id`
JOIN `review` as `m` ON `abstrak`.`abs_id`=`m`.`abs_id`
JOIN `reviewer` as `n` ON `n`.`id`=`m`.`id_reviewer`
WHERE `decision_revised` = :decision_revised:
AND YEAR(`created_revised`) = :YEAR(`created_revised`):
ORDER BY `abstrak`.`abs_id` ASC
 LIMIT 10', [...], false)
 5 SYSTEMPATH\Model.php(222): CodeIgniter\Database\BaseBuilder->get()
 6 SYSTEMPATH\BaseModel.php(584): CodeIgniter\Model->doFindAll(10, 0)
 7 SYSTEMPATH\BaseModel.php(1089): CodeIgniter\BaseModel->findAll(10, 0)
 8 APPPATH\Controllers\Admin.php(325): CodeIgniter\BaseModel->paginate(10, 'revised_paper')
 9 SYSTEMPATH\CodeIgniter.php(904): App\Controllers\Admin->revised_paper()
10 SYSTEMPATH\CodeIgniter.php(457): CodeIgniter\CodeIgniter->runController(Object(App\Controllers\Admin))
11 SYSTEMPATH\CodeIgniter.php(340): CodeIgniter\CodeIgniter->handleRequest(null, Object(Config\Cache), false)
12 FCPATH\index.php(67): CodeIgniter\CodeIgniter->run()
13 SYSTEMPATH\Commands\Server\rewrite.php(43): require_once('FCPATH\\index.php')
CRITICAL - 2022-09-22 02:32:48 --> Undefined array key "decision"
in APPPATH\Views\admin\revised_paper.php on line 67.
 1 APPPATH\Views\admin\revised_paper.php(67): CodeIgniter\Debug\Exceptions->errorHandler(2, 'Undefined array key "decision"', 'APPPATH\\Views\\admin\\revised_paper.php', 67)
 2 SYSTEMPATH\View\View.php(213): include('APPPATH\\Views\\admin\\revised_paper.php')
 3 SYSTEMPATH\View\View.php(216): CodeIgniter\View\View->CodeIgniter\View\{closure}()
 4 SYSTEMPATH\Common.php(1137): CodeIgniter\View\View->render('admin/revised_paper', [], true)
 5 APPPATH\Controllers\Admin.php(344): view('admin/revised_paper', [...])
 6 SYSTEMPATH\CodeIgniter.php(904): App\Controllers\Admin->revised_paper()
 7 SYSTEMPATH\CodeIgniter.php(457): CodeIgniter\CodeIgniter->runController(Object(App\Controllers\Admin))
 8 SYSTEMPATH\CodeIgniter.php(340): CodeIgniter\CodeIgniter->handleRequest(null, Object(Config\Cache), false)
 9 FCPATH\index.php(67): CodeIgniter\CodeIgniter->run()
10 SYSTEMPATH\Commands\Server\rewrite.php(43): require_once('FCPATH\\index.php')
CRITICAL - 2022-09-22 02:37:09 --> Undefined array key "file_fp"
in APPPATH\Views\admin\revised_paper.php on line 101.
 1 APPPATH\Views\admin\revised_paper.php(101): CodeIgniter\Debug\Exceptions->errorHandler(2, 'Undefined array key "file_fp"', 'APPPATH\\Views\\admin\\revised_paper.php', 101)
 2 SYSTEMPATH\View\View.php(213): include('APPPATH\\Views\\admin\\revised_paper.php')
 3 SYSTEMPATH\View\View.php(216): CodeIgniter\View\View->CodeIgniter\View\{closure}()
 4 SYSTEMPATH\Common.php(1137): CodeIgniter\View\View->render('admin/revised_paper', [], true)
 5 APPPATH\Controllers\Admin.php(344): view('admin/revised_paper', [...])
 6 SYSTEMPATH\CodeIgniter.php(904): App\Controllers\Admin->revised_paper()
 7 SYSTEMPATH\CodeIgniter.php(457): CodeIgniter\CodeIgniter->runController(Object(App\Controllers\Admin))
 8 SYSTEMPATH\CodeIgniter.php(340): CodeIgniter\CodeIgniter->handleRequest(null, Object(Config\Cache), false)
 9 FCPATH\index.php(67): CodeIgniter\CodeIgniter->run()
10 SYSTEMPATH\Commands\Server\rewrite.php(43): require_once('FCPATH\\index.php')
CRITICAL - 2022-09-22 02:39:32 --> Undefined array key "created_at"
in APPPATH\Views\admin\revised_paper.php on line 107.
 1 APPPATH\Views\admin\revised_paper.php(107): CodeIgniter\Debug\Exceptions->errorHandler(2, 'Undefined array key "created_at"', 'APPPATH\\Views\\admin\\revised_paper.php', 107)
 2 SYSTEMPATH\View\View.php(213): include('APPPATH\\Views\\admin\\revised_paper.php')
 3 SYSTEMPATH\View\View.php(216): CodeIgniter\View\View->CodeIgniter\View\{closure}()
 4 SYSTEMPATH\Common.php(1137): CodeIgniter\View\View->render('admin/revised_paper', [], true)
 5 APPPATH\Controllers\Admin.php(344): view('admin/revised_paper', [...])
 6 SYSTEMPATH\CodeIgniter.php(904): App\Controllers\Admin->revised_paper()
 7 SYSTEMPATH\CodeIgniter.php(457): CodeIgniter\CodeIgniter->runController(Object(App\Controllers\Admin))
 8 SYSTEMPATH\CodeIgniter.php(340): CodeIgniter\CodeIgniter->handleRequest(null, Object(Config\Cache), false)
 9 FCPATH\index.php(67): CodeIgniter\CodeIgniter->run()
10 SYSTEMPATH\Commands\Server\rewrite.php(43): require_once('FCPATH\\index.php')
CRITICAL - 2022-09-22 20:37:05 --> syntax error, unexpected token ";"
in APPPATH\Views\admin\full_paper.php on line 103.
 1 SYSTEMPATH\View\View.php(216): CodeIgniter\View\View->CodeIgniter\View\{closure}()
 2 SYSTEMPATH\Common.php(1137): CodeIgniter\View\View->render('admin/full_paper', [], true)
 3 APPPATH\Controllers\Admin.php(265): view('admin/full_paper', [...])
 4 SYSTEMPATH\CodeIgniter.php(904): App\Controllers\Admin->full_paper()
 5 SYSTEMPATH\CodeIgniter.php(457): CodeIgniter\CodeIgniter->runController(Object(App\Controllers\Admin))
 6 SYSTEMPATH\CodeIgniter.php(340): CodeIgniter\CodeIgniter->handleRequest(null, Object(Config\Cache), false)
 7 FCPATH\index.php(67): CodeIgniter\CodeIgniter->run()
 8 SYSTEMPATH\Commands\Server\rewrite.php(43): require_once('FCPATH\\index.php')
CRITICAL - 2022-09-22 21:53:30 --> Undefined variable $i
in APPPATH\Views\admin\full_paper.php on line 55.
 1 APPPATH\Views\admin\full_paper.php(55): CodeIgniter\Debug\Exceptions->errorHandler(2, 'Undefined variable $i', 'APPPATH\\Views\\admin\\full_paper.php', 55)
 2 SYSTEMPATH\View\View.php(213): include('APPPATH\\Views\\admin\\full_paper.php')
 3 SYSTEMPATH\View\View.php(216): CodeIgniter\View\View->CodeIgniter\View\{closure}()
 4 SYSTEMPATH\Common.php(1137): CodeIgniter\View\View->render('admin/full_paper', [], true)
 5 APPPATH\Controllers\Admin.php(265): view('admin/full_paper', [...])
 6 SYSTEMPATH\CodeIgniter.php(904): App\Controllers\Admin->full_paper()
 7 SYSTEMPATH\CodeIgniter.php(457): CodeIgniter\CodeIgniter->runController(Object(App\Controllers\Admin))
 8 SYSTEMPATH\CodeIgniter.php(340): CodeIgniter\CodeIgniter->handleRequest(null, Object(Config\Cache), false)
 9 FCPATH\index.php(67): CodeIgniter\CodeIgniter->run()
10 SYSTEMPATH\Commands\Server\rewrite.php(43): require_once('FCPATH\\index.php')
CRITICAL - 2022-09-22 21:56:48 --> Undefined array key "nama_reviewer"
in APPPATH\Views\admin\full_paper.php on line 183.
 1 APPPATH\Views\admin\full_paper.php(183): CodeIgniter\Debug\Exceptions->errorHandler(2, 'Undefined array key "nama_reviewer"', 'APPPATH\\Views\\admin\\full_paper.php', 183)
 2 SYSTEMPATH\View\View.php(213): include('APPPATH\\Views\\admin\\full_paper.php')
 3 SYSTEMPATH\View\View.php(216): CodeIgniter\View\View->CodeIgniter\View\{closure}()
 4 SYSTEMPATH\Common.php(1137): CodeIgniter\View\View->render('admin/full_paper', [], true)
 5 APPPATH\Controllers\Admin.php(265): view('admin/full_paper', [...])
 6 SYSTEMPATH\CodeIgniter.php(904): App\Controllers\Admin->full_paper()
 7 SYSTEMPATH\CodeIgniter.php(457): CodeIgniter\CodeIgniter->runController(Object(App\Controllers\Admin))
 8 SYSTEMPATH\CodeIgniter.php(340): CodeIgniter\CodeIgniter->handleRequest(null, Object(Config\Cache), false)
 9 FCPATH\index.php(67): CodeIgniter\CodeIgniter->run()
10 SYSTEMPATH\Commands\Server\rewrite.php(43): require_once('FCPATH\\index.php')
ERROR - 2022-09-22 21:57:47 --> mysqli_sql_exception: Unknown column 'nama_reviewer' in 'field list' in C:\xampp\htdocs\isceeradmin\system\Database\MySQLi\Connection.php:292
Stack trace:
#0 C:\xampp\htdocs\isceeradmin\system\Database\MySQLi\Connection.php(292): mysqli->query('SELECT `abstrak...', 0)
#1 C:\xampp\htdocs\isceeradmin\system\Database\BaseConnection.php(693): CodeIgniter\Database\MySQLi\Connection->execute('SELECT `abstrak...')
#2 C:\xampp\htdocs\isceeradmin\system\Database\BaseConnection.php(620): CodeIgniter\Database\BaseConnection->simpleQuery('SELECT `abstrak...')
#3 C:\xampp\htdocs\isceeradmin\system\Database\BaseBuilder.php(1585): CodeIgniter\Database\BaseConnection->query('SELECT `abstrak...', Array, false)
#4 C:\xampp\htdocs\isceeradmin\system\Model.php(222): CodeIgniter\Database\BaseBuilder->get()
#5 C:\xampp\htdocs\isceeradmin\system\BaseModel.php(584): CodeIgniter\Model->doFindAll(10, 0)
#6 C:\xampp\htdocs\isceeradmin\system\BaseModel.php(1089): CodeIgniter\BaseModel->findAll(10, 0)
#7 C:\xampp\htdocs\isceeradmin\app\Controllers\Admin.php(246): CodeIgniter\BaseModel->paginate(10, 'abstrak')
#8 C:\xampp\htdocs\isceeradmin\system\CodeIgniter.php(904): App\Controllers\Admin->full_paper()
#9 C:\xampp\htdocs\isceeradmin\system\CodeIgniter.php(457): CodeIgniter\CodeIgniter->runController(Object(App\Controllers\Admin))
#10 C:\xampp\htdocs\isceeradmin\system\CodeIgniter.php(340): CodeIgniter\CodeIgniter->handleRequest(NULL, Object(Config\Cache), false)
#11 C:\xampp\htdocs\isceeradmin\public\index.php(67): CodeIgniter\CodeIgniter->run()
#12 C:\xampp\htdocs\isceeradmin\system\Commands\Server\rewrite.php(43): require_once('C:\\xampp\\htdocs...')
#13 {main}
CRITICAL - 2022-09-22 21:57:47 --> Unknown column 'nama_reviewer' in 'field list'
in SYSTEMPATH\Database\MySQLi\Connection.php on line 292.
 1 SYSTEMPATH\Database\MySQLi\Connection.php(292): mysqli->query('SELECT `abstrak`.`abs_id`, `penulis`, `judul`, `abstrak`, `afiliasi`, `decision`, `keyword`, `nama_reviewer`, `created_at`, `last_update`, `file_fp`
FROM `full_paper`
JOIN `abstrak` ON `full_paper`.`abs_id`=`abstrak`.`abs_id`
WHERE `decision` = \'accept\'
AND YEAR(`created_at`) = \'2022\'
ORDER BY `abstrak`.`abs_id` ASC
 LIMIT 10', 0)
 2 SYSTEMPATH\Database\BaseConnection.php(693): CodeIgniter\Database\MySQLi\Connection->execute('SELECT `abstrak`.`abs_id`, `penulis`, `judul`, `abstrak`, `afiliasi`, `decision`, `keyword`, `nama_reviewer`, `created_at`, `last_update`, `file_fp`
FROM `full_paper`
JOIN `abstrak` ON `full_paper`.`abs_id`=`abstrak`.`abs_id`
WHERE `decision` = \'accept\'
AND YEAR(`created_at`) = \'2022\'
ORDER BY `abstrak`.`abs_id` ASC
 LIMIT 10')
 3 SYSTEMPATH\Database\BaseConnection.php(620): CodeIgniter\Database\BaseConnection->simpleQuery('SELECT `abstrak`.`abs_id`, `penulis`, `judul`, `abstrak`, `afiliasi`, `decision`, `keyword`, `nama_reviewer`, `created_at`, `last_update`, `file_fp`
FROM `full_paper`
JOIN `abstrak` ON `full_paper`.`abs_id`=`abstrak`.`abs_id`
WHERE `decision` = \'accept\'
AND YEAR(`created_at`) = \'2022\'
ORDER BY `abstrak`.`abs_id` ASC
 LIMIT 10')
 4 SYSTEMPATH\Database\BaseBuilder.php(1585): CodeIgniter\Database\BaseConnection->query('SELECT `abstrak`.`abs_id`, `penulis`, `judul`, `abstrak`, `afiliasi`, `decision`, `keyword`, `nama_reviewer`, `created_at`, `last_update`, `file_fp`
FROM `full_paper`
JOIN `abstrak` ON `full_paper`.`abs_id`=`abstrak`.`abs_id`
WHERE `decision` = :decision:
AND YEAR(`created_at`) = :YEAR(`created_at`):
ORDER BY `abstrak`.`abs_id` ASC
 LIMIT 10', [...], false)
 5 SYSTEMPATH\Model.php(222): CodeIgniter\Database\BaseBuilder->get()
 6 SYSTEMPATH\BaseModel.php(584): CodeIgniter\Model->doFindAll(10, 0)
 7 SYSTEMPATH\BaseModel.php(1089): CodeIgniter\BaseModel->findAll(10, 0)
 8 APPPATH\Controllers\Admin.php(246): CodeIgniter\BaseModel->paginate(10, 'abstrak')
 9 SYSTEMPATH\CodeIgniter.php(904): App\Controllers\Admin->full_paper()
10 SYSTEMPATH\CodeIgniter.php(457): CodeIgniter\CodeIgniter->runController(Object(App\Controllers\Admin))
11 SYSTEMPATH\CodeIgniter.php(340): CodeIgniter\CodeIgniter->handleRequest(null, Object(Config\Cache), false)
12 FCPATH\index.php(67): CodeIgniter\CodeIgniter->run()
13 SYSTEMPATH\Commands\Server\rewrite.php(43): require_once('FCPATH\\index.php')
