ERROR - 2022-09-05 01:58:48 --> mysqli_sql_exception: Unknown column 'full_paper.abs_id' in 'field list' in C:\xampp\htdocs\isceeradmin\system\Database\MySQLi\Connection.php:292
Stack trace:
#0 C:\xampp\htdocs\isceeradmin\system\Database\MySQLi\Connection.php(292): mysqli->query('SELECT `abstrak...', 0)
#1 C:\xampp\htdocs\isceeradmin\system\Database\BaseConnection.php(693): CodeIgniter\Database\MySQLi\Connection->execute('SELECT `abstrak...')
#2 C:\xampp\htdocs\isceeradmin\system\Database\BaseConnection.php(620): CodeIgniter\Database\BaseConnection->simpleQuery('SELECT `abstrak...')
#3 C:\xampp\htdocs\isceeradmin\system\Database\BaseBuilder.php(1585): CodeIgniter\Database\BaseConnection->query('SELECT `abstrak...', Array, false)
#4 C:\xampp\htdocs\isceeradmin\system\Model.php(771): CodeIgniter\Database\BaseBuilder->get()
#5 C:\xampp\htdocs\isceeradmin\app\Controllers\User.php(47): CodeIgniter\Model->__call('get', Array)
#6 C:\xampp\htdocs\isceeradmin\system\CodeIgniter.php(904): App\Controllers\User->index()
#7 C:\xampp\htdocs\isceeradmin\system\CodeIgniter.php(457): CodeIgniter\CodeIgniter->runController(Object(App\Controllers\User))
#8 C:\xampp\htdocs\isceeradmin\system\CodeIgniter.php(340): CodeIgniter\CodeIgniter->handleRequest(NULL, Object(Config\Cache), false)
#9 C:\xampp\htdocs\isceeradmin\public\index.php(67): CodeIgniter\CodeIgniter->run()
#10 C:\xampp\htdocs\isceeradmin\system\Commands\Server\rewrite.php(43): require_once('C:\\xampp\\htdocs...')
#11 {main}
CRITICAL - 2022-09-05 01:58:48 --> Unknown column 'full_paper.abs_id' in 'field list'
in SYSTEMPATH\Database\MySQLi\Connection.php on line 292.
 1 SYSTEMPATH\Database\MySQLi\Connection.php(292): mysqli->query('SELECT `abstrak`.`abs_id`, `judul`, `penulis`, `afiliasi`, `abstrak`.`id_scope`, `scope`, `keyword`, `abstrak`, `presenter`, `type`, `user`.`id_user`, `nama`, `abstrak`.`status`, `submit_date`, `uniqid`, `full_paper`.`abs_id`, `file_fp`, `update_date`
FROM `abstrak`
JOIN `scope` ON `scope`.`id_scope`=`abstrak`.`id_scope`
JOIN `user` ON `user`.`id_user`=`abstrak`.`id_user`
WHERE `abstrak`.`id_user` = \'16\'', 0)
 2 SYSTEMPATH\Database\BaseConnection.php(693): CodeIgniter\Database\MySQLi\Connection->execute('SELECT `abstrak`.`abs_id`, `judul`, `penulis`, `afiliasi`, `abstrak`.`id_scope`, `scope`, `keyword`, `abstrak`, `presenter`, `type`, `user`.`id_user`, `nama`, `abstrak`.`status`, `submit_date`, `uniqid`, `full_paper`.`abs_id`, `file_fp`, `update_date`
FROM `abstrak`
JOIN `scope` ON `scope`.`id_scope`=`abstrak`.`id_scope`
JOIN `user` ON `user`.`id_user`=`abstrak`.`id_user`
WHERE `abstrak`.`id_user` = \'16\'')
 3 SYSTEMPATH\Database\BaseConnection.php(620): CodeIgniter\Database\BaseConnection->simpleQuery('SELECT `abstrak`.`abs_id`, `judul`, `penulis`, `afiliasi`, `abstrak`.`id_scope`, `scope`, `keyword`, `abstrak`, `presenter`, `type`, `user`.`id_user`, `nama`, `abstrak`.`status`, `submit_date`, `uniqid`, `full_paper`.`abs_id`, `file_fp`, `update_date`
FROM `abstrak`
JOIN `scope` ON `scope`.`id_scope`=`abstrak`.`id_scope`
JOIN `user` ON `user`.`id_user`=`abstrak`.`id_user`
WHERE `abstrak`.`id_user` = \'16\'')
 4 SYSTEMPATH\Database\BaseBuilder.php(1585): CodeIgniter\Database\BaseConnection->query('SELECT `abstrak`.`abs_id`, `judul`, `penulis`, `afiliasi`, `abstrak`.`id_scope`, `scope`, `keyword`, `abstrak`, `presenter`, `type`, `user`.`id_user`, `nama`, `abstrak`.`status`, `submit_date`, `uniqid`, `full_paper`.`abs_id`, `file_fp`, `update_date`
FROM `abstrak`
JOIN `scope` ON `scope`.`id_scope`=`abstrak`.`id_scope`
JOIN `user` ON `user`.`id_user`=`abstrak`.`id_user`
WHERE `abstrak`.`id_user` = :abstrak.id_user:', [...], false)
 5 SYSTEMPATH\Model.php(771): CodeIgniter\Database\BaseBuilder->get()
 6 APPPATH\Controllers\User.php(47): CodeIgniter\Model->__call('get', [])
 7 SYSTEMPATH\CodeIgniter.php(904): App\Controllers\User->index()
 8 SYSTEMPATH\CodeIgniter.php(457): CodeIgniter\CodeIgniter->runController(Object(App\Controllers\User))
 9 SYSTEMPATH\CodeIgniter.php(340): CodeIgniter\CodeIgniter->handleRequest(null, Object(Config\Cache), false)
10 FCPATH\index.php(67): CodeIgniter\CodeIgniter->run()
11 SYSTEMPATH\Commands\Server\rewrite.php(43): require_once('FCPATH\\index.php')
CRITICAL - 2022-09-05 01:59:01 --> Undefined array key "file_fp"
in APPPATH\Views\user\index.php on line 137.
 1 APPPATH\Views\user\index.php(137): CodeIgniter\Debug\Exceptions->errorHandler(2, 'Undefined array key "file_fp"', 'APPPATH\\Views\\user\\index.php', 137)
 2 SYSTEMPATH\View\View.php(213): include('APPPATH\\Views\\user\\index.php')
 3 SYSTEMPATH\View\View.php(216): CodeIgniter\View\View->CodeIgniter\View\{closure}()
 4 SYSTEMPATH\Common.php(1137): CodeIgniter\View\View->render('user/index', [], true)
 5 APPPATH\Controllers\User.php(50): view('user/index', [...])
 6 SYSTEMPATH\CodeIgniter.php(904): App\Controllers\User->index()
 7 SYSTEMPATH\CodeIgniter.php(457): CodeIgniter\CodeIgniter->runController(Object(App\Controllers\User))
 8 SYSTEMPATH\CodeIgniter.php(340): CodeIgniter\CodeIgniter->handleRequest(null, Object(Config\Cache), false)
 9 FCPATH\index.php(67): CodeIgniter\CodeIgniter->run()
10 SYSTEMPATH\Commands\Server\rewrite.php(43): require_once('FCPATH\\index.php')
CRITICAL - 2022-09-05 02:05:27 --> Undefined array key "file_fp"
in APPPATH\Views\user\index.php on line 137.
 1 APPPATH\Views\user\index.php(137): CodeIgniter\Debug\Exceptions->errorHandler(2, 'Undefined array key "file_fp"', 'APPPATH\\Views\\user\\index.php', 137)
 2 SYSTEMPATH\View\View.php(213): include('APPPATH\\Views\\user\\index.php')
 3 SYSTEMPATH\View\View.php(216): CodeIgniter\View\View->CodeIgniter\View\{closure}()
 4 SYSTEMPATH\Common.php(1137): CodeIgniter\View\View->render('user/index', [], true)
 5 APPPATH\Controllers\User.php(51): view('user/index', [...])
 6 SYSTEMPATH\CodeIgniter.php(904): App\Controllers\User->index()
 7 SYSTEMPATH\CodeIgniter.php(457): CodeIgniter\CodeIgniter->runController(Object(App\Controllers\User))
 8 SYSTEMPATH\CodeIgniter.php(340): CodeIgniter\CodeIgniter->handleRequest(null, Object(Config\Cache), false)
 9 FCPATH\index.php(67): CodeIgniter\CodeIgniter->run()
10 SYSTEMPATH\Commands\Server\rewrite.php(43): require_once('FCPATH\\index.php')
CRITICAL - 2022-09-05 02:13:32 --> Undefined array key "abs_id"
in APPPATH\Controllers\User.php on line 54.
 1 APPPATH\Controllers\User.php(54): CodeIgniter\Debug\Exceptions->errorHandler(2, 'Undefined array key "abs_id"', 'APPPATH\\Controllers\\User.php', 54)
 2 SYSTEMPATH\CodeIgniter.php(904): App\Controllers\User->index()
 3 SYSTEMPATH\CodeIgniter.php(457): CodeIgniter\CodeIgniter->runController(Object(App\Controllers\User))
 4 SYSTEMPATH\CodeIgniter.php(340): CodeIgniter\CodeIgniter->handleRequest(null, Object(Config\Cache), false)
 5 FCPATH\index.php(67): CodeIgniter\CodeIgniter->run()
 6 SYSTEMPATH\Commands\Server\rewrite.php(43): require_once('FCPATH\\index.php')
CRITICAL - 2022-09-05 02:14:32 --> Undefined variable $fp
in APPPATH\Views\user\index.php on line 137.
 1 APPPATH\Views\user\index.php(137): CodeIgniter\Debug\Exceptions->errorHandler(2, 'Undefined variable $fp', 'APPPATH\\Views\\user\\index.php', 137)
 2 SYSTEMPATH\View\View.php(213): include('APPPATH\\Views\\user\\index.php')
 3 SYSTEMPATH\View\View.php(216): CodeIgniter\View\View->CodeIgniter\View\{closure}()
 4 SYSTEMPATH\Common.php(1137): CodeIgniter\View\View->render('user/index', [], true)
 5 APPPATH\Controllers\User.php(52): view('user/index', [...])
 6 SYSTEMPATH\CodeIgniter.php(904): App\Controllers\User->index()
 7 SYSTEMPATH\CodeIgniter.php(457): CodeIgniter\CodeIgniter->runController(Object(App\Controllers\User))
 8 SYSTEMPATH\CodeIgniter.php(340): CodeIgniter\CodeIgniter->handleRequest(null, Object(Config\Cache), false)
 9 FCPATH\index.php(67): CodeIgniter\CodeIgniter->run()
10 SYSTEMPATH\Commands\Server\rewrite.php(43): require_once('FCPATH\\index.php')
CRITICAL - 2022-09-05 02:15:32 --> Undefined variable $fp
in APPPATH\Views\user\index.php on line 137.
 1 APPPATH\Views\user\index.php(137): CodeIgniter\Debug\Exceptions->errorHandler(2, 'Undefined variable $fp', 'APPPATH\\Views\\user\\index.php', 137)
 2 SYSTEMPATH\View\View.php(213): include('APPPATH\\Views\\user\\index.php')
 3 SYSTEMPATH\View\View.php(216): CodeIgniter\View\View->CodeIgniter\View\{closure}()
 4 SYSTEMPATH\Common.php(1137): CodeIgniter\View\View->render('user/index', [], true)
 5 APPPATH\Controllers\User.php(52): view('user/index', [...])
 6 SYSTEMPATH\CodeIgniter.php(904): App\Controllers\User->index()
 7 SYSTEMPATH\CodeIgniter.php(457): CodeIgniter\CodeIgniter->runController(Object(App\Controllers\User))
 8 SYSTEMPATH\CodeIgniter.php(340): CodeIgniter\CodeIgniter->handleRequest(null, Object(Config\Cache), false)
 9 FCPATH\index.php(67): CodeIgniter\CodeIgniter->run()
10 SYSTEMPATH\Commands\Server\rewrite.php(43): require_once('FCPATH\\index.php')
CRITICAL - 2022-09-05 02:19:50 --> Undefined array key "abstrak.abs_id"
in APPPATH\Views\user\index.php on line 62.
 1 APPPATH\Views\user\index.php(62): CodeIgniter\Debug\Exceptions->errorHandler(2, 'Undefined array key "abstrak.abs_id"', 'APPPATH\\Views\\user\\index.php', 62)
 2 SYSTEMPATH\View\View.php(213): include('APPPATH\\Views\\user\\index.php')
 3 SYSTEMPATH\View\View.php(216): CodeIgniter\View\View->CodeIgniter\View\{closure}()
 4 SYSTEMPATH\Common.php(1137): CodeIgniter\View\View->render('user/index', [], true)
 5 APPPATH\Controllers\User.php(52): view('user/index', [...])
 6 SYSTEMPATH\CodeIgniter.php(904): App\Controllers\User->index()
 7 SYSTEMPATH\CodeIgniter.php(457): CodeIgniter\CodeIgniter->runController(Object(App\Controllers\User))
 8 SYSTEMPATH\CodeIgniter.php(340): CodeIgniter\CodeIgniter->handleRequest(null, Object(Config\Cache), false)
 9 FCPATH\index.php(67): CodeIgniter\CodeIgniter->run()
10 SYSTEMPATH\Commands\Server\rewrite.php(43): require_once('FCPATH\\index.php')
CRITICAL - 2022-09-05 02:35:40 --> Call to undefined method CodeIgniter\Database\MySQLi\Result::countAllResults()
in APPPATH\Controllers\User.php on line 48.
 1 SYSTEMPATH\CodeIgniter.php(904): App\Controllers\User->index()
 2 SYSTEMPATH\CodeIgniter.php(457): CodeIgniter\CodeIgniter->runController(Object(App\Controllers\User))
 3 SYSTEMPATH\CodeIgniter.php(340): CodeIgniter\CodeIgniter->handleRequest(null, Object(Config\Cache), false)
 4 FCPATH\index.php(67): CodeIgniter\CodeIgniter->run()
 5 SYSTEMPATH\Commands\Server\rewrite.php(43): require_once('FCPATH\\index.php')
ERROR - 2022-09-05 03:12:07 --> mysqli_sql_exception: Unknown column 'created_at' in 'field list' in C:\xampp\htdocs\isceeradmin\system\Database\MySQLi\Connection.php:292
Stack trace:
#0 C:\xampp\htdocs\isceeradmin\system\Database\MySQLi\Connection.php(292): mysqli->query('INSERT INTO `pa...', 0)
#1 C:\xampp\htdocs\isceeradmin\system\Database\BaseConnection.php(693): CodeIgniter\Database\MySQLi\Connection->execute('INSERT INTO `pa...')
#2 C:\xampp\htdocs\isceeradmin\system\Database\BaseConnection.php(620): CodeIgniter\Database\BaseConnection->simpleQuery('INSERT INTO `pa...')
#3 C:\xampp\htdocs\isceeradmin\system\Database\BaseBuilder.php(1916): CodeIgniter\Database\BaseConnection->query('INSERT INTO `pa...', Array, false)
#4 C:\xampp\htdocs\isceeradmin\system\Model.php(278): CodeIgniter\Database\BaseBuilder->insert()
#5 C:\xampp\htdocs\isceeradmin\system\BaseModel.php(738): CodeIgniter\Model->doInsert(Array)
#6 C:\xampp\htdocs\isceeradmin\system\Model.php(666): CodeIgniter\BaseModel->insert(Array, false)
#7 C:\xampp\htdocs\isceeradmin\system\BaseModel.php(658): CodeIgniter\Model->insert(Array, false)
#8 C:\xampp\htdocs\isceeradmin\app\Controllers\User.php(111): CodeIgniter\BaseModel->save(Array)
#9 C:\xampp\htdocs\isceeradmin\system\CodeIgniter.php(904): App\Controllers\User->tambah()
#10 C:\xampp\htdocs\isceeradmin\system\CodeIgniter.php(457): CodeIgniter\CodeIgniter->runController(Object(App\Controllers\User))
#11 C:\xampp\htdocs\isceeradmin\system\CodeIgniter.php(340): CodeIgniter\CodeIgniter->handleRequest(NULL, Object(Config\Cache), false)
#12 C:\xampp\htdocs\isceeradmin\public\index.php(67): CodeIgniter\CodeIgniter->run()
#13 C:\xampp\htdocs\isceeradmin\system\Commands\Server\rewrite.php(43): require_once('C:\\xampp\\htdocs...')
#14 {main}
CRITICAL - 2022-09-05 03:12:07 --> Unknown column 'created_at' in 'field list'
in SYSTEMPATH\Database\MySQLi\Connection.php on line 292.
 1 SYSTEMPATH\Database\MySQLi\Connection.php(292): mysqli->query('INSERT INTO `payment` (`abs_id`, `created_at`, `updated_at`) VALUES (\'ABS-3\', \'2022-09-05 03:12:07\', \'2022-09-05 03:12:07\')', 0)
 2 SYSTEMPATH\Database\BaseConnection.php(693): CodeIgniter\Database\MySQLi\Connection->execute('INSERT INTO `payment` (`abs_id`, `created_at`, `updated_at`) VALUES (\'ABS-3\', \'2022-09-05 03:12:07\', \'2022-09-05 03:12:07\')')
 3 SYSTEMPATH\Database\BaseConnection.php(620): CodeIgniter\Database\BaseConnection->simpleQuery('INSERT INTO `payment` (`abs_id`, `created_at`, `updated_at`) VALUES (\'ABS-3\', \'2022-09-05 03:12:07\', \'2022-09-05 03:12:07\')')
 4 SYSTEMPATH\Database\BaseBuilder.php(1916): CodeIgniter\Database\BaseConnection->query('INSERT INTO `payment` (`abs_id`, `created_at`, `updated_at`) VALUES (:abs_id:, :created_at:, :updated_at:)', [...], false)
 5 SYSTEMPATH\Model.php(278): CodeIgniter\Database\BaseBuilder->insert()
 6 SYSTEMPATH\BaseModel.php(738): CodeIgniter\Model->doInsert([...])
 7 SYSTEMPATH\Model.php(666): CodeIgniter\BaseModel->insert([...], false)
 8 SYSTEMPATH\BaseModel.php(658): CodeIgniter\Model->insert([...], false)
 9 APPPATH\Controllers\User.php(111): CodeIgniter\BaseModel->save([...])
10 SYSTEMPATH\CodeIgniter.php(904): App\Controllers\User->tambah()
11 SYSTEMPATH\CodeIgniter.php(457): CodeIgniter\CodeIgniter->runController(Object(App\Controllers\User))
12 SYSTEMPATH\CodeIgniter.php(340): CodeIgniter\CodeIgniter->handleRequest(null, Object(Config\Cache), false)
13 FCPATH\index.php(67): CodeIgniter\CodeIgniter->run()
14 SYSTEMPATH\Commands\Server\rewrite.php(43): require_once('FCPATH\\index.php')
ERROR - 2022-09-05 21:27:14 --> mysqli_sql_exception: Column 'status' in field list is ambiguous in C:\xampp\htdocs\isceeradmin\system\Database\MySQLi\Connection.php:292
Stack trace:
#0 C:\xampp\htdocs\isceeradmin\system\Database\MySQLi\Connection.php(292): mysqli->query('SELECT `abstrak...', 0)
#1 C:\xampp\htdocs\isceeradmin\system\Database\BaseConnection.php(693): CodeIgniter\Database\MySQLi\Connection->execute('SELECT `abstrak...')
#2 C:\xampp\htdocs\isceeradmin\system\Database\BaseConnection.php(620): CodeIgniter\Database\BaseConnection->simpleQuery('SELECT `abstrak...')
#3 C:\xampp\htdocs\isceeradmin\system\Database\BaseBuilder.php(1585): CodeIgniter\Database\BaseConnection->query('SELECT `abstrak...', Array, false)
#4 C:\xampp\htdocs\isceeradmin\system\Model.php(771): CodeIgniter\Database\BaseBuilder->get()
#5 C:\xampp\htdocs\isceeradmin\app\Controllers\User.php(216): CodeIgniter\Model->__call('get', Array)
#6 C:\xampp\htdocs\isceeradmin\system\CodeIgniter.php(904): App\Controllers\User->summary()
#7 C:\xampp\htdocs\isceeradmin\system\CodeIgniter.php(457): CodeIgniter\CodeIgniter->runController(Object(App\Controllers\User))
#8 C:\xampp\htdocs\isceeradmin\system\CodeIgniter.php(340): CodeIgniter\CodeIgniter->handleRequest(NULL, Object(Config\Cache), false)
#9 C:\xampp\htdocs\isceeradmin\public\index.php(67): CodeIgniter\CodeIgniter->run()
#10 C:\xampp\htdocs\isceeradmin\system\Commands\Server\rewrite.php(43): require_once('C:\\xampp\\htdocs...')
#11 {main}
CRITICAL - 2022-09-05 21:27:14 --> Column 'status' in field list is ambiguous
in SYSTEMPATH\Database\MySQLi\Connection.php on line 292.
 1 SYSTEMPATH\Database\MySQLi\Connection.php(292): mysqli->query('SELECT `abstrak`.`abs_id`, `judul`, `penulis`, `afiliasi`, `abstrak`.`id_scope`, `scope`, `keyword`, `abstrak`, `status`, `full_paper`.`decision`, `presenter`, `type`, `user`.`id_user`, `nama`, `abstrak`.`status`, `submit_date`, `uniqid`, `paper_id`, `file_fp`, `update_date`
FROM `abstrak`
JOIN `scope` ON `scope`.`id_scope`=`abstrak`.`id_scope`
JOIN `user` ON `user`.`id_user`=`abstrak`.`id_user`
JOIN `full_paper` ON `full_paper`.`abs_id`=`abstrak`.`abs_id`
JOIN `payment` ON `payment`.`abs_id`=`abstrak`.`abs_id`
JOIN `revised_paper` ON `revised_paper`.`abs_id`=`abstrak`.`abs_id`
WHERE `abstrak`.`id_user` = \'16\'', 0)
 2 SYSTEMPATH\Database\BaseConnection.php(693): CodeIgniter\Database\MySQLi\Connection->execute('SELECT `abstrak`.`abs_id`, `judul`, `penulis`, `afiliasi`, `abstrak`.`id_scope`, `scope`, `keyword`, `abstrak`, `status`, `full_paper`.`decision`, `presenter`, `type`, `user`.`id_user`, `nama`, `abstrak`.`status`, `submit_date`, `uniqid`, `paper_id`, `file_fp`, `update_date`
FROM `abstrak`
JOIN `scope` ON `scope`.`id_scope`=`abstrak`.`id_scope`
JOIN `user` ON `user`.`id_user`=`abstrak`.`id_user`
JOIN `full_paper` ON `full_paper`.`abs_id`=`abstrak`.`abs_id`
JOIN `payment` ON `payment`.`abs_id`=`abstrak`.`abs_id`
JOIN `revised_paper` ON `revised_paper`.`abs_id`=`abstrak`.`abs_id`
WHERE `abstrak`.`id_user` = \'16\'')
 3 SYSTEMPATH\Database\BaseConnection.php(620): CodeIgniter\Database\BaseConnection->simpleQuery('SELECT `abstrak`.`abs_id`, `judul`, `penulis`, `afiliasi`, `abstrak`.`id_scope`, `scope`, `keyword`, `abstrak`, `status`, `full_paper`.`decision`, `presenter`, `type`, `user`.`id_user`, `nama`, `abstrak`.`status`, `submit_date`, `uniqid`, `paper_id`, `file_fp`, `update_date`
FROM `abstrak`
JOIN `scope` ON `scope`.`id_scope`=`abstrak`.`id_scope`
JOIN `user` ON `user`.`id_user`=`abstrak`.`id_user`
JOIN `full_paper` ON `full_paper`.`abs_id`=`abstrak`.`abs_id`
JOIN `payment` ON `payment`.`abs_id`=`abstrak`.`abs_id`
JOIN `revised_paper` ON `revised_paper`.`abs_id`=`abstrak`.`abs_id`
WHERE `abstrak`.`id_user` = \'16\'')
 4 SYSTEMPATH\Database\BaseBuilder.php(1585): CodeIgniter\Database\BaseConnection->query('SELECT `abstrak`.`abs_id`, `judul`, `penulis`, `afiliasi`, `abstrak`.`id_scope`, `scope`, `keyword`, `abstrak`, `status`, `full_paper`.`decision`, `presenter`, `type`, `user`.`id_user`, `nama`, `abstrak`.`status`, `submit_date`, `uniqid`, `paper_id`, `file_fp`, `update_date`
FROM `abstrak`
JOIN `scope` ON `scope`.`id_scope`=`abstrak`.`id_scope`
JOIN `user` ON `user`.`id_user`=`abstrak`.`id_user`
JOIN `full_paper` ON `full_paper`.`abs_id`=`abstrak`.`abs_id`
JOIN `payment` ON `payment`.`abs_id`=`abstrak`.`abs_id`
JOIN `revised_paper` ON `revised_paper`.`abs_id`=`abstrak`.`abs_id`
WHERE `abstrak`.`id_user` = :abstrak.id_user:', [...], false)
 5 SYSTEMPATH\Model.php(771): CodeIgniter\Database\BaseBuilder->get()
 6 APPPATH\Controllers\User.php(216): CodeIgniter\Model->__call('get', [])
 7 SYSTEMPATH\CodeIgniter.php(904): App\Controllers\User->summary()
 8 SYSTEMPATH\CodeIgniter.php(457): CodeIgniter\CodeIgniter->runController(Object(App\Controllers\User))
 9 SYSTEMPATH\CodeIgniter.php(340): CodeIgniter\CodeIgniter->handleRequest(null, Object(Config\Cache), false)
10 FCPATH\index.php(67): CodeIgniter\CodeIgniter->run()
11 SYSTEMPATH\Commands\Server\rewrite.php(43): require_once('FCPATH\\index.php')
CRITICAL - 2022-09-05 21:33:05 --> Undefined array key "full_paper.decision"
in APPPATH\Views\user\summary.php on line 37.
 1 APPPATH\Views\user\summary.php(37): CodeIgniter\Debug\Exceptions->errorHandler(2, 'Undefined array key "full_paper.decision"', 'APPPATH\\Views\\user\\summary.php', 37)
 2 SYSTEMPATH\View\View.php(213): include('APPPATH\\Views\\user\\summary.php')
 3 SYSTEMPATH\View\View.php(216): CodeIgniter\View\View->CodeIgniter\View\{closure}()
 4 SYSTEMPATH\Common.php(1137): CodeIgniter\View\View->render('user/summary', [], true)
 5 APPPATH\Controllers\User.php(224): view('user/summary', [...])
 6 SYSTEMPATH\CodeIgniter.php(904): App\Controllers\User->summary()
 7 SYSTEMPATH\CodeIgniter.php(457): CodeIgniter\CodeIgniter->runController(Object(App\Controllers\User))
 8 SYSTEMPATH\CodeIgniter.php(340): CodeIgniter\CodeIgniter->handleRequest(null, Object(Config\Cache), false)
 9 FCPATH\index.php(67): CodeIgniter\CodeIgniter->run()
10 SYSTEMPATH\Commands\Server\rewrite.php(43): require_once('FCPATH\\index.php')
CRITICAL - 2022-09-05 21:39:47 --> Undefined array key "full_decision"
in APPPATH\Views\user\summary.php on line 37.
 1 APPPATH\Views\user\summary.php(37): CodeIgniter\Debug\Exceptions->errorHandler(2, 'Undefined array key "full_decision"', 'APPPATH\\Views\\user\\summary.php', 37)
 2 SYSTEMPATH\View\View.php(213): include('APPPATH\\Views\\user\\summary.php')
 3 SYSTEMPATH\View\View.php(216): CodeIgniter\View\View->CodeIgniter\View\{closure}()
 4 SYSTEMPATH\Common.php(1137): CodeIgniter\View\View->render('user/summary', [], true)
 5 APPPATH\Controllers\User.php(224): view('user/summary', [...])
 6 SYSTEMPATH\CodeIgniter.php(904): App\Controllers\User->summary()
 7 SYSTEMPATH\CodeIgniter.php(457): CodeIgniter\CodeIgniter->runController(Object(App\Controllers\User))
 8 SYSTEMPATH\CodeIgniter.php(340): CodeIgniter\CodeIgniter->handleRequest(null, Object(Config\Cache), false)
 9 FCPATH\index.php(67): CodeIgniter\CodeIgniter->run()
10 SYSTEMPATH\Commands\Server\rewrite.php(43): require_once('FCPATH\\index.php')
CRITICAL - 2022-09-05 21:59:29 --> syntax error, unexpected token "if", expecting ":"
in APPPATH\Views\user\summary.php on line 40.
 1 SYSTEMPATH\View\View.php(216): CodeIgniter\View\View->CodeIgniter\View\{closure}()
 2 SYSTEMPATH\Common.php(1137): CodeIgniter\View\View->render('user/summary', [], true)
 3 APPPATH\Controllers\User.php(224): view('user/summary', [...])
 4 SYSTEMPATH\CodeIgniter.php(904): App\Controllers\User->summary()
 5 SYSTEMPATH\CodeIgniter.php(457): CodeIgniter\CodeIgniter->runController(Object(App\Controllers\User))
 6 SYSTEMPATH\CodeIgniter.php(340): CodeIgniter\CodeIgniter->handleRequest(null, Object(Config\Cache), false)
 7 FCPATH\index.php(67): CodeIgniter\CodeIgniter->run()
 8 SYSTEMPATH\Commands\Server\rewrite.php(43): require_once('FCPATH\\index.php')
ERROR - 2022-09-05 22:17:13 --> mysqli_sql_exception: Unknown column 'revised_paper.decision' in 'field list' in C:\xampp\htdocs\isceeradmin\system\Database\MySQLi\Connection.php:292
Stack trace:
#0 C:\xampp\htdocs\isceeradmin\system\Database\MySQLi\Connection.php(292): mysqli->query('SELECT `abstrak...', 0)
#1 C:\xampp\htdocs\isceeradmin\system\Database\BaseConnection.php(693): CodeIgniter\Database\MySQLi\Connection->execute('SELECT `abstrak...')
#2 C:\xampp\htdocs\isceeradmin\system\Database\BaseConnection.php(620): CodeIgniter\Database\BaseConnection->simpleQuery('SELECT `abstrak...')
#3 C:\xampp\htdocs\isceeradmin\system\Database\BaseBuilder.php(1585): CodeIgniter\Database\BaseConnection->query('SELECT `abstrak...', Array, false)
#4 C:\xampp\htdocs\isceeradmin\system\Model.php(771): CodeIgniter\Database\BaseBuilder->get()
#5 C:\xampp\htdocs\isceeradmin\app\Controllers\User.php(217): CodeIgniter\Model->__call('get', Array)
#6 C:\xampp\htdocs\isceeradmin\system\CodeIgniter.php(904): App\Controllers\User->summary()
#7 C:\xampp\htdocs\isceeradmin\system\CodeIgniter.php(457): CodeIgniter\CodeIgniter->runController(Object(App\Controllers\User))
#8 C:\xampp\htdocs\isceeradmin\system\CodeIgniter.php(340): CodeIgniter\CodeIgniter->handleRequest(NULL, Object(Config\Cache), false)
#9 C:\xampp\htdocs\isceeradmin\public\index.php(67): CodeIgniter\CodeIgniter->run()
#10 C:\xampp\htdocs\isceeradmin\system\Commands\Server\rewrite.php(43): require_once('C:\\xampp\\htdocs...')
#11 {main}
CRITICAL - 2022-09-05 22:17:13 --> Unknown column 'revised_paper.decision' in 'field list'
in SYSTEMPATH\Database\MySQLi\Connection.php on line 292.
 1 SYSTEMPATH\Database\MySQLi\Connection.php(292): mysqli->query('SELECT `abstrak`.`abs_id`, `judul`, `penulis`, `afiliasi`, `abstrak`.`id_scope`, `scope`, `keyword`, `abstrak`, `abstrak`.`status`, `full_paper`.`decision`, `revised_paper`.`decision`, `presenter`, `type`, `user`.`id_user`, `nama`, `abstrak`.`status`, `submit_date`, `uniqid`, `paper_id`, `file_fp`, `update_date`
FROM `abstrak`
JOIN `scope` ON `scope`.`id_scope`=`abstrak`.`id_scope`
JOIN `user` ON `user`.`id_user`=`abstrak`.`id_user`
JOIN `full_paper` ON `full_paper`.`abs_id`=`abstrak`.`abs_id`
JOIN `payment` ON `payment`.`abs_id`=`abstrak`.`abs_id`
JOIN `revised_paper` ON `revised_paper`.`abs_id`=`abstrak`.`abs_id`
WHERE `abstrak`.`id_user` = \'16\'', 0)
 2 SYSTEMPATH\Database\BaseConnection.php(693): CodeIgniter\Database\MySQLi\Connection->execute('SELECT `abstrak`.`abs_id`, `judul`, `penulis`, `afiliasi`, `abstrak`.`id_scope`, `scope`, `keyword`, `abstrak`, `abstrak`.`status`, `full_paper`.`decision`, `revised_paper`.`decision`, `presenter`, `type`, `user`.`id_user`, `nama`, `abstrak`.`status`, `submit_date`, `uniqid`, `paper_id`, `file_fp`, `update_date`
FROM `abstrak`
JOIN `scope` ON `scope`.`id_scope`=`abstrak`.`id_scope`
JOIN `user` ON `user`.`id_user`=`abstrak`.`id_user`
JOIN `full_paper` ON `full_paper`.`abs_id`=`abstrak`.`abs_id`
JOIN `payment` ON `payment`.`abs_id`=`abstrak`.`abs_id`
JOIN `revised_paper` ON `revised_paper`.`abs_id`=`abstrak`.`abs_id`
WHERE `abstrak`.`id_user` = \'16\'')
 3 SYSTEMPATH\Database\BaseConnection.php(620): CodeIgniter\Database\BaseConnection->simpleQuery('SELECT `abstrak`.`abs_id`, `judul`, `penulis`, `afiliasi`, `abstrak`.`id_scope`, `scope`, `keyword`, `abstrak`, `abstrak`.`status`, `full_paper`.`decision`, `revised_paper`.`decision`, `presenter`, `type`, `user`.`id_user`, `nama`, `abstrak`.`status`, `submit_date`, `uniqid`, `paper_id`, `file_fp`, `update_date`
FROM `abstrak`
JOIN `scope` ON `scope`.`id_scope`=`abstrak`.`id_scope`
JOIN `user` ON `user`.`id_user`=`abstrak`.`id_user`
JOIN `full_paper` ON `full_paper`.`abs_id`=`abstrak`.`abs_id`
JOIN `payment` ON `payment`.`abs_id`=`abstrak`.`abs_id`
JOIN `revised_paper` ON `revised_paper`.`abs_id`=`abstrak`.`abs_id`
WHERE `abstrak`.`id_user` = \'16\'')
 4 SYSTEMPATH\Database\BaseBuilder.php(1585): CodeIgniter\Database\BaseConnection->query('SELECT `abstrak`.`abs_id`, `judul`, `penulis`, `afiliasi`, `abstrak`.`id_scope`, `scope`, `keyword`, `abstrak`, `abstrak`.`status`, `full_paper`.`decision`, `revised_paper`.`decision`, `presenter`, `type`, `user`.`id_user`, `nama`, `abstrak`.`status`, `submit_date`, `uniqid`, `paper_id`, `file_fp`, `update_date`
FROM `abstrak`
JOIN `scope` ON `scope`.`id_scope`=`abstrak`.`id_scope`
JOIN `user` ON `user`.`id_user`=`abstrak`.`id_user`
JOIN `full_paper` ON `full_paper`.`abs_id`=`abstrak`.`abs_id`
JOIN `payment` ON `payment`.`abs_id`=`abstrak`.`abs_id`
JOIN `revised_paper` ON `revised_paper`.`abs_id`=`abstrak`.`abs_id`
WHERE `abstrak`.`id_user` = :abstrak.id_user:', [...], false)
 5 SYSTEMPATH\Model.php(771): CodeIgniter\Database\BaseBuilder->get()
 6 APPPATH\Controllers\User.php(217): CodeIgniter\Model->__call('get', [])
 7 SYSTEMPATH\CodeIgniter.php(904): App\Controllers\User->summary()
 8 SYSTEMPATH\CodeIgniter.php(457): CodeIgniter\CodeIgniter->runController(Object(App\Controllers\User))
 9 SYSTEMPATH\CodeIgniter.php(340): CodeIgniter\CodeIgniter->handleRequest(null, Object(Config\Cache), false)
10 FCPATH\index.php(67): CodeIgniter\CodeIgniter->run()
11 SYSTEMPATH\Commands\Server\rewrite.php(43): require_once('FCPATH\\index.php')
