ERROR - 2022-09-25 21:05:00 --> mysqli_sql_exception: Unknown column 'm.id_user' in 'where clause' in C:\xampp\htdocs\isceeradmin\system\Database\MySQLi\Connection.php:292
Stack trace:
#0 C:\xampp\htdocs\isceeradmin\system\Database\MySQLi\Connection.php(292): mysqli->query('SELECT COUNT(*)...', 0)
#1 C:\xampp\htdocs\isceeradmin\system\Database\BaseConnection.php(693): CodeIgniter\Database\MySQLi\Connection->execute('SELECT COUNT(*)...')
#2 C:\xampp\htdocs\isceeradmin\system\Database\BaseConnection.php(620): CodeIgniter\Database\BaseConnection->simpleQuery('SELECT COUNT(*)...')
#3 C:\xampp\htdocs\isceeradmin\system\Database\BaseBuilder.php(1669): CodeIgniter\Database\BaseConnection->query('SELECT COUNT(*)...', Array, false)
#4 C:\xampp\htdocs\isceeradmin\system\Model.php(550): CodeIgniter\Database\BaseBuilder->countAllResults(false)
#5 C:\xampp\htdocs\isceeradmin\system\BaseModel.php(1085): CodeIgniter\Model->countAllResults(false)
#6 C:\xampp\htdocs\isceeradmin\app\Controllers\Reviewer.php(132): CodeIgniter\BaseModel->paginate(10, 'revised_paper')
#7 C:\xampp\htdocs\isceeradmin\system\CodeIgniter.php(904): App\Controllers\Reviewer->revised_paper()
#8 C:\xampp\htdocs\isceeradmin\system\CodeIgniter.php(457): CodeIgniter\CodeIgniter->runController(Object(App\Controllers\Reviewer))
#9 C:\xampp\htdocs\isceeradmin\system\CodeIgniter.php(340): CodeIgniter\CodeIgniter->handleRequest(NULL, Object(Config\Cache), false)
#10 C:\xampp\htdocs\isceeradmin\public\index.php(67): CodeIgniter\CodeIgniter->run()
#11 C:\xampp\htdocs\isceeradmin\system\Commands\Server\rewrite.php(43): require_once('C:\\xampp\\htdocs...')
#12 {main}
CRITICAL - 2022-09-25 21:05:00 --> Unknown column 'm.id_user' in 'where clause'
in SYSTEMPATH\Database\MySQLi\Connection.php on line 292.
 1 SYSTEMPATH\Database\MySQLi\Connection.php(292): mysqli->query('SELECT COUNT(*) AS `numrows`
FROM `revised_paper`
JOIN `abstrak` as `c` ON `revised_paper`.`abs_id`=`c`.`abs_id`
JOIN `review` as `m` ON `c`.`abs_id`=`m`.`abs_id`
JOIN `reviewer` as `n` ON `n`.`id`=`m`.`id_reviewer`
JOIN `user` as `u` ON `n`.`id_user`=`u`.`id_user`
WHERE YEAR(`created_revised`) = \'2022\'
AND `m`.`id_user` = \'15\'
AND `decision_revised` IN (\'waiting decision\',\'accepted\',\'decline\')', 0)
 2 SYSTEMPATH\Database\BaseConnection.php(693): CodeIgniter\Database\MySQLi\Connection->execute('SELECT COUNT(*) AS `numrows`
FROM `revised_paper`
JOIN `abstrak` as `c` ON `revised_paper`.`abs_id`=`c`.`abs_id`
JOIN `review` as `m` ON `c`.`abs_id`=`m`.`abs_id`
JOIN `reviewer` as `n` ON `n`.`id`=`m`.`id_reviewer`
JOIN `user` as `u` ON `n`.`id_user`=`u`.`id_user`
WHERE YEAR(`created_revised`) = \'2022\'
AND `m`.`id_user` = \'15\'
AND `decision_revised` IN (\'waiting decision\',\'accepted\',\'decline\')')
 3 SYSTEMPATH\Database\BaseConnection.php(620): CodeIgniter\Database\BaseConnection->simpleQuery('SELECT COUNT(*) AS `numrows`
FROM `revised_paper`
JOIN `abstrak` as `c` ON `revised_paper`.`abs_id`=`c`.`abs_id`
JOIN `review` as `m` ON `c`.`abs_id`=`m`.`abs_id`
JOIN `reviewer` as `n` ON `n`.`id`=`m`.`id_reviewer`
JOIN `user` as `u` ON `n`.`id_user`=`u`.`id_user`
WHERE YEAR(`created_revised`) = \'2022\'
AND `m`.`id_user` = \'15\'
AND `decision_revised` IN (\'waiting decision\',\'accepted\',\'decline\')')
 4 SYSTEMPATH\Database\BaseBuilder.php(1669): CodeIgniter\Database\BaseConnection->query('SELECT COUNT(*) AS `numrows`
FROM `revised_paper`
JOIN `abstrak` as `c` ON `revised_paper`.`abs_id`=`c`.`abs_id`
JOIN `review` as `m` ON `c`.`abs_id`=`m`.`abs_id`
JOIN `reviewer` as `n` ON `n`.`id`=`m`.`id_reviewer`
JOIN `user` as `u` ON `n`.`id_user`=`u`.`id_user`
WHERE YEAR(`created_revised`) = :YEAR(`created_revised`):
AND `m`.`id_user` = :m.id_user:
AND `decision_revised` IN :decision_revised:', [...], false)
 5 SYSTEMPATH\Model.php(550): CodeIgniter\Database\BaseBuilder->countAllResults(false)
 6 SYSTEMPATH\BaseModel.php(1085): CodeIgniter\Model->countAllResults(false)
 7 APPPATH\Controllers\Reviewer.php(132): CodeIgniter\BaseModel->paginate(10, 'revised_paper')
 8 SYSTEMPATH\CodeIgniter.php(904): App\Controllers\Reviewer->revised_paper()
 9 SYSTEMPATH\CodeIgniter.php(457): CodeIgniter\CodeIgniter->runController(Object(App\Controllers\Reviewer))
10 SYSTEMPATH\CodeIgniter.php(340): CodeIgniter\CodeIgniter->handleRequest(null, Object(Config\Cache), false)
11 FCPATH\index.php(67): CodeIgniter\CodeIgniter->run()
12 SYSTEMPATH\Commands\Server\rewrite.php(43): require_once('FCPATH\\index.php')
ERROR - 2022-09-25 21:19:00 --> mysqli_sql_exception: Not unique table/alias: 'n' in C:\xampp\htdocs\isceeradmin\system\Database\MySQLi\Connection.php:292
Stack trace:
#0 C:\xampp\htdocs\isceeradmin\system\Database\MySQLi\Connection.php(292): mysqli->query('SELECT COUNT(*)...', 0)
#1 C:\xampp\htdocs\isceeradmin\system\Database\BaseConnection.php(693): CodeIgniter\Database\MySQLi\Connection->execute('SELECT COUNT(*)...')
#2 C:\xampp\htdocs\isceeradmin\system\Database\BaseConnection.php(620): CodeIgniter\Database\BaseConnection->simpleQuery('SELECT COUNT(*)...')
#3 C:\xampp\htdocs\isceeradmin\system\Database\BaseBuilder.php(1669): CodeIgniter\Database\BaseConnection->query('SELECT COUNT(*)...', Array, false)
#4 C:\xampp\htdocs\isceeradmin\system\Model.php(550): CodeIgniter\Database\BaseBuilder->countAllResults(false)
#5 C:\xampp\htdocs\isceeradmin\system\BaseModel.php(1085): CodeIgniter\Model->countAllResults(false)
#6 C:\xampp\htdocs\isceeradmin\app\Controllers\Reviewer.php(134): CodeIgniter\BaseModel->paginate(10, 'revised_paper')
#7 C:\xampp\htdocs\isceeradmin\system\CodeIgniter.php(904): App\Controllers\Reviewer->revised_paper()
#8 C:\xampp\htdocs\isceeradmin\system\CodeIgniter.php(457): CodeIgniter\CodeIgniter->runController(Object(App\Controllers\Reviewer))
#9 C:\xampp\htdocs\isceeradmin\system\CodeIgniter.php(340): CodeIgniter\CodeIgniter->handleRequest(NULL, Object(Config\Cache), false)
#10 C:\xampp\htdocs\isceeradmin\public\index.php(67): CodeIgniter\CodeIgniter->run()
#11 C:\xampp\htdocs\isceeradmin\system\Commands\Server\rewrite.php(43): require_once('C:\\xampp\\htdocs...')
#12 {main}
CRITICAL - 2022-09-25 21:19:00 --> Not unique table/alias: 'n'
in SYSTEMPATH\Database\MySQLi\Connection.php on line 292.
 1 SYSTEMPATH\Database\MySQLi\Connection.php(292): mysqli->query('SELECT COUNT(*) AS `numrows`
FROM `revised_paper`
JOIN `abstrak` as `b` ON `revised_paper`.`abs_id`=`b`.`abs_id`
JOIN `review` as `m` ON `b`.`abs_id`=`m`.`abs_id`
JOIN `reviewer` as `n` ON `n`.`id`=`m`.`id_reviewer`
JOIN `reviewer` as `n` ON `n`.`id`=`m`.`id_reviewer`
JOIN `user` as `u` ON `n`.`id_user`=`u`.`id_user`
WHERE `decision_revised` = \'waiting decision\'
AND YEAR(`created_revised`) = \'2022\'', 0)
 2 SYSTEMPATH\Database\BaseConnection.php(693): CodeIgniter\Database\MySQLi\Connection->execute('SELECT COUNT(*) AS `numrows`
FROM `revised_paper`
JOIN `abstrak` as `b` ON `revised_paper`.`abs_id`=`b`.`abs_id`
JOIN `review` as `m` ON `b`.`abs_id`=`m`.`abs_id`
JOIN `reviewer` as `n` ON `n`.`id`=`m`.`id_reviewer`
JOIN `reviewer` as `n` ON `n`.`id`=`m`.`id_reviewer`
JOIN `user` as `u` ON `n`.`id_user`=`u`.`id_user`
WHERE `decision_revised` = \'waiting decision\'
AND YEAR(`created_revised`) = \'2022\'')
 3 SYSTEMPATH\Database\BaseConnection.php(620): CodeIgniter\Database\BaseConnection->simpleQuery('SELECT COUNT(*) AS `numrows`
FROM `revised_paper`
JOIN `abstrak` as `b` ON `revised_paper`.`abs_id`=`b`.`abs_id`
JOIN `review` as `m` ON `b`.`abs_id`=`m`.`abs_id`
JOIN `reviewer` as `n` ON `n`.`id`=`m`.`id_reviewer`
JOIN `reviewer` as `n` ON `n`.`id`=`m`.`id_reviewer`
JOIN `user` as `u` ON `n`.`id_user`=`u`.`id_user`
WHERE `decision_revised` = \'waiting decision\'
AND YEAR(`created_revised`) = \'2022\'')
 4 SYSTEMPATH\Database\BaseBuilder.php(1669): CodeIgniter\Database\BaseConnection->query('SELECT COUNT(*) AS `numrows`
FROM `revised_paper`
JOIN `abstrak` as `b` ON `revised_paper`.`abs_id`=`b`.`abs_id`
JOIN `review` as `m` ON `b`.`abs_id`=`m`.`abs_id`
JOIN `reviewer` as `n` ON `n`.`id`=`m`.`id_reviewer`
JOIN `reviewer` as `n` ON `n`.`id`=`m`.`id_reviewer`
JOIN `user` as `u` ON `n`.`id_user`=`u`.`id_user`
WHERE `decision_revised` = :decision_revised:
AND YEAR(`created_revised`) = :YEAR(`created_revised`):', [...], false)
 5 SYSTEMPATH\Model.php(550): CodeIgniter\Database\BaseBuilder->countAllResults(false)
 6 SYSTEMPATH\BaseModel.php(1085): CodeIgniter\Model->countAllResults(false)
 7 APPPATH\Controllers\Reviewer.php(134): CodeIgniter\BaseModel->paginate(10, 'revised_paper')
 8 SYSTEMPATH\CodeIgniter.php(904): App\Controllers\Reviewer->revised_paper()
 9 SYSTEMPATH\CodeIgniter.php(457): CodeIgniter\CodeIgniter->runController(Object(App\Controllers\Reviewer))
10 SYSTEMPATH\CodeIgniter.php(340): CodeIgniter\CodeIgniter->handleRequest(null, Object(Config\Cache), false)
11 FCPATH\index.php(67): CodeIgniter\CodeIgniter->run()
12 SYSTEMPATH\Commands\Server\rewrite.php(43): require_once('FCPATH\\index.php')
CRITICAL - 2022-09-25 21:41:11 --> Undefined variable $namaadmin
in APPPATH\Views\layout\templatereviewer.php on line 88.
 1 APPPATH\Views\layout\templatereviewer.php(88): CodeIgniter\Debug\Exceptions->errorHandler(2, 'Undefined variable $namaadmin', 'APPPATH\\Views\\layout\\templatereviewer.php', 88)
 2 SYSTEMPATH\View\View.php(213): include('APPPATH\\Views\\layout\\templatereviewer.php')
 3 SYSTEMPATH\View\View.php(216): CodeIgniter\View\View->CodeIgniter\View\{closure}()
 4 SYSTEMPATH\View\View.php(229): CodeIgniter\View\View->render('layout/templatereviewer', [], true)
 5 SYSTEMPATH\Common.php(1137): CodeIgniter\View\View->render('reviewer/index', [], true)
 6 APPPATH\Controllers\Reviewer.php(35): view('reviewer/index', [...])
 7 SYSTEMPATH\CodeIgniter.php(904): App\Controllers\Reviewer->index()
 8 SYSTEMPATH\CodeIgniter.php(457): CodeIgniter\CodeIgniter->runController(Object(App\Controllers\Reviewer))
 9 SYSTEMPATH\CodeIgniter.php(340): CodeIgniter\CodeIgniter->handleRequest(null, Object(Config\Cache), false)
10 FCPATH\index.php(67): CodeIgniter\CodeIgniter->run()
11 SYSTEMPATH\Commands\Server\rewrite.php(43): require_once('FCPATH\\index.php')
CRITICAL - 2022-09-25 21:42:10 --> Undefined variable $namauser
in APPPATH\Views\layout\templateuser.php on line 86.
 1 APPPATH\Views\layout\templateuser.php(86): CodeIgniter\Debug\Exceptions->errorHandler(2, 'Undefined variable $namauser', 'APPPATH\\Views\\layout\\templateuser.php', 86)
 2 SYSTEMPATH\View\View.php(213): include('APPPATH\\Views\\layout\\templateuser.php')
 3 SYSTEMPATH\View\View.php(216): CodeIgniter\View\View->CodeIgniter\View\{closure}()
 4 SYSTEMPATH\View\View.php(229): CodeIgniter\View\View->render('layout/templateuser', [], true)
 5 SYSTEMPATH\Common.php(1137): CodeIgniter\View\View->render('user/index', [], true)
 6 APPPATH\Controllers\User.php(60): view('user/index', [...])
 7 SYSTEMPATH\CodeIgniter.php(904): App\Controllers\User->index()
 8 SYSTEMPATH\CodeIgniter.php(457): CodeIgniter\CodeIgniter->runController(Object(App\Controllers\User))
 9 SYSTEMPATH\CodeIgniter.php(340): CodeIgniter\CodeIgniter->handleRequest(null, Object(Config\Cache), false)
10 FCPATH\index.php(67): CodeIgniter\CodeIgniter->run()
11 SYSTEMPATH\Commands\Server\rewrite.php(43): require_once('FCPATH\\index.php')
CRITICAL - 2022-09-25 21:45:30 --> Undefined variable $namauser
in APPPATH\Views\layout\templateuser.php on line 86.
 1 APPPATH\Views\layout\templateuser.php(86): CodeIgniter\Debug\Exceptions->errorHandler(2, 'Undefined variable $namauser', 'APPPATH\\Views\\layout\\templateuser.php', 86)
 2 SYSTEMPATH\View\View.php(213): include('APPPATH\\Views\\layout\\templateuser.php')
 3 SYSTEMPATH\View\View.php(216): CodeIgniter\View\View->CodeIgniter\View\{closure}()
 4 SYSTEMPATH\View\View.php(229): CodeIgniter\View\View->render('layout/templateuser', [], true)
 5 SYSTEMPATH\Common.php(1137): CodeIgniter\View\View->render('user/summary', [], true)
 6 APPPATH\Controllers\User.php(332): view('user/summary', [...])
 7 SYSTEMPATH\CodeIgniter.php(904): App\Controllers\User->summary()
 8 SYSTEMPATH\CodeIgniter.php(457): CodeIgniter\CodeIgniter->runController(Object(App\Controllers\User))
 9 SYSTEMPATH\CodeIgniter.php(340): CodeIgniter\CodeIgniter->handleRequest(null, Object(Config\Cache), false)
10 FCPATH\index.php(67): CodeIgniter\CodeIgniter->run()
11 SYSTEMPATH\Commands\Server\rewrite.php(43): require_once('FCPATH\\index.php')
