CRITICAL - 2022-09-13 02:22:48 --> syntax error, unexpected token "foreach", expecting "]"
in APPPATH\Controllers\Admin.php on line 109.
 1 SYSTEMPATH\Router\Router.php(499): CodeIgniter\Router\AutoRouter->getRoute('admin/abstrak')
 2 SYSTEMPATH\Router\Router.php(205): CodeIgniter\Router\Router->autoRoute('admin/abstrak')
 3 SYSTEMPATH\CodeIgniter.php(779): CodeIgniter\Router\Router->handle('admin/abstrak')
 4 SYSTEMPATH\CodeIgniter.php(406): CodeIgniter\CodeIgniter->tryToRouteIt(Object(CodeIgniter\Router\RouteCollection))
 5 SYSTEMPATH\CodeIgniter.php(340): CodeIgniter\CodeIgniter->handleRequest(null, Object(Config\Cache), false)
 6 FCPATH\index.php(67): CodeIgniter\CodeIgniter->run()
 7 SYSTEMPATH\Commands\Server\rewrite.php(43): require_once('FCPATH\\index.php')
CRITICAL - 2022-09-13 19:36:53 --> syntax error, unexpected token "foreach", expecting "]"
in APPPATH\Controllers\Admin.php on line 109.
 1 SYSTEMPATH\Router\Router.php(499): CodeIgniter\Router\AutoRouter->getRoute('admin')
 2 SYSTEMPATH\Router\Router.php(205): CodeIgniter\Router\Router->autoRoute('admin')
 3 SYSTEMPATH\CodeIgniter.php(779): CodeIgniter\Router\Router->handle('admin')
 4 SYSTEMPATH\CodeIgniter.php(406): CodeIgniter\CodeIgniter->tryToRouteIt(Object(CodeIgniter\Router\RouteCollection))
 5 SYSTEMPATH\CodeIgniter.php(340): CodeIgniter\CodeIgniter->handleRequest(null, Object(Config\Cache), false)
 6 FCPATH\index.php(67): CodeIgniter\CodeIgniter->run()
 7 SYSTEMPATH\Commands\Server\rewrite.php(43): require_once('FCPATH\\index.php')
CRITICAL - 2022-09-13 20:07:07 --> syntax error, unexpected token "endforeach"
in APPPATH\Controllers\Admin.php on line 114.
 1 SYSTEMPATH\Router\Router.php(499): CodeIgniter\Router\AutoRouter->getRoute('admin/abstrak')
 2 SYSTEMPATH\Router\Router.php(205): CodeIgniter\Router\Router->autoRoute('admin/abstrak')
 3 SYSTEMPATH\CodeIgniter.php(779): CodeIgniter\Router\Router->handle('admin/abstrak')
 4 SYSTEMPATH\CodeIgniter.php(406): CodeIgniter\CodeIgniter->tryToRouteIt(Object(CodeIgniter\Router\RouteCollection))
 5 SYSTEMPATH\CodeIgniter.php(340): CodeIgniter\CodeIgniter->handleRequest(null, Object(Config\Cache), false)
 6 FCPATH\index.php(67): CodeIgniter\CodeIgniter->run()
 7 SYSTEMPATH\Commands\Server\rewrite.php(43): require_once('FCPATH\\index.php')
CRITICAL - 2022-09-13 20:07:20 --> syntax error, unexpected token "}"
in APPPATH\Controllers\Admin.php on line 114.
 1 SYSTEMPATH\Router\Router.php(499): CodeIgniter\Router\AutoRouter->getRoute('admin/abstrak')
 2 SYSTEMPATH\Router\Router.php(205): CodeIgniter\Router\Router->autoRoute('admin/abstrak')
 3 SYSTEMPATH\CodeIgniter.php(779): CodeIgniter\Router\Router->handle('admin/abstrak')
 4 SYSTEMPATH\CodeIgniter.php(406): CodeIgniter\CodeIgniter->tryToRouteIt(Object(CodeIgniter\Router\RouteCollection))
 5 SYSTEMPATH\CodeIgniter.php(340): CodeIgniter\CodeIgniter->handleRequest(null, Object(Config\Cache), false)
 6 FCPATH\index.php(67): CodeIgniter\CodeIgniter->run()
 7 SYSTEMPATH\Commands\Server\rewrite.php(43): require_once('FCPATH\\index.php')
ERROR - 2022-09-13 20:45:18 --> mysqli_sql_exception: Not unique table/alias: 'scope' in C:\xampp\htdocs\isceeradmin\system\Database\MySQLi\Connection.php:292
Stack trace:
#0 C:\xampp\htdocs\isceeradmin\system\Database\MySQLi\Connection.php(292): mysqli->query('SELECT COUNT(*)...', 0)
#1 C:\xampp\htdocs\isceeradmin\system\Database\BaseConnection.php(693): CodeIgniter\Database\MySQLi\Connection->execute('SELECT COUNT(*)...')
#2 C:\xampp\htdocs\isceeradmin\system\Database\BaseConnection.php(620): CodeIgniter\Database\BaseConnection->simpleQuery('SELECT COUNT(*)...')
#3 C:\xampp\htdocs\isceeradmin\system\Database\BaseBuilder.php(1669): CodeIgniter\Database\BaseConnection->query('SELECT COUNT(*)...', Array, false)
#4 C:\xampp\htdocs\isceeradmin\system\Model.php(550): CodeIgniter\Database\BaseBuilder->countAllResults(false)
#5 C:\xampp\htdocs\isceeradmin\system\BaseModel.php(1085): CodeIgniter\Model->countAllResults(false)
#6 C:\xampp\htdocs\isceeradmin\app\Controllers\Admin.php(98): CodeIgniter\BaseModel->paginate(10, 'abstrak')
#7 C:\xampp\htdocs\isceeradmin\system\CodeIgniter.php(904): App\Controllers\Admin->abstrak()
#8 C:\xampp\htdocs\isceeradmin\system\CodeIgniter.php(457): CodeIgniter\CodeIgniter->runController(Object(App\Controllers\Admin))
#9 C:\xampp\htdocs\isceeradmin\system\CodeIgniter.php(340): CodeIgniter\CodeIgniter->handleRequest(NULL, Object(Config\Cache), false)
#10 C:\xampp\htdocs\isceeradmin\public\index.php(67): CodeIgniter\CodeIgniter->run()
#11 C:\xampp\htdocs\isceeradmin\system\Commands\Server\rewrite.php(43): require_once('C:\\xampp\\htdocs...')
#12 {main}
CRITICAL - 2022-09-13 20:45:18 --> Not unique table/alias: 'scope'
in SYSTEMPATH\Database\MySQLi\Connection.php on line 292.
 1 SYSTEMPATH\Database\MySQLi\Connection.php(292): mysqli->query('SELECT COUNT(*) AS `numrows`
FROM `abstrak`
JOIN `scope` ON `scope`.`id_scope`=`abstrak`.`id_scope`
JOIN `scope` ON `scope`.`id_scope`=`abstrak`.`id_scope`
WHERE YEAR(`submit_date`) = \'2022\'
AND YEAR(`submit_date`) = \'2022\'
AND `status` = \'accepted\'', 0)
 2 SYSTEMPATH\Database\BaseConnection.php(693): CodeIgniter\Database\MySQLi\Connection->execute('SELECT COUNT(*) AS `numrows`
FROM `abstrak`
JOIN `scope` ON `scope`.`id_scope`=`abstrak`.`id_scope`
JOIN `scope` ON `scope`.`id_scope`=`abstrak`.`id_scope`
WHERE YEAR(`submit_date`) = \'2022\'
AND YEAR(`submit_date`) = \'2022\'
AND `status` = \'accepted\'')
 3 SYSTEMPATH\Database\BaseConnection.php(620): CodeIgniter\Database\BaseConnection->simpleQuery('SELECT COUNT(*) AS `numrows`
FROM `abstrak`
JOIN `scope` ON `scope`.`id_scope`=`abstrak`.`id_scope`
JOIN `scope` ON `scope`.`id_scope`=`abstrak`.`id_scope`
WHERE YEAR(`submit_date`) = \'2022\'
AND YEAR(`submit_date`) = \'2022\'
AND `status` = \'accepted\'')
 4 SYSTEMPATH\Database\BaseBuilder.php(1669): CodeIgniter\Database\BaseConnection->query('SELECT COUNT(*) AS `numrows`
FROM `abstrak`
JOIN `scope` ON `scope`.`id_scope`=`abstrak`.`id_scope`
JOIN `scope` ON `scope`.`id_scope`=`abstrak`.`id_scope`
WHERE YEAR(`submit_date`) = :YEAR(`submit_date`):
AND YEAR(`submit_date`) = :YEAR(`submit_date`).1:
AND `status` = :status:', [...], false)
 5 SYSTEMPATH\Model.php(550): CodeIgniter\Database\BaseBuilder->countAllResults(false)
 6 SYSTEMPATH\BaseModel.php(1085): CodeIgniter\Model->countAllResults(false)
 7 APPPATH\Controllers\Admin.php(98): CodeIgniter\BaseModel->paginate(10, 'abstrak')
 8 SYSTEMPATH\CodeIgniter.php(904): App\Controllers\Admin->abstrak()
 9 SYSTEMPATH\CodeIgniter.php(457): CodeIgniter\CodeIgniter->runController(Object(App\Controllers\Admin))
10 SYSTEMPATH\CodeIgniter.php(340): CodeIgniter\CodeIgniter->handleRequest(null, Object(Config\Cache), false)
11 FCPATH\index.php(67): CodeIgniter\CodeIgniter->run()
12 SYSTEMPATH\Commands\Server\rewrite.php(43): require_once('FCPATH\\index.php')
ERROR - 2022-09-13 21:18:43 --> mysqli_sql_exception: Not unique table/alias: 'scope' in C:\xampp\htdocs\isceeradmin\system\Database\MySQLi\Connection.php:292
Stack trace:
#0 C:\xampp\htdocs\isceeradmin\system\Database\MySQLi\Connection.php(292): mysqli->query('SELECT COUNT(*)...', 0)
#1 C:\xampp\htdocs\isceeradmin\system\Database\BaseConnection.php(693): CodeIgniter\Database\MySQLi\Connection->execute('SELECT COUNT(*)...')
#2 C:\xampp\htdocs\isceeradmin\system\Database\BaseConnection.php(620): CodeIgniter\Database\BaseConnection->simpleQuery('SELECT COUNT(*)...')
#3 C:\xampp\htdocs\isceeradmin\system\Database\BaseBuilder.php(1669): CodeIgniter\Database\BaseConnection->query('SELECT COUNT(*)...', Array, false)
#4 C:\xampp\htdocs\isceeradmin\system\Model.php(550): CodeIgniter\Database\BaseBuilder->countAllResults(false)
#5 C:\xampp\htdocs\isceeradmin\system\BaseModel.php(1085): CodeIgniter\Model->countAllResults(false)
#6 C:\xampp\htdocs\isceeradmin\app\Controllers\Admin.php(83): CodeIgniter\BaseModel->paginate(10, 'abstrak')
#7 C:\xampp\htdocs\isceeradmin\system\CodeIgniter.php(904): App\Controllers\Admin->abstrak()
#8 C:\xampp\htdocs\isceeradmin\system\CodeIgniter.php(457): CodeIgniter\CodeIgniter->runController(Object(App\Controllers\Admin))
#9 C:\xampp\htdocs\isceeradmin\system\CodeIgniter.php(340): CodeIgniter\CodeIgniter->handleRequest(NULL, Object(Config\Cache), false)
#10 C:\xampp\htdocs\isceeradmin\public\index.php(67): CodeIgniter\CodeIgniter->run()
#11 C:\xampp\htdocs\isceeradmin\system\Commands\Server\rewrite.php(43): require_once('C:\\xampp\\htdocs...')
#12 {main}
CRITICAL - 2022-09-13 21:18:43 --> Not unique table/alias: 'scope'
in SYSTEMPATH\Database\MySQLi\Connection.php on line 292.
 1 SYSTEMPATH\Database\MySQLi\Connection.php(292): mysqli->query('SELECT COUNT(*) AS `numrows`
FROM `abstrak`
JOIN `scope` ON `scope`.`id_scope`=`abstrak`.`id_scope`
JOIN `scope` ON `scope`.`id_scope`=`abstrak`.`id_scope`
WHERE YEAR(`submit_date`) = \'2022\'
AND YEAR(`submit_date`) = \'2022\'
AND `status` = \'accepted\'', 0)
 2 SYSTEMPATH\Database\BaseConnection.php(693): CodeIgniter\Database\MySQLi\Connection->execute('SELECT COUNT(*) AS `numrows`
FROM `abstrak`
JOIN `scope` ON `scope`.`id_scope`=`abstrak`.`id_scope`
JOIN `scope` ON `scope`.`id_scope`=`abstrak`.`id_scope`
WHERE YEAR(`submit_date`) = \'2022\'
AND YEAR(`submit_date`) = \'2022\'
AND `status` = \'accepted\'')
 3 SYSTEMPATH\Database\BaseConnection.php(620): CodeIgniter\Database\BaseConnection->simpleQuery('SELECT COUNT(*) AS `numrows`
FROM `abstrak`
JOIN `scope` ON `scope`.`id_scope`=`abstrak`.`id_scope`
JOIN `scope` ON `scope`.`id_scope`=`abstrak`.`id_scope`
WHERE YEAR(`submit_date`) = \'2022\'
AND YEAR(`submit_date`) = \'2022\'
AND `status` = \'accepted\'')
 4 SYSTEMPATH\Database\BaseBuilder.php(1669): CodeIgniter\Database\BaseConnection->query('SELECT COUNT(*) AS `numrows`
FROM `abstrak`
JOIN `scope` ON `scope`.`id_scope`=`abstrak`.`id_scope`
JOIN `scope` ON `scope`.`id_scope`=`abstrak`.`id_scope`
WHERE YEAR(`submit_date`) = :YEAR(`submit_date`):
AND YEAR(`submit_date`) = :YEAR(`submit_date`).1:
AND `status` = :status:', [...], false)
 5 SYSTEMPATH\Model.php(550): CodeIgniter\Database\BaseBuilder->countAllResults(false)
 6 SYSTEMPATH\BaseModel.php(1085): CodeIgniter\Model->countAllResults(false)
 7 APPPATH\Controllers\Admin.php(83): CodeIgniter\BaseModel->paginate(10, 'abstrak')
 8 SYSTEMPATH\CodeIgniter.php(904): App\Controllers\Admin->abstrak()
 9 SYSTEMPATH\CodeIgniter.php(457): CodeIgniter\CodeIgniter->runController(Object(App\Controllers\Admin))
10 SYSTEMPATH\CodeIgniter.php(340): CodeIgniter\CodeIgniter->handleRequest(null, Object(Config\Cache), false)
11 FCPATH\index.php(67): CodeIgniter\CodeIgniter->run()
12 SYSTEMPATH\Commands\Server\rewrite.php(43): require_once('FCPATH\\index.php')
ERROR - 2022-09-13 21:18:45 --> mysqli_sql_exception: Not unique table/alias: 'scope' in C:\xampp\htdocs\isceeradmin\system\Database\MySQLi\Connection.php:292
Stack trace:
#0 C:\xampp\htdocs\isceeradmin\system\Database\MySQLi\Connection.php(292): mysqli->query('SELECT COUNT(*)...', 0)
#1 C:\xampp\htdocs\isceeradmin\system\Database\BaseConnection.php(693): CodeIgniter\Database\MySQLi\Connection->execute('SELECT COUNT(*)...')
#2 C:\xampp\htdocs\isceeradmin\system\Database\BaseConnection.php(620): CodeIgniter\Database\BaseConnection->simpleQuery('SELECT COUNT(*)...')
#3 C:\xampp\htdocs\isceeradmin\system\Database\BaseBuilder.php(1669): CodeIgniter\Database\BaseConnection->query('SELECT COUNT(*)...', Array, false)
#4 C:\xampp\htdocs\isceeradmin\system\Model.php(550): CodeIgniter\Database\BaseBuilder->countAllResults(false)
#5 C:\xampp\htdocs\isceeradmin\system\BaseModel.php(1085): CodeIgniter\Model->countAllResults(false)
#6 C:\xampp\htdocs\isceeradmin\app\Controllers\Admin.php(83): CodeIgniter\BaseModel->paginate(10, 'abstrak')
#7 C:\xampp\htdocs\isceeradmin\system\CodeIgniter.php(904): App\Controllers\Admin->abstrak()
#8 C:\xampp\htdocs\isceeradmin\system\CodeIgniter.php(457): CodeIgniter\CodeIgniter->runController(Object(App\Controllers\Admin))
#9 C:\xampp\htdocs\isceeradmin\system\CodeIgniter.php(340): CodeIgniter\CodeIgniter->handleRequest(NULL, Object(Config\Cache), false)
#10 C:\xampp\htdocs\isceeradmin\public\index.php(67): CodeIgniter\CodeIgniter->run()
#11 C:\xampp\htdocs\isceeradmin\system\Commands\Server\rewrite.php(43): require_once('C:\\xampp\\htdocs...')
#12 {main}
CRITICAL - 2022-09-13 21:18:45 --> Not unique table/alias: 'scope'
in SYSTEMPATH\Database\MySQLi\Connection.php on line 292.
 1 SYSTEMPATH\Database\MySQLi\Connection.php(292): mysqli->query('SELECT COUNT(*) AS `numrows`
FROM `abstrak`
JOIN `scope` ON `scope`.`id_scope`=`abstrak`.`id_scope`
JOIN `scope` ON `scope`.`id_scope`=`abstrak`.`id_scope`
WHERE YEAR(`submit_date`) = \'2022\'
AND YEAR(`submit_date`) = \'2022\'
AND `status` = \'accepted\'', 0)
 2 SYSTEMPATH\Database\BaseConnection.php(693): CodeIgniter\Database\MySQLi\Connection->execute('SELECT COUNT(*) AS `numrows`
FROM `abstrak`
JOIN `scope` ON `scope`.`id_scope`=`abstrak`.`id_scope`
JOIN `scope` ON `scope`.`id_scope`=`abstrak`.`id_scope`
WHERE YEAR(`submit_date`) = \'2022\'
AND YEAR(`submit_date`) = \'2022\'
AND `status` = \'accepted\'')
 3 SYSTEMPATH\Database\BaseConnection.php(620): CodeIgniter\Database\BaseConnection->simpleQuery('SELECT COUNT(*) AS `numrows`
FROM `abstrak`
JOIN `scope` ON `scope`.`id_scope`=`abstrak`.`id_scope`
JOIN `scope` ON `scope`.`id_scope`=`abstrak`.`id_scope`
WHERE YEAR(`submit_date`) = \'2022\'
AND YEAR(`submit_date`) = \'2022\'
AND `status` = \'accepted\'')
 4 SYSTEMPATH\Database\BaseBuilder.php(1669): CodeIgniter\Database\BaseConnection->query('SELECT COUNT(*) AS `numrows`
FROM `abstrak`
JOIN `scope` ON `scope`.`id_scope`=`abstrak`.`id_scope`
JOIN `scope` ON `scope`.`id_scope`=`abstrak`.`id_scope`
WHERE YEAR(`submit_date`) = :YEAR(`submit_date`):
AND YEAR(`submit_date`) = :YEAR(`submit_date`).1:
AND `status` = :status:', [...], false)
 5 SYSTEMPATH\Model.php(550): CodeIgniter\Database\BaseBuilder->countAllResults(false)
 6 SYSTEMPATH\BaseModel.php(1085): CodeIgniter\Model->countAllResults(false)
 7 APPPATH\Controllers\Admin.php(83): CodeIgniter\BaseModel->paginate(10, 'abstrak')
 8 SYSTEMPATH\CodeIgniter.php(904): App\Controllers\Admin->abstrak()
 9 SYSTEMPATH\CodeIgniter.php(457): CodeIgniter\CodeIgniter->runController(Object(App\Controllers\Admin))
10 SYSTEMPATH\CodeIgniter.php(340): CodeIgniter\CodeIgniter->handleRequest(null, Object(Config\Cache), false)
11 FCPATH\index.php(67): CodeIgniter\CodeIgniter->run()
12 SYSTEMPATH\Commands\Server\rewrite.php(43): require_once('FCPATH\\index.php')
ERROR - 2022-09-13 21:19:11 --> mysqli_sql_exception: Not unique table/alias: 'scope' in C:\xampp\htdocs\isceeradmin\system\Database\MySQLi\Connection.php:292
Stack trace:
#0 C:\xampp\htdocs\isceeradmin\system\Database\MySQLi\Connection.php(292): mysqli->query('SELECT COUNT(*)...', 0)
#1 C:\xampp\htdocs\isceeradmin\system\Database\BaseConnection.php(693): CodeIgniter\Database\MySQLi\Connection->execute('SELECT COUNT(*)...')
#2 C:\xampp\htdocs\isceeradmin\system\Database\BaseConnection.php(620): CodeIgniter\Database\BaseConnection->simpleQuery('SELECT COUNT(*)...')
#3 C:\xampp\htdocs\isceeradmin\system\Database\BaseBuilder.php(1669): CodeIgniter\Database\BaseConnection->query('SELECT COUNT(*)...', Array, false)
#4 C:\xampp\htdocs\isceeradmin\system\Model.php(550): CodeIgniter\Database\BaseBuilder->countAllResults(false)
#5 C:\xampp\htdocs\isceeradmin\system\BaseModel.php(1085): CodeIgniter\Model->countAllResults(false)
#6 C:\xampp\htdocs\isceeradmin\app\Controllers\Admin.php(83): CodeIgniter\BaseModel->paginate(10, 'abstrak')
#7 C:\xampp\htdocs\isceeradmin\system\CodeIgniter.php(904): App\Controllers\Admin->abstrak()
#8 C:\xampp\htdocs\isceeradmin\system\CodeIgniter.php(457): CodeIgniter\CodeIgniter->runController(Object(App\Controllers\Admin))
#9 C:\xampp\htdocs\isceeradmin\system\CodeIgniter.php(340): CodeIgniter\CodeIgniter->handleRequest(NULL, Object(Config\Cache), false)
#10 C:\xampp\htdocs\isceeradmin\public\index.php(67): CodeIgniter\CodeIgniter->run()
#11 C:\xampp\htdocs\isceeradmin\system\Commands\Server\rewrite.php(43): require_once('C:\\xampp\\htdocs...')
#12 {main}
CRITICAL - 2022-09-13 21:19:11 --> Not unique table/alias: 'scope'
in SYSTEMPATH\Database\MySQLi\Connection.php on line 292.
 1 SYSTEMPATH\Database\MySQLi\Connection.php(292): mysqli->query('SELECT COUNT(*) AS `numrows`
FROM `abstrak`
JOIN `scope` ON `scope`.`id_scope`=`abstrak`.`id_scope`
JOIN `scope` ON `scope`.`id_scope`=`abstrak`.`id_scope`
WHERE YEAR(`submit_date`) = \'2022\'
AND YEAR(`submit_date`) = \'2022\'
AND `status` = \'accepted\'', 0)
 2 SYSTEMPATH\Database\BaseConnection.php(693): CodeIgniter\Database\MySQLi\Connection->execute('SELECT COUNT(*) AS `numrows`
FROM `abstrak`
JOIN `scope` ON `scope`.`id_scope`=`abstrak`.`id_scope`
JOIN `scope` ON `scope`.`id_scope`=`abstrak`.`id_scope`
WHERE YEAR(`submit_date`) = \'2022\'
AND YEAR(`submit_date`) = \'2022\'
AND `status` = \'accepted\'')
 3 SYSTEMPATH\Database\BaseConnection.php(620): CodeIgniter\Database\BaseConnection->simpleQuery('SELECT COUNT(*) AS `numrows`
FROM `abstrak`
JOIN `scope` ON `scope`.`id_scope`=`abstrak`.`id_scope`
JOIN `scope` ON `scope`.`id_scope`=`abstrak`.`id_scope`
WHERE YEAR(`submit_date`) = \'2022\'
AND YEAR(`submit_date`) = \'2022\'
AND `status` = \'accepted\'')
 4 SYSTEMPATH\Database\BaseBuilder.php(1669): CodeIgniter\Database\BaseConnection->query('SELECT COUNT(*) AS `numrows`
FROM `abstrak`
JOIN `scope` ON `scope`.`id_scope`=`abstrak`.`id_scope`
JOIN `scope` ON `scope`.`id_scope`=`abstrak`.`id_scope`
WHERE YEAR(`submit_date`) = :YEAR(`submit_date`):
AND YEAR(`submit_date`) = :YEAR(`submit_date`).1:
AND `status` = :status:', [...], false)
 5 SYSTEMPATH\Model.php(550): CodeIgniter\Database\BaseBuilder->countAllResults(false)
 6 SYSTEMPATH\BaseModel.php(1085): CodeIgniter\Model->countAllResults(false)
 7 APPPATH\Controllers\Admin.php(83): CodeIgniter\BaseModel->paginate(10, 'abstrak')
 8 SYSTEMPATH\CodeIgniter.php(904): App\Controllers\Admin->abstrak()
 9 SYSTEMPATH\CodeIgniter.php(457): CodeIgniter\CodeIgniter->runController(Object(App\Controllers\Admin))
10 SYSTEMPATH\CodeIgniter.php(340): CodeIgniter\CodeIgniter->handleRequest(null, Object(Config\Cache), false)
11 FCPATH\index.php(67): CodeIgniter\CodeIgniter->run()
12 SYSTEMPATH\Commands\Server\rewrite.php(43): require_once('FCPATH\\index.php')
ERROR - 2022-09-13 21:19:47 --> mysqli_sql_exception: Column 'scope' in field list is ambiguous in C:\xampp\htdocs\isceeradmin\system\Database\MySQLi\Connection.php:292
Stack trace:
#0 C:\xampp\htdocs\isceeradmin\system\Database\MySQLi\Connection.php(292): mysqli->query('SELECT `abstrak...', 0)
#1 C:\xampp\htdocs\isceeradmin\system\Database\BaseConnection.php(693): CodeIgniter\Database\MySQLi\Connection->execute('SELECT `abstrak...')
#2 C:\xampp\htdocs\isceeradmin\system\Database\BaseConnection.php(620): CodeIgniter\Database\BaseConnection->simpleQuery('SELECT `abstrak...')
#3 C:\xampp\htdocs\isceeradmin\system\Database\BaseBuilder.php(1585): CodeIgniter\Database\BaseConnection->query('SELECT `abstrak...', Array, false)
#4 C:\xampp\htdocs\isceeradmin\system\Model.php(222): CodeIgniter\Database\BaseBuilder->get()
#5 C:\xampp\htdocs\isceeradmin\system\BaseModel.php(584): CodeIgniter\Model->doFindAll(10, 0)
#6 C:\xampp\htdocs\isceeradmin\system\BaseModel.php(1089): CodeIgniter\BaseModel->findAll(10, 0)
#7 C:\xampp\htdocs\isceeradmin\app\Controllers\Admin.php(83): CodeIgniter\BaseModel->paginate(10, 'abstrak')
#8 C:\xampp\htdocs\isceeradmin\system\CodeIgniter.php(904): App\Controllers\Admin->abstrak()
#9 C:\xampp\htdocs\isceeradmin\system\CodeIgniter.php(457): CodeIgniter\CodeIgniter->runController(Object(App\Controllers\Admin))
#10 C:\xampp\htdocs\isceeradmin\system\CodeIgniter.php(340): CodeIgniter\CodeIgniter->handleRequest(NULL, Object(Config\Cache), false)
#11 C:\xampp\htdocs\isceeradmin\public\index.php(67): CodeIgniter\CodeIgniter->run()
#12 C:\xampp\htdocs\isceeradmin\system\Commands\Server\rewrite.php(43): require_once('C:\\xampp\\htdocs...')
#13 {main}
CRITICAL - 2022-09-13 21:19:47 --> Column 'scope' in field list is ambiguous
in SYSTEMPATH\Database\MySQLi\Connection.php on line 292.
 1 SYSTEMPATH\Database\MySQLi\Connection.php(292): mysqli->query('SELECT `abstrak`.`abs_id`, `abstrak`.`id_scope`, `judul`, `abstrak`, `penulis`, `afiliasi`, `presenter`, `keyword`, `status`, `scope`, `submit_date`, `update_date`, `abstrak`.`abs_id`, `abstrak`.`id_scope`, `judul`, `abstrak`, `penulis`, `afiliasi`, `presenter`, `keyword`, `status`, `scope`, `submit_date`, `update_date`
FROM `abstrak`
JOIN `scope` as `s` ON `s`.`id_scope`=`abstrak`.`id_scope`
JOIN `scope` ON `scope`.`id_scope`=`abstrak`.`id_scope`
WHERE YEAR(`submit_date`) = \'2022\'
AND YEAR(`submit_date`) = \'2022\'
AND `status` = \'accepted\'
ORDER BY `abs_id` ASC, `abs_id` ASC
 LIMIT 10', 0)
 2 SYSTEMPATH\Database\BaseConnection.php(693): CodeIgniter\Database\MySQLi\Connection->execute('SELECT `abstrak`.`abs_id`, `abstrak`.`id_scope`, `judul`, `abstrak`, `penulis`, `afiliasi`, `presenter`, `keyword`, `status`, `scope`, `submit_date`, `update_date`, `abstrak`.`abs_id`, `abstrak`.`id_scope`, `judul`, `abstrak`, `penulis`, `afiliasi`, `presenter`, `keyword`, `status`, `scope`, `submit_date`, `update_date`
FROM `abstrak`
JOIN `scope` as `s` ON `s`.`id_scope`=`abstrak`.`id_scope`
JOIN `scope` ON `scope`.`id_scope`=`abstrak`.`id_scope`
WHERE YEAR(`submit_date`) = \'2022\'
AND YEAR(`submit_date`) = \'2022\'
AND `status` = \'accepted\'
ORDER BY `abs_id` ASC, `abs_id` ASC
 LIMIT 10')
 3 SYSTEMPATH\Database\BaseConnection.php(620): CodeIgniter\Database\BaseConnection->simpleQuery('SELECT `abstrak`.`abs_id`, `abstrak`.`id_scope`, `judul`, `abstrak`, `penulis`, `afiliasi`, `presenter`, `keyword`, `status`, `scope`, `submit_date`, `update_date`, `abstrak`.`abs_id`, `abstrak`.`id_scope`, `judul`, `abstrak`, `penulis`, `afiliasi`, `presenter`, `keyword`, `status`, `scope`, `submit_date`, `update_date`
FROM `abstrak`
JOIN `scope` as `s` ON `s`.`id_scope`=`abstrak`.`id_scope`
JOIN `scope` ON `scope`.`id_scope`=`abstrak`.`id_scope`
WHERE YEAR(`submit_date`) = \'2022\'
AND YEAR(`submit_date`) = \'2022\'
AND `status` = \'accepted\'
ORDER BY `abs_id` ASC, `abs_id` ASC
 LIMIT 10')
 4 SYSTEMPATH\Database\BaseBuilder.php(1585): CodeIgniter\Database\BaseConnection->query('SELECT `abstrak`.`abs_id`, `abstrak`.`id_scope`, `judul`, `abstrak`, `penulis`, `afiliasi`, `presenter`, `keyword`, `status`, `scope`, `submit_date`, `update_date`, `abstrak`.`abs_id`, `abstrak`.`id_scope`, `judul`, `abstrak`, `penulis`, `afiliasi`, `presenter`, `keyword`, `status`, `scope`, `submit_date`, `update_date`
FROM `abstrak`
JOIN `scope` as `s` ON `s`.`id_scope`=`abstrak`.`id_scope`
JOIN `scope` ON `scope`.`id_scope`=`abstrak`.`id_scope`
WHERE YEAR(`submit_date`) = :YEAR(`submit_date`):
AND YEAR(`submit_date`) = :YEAR(`submit_date`).1:
AND `status` = :status:
ORDER BY `abs_id` ASC, `abs_id` ASC
 LIMIT 10', [...], false)
 5 SYSTEMPATH\Model.php(222): CodeIgniter\Database\BaseBuilder->get()
 6 SYSTEMPATH\BaseModel.php(584): CodeIgniter\Model->doFindAll(10, 0)
 7 SYSTEMPATH\BaseModel.php(1089): CodeIgniter\BaseModel->findAll(10, 0)
 8 APPPATH\Controllers\Admin.php(83): CodeIgniter\BaseModel->paginate(10, 'abstrak')
 9 SYSTEMPATH\CodeIgniter.php(904): App\Controllers\Admin->abstrak()
10 SYSTEMPATH\CodeIgniter.php(457): CodeIgniter\CodeIgniter->runController(Object(App\Controllers\Admin))
11 SYSTEMPATH\CodeIgniter.php(340): CodeIgniter\CodeIgniter->handleRequest(null, Object(Config\Cache), false)
12 FCPATH\index.php(67): CodeIgniter\CodeIgniter->run()
13 SYSTEMPATH\Commands\Server\rewrite.php(43): require_once('FCPATH\\index.php')
ERROR - 2022-09-13 21:19:56 --> mysqli_sql_exception: Column 'scope' in field list is ambiguous in C:\xampp\htdocs\isceeradmin\system\Database\MySQLi\Connection.php:292
Stack trace:
#0 C:\xampp\htdocs\isceeradmin\system\Database\MySQLi\Connection.php(292): mysqli->query('SELECT `abstrak...', 0)
#1 C:\xampp\htdocs\isceeradmin\system\Database\BaseConnection.php(693): CodeIgniter\Database\MySQLi\Connection->execute('SELECT `abstrak...')
#2 C:\xampp\htdocs\isceeradmin\system\Database\BaseConnection.php(620): CodeIgniter\Database\BaseConnection->simpleQuery('SELECT `abstrak...')
#3 C:\xampp\htdocs\isceeradmin\system\Database\BaseBuilder.php(1585): CodeIgniter\Database\BaseConnection->query('SELECT `abstrak...', Array, false)
#4 C:\xampp\htdocs\isceeradmin\system\Model.php(222): CodeIgniter\Database\BaseBuilder->get()
#5 C:\xampp\htdocs\isceeradmin\system\BaseModel.php(584): CodeIgniter\Model->doFindAll(10, 0)
#6 C:\xampp\htdocs\isceeradmin\system\BaseModel.php(1089): CodeIgniter\BaseModel->findAll(10, 0)
#7 C:\xampp\htdocs\isceeradmin\app\Controllers\Admin.php(83): CodeIgniter\BaseModel->paginate(10, 'abstrak')
#8 C:\xampp\htdocs\isceeradmin\system\CodeIgniter.php(904): App\Controllers\Admin->abstrak()
#9 C:\xampp\htdocs\isceeradmin\system\CodeIgniter.php(457): CodeIgniter\CodeIgniter->runController(Object(App\Controllers\Admin))
#10 C:\xampp\htdocs\isceeradmin\system\CodeIgniter.php(340): CodeIgniter\CodeIgniter->handleRequest(NULL, Object(Config\Cache), false)
#11 C:\xampp\htdocs\isceeradmin\public\index.php(67): CodeIgniter\CodeIgniter->run()
#12 C:\xampp\htdocs\isceeradmin\system\Commands\Server\rewrite.php(43): require_once('C:\\xampp\\htdocs...')
#13 {main}
CRITICAL - 2022-09-13 21:19:56 --> Column 'scope' in field list is ambiguous
in SYSTEMPATH\Database\MySQLi\Connection.php on line 292.
 1 SYSTEMPATH\Database\MySQLi\Connection.php(292): mysqli->query('SELECT `abstrak`.`abs_id`, `abstrak`.`id_scope`, `judul`, `abstrak`, `penulis`, `afiliasi`, `presenter`, `keyword`, `status`, `s`.`scope`, `submit_date`, `update_date`, `abstrak`.`abs_id`, `abstrak`.`id_scope`, `judul`, `abstrak`, `penulis`, `afiliasi`, `presenter`, `keyword`, `status`, `scope`, `submit_date`, `update_date`
FROM `abstrak`
JOIN `scope` as `s` ON `s`.`id_scope`=`abstrak`.`id_scope`
JOIN `scope` ON `scope`.`id_scope`=`abstrak`.`id_scope`
WHERE YEAR(`submit_date`) = \'2022\'
AND YEAR(`submit_date`) = \'2022\'
AND `status` = \'accepted\'
ORDER BY `abs_id` ASC, `abs_id` ASC
 LIMIT 10', 0)
 2 SYSTEMPATH\Database\BaseConnection.php(693): CodeIgniter\Database\MySQLi\Connection->execute('SELECT `abstrak`.`abs_id`, `abstrak`.`id_scope`, `judul`, `abstrak`, `penulis`, `afiliasi`, `presenter`, `keyword`, `status`, `s`.`scope`, `submit_date`, `update_date`, `abstrak`.`abs_id`, `abstrak`.`id_scope`, `judul`, `abstrak`, `penulis`, `afiliasi`, `presenter`, `keyword`, `status`, `scope`, `submit_date`, `update_date`
FROM `abstrak`
JOIN `scope` as `s` ON `s`.`id_scope`=`abstrak`.`id_scope`
JOIN `scope` ON `scope`.`id_scope`=`abstrak`.`id_scope`
WHERE YEAR(`submit_date`) = \'2022\'
AND YEAR(`submit_date`) = \'2022\'
AND `status` = \'accepted\'
ORDER BY `abs_id` ASC, `abs_id` ASC
 LIMIT 10')
 3 SYSTEMPATH\Database\BaseConnection.php(620): CodeIgniter\Database\BaseConnection->simpleQuery('SELECT `abstrak`.`abs_id`, `abstrak`.`id_scope`, `judul`, `abstrak`, `penulis`, `afiliasi`, `presenter`, `keyword`, `status`, `s`.`scope`, `submit_date`, `update_date`, `abstrak`.`abs_id`, `abstrak`.`id_scope`, `judul`, `abstrak`, `penulis`, `afiliasi`, `presenter`, `keyword`, `status`, `scope`, `submit_date`, `update_date`
FROM `abstrak`
JOIN `scope` as `s` ON `s`.`id_scope`=`abstrak`.`id_scope`
JOIN `scope` ON `scope`.`id_scope`=`abstrak`.`id_scope`
WHERE YEAR(`submit_date`) = \'2022\'
AND YEAR(`submit_date`) = \'2022\'
AND `status` = \'accepted\'
ORDER BY `abs_id` ASC, `abs_id` ASC
 LIMIT 10')
 4 SYSTEMPATH\Database\BaseBuilder.php(1585): CodeIgniter\Database\BaseConnection->query('SELECT `abstrak`.`abs_id`, `abstrak`.`id_scope`, `judul`, `abstrak`, `penulis`, `afiliasi`, `presenter`, `keyword`, `status`, `s`.`scope`, `submit_date`, `update_date`, `abstrak`.`abs_id`, `abstrak`.`id_scope`, `judul`, `abstrak`, `penulis`, `afiliasi`, `presenter`, `keyword`, `status`, `scope`, `submit_date`, `update_date`
FROM `abstrak`
JOIN `scope` as `s` ON `s`.`id_scope`=`abstrak`.`id_scope`
JOIN `scope` ON `scope`.`id_scope`=`abstrak`.`id_scope`
WHERE YEAR(`submit_date`) = :YEAR(`submit_date`):
AND YEAR(`submit_date`) = :YEAR(`submit_date`).1:
AND `status` = :status:
ORDER BY `abs_id` ASC, `abs_id` ASC
 LIMIT 10', [...], false)
 5 SYSTEMPATH\Model.php(222): CodeIgniter\Database\BaseBuilder->get()
 6 SYSTEMPATH\BaseModel.php(584): CodeIgniter\Model->doFindAll(10, 0)
 7 SYSTEMPATH\BaseModel.php(1089): CodeIgniter\BaseModel->findAll(10, 0)
 8 APPPATH\Controllers\Admin.php(83): CodeIgniter\BaseModel->paginate(10, 'abstrak')
 9 SYSTEMPATH\CodeIgniter.php(904): App\Controllers\Admin->abstrak()
10 SYSTEMPATH\CodeIgniter.php(457): CodeIgniter\CodeIgniter->runController(Object(App\Controllers\Admin))
11 SYSTEMPATH\CodeIgniter.php(340): CodeIgniter\CodeIgniter->handleRequest(null, Object(Config\Cache), false)
12 FCPATH\index.php(67): CodeIgniter\CodeIgniter->run()
13 SYSTEMPATH\Commands\Server\rewrite.php(43): require_once('FCPATH\\index.php')
ERROR - 2022-09-13 21:19:58 --> mysqli_sql_exception: Column 'scope' in field list is ambiguous in C:\xampp\htdocs\isceeradmin\system\Database\MySQLi\Connection.php:292
Stack trace:
#0 C:\xampp\htdocs\isceeradmin\system\Database\MySQLi\Connection.php(292): mysqli->query('SELECT `abstrak...', 0)
#1 C:\xampp\htdocs\isceeradmin\system\Database\BaseConnection.php(693): CodeIgniter\Database\MySQLi\Connection->execute('SELECT `abstrak...')
#2 C:\xampp\htdocs\isceeradmin\system\Database\BaseConnection.php(620): CodeIgniter\Database\BaseConnection->simpleQuery('SELECT `abstrak...')
#3 C:\xampp\htdocs\isceeradmin\system\Database\BaseBuilder.php(1585): CodeIgniter\Database\BaseConnection->query('SELECT `abstrak...', Array, false)
#4 C:\xampp\htdocs\isceeradmin\system\Model.php(222): CodeIgniter\Database\BaseBuilder->get()
#5 C:\xampp\htdocs\isceeradmin\system\BaseModel.php(584): CodeIgniter\Model->doFindAll(10, 0)
#6 C:\xampp\htdocs\isceeradmin\system\BaseModel.php(1089): CodeIgniter\BaseModel->findAll(10, 0)
#7 C:\xampp\htdocs\isceeradmin\app\Controllers\Admin.php(83): CodeIgniter\BaseModel->paginate(10, 'abstrak')
#8 C:\xampp\htdocs\isceeradmin\system\CodeIgniter.php(904): App\Controllers\Admin->abstrak()
#9 C:\xampp\htdocs\isceeradmin\system\CodeIgniter.php(457): CodeIgniter\CodeIgniter->runController(Object(App\Controllers\Admin))
#10 C:\xampp\htdocs\isceeradmin\system\CodeIgniter.php(340): CodeIgniter\CodeIgniter->handleRequest(NULL, Object(Config\Cache), false)
#11 C:\xampp\htdocs\isceeradmin\public\index.php(67): CodeIgniter\CodeIgniter->run()
#12 C:\xampp\htdocs\isceeradmin\system\Commands\Server\rewrite.php(43): require_once('C:\\xampp\\htdocs...')
#13 {main}
CRITICAL - 2022-09-13 21:19:58 --> Column 'scope' in field list is ambiguous
in SYSTEMPATH\Database\MySQLi\Connection.php on line 292.
 1 SYSTEMPATH\Database\MySQLi\Connection.php(292): mysqli->query('SELECT `abstrak`.`abs_id`, `abstrak`.`id_scope`, `judul`, `abstrak`, `penulis`, `afiliasi`, `presenter`, `keyword`, `status`, `s`.`scope`, `submit_date`, `update_date`, `abstrak`.`abs_id`, `abstrak`.`id_scope`, `judul`, `abstrak`, `penulis`, `afiliasi`, `presenter`, `keyword`, `status`, `scope`, `submit_date`, `update_date`
FROM `abstrak`
JOIN `scope` as `s` ON `s`.`id_scope`=`abstrak`.`id_scope`
JOIN `scope` ON `scope`.`id_scope`=`abstrak`.`id_scope`
WHERE YEAR(`submit_date`) = \'2022\'
AND YEAR(`submit_date`) = \'2022\'
AND `status` = \'accepted\'
ORDER BY `abs_id` ASC, `abs_id` ASC
 LIMIT 10', 0)
 2 SYSTEMPATH\Database\BaseConnection.php(693): CodeIgniter\Database\MySQLi\Connection->execute('SELECT `abstrak`.`abs_id`, `abstrak`.`id_scope`, `judul`, `abstrak`, `penulis`, `afiliasi`, `presenter`, `keyword`, `status`, `s`.`scope`, `submit_date`, `update_date`, `abstrak`.`abs_id`, `abstrak`.`id_scope`, `judul`, `abstrak`, `penulis`, `afiliasi`, `presenter`, `keyword`, `status`, `scope`, `submit_date`, `update_date`
FROM `abstrak`
JOIN `scope` as `s` ON `s`.`id_scope`=`abstrak`.`id_scope`
JOIN `scope` ON `scope`.`id_scope`=`abstrak`.`id_scope`
WHERE YEAR(`submit_date`) = \'2022\'
AND YEAR(`submit_date`) = \'2022\'
AND `status` = \'accepted\'
ORDER BY `abs_id` ASC, `abs_id` ASC
 LIMIT 10')
 3 SYSTEMPATH\Database\BaseConnection.php(620): CodeIgniter\Database\BaseConnection->simpleQuery('SELECT `abstrak`.`abs_id`, `abstrak`.`id_scope`, `judul`, `abstrak`, `penulis`, `afiliasi`, `presenter`, `keyword`, `status`, `s`.`scope`, `submit_date`, `update_date`, `abstrak`.`abs_id`, `abstrak`.`id_scope`, `judul`, `abstrak`, `penulis`, `afiliasi`, `presenter`, `keyword`, `status`, `scope`, `submit_date`, `update_date`
FROM `abstrak`
JOIN `scope` as `s` ON `s`.`id_scope`=`abstrak`.`id_scope`
JOIN `scope` ON `scope`.`id_scope`=`abstrak`.`id_scope`
WHERE YEAR(`submit_date`) = \'2022\'
AND YEAR(`submit_date`) = \'2022\'
AND `status` = \'accepted\'
ORDER BY `abs_id` ASC, `abs_id` ASC
 LIMIT 10')
 4 SYSTEMPATH\Database\BaseBuilder.php(1585): CodeIgniter\Database\BaseConnection->query('SELECT `abstrak`.`abs_id`, `abstrak`.`id_scope`, `judul`, `abstrak`, `penulis`, `afiliasi`, `presenter`, `keyword`, `status`, `s`.`scope`, `submit_date`, `update_date`, `abstrak`.`abs_id`, `abstrak`.`id_scope`, `judul`, `abstrak`, `penulis`, `afiliasi`, `presenter`, `keyword`, `status`, `scope`, `submit_date`, `update_date`
FROM `abstrak`
JOIN `scope` as `s` ON `s`.`id_scope`=`abstrak`.`id_scope`
JOIN `scope` ON `scope`.`id_scope`=`abstrak`.`id_scope`
WHERE YEAR(`submit_date`) = :YEAR(`submit_date`):
AND YEAR(`submit_date`) = :YEAR(`submit_date`).1:
AND `status` = :status:
ORDER BY `abs_id` ASC, `abs_id` ASC
 LIMIT 10', [...], false)
 5 SYSTEMPATH\Model.php(222): CodeIgniter\Database\BaseBuilder->get()
 6 SYSTEMPATH\BaseModel.php(584): CodeIgniter\Model->doFindAll(10, 0)
 7 SYSTEMPATH\BaseModel.php(1089): CodeIgniter\BaseModel->findAll(10, 0)
 8 APPPATH\Controllers\Admin.php(83): CodeIgniter\BaseModel->paginate(10, 'abstrak')
 9 SYSTEMPATH\CodeIgniter.php(904): App\Controllers\Admin->abstrak()
10 SYSTEMPATH\CodeIgniter.php(457): CodeIgniter\CodeIgniter->runController(Object(App\Controllers\Admin))
11 SYSTEMPATH\CodeIgniter.php(340): CodeIgniter\CodeIgniter->handleRequest(null, Object(Config\Cache), false)
12 FCPATH\index.php(67): CodeIgniter\CodeIgniter->run()
13 SYSTEMPATH\Commands\Server\rewrite.php(43): require_once('FCPATH\\index.php')
ERROR - 2022-09-13 21:20:56 --> mysqli_sql_exception: Column 'scope' in field list is ambiguous in C:\xampp\htdocs\isceeradmin\system\Database\MySQLi\Connection.php:292
Stack trace:
#0 C:\xampp\htdocs\isceeradmin\system\Database\MySQLi\Connection.php(292): mysqli->query('SELECT `abstrak...', 0)
#1 C:\xampp\htdocs\isceeradmin\system\Database\BaseConnection.php(693): CodeIgniter\Database\MySQLi\Connection->execute('SELECT `abstrak...')
#2 C:\xampp\htdocs\isceeradmin\system\Database\BaseConnection.php(620): CodeIgniter\Database\BaseConnection->simpleQuery('SELECT `abstrak...')
#3 C:\xampp\htdocs\isceeradmin\system\Database\BaseBuilder.php(1585): CodeIgniter\Database\BaseConnection->query('SELECT `abstrak...', Array, false)
#4 C:\xampp\htdocs\isceeradmin\system\Model.php(222): CodeIgniter\Database\BaseBuilder->get()
#5 C:\xampp\htdocs\isceeradmin\system\BaseModel.php(584): CodeIgniter\Model->doFindAll(10, 0)
#6 C:\xampp\htdocs\isceeradmin\system\BaseModel.php(1089): CodeIgniter\BaseModel->findAll(10, 0)
#7 C:\xampp\htdocs\isceeradmin\app\Controllers\Admin.php(83): CodeIgniter\BaseModel->paginate(10, 'abstrak')
#8 C:\xampp\htdocs\isceeradmin\system\CodeIgniter.php(904): App\Controllers\Admin->abstrak()
#9 C:\xampp\htdocs\isceeradmin\system\CodeIgniter.php(457): CodeIgniter\CodeIgniter->runController(Object(App\Controllers\Admin))
#10 C:\xampp\htdocs\isceeradmin\system\CodeIgniter.php(340): CodeIgniter\CodeIgniter->handleRequest(NULL, Object(Config\Cache), false)
#11 C:\xampp\htdocs\isceeradmin\public\index.php(67): CodeIgniter\CodeIgniter->run()
#12 C:\xampp\htdocs\isceeradmin\system\Commands\Server\rewrite.php(43): require_once('C:\\xampp\\htdocs...')
#13 {main}
CRITICAL - 2022-09-13 21:20:56 --> Column 'scope' in field list is ambiguous
in SYSTEMPATH\Database\MySQLi\Connection.php on line 292.
 1 SYSTEMPATH\Database\MySQLi\Connection.php(292): mysqli->query('SELECT `abstrak`.`abs_id`, `abstrak`.`id_scope`, `judul`, `abstrak`, `penulis`, `afiliasi`, `presenter`, `keyword`, `status`, `scope`.`scope`, `submit_date`, `update_date`, `abstrak`.`abs_id`, `abstrak`.`id_scope`, `judul`, `abstrak`, `penulis`, `afiliasi`, `presenter`, `keyword`, `status`, `scope`, `submit_date`, `update_date`
FROM `abstrak`
JOIN `scope` as `s` ON `s`.`id_scope`=`abstrak`.`id_scope`
JOIN `scope` ON `scope`.`id_scope`=`abstrak`.`id_scope`
WHERE YEAR(`submit_date`) = \'2022\'
AND YEAR(`submit_date`) = \'2022\'
AND `status` = \'accepted\'
ORDER BY `abs_id` ASC, `abs_id` ASC
 LIMIT 10', 0)
 2 SYSTEMPATH\Database\BaseConnection.php(693): CodeIgniter\Database\MySQLi\Connection->execute('SELECT `abstrak`.`abs_id`, `abstrak`.`id_scope`, `judul`, `abstrak`, `penulis`, `afiliasi`, `presenter`, `keyword`, `status`, `scope`.`scope`, `submit_date`, `update_date`, `abstrak`.`abs_id`, `abstrak`.`id_scope`, `judul`, `abstrak`, `penulis`, `afiliasi`, `presenter`, `keyword`, `status`, `scope`, `submit_date`, `update_date`
FROM `abstrak`
JOIN `scope` as `s` ON `s`.`id_scope`=`abstrak`.`id_scope`
JOIN `scope` ON `scope`.`id_scope`=`abstrak`.`id_scope`
WHERE YEAR(`submit_date`) = \'2022\'
AND YEAR(`submit_date`) = \'2022\'
AND `status` = \'accepted\'
ORDER BY `abs_id` ASC, `abs_id` ASC
 LIMIT 10')
 3 SYSTEMPATH\Database\BaseConnection.php(620): CodeIgniter\Database\BaseConnection->simpleQuery('SELECT `abstrak`.`abs_id`, `abstrak`.`id_scope`, `judul`, `abstrak`, `penulis`, `afiliasi`, `presenter`, `keyword`, `status`, `scope`.`scope`, `submit_date`, `update_date`, `abstrak`.`abs_id`, `abstrak`.`id_scope`, `judul`, `abstrak`, `penulis`, `afiliasi`, `presenter`, `keyword`, `status`, `scope`, `submit_date`, `update_date`
FROM `abstrak`
JOIN `scope` as `s` ON `s`.`id_scope`=`abstrak`.`id_scope`
JOIN `scope` ON `scope`.`id_scope`=`abstrak`.`id_scope`
WHERE YEAR(`submit_date`) = \'2022\'
AND YEAR(`submit_date`) = \'2022\'
AND `status` = \'accepted\'
ORDER BY `abs_id` ASC, `abs_id` ASC
 LIMIT 10')
 4 SYSTEMPATH\Database\BaseBuilder.php(1585): CodeIgniter\Database\BaseConnection->query('SELECT `abstrak`.`abs_id`, `abstrak`.`id_scope`, `judul`, `abstrak`, `penulis`, `afiliasi`, `presenter`, `keyword`, `status`, `scope`.`scope`, `submit_date`, `update_date`, `abstrak`.`abs_id`, `abstrak`.`id_scope`, `judul`, `abstrak`, `penulis`, `afiliasi`, `presenter`, `keyword`, `status`, `scope`, `submit_date`, `update_date`
FROM `abstrak`
JOIN `scope` as `s` ON `s`.`id_scope`=`abstrak`.`id_scope`
JOIN `scope` ON `scope`.`id_scope`=`abstrak`.`id_scope`
WHERE YEAR(`submit_date`) = :YEAR(`submit_date`):
AND YEAR(`submit_date`) = :YEAR(`submit_date`).1:
AND `status` = :status:
ORDER BY `abs_id` ASC, `abs_id` ASC
 LIMIT 10', [...], false)
 5 SYSTEMPATH\Model.php(222): CodeIgniter\Database\BaseBuilder->get()
 6 SYSTEMPATH\BaseModel.php(584): CodeIgniter\Model->doFindAll(10, 0)
 7 SYSTEMPATH\BaseModel.php(1089): CodeIgniter\BaseModel->findAll(10, 0)
 8 APPPATH\Controllers\Admin.php(83): CodeIgniter\BaseModel->paginate(10, 'abstrak')
 9 SYSTEMPATH\CodeIgniter.php(904): App\Controllers\Admin->abstrak()
10 SYSTEMPATH\CodeIgniter.php(457): CodeIgniter\CodeIgniter->runController(Object(App\Controllers\Admin))
11 SYSTEMPATH\CodeIgniter.php(340): CodeIgniter\CodeIgniter->handleRequest(null, Object(Config\Cache), false)
12 FCPATH\index.php(67): CodeIgniter\CodeIgniter->run()
13 SYSTEMPATH\Commands\Server\rewrite.php(43): require_once('FCPATH\\index.php')
ERROR - 2022-09-13 21:23:20 --> mysqli_sql_exception: Not unique table/alias: 'a' in C:\xampp\htdocs\isceeradmin\system\Database\MySQLi\Connection.php:292
Stack trace:
#0 C:\xampp\htdocs\isceeradmin\system\Database\MySQLi\Connection.php(292): mysqli->query('SELECT COUNT(*)...', 0)
#1 C:\xampp\htdocs\isceeradmin\system\Database\BaseConnection.php(693): CodeIgniter\Database\MySQLi\Connection->execute('SELECT COUNT(*)...')
#2 C:\xampp\htdocs\isceeradmin\system\Database\BaseConnection.php(620): CodeIgniter\Database\BaseConnection->simpleQuery('SELECT COUNT(*)...')
#3 C:\xampp\htdocs\isceeradmin\system\Database\BaseBuilder.php(1669): CodeIgniter\Database\BaseConnection->query('SELECT COUNT(*)...', Array, false)
#4 C:\xampp\htdocs\isceeradmin\system\Model.php(550): CodeIgniter\Database\BaseBuilder->countAllResults(false)
#5 C:\xampp\htdocs\isceeradmin\system\BaseModel.php(1085): CodeIgniter\Model->countAllResults(false)
#6 C:\xampp\htdocs\isceeradmin\app\Controllers\Admin.php(66): CodeIgniter\BaseModel->paginate(10, 'abstrak')
#7 C:\xampp\htdocs\isceeradmin\system\CodeIgniter.php(904): App\Controllers\Admin->abstrak()
#8 C:\xampp\htdocs\isceeradmin\system\CodeIgniter.php(457): CodeIgniter\CodeIgniter->runController(Object(App\Controllers\Admin))
#9 C:\xampp\htdocs\isceeradmin\system\CodeIgniter.php(340): CodeIgniter\CodeIgniter->handleRequest(NULL, Object(Config\Cache), false)
#10 C:\xampp\htdocs\isceeradmin\public\index.php(67): CodeIgniter\CodeIgniter->run()
#11 C:\xampp\htdocs\isceeradmin\system\Commands\Server\rewrite.php(43): require_once('C:\\xampp\\htdocs...')
#12 {main}
CRITICAL - 2022-09-13 21:23:20 --> Not unique table/alias: 'a'
in SYSTEMPATH\Database\MySQLi\Connection.php on line 292.
 1 SYSTEMPATH\Database\MySQLi\Connection.php(292): mysqli->query('SELECT COUNT(*) AS `numrows`
FROM `abstrak`
JOIN `scope` as `a` ON `a`.`id_scope`=`abstrak`.`id_scope`
JOIN `scope` as `a` ON `a`.`id_scope`=`abstrak`.`id_scope`
WHERE YEAR(`submit_date`) = \'2022\'
AND YEAR(`submit_date`) = \'2022\'
AND `status` = \'accepted\'', 0)
 2 SYSTEMPATH\Database\BaseConnection.php(693): CodeIgniter\Database\MySQLi\Connection->execute('SELECT COUNT(*) AS `numrows`
FROM `abstrak`
JOIN `scope` as `a` ON `a`.`id_scope`=`abstrak`.`id_scope`
JOIN `scope` as `a` ON `a`.`id_scope`=`abstrak`.`id_scope`
WHERE YEAR(`submit_date`) = \'2022\'
AND YEAR(`submit_date`) = \'2022\'
AND `status` = \'accepted\'')
 3 SYSTEMPATH\Database\BaseConnection.php(620): CodeIgniter\Database\BaseConnection->simpleQuery('SELECT COUNT(*) AS `numrows`
FROM `abstrak`
JOIN `scope` as `a` ON `a`.`id_scope`=`abstrak`.`id_scope`
JOIN `scope` as `a` ON `a`.`id_scope`=`abstrak`.`id_scope`
WHERE YEAR(`submit_date`) = \'2022\'
AND YEAR(`submit_date`) = \'2022\'
AND `status` = \'accepted\'')
 4 SYSTEMPATH\Database\BaseBuilder.php(1669): CodeIgniter\Database\BaseConnection->query('SELECT COUNT(*) AS `numrows`
FROM `abstrak`
JOIN `scope` as `a` ON `a`.`id_scope`=`abstrak`.`id_scope`
JOIN `scope` as `a` ON `a`.`id_scope`=`abstrak`.`id_scope`
WHERE YEAR(`submit_date`) = :YEAR(`submit_date`):
AND YEAR(`submit_date`) = :YEAR(`submit_date`).1:
AND `status` = :status:', [...], false)
 5 SYSTEMPATH\Model.php(550): CodeIgniter\Database\BaseBuilder->countAllResults(false)
 6 SYSTEMPATH\BaseModel.php(1085): CodeIgniter\Model->countAllResults(false)
 7 APPPATH\Controllers\Admin.php(66): CodeIgniter\BaseModel->paginate(10, 'abstrak')
 8 SYSTEMPATH\CodeIgniter.php(904): App\Controllers\Admin->abstrak()
 9 SYSTEMPATH\CodeIgniter.php(457): CodeIgniter\CodeIgniter->runController(Object(App\Controllers\Admin))
10 SYSTEMPATH\CodeIgniter.php(340): CodeIgniter\CodeIgniter->handleRequest(null, Object(Config\Cache), false)
11 FCPATH\index.php(67): CodeIgniter\CodeIgniter->run()
12 SYSTEMPATH\Commands\Server\rewrite.php(43): require_once('FCPATH\\index.php')
CRITICAL - 2022-09-13 21:24:18 --> Undefined variable $pager
in APPPATH\Views\admin\abstrak.php on line 103.
 1 APPPATH\Views\admin\abstrak.php(103): CodeIgniter\Debug\Exceptions->errorHandler(2, 'Undefined variable $pager', 'APPPATH\\Views\\admin\\abstrak.php', 103)
 2 SYSTEMPATH\View\View.php(213): include('APPPATH\\Views\\admin\\abstrak.php')
 3 SYSTEMPATH\View\View.php(216): CodeIgniter\View\View->CodeIgniter\View\{closure}()
 4 SYSTEMPATH\Common.php(1137): CodeIgniter\View\View->render('admin/abstrak', [], true)
 5 APPPATH\Controllers\Admin.php(75): view('admin/abstrak', [...])
 6 SYSTEMPATH\CodeIgniter.php(904): App\Controllers\Admin->abstrak()
 7 SYSTEMPATH\CodeIgniter.php(457): CodeIgniter\CodeIgniter->runController(Object(App\Controllers\Admin))
 8 SYSTEMPATH\CodeIgniter.php(340): CodeIgniter\CodeIgniter->handleRequest(null, Object(Config\Cache), false)
 9 FCPATH\index.php(67): CodeIgniter\CodeIgniter->run()
10 SYSTEMPATH\Commands\Server\rewrite.php(43): require_once('FCPATH\\index.php')
CRITICAL - 2022-09-13 21:38:58 --> Object of class App\Models\AbstrakModel could not be converted to string
in APPPATH\Controllers\Admin.php on line 67.
 1 SYSTEMPATH\CodeIgniter.php(904): App\Controllers\Admin->abstrak()
 2 SYSTEMPATH\CodeIgniter.php(457): CodeIgniter\CodeIgniter->runController(Object(App\Controllers\Admin))
 3 SYSTEMPATH\CodeIgniter.php(340): CodeIgniter\CodeIgniter->handleRequest(null, Object(Config\Cache), false)
 4 FCPATH\index.php(67): CodeIgniter\CodeIgniter->run()
 5 SYSTEMPATH\Commands\Server\rewrite.php(43): require_once('FCPATH\\index.php')
ERROR - 2022-09-13 22:19:40 --> mysqli_sql_exception: You have an error in your SQL syntax; check the manual that corresponds to your MariaDB server version for the right syntax to use near '*, *
FROM `abstrak`
WHERE `status` = 'accepted'
AND YEAR(`submit_date`) = '20...' at line 1 in C:\xampp\htdocs\isceeradmin\system\Database\MySQLi\Connection.php:292
Stack trace:
#0 C:\xampp\htdocs\isceeradmin\system\Database\MySQLi\Connection.php(292): mysqli->query('SELECT *, *, *\n...', 0)
#1 C:\xampp\htdocs\isceeradmin\system\Database\BaseConnection.php(693): CodeIgniter\Database\MySQLi\Connection->execute('SELECT *, *, *\n...')
#2 C:\xampp\htdocs\isceeradmin\system\Database\BaseConnection.php(620): CodeIgniter\Database\BaseConnection->simpleQuery('SELECT *, *, *\n...')
#3 C:\xampp\htdocs\isceeradmin\system\Database\BaseBuilder.php(1585): CodeIgniter\Database\BaseConnection->query('SELECT *, *, *\n...', Array, false)
#4 C:\xampp\htdocs\isceeradmin\system\Model.php(222): CodeIgniter\Database\BaseBuilder->get()
#5 C:\xampp\htdocs\isceeradmin\system\BaseModel.php(584): CodeIgniter\Model->doFindAll(10, 0)
#6 C:\xampp\htdocs\isceeradmin\system\BaseModel.php(1089): CodeIgniter\BaseModel->findAll(10, 0)
#7 C:\xampp\htdocs\isceeradmin\app\Controllers\Admin.php(67): CodeIgniter\BaseModel->paginate(10, 'abstrak')
#8 C:\xampp\htdocs\isceeradmin\system\CodeIgniter.php(904): App\Controllers\Admin->abstrak()
#9 C:\xampp\htdocs\isceeradmin\system\CodeIgniter.php(457): CodeIgniter\CodeIgniter->runController(Object(App\Controllers\Admin))
#10 C:\xampp\htdocs\isceeradmin\system\CodeIgniter.php(340): CodeIgniter\CodeIgniter->handleRequest(NULL, Object(Config\Cache), false)
#11 C:\xampp\htdocs\isceeradmin\public\index.php(67): CodeIgniter\CodeIgniter->run()
#12 C:\xampp\htdocs\isceeradmin\system\Commands\Server\rewrite.php(43): require_once('C:\\xampp\\htdocs...')
#13 {main}
CRITICAL - 2022-09-13 22:19:40 --> You have an error in your SQL syntax; check the manual that corresponds to your MariaDB server version for the right syntax to use near '*, *
FROM `abstrak`
WHERE `status` = 'accepted'
AND YEAR(`submit_date`) = '20...' at line 1
in SYSTEMPATH\Database\MySQLi\Connection.php on line 292.
 1 SYSTEMPATH\Database\MySQLi\Connection.php(292): mysqli->query('SELECT *, *, *
FROM `abstrak`
WHERE `status` = \'accepted\'
AND YEAR(`submit_date`) = \'2022\'
AND YEAR(`submit_date`) = \'2022\'
AND `status` = \'decline\'
AND YEAR(`submit_date`) = \'2022\'
ORDER BY `abs_id` ASC, `abs_id` ASC, `abs_id` ASC
 LIMIT 10', 0)
 2 SYSTEMPATH\Database\BaseConnection.php(693): CodeIgniter\Database\MySQLi\Connection->execute('SELECT *, *, *
FROM `abstrak`
WHERE `status` = \'accepted\'
AND YEAR(`submit_date`) = \'2022\'
AND YEAR(`submit_date`) = \'2022\'
AND `status` = \'decline\'
AND YEAR(`submit_date`) = \'2022\'
ORDER BY `abs_id` ASC, `abs_id` ASC, `abs_id` ASC
 LIMIT 10')
 3 SYSTEMPATH\Database\BaseConnection.php(620): CodeIgniter\Database\BaseConnection->simpleQuery('SELECT *, *, *
FROM `abstrak`
WHERE `status` = \'accepted\'
AND YEAR(`submit_date`) = \'2022\'
AND YEAR(`submit_date`) = \'2022\'
AND `status` = \'decline\'
AND YEAR(`submit_date`) = \'2022\'
ORDER BY `abs_id` ASC, `abs_id` ASC, `abs_id` ASC
 LIMIT 10')
 4 SYSTEMPATH\Database\BaseBuilder.php(1585): CodeIgniter\Database\BaseConnection->query('SELECT *, *, *
FROM `abstrak`
WHERE `status` = :status:
AND YEAR(`submit_date`) = :YEAR(`submit_date`):
AND YEAR(`submit_date`) = :YEAR(`submit_date`).1:
AND `status` = :status.1:
AND YEAR(`submit_date`) = :YEAR(`submit_date`).2:
ORDER BY `abs_id` ASC, `abs_id` ASC, `abs_id` ASC
 LIMIT 10', [...], false)
 5 SYSTEMPATH\Model.php(222): CodeIgniter\Database\BaseBuilder->get()
 6 SYSTEMPATH\BaseModel.php(584): CodeIgniter\Model->doFindAll(10, 0)
 7 SYSTEMPATH\BaseModel.php(1089): CodeIgniter\BaseModel->findAll(10, 0)
 8 APPPATH\Controllers\Admin.php(67): CodeIgniter\BaseModel->paginate(10, 'abstrak')
 9 SYSTEMPATH\CodeIgniter.php(904): App\Controllers\Admin->abstrak()
10 SYSTEMPATH\CodeIgniter.php(457): CodeIgniter\CodeIgniter->runController(Object(App\Controllers\Admin))
11 SYSTEMPATH\CodeIgniter.php(340): CodeIgniter\CodeIgniter->handleRequest(null, Object(Config\Cache), false)
12 FCPATH\index.php(67): CodeIgniter\CodeIgniter->run()
13 SYSTEMPATH\Commands\Server\rewrite.php(43): require_once('FCPATH\\index.php')
CRITICAL - 2022-09-13 22:21:43 --> Undefined variable $accepted
in APPPATH\Views\admin\abstrak.php on line 109.
 1 APPPATH\Views\admin\abstrak.php(109): CodeIgniter\Debug\Exceptions->errorHandler(2, 'Undefined variable $accepted', 'APPPATH\\Views\\admin\\abstrak.php', 109)
 2 SYSTEMPATH\View\View.php(213): include('APPPATH\\Views\\admin\\abstrak.php')
 3 SYSTEMPATH\View\View.php(216): CodeIgniter\View\View->CodeIgniter\View\{closure}()
 4 SYSTEMPATH\Common.php(1137): CodeIgniter\View\View->render('admin/abstrak', [], true)
 5 APPPATH\Controllers\Admin.php(78): view('admin/abstrak', [...])
 6 SYSTEMPATH\CodeIgniter.php(904): App\Controllers\Admin->abstrak()
 7 SYSTEMPATH\CodeIgniter.php(457): CodeIgniter\CodeIgniter->runController(Object(App\Controllers\Admin))
 8 SYSTEMPATH\CodeIgniter.php(340): CodeIgniter\CodeIgniter->handleRequest(null, Object(Config\Cache), false)
 9 FCPATH\index.php(67): CodeIgniter\CodeIgniter->run()
10 SYSTEMPATH\Commands\Server\rewrite.php(43): require_once('FCPATH\\index.php')
CRITICAL - 2022-09-13 22:22:58 --> Undefined variable $accept
in APPPATH\Views\admin\abstrak.php on line 109.
 1 APPPATH\Views\admin\abstrak.php(109): CodeIgniter\Debug\Exceptions->errorHandler(2, 'Undefined variable $accept', 'APPPATH\\Views\\admin\\abstrak.php', 109)
 2 SYSTEMPATH\View\View.php(213): include('APPPATH\\Views\\admin\\abstrak.php')
 3 SYSTEMPATH\View\View.php(216): CodeIgniter\View\View->CodeIgniter\View\{closure}()
 4 SYSTEMPATH\Common.php(1137): CodeIgniter\View\View->render('admin/abstrak', [], true)
 5 APPPATH\Controllers\Admin.php(77): view('admin/abstrak', [...])
 6 SYSTEMPATH\CodeIgniter.php(904): App\Controllers\Admin->abstrak()
 7 SYSTEMPATH\CodeIgniter.php(457): CodeIgniter\CodeIgniter->runController(Object(App\Controllers\Admin))
 8 SYSTEMPATH\CodeIgniter.php(340): CodeIgniter\CodeIgniter->handleRequest(null, Object(Config\Cache), false)
 9 FCPATH\index.php(67): CodeIgniter\CodeIgniter->run()
10 SYSTEMPATH\Commands\Server\rewrite.php(43): require_once('FCPATH\\index.php')
CRITICAL - 2022-09-13 22:24:20 --> Call to undefined method App\Models\AbstrakModel::abstrak_accept
in SYSTEMPATH\Model.php on line 773.
 1 APPPATH\Controllers\Admin.php(57): CodeIgniter\Model->__call('abstrak_accept', [...])
 2 SYSTEMPATH\CodeIgniter.php(904): App\Controllers\Admin->abstrak()
 3 SYSTEMPATH\CodeIgniter.php(457): CodeIgniter\CodeIgniter->runController(Object(App\Controllers\Admin))
 4 SYSTEMPATH\CodeIgniter.php(340): CodeIgniter\CodeIgniter->handleRequest(null, Object(Config\Cache), false)
 5 FCPATH\index.php(67): CodeIgniter\CodeIgniter->run()
 6 SYSTEMPATH\Commands\Server\rewrite.php(43): require_once('FCPATH\\index.php')
CRITICAL - 2022-09-13 22:35:25 --> Undefined variable $accept
in APPPATH\Controllers\Admin.php on line 72.
 1 APPPATH\Controllers\Admin.php(72): CodeIgniter\Debug\Exceptions->errorHandler(2, 'Undefined variable $accept', 'APPPATH\\Controllers\\Admin.php', 72)
 2 SYSTEMPATH\CodeIgniter.php(904): App\Controllers\Admin->abstrak()
 3 SYSTEMPATH\CodeIgniter.php(457): CodeIgniter\CodeIgniter->runController(Object(App\Controllers\Admin))
 4 SYSTEMPATH\CodeIgniter.php(340): CodeIgniter\CodeIgniter->handleRequest(null, Object(Config\Cache), false)
 5 FCPATH\index.php(67): CodeIgniter\CodeIgniter->run()
 6 SYSTEMPATH\Commands\Server\rewrite.php(43): require_once('FCPATH\\index.php')
