CRITICAL - 2022-11-24 00:54:58 --> Undefined variable $year
in APPPATH\Views\user\summary.php on line 23.
 1 APPPATH\Views\user\summary.php(23): CodeIgniter\Debug\Exceptions->errorHandler(2, 'Undefined variable $year', 'APPPATH\\Views\\user\\summary.php', 23)
 2 SYSTEMPATH\View\View.php(213): include('APPPATH\\Views\\user\\summary.php')
 3 SYSTEMPATH\View\View.php(216): CodeIgniter\View\View->CodeIgniter\View\{closure}()
 4 SYSTEMPATH\Common.php(1137): CodeIgniter\View\View->render('user/summary', [], true)
 5 APPPATH\Controllers\User.php(371): view('user/summary', [...])
 6 SYSTEMPATH\CodeIgniter.php(904): App\Controllers\User->summary()
 7 SYSTEMPATH\CodeIgniter.php(457): CodeIgniter\CodeIgniter->runController(Object(App\Controllers\User))
 8 SYSTEMPATH\CodeIgniter.php(340): CodeIgniter\CodeIgniter->handleRequest(null, Object(Config\Cache), false)
 9 FCPATH\index.php(67): CodeIgniter\CodeIgniter->run()
10 SYSTEMPATH\Commands\Server\rewrite.php(43): require_once('FCPATH\\index.php')
CRITICAL - 2022-11-24 00:55:23 --> Undefined variable $year
in APPPATH\Views\user\summary.php on line 28.
 1 APPPATH\Views\user\summary.php(28): CodeIgniter\Debug\Exceptions->errorHandler(2, 'Undefined variable $year', 'APPPATH\\Views\\user\\summary.php', 28)
 2 SYSTEMPATH\View\View.php(213): include('APPPATH\\Views\\user\\summary.php')
 3 SYSTEMPATH\View\View.php(216): CodeIgniter\View\View->CodeIgniter\View\{closure}()
 4 SYSTEMPATH\Common.php(1137): CodeIgniter\View\View->render('user/summary', [], true)
 5 APPPATH\Controllers\User.php(371): view('user/summary', [...])
 6 SYSTEMPATH\CodeIgniter.php(904): App\Controllers\User->summary()
 7 SYSTEMPATH\CodeIgniter.php(457): CodeIgniter\CodeIgniter->runController(Object(App\Controllers\User))
 8 SYSTEMPATH\CodeIgniter.php(340): CodeIgniter\CodeIgniter->handleRequest(null, Object(Config\Cache), false)
 9 FCPATH\index.php(67): CodeIgniter\CodeIgniter->run()
10 SYSTEMPATH\Commands\Server\rewrite.php(43): require_once('FCPATH\\index.php')
