CRITICAL - 2022-09-23 23:28:56 --> Cannot use object of type CodeIgniter\Pager\Pager as array
in APPPATH\Views\reviewer\revised_paper.php on line 157.
 1 SYSTEMPATH\View\View.php(213): include()
 2 SYSTEMPATH\View\View.php(216): CodeIgniter\View\View->CodeIgniter\View\{closure}()
 3 SYSTEMPATH\Common.php(1137): CodeIgniter\View\View->render('reviewer/revised_paper', [], true)
 4 APPPATH\Controllers\Reviewer.php(148): view('reviewer/revised_paper', [...])
 5 SYSTEMPATH\CodeIgniter.php(904): App\Controllers\Reviewer->revised_paper()
 6 SYSTEMPATH\CodeIgniter.php(457): CodeIgniter\CodeIgniter->runController(Object(App\Controllers\Reviewer))
 7 SYSTEMPATH\CodeIgniter.php(340): CodeIgniter\CodeIgniter->handleRequest(null, Object(Config\Cache), false)
 8 FCPATH\index.php(67): CodeIgniter\CodeIgniter->run()
 9 SYSTEMPATH\Commands\Server\rewrite.php(43): require_once('FCPATH\\index.php')
CRITICAL - 2022-09-23 23:31:01 --> Trying to access array offset on value of type null
in APPPATH\Views\reviewer\revised_paper.php on line 60.
 1 APPPATH\Views\reviewer\revised_paper.php(60): CodeIgniter\Debug\Exceptions->errorHandler(2, 'Trying to access array offset on value of type null', 'APPPATH\\Views\\reviewer\\revised_paper.php', 60)
 2 SYSTEMPATH\View\View.php(213): include('APPPATH\\Views\\reviewer\\revised_paper.php')
 3 SYSTEMPATH\View\View.php(216): CodeIgniter\View\View->CodeIgniter\View\{closure}()
 4 SYSTEMPATH\Common.php(1137): CodeIgniter\View\View->render('reviewer/revised_paper', [], true)
 5 APPPATH\Controllers\Reviewer.php(149): view('reviewer/revised_paper', [...])
 6 SYSTEMPATH\CodeIgniter.php(904): App\Controllers\Reviewer->revised_paper()
 7 SYSTEMPATH\CodeIgniter.php(457): CodeIgniter\CodeIgniter->runController(Object(App\Controllers\Reviewer))
 8 SYSTEMPATH\CodeIgniter.php(340): CodeIgniter\CodeIgniter->handleRequest(null, Object(Config\Cache), false)
 9 FCPATH\index.php(67): CodeIgniter\CodeIgniter->run()
10 SYSTEMPATH\Commands\Server\rewrite.php(43): require_once('FCPATH\\index.php')
CRITICAL - 2022-09-23 23:33:03 --> Trying to access array offset on value of type null
in APPPATH\Views\reviewer\revised_paper.php on line 60.
 1 APPPATH\Views\reviewer\revised_paper.php(60): CodeIgniter\Debug\Exceptions->errorHandler(2, 'Trying to access array offset on value of type null', 'APPPATH\\Views\\reviewer\\revised_paper.php', 60)
 2 SYSTEMPATH\View\View.php(213): include('APPPATH\\Views\\reviewer\\revised_paper.php')
 3 SYSTEMPATH\View\View.php(216): CodeIgniter\View\View->CodeIgniter\View\{closure}()
 4 SYSTEMPATH\Common.php(1137): CodeIgniter\View\View->render('reviewer/revised_paper', [], true)
 5 APPPATH\Controllers\Reviewer.php(149): view('reviewer/revised_paper', [...])
 6 SYSTEMPATH\CodeIgniter.php(904): App\Controllers\Reviewer->revised_paper()
 7 SYSTEMPATH\CodeIgniter.php(457): CodeIgniter\CodeIgniter->runController(Object(App\Controllers\Reviewer))
 8 SYSTEMPATH\CodeIgniter.php(340): CodeIgniter\CodeIgniter->handleRequest(null, Object(Config\Cache), false)
 9 FCPATH\index.php(67): CodeIgniter\CodeIgniter->run()
10 SYSTEMPATH\Commands\Server\rewrite.php(43): require_once('FCPATH\\index.php')
CRITICAL - 2022-09-23 23:33:30 --> Trying to access array offset on value of type null
in APPPATH\Views\reviewer\revised_paper.php on line 60.
 1 APPPATH\Views\reviewer\revised_paper.php(60): CodeIgniter\Debug\Exceptions->errorHandler(2, 'Trying to access array offset on value of type null', 'APPPATH\\Views\\reviewer\\revised_paper.php', 60)
 2 SYSTEMPATH\View\View.php(213): include('APPPATH\\Views\\reviewer\\revised_paper.php')
 3 SYSTEMPATH\View\View.php(216): CodeIgniter\View\View->CodeIgniter\View\{closure}()
 4 SYSTEMPATH\Common.php(1137): CodeIgniter\View\View->render('reviewer/revised_paper', [], true)
 5 APPPATH\Controllers\Reviewer.php(149): view('reviewer/revised_paper', [...])
 6 SYSTEMPATH\CodeIgniter.php(904): App\Controllers\Reviewer->revised_paper()
 7 SYSTEMPATH\CodeIgniter.php(457): CodeIgniter\CodeIgniter->runController(Object(App\Controllers\Reviewer))
 8 SYSTEMPATH\CodeIgniter.php(340): CodeIgniter\CodeIgniter->handleRequest(null, Object(Config\Cache), false)
 9 FCPATH\index.php(67): CodeIgniter\CodeIgniter->run()
10 SYSTEMPATH\Commands\Server\rewrite.php(43): require_once('FCPATH\\index.php')
CRITICAL - 2022-09-23 23:34:11 --> Call to undefined method App\Models\RevisedModel::getResultArray
in SYSTEMPATH\Model.php on line 773.
 1 APPPATH\Controllers\Reviewer.php(132): CodeIgniter\Model->__call('getResultArray', [])
 2 SYSTEMPATH\CodeIgniter.php(904): App\Controllers\Reviewer->revised_paper()
 3 SYSTEMPATH\CodeIgniter.php(457): CodeIgniter\CodeIgniter->runController(Object(App\Controllers\Reviewer))
 4 SYSTEMPATH\CodeIgniter.php(340): CodeIgniter\CodeIgniter->handleRequest(null, Object(Config\Cache), false)
 5 FCPATH\index.php(67): CodeIgniter\CodeIgniter->run()
 6 SYSTEMPATH\Commands\Server\rewrite.php(43): require_once('FCPATH\\index.php')
CRITICAL - 2022-09-23 23:34:23 --> Trying to access array offset on value of type null
in APPPATH\Views\reviewer\revised_paper.php on line 157.
 1 APPPATH\Views\reviewer\revised_paper.php(157): CodeIgniter\Debug\Exceptions->errorHandler(2, 'Trying to access array offset on value of type null', 'APPPATH\\Views\\reviewer\\revised_paper.php', 157)
 2 SYSTEMPATH\View\View.php(213): include('APPPATH\\Views\\reviewer\\revised_paper.php')
 3 SYSTEMPATH\View\View.php(216): CodeIgniter\View\View->CodeIgniter\View\{closure}()
 4 SYSTEMPATH\Common.php(1137): CodeIgniter\View\View->render('reviewer/revised_paper', [], true)
 5 APPPATH\Controllers\Reviewer.php(149): view('reviewer/revised_paper', [...])
 6 SYSTEMPATH\CodeIgniter.php(904): App\Controllers\Reviewer->revised_paper()
 7 SYSTEMPATH\CodeIgniter.php(457): CodeIgniter\CodeIgniter->runController(Object(App\Controllers\Reviewer))
 8 SYSTEMPATH\CodeIgniter.php(340): CodeIgniter\CodeIgniter->handleRequest(null, Object(Config\Cache), false)
 9 FCPATH\index.php(67): CodeIgniter\CodeIgniter->run()
10 SYSTEMPATH\Commands\Server\rewrite.php(43): require_once('FCPATH\\index.php')
